{"C:\\Employee Managment Tool\\frontend\\src\\App.js": {"path":"C:\\Employee Managment Tool\\frontend\\src\\App.js","statementMap":{"0":{"start":{"line":22,"column":14},"end":{"line":56,"column":2}},"1":{"start":{"line":59,"column":2},"end":{"line":86,"column":4}}},"fnMap":{"0":{"name":"App","decl":{"start":{"line":58,"column":9},"end":{"line":58,"column":12}},"loc":{"start":{"line":58,"column":15},"end":{"line":87,"column":1}},"line":58}},"branchMap":{},"s":{"0":0,"1":0},"f":{"0":0},"b":{}}
,"C:\\Employee Managment Tool\\frontend\\src\\index.js": {"path":"C:\\Employee Managment Tool\\frontend\\src\\index.js","statementMap":{"0":{"start":{"line":11,"column":13},"end":{"line":11,"column":65}},"1":{"start":{"line":12,"column":0},"end":{"line":19,"column":2}}},"fnMap":{},"branchMap":{},"s":{"0":0,"1":0},"f":{},"b":{}}
,"C:\\Employee Managment Tool\\frontend\\src\\api\\announcementApi.js": {"path":"C:\\Employee Managment Tool\\frontend\\src\\api\\announcementApi.js","statementMap":{"0":{"start":{"line":3,"column":31},"end":{"line":7,"column":1}},"1":{"start":{"line":4,"column":25},"end":{"line":4,"column":50}},"2":{"start":{"line":5,"column":25},"end":{"line":5,"column":57}},"3":{"start":{"line":6,"column":25},"end":{"line":6,"column":59}}},"fnMap":{"0":{"name":"(anonymous_0)","decl":{"start":{"line":4,"column":11},"end":{"line":4,"column":12}},"loc":{"start":{"line":4,"column":25},"end":{"line":4,"column":50}},"line":4},"1":{"name":"(anonymous_1)","decl":{"start":{"line":5,"column":11},"end":{"line":5,"column":12}},"loc":{"start":{"line":5,"column":25},"end":{"line":5,"column":57}},"line":5},"2":{"name":"(anonymous_2)","decl":{"start":{"line":6,"column":11},"end":{"line":6,"column":12}},"loc":{"start":{"line":6,"column":25},"end":{"line":6,"column":59}},"line":6}},"branchMap":{},"s":{"0":0,"1":0,"2":0,"3":0},"f":{"0":0,"1":0,"2":0},"b":{}}
,"C:\\Employee Managment Tool\\frontend\\src\\api\\authApi.js": {"path":"C:\\Employee Managment Tool\\frontend\\src\\api\\authApi.js","statementMap":{"0":{"start":{"line":3,"column":23},"end":{"line":8,"column":1}},"1":{"start":{"line":4,"column":26},"end":{"line":4,"column":62}},"2":{"start":{"line":5,"column":16},"end":{"line":5,"column":40}},"3":{"start":{"line":6,"column":22},"end":{"line":6,"column":54}},"4":{"start":{"line":7,"column":22},"end":{"line":7,"column":90}}},"fnMap":{"0":{"name":"(anonymous_0)","decl":{"start":{"line":4,"column":9},"end":{"line":4,"column":10}},"loc":{"start":{"line":4,"column":26},"end":{"line":4,"column":62}},"line":4},"1":{"name":"(anonymous_1)","decl":{"start":{"line":5,"column":10},"end":{"line":5,"column":11}},"loc":{"start":{"line":5,"column":16},"end":{"line":5,"column":40}},"line":5},"2":{"name":"(anonymous_2)","decl":{"start":{"line":6,"column":12},"end":{"line":6,"column":13}},"loc":{"start":{"line":6,"column":22},"end":{"line":6,"column":54}},"line":6},"3":{"name":"(anonymous_3)","decl":{"start":{"line":7,"column":11},"end":{"line":7,"column":12}},"loc":{"start":{"line":7,"column":22},"end":{"line":7,"column":90}},"line":7}},"branchMap":{},"s":{"0":2,"1":5,"2":1,"3":2,"4":2},"f":{"0":5,"1":1,"2":2,"3":2},"b":{},"_coverageSchema":"1a1c01bbd47fc00a2c39e90264f33305004495a9","hash":"687b79fe25ce0dd132057cb994edc7fe0ca1748a"}
,"C:\\Employee Managment Tool\\frontend\\src\\api\\axios.js": {"path":"C:\\Employee Managment Tool\\frontend\\src\\api\\axios.js","statementMap":{"0":{"start":{"line":3,"column":12},"end":{"line":6,"column":2}},"1":{"start":{"line":8,"column":0},"end":{"line":12,"column":3}},"2":{"start":{"line":9,"column":16},"end":{"line":9,"column":51}},"3":{"start":{"line":10,"column":2},"end":{"line":10,"column":62}},"4":{"start":{"line":10,"column":13},"end":{"line":10,"column":62}},"5":{"start":{"line":11,"column":2},"end":{"line":11,"column":16}},"6":{"start":{"line":14,"column":0},"end":{"line":34,"column":2}},"7":{"start":{"line":15,"column":16},"end":{"line":15,"column":29}},"8":{"start":{"line":17,"column":21},"end":{"line":17,"column":33}},"9":{"start":{"line":18,"column":4},"end":{"line":31,"column":5}},"10":{"start":{"line":19,"column":6},"end":{"line":19,"column":29}},"11":{"start":{"line":20,"column":6},"end":{"line":30,"column":7}},"12":{"start":{"line":21,"column":29},"end":{"line":21,"column":65}},"13":{"start":{"line":22,"column":20},"end":{"line":22,"column":93}},"14":{"start":{"line":23,"column":8},"end":{"line":23,"column":66}},"15":{"start":{"line":24,"column":8},"end":{"line":24,"column":68}},"16":{"start":{"line":25,"column":8},"end":{"line":25,"column":74}},"17":{"start":{"line":26,"column":8},"end":{"line":26,"column":29}},"18":{"start":{"line":28,"column":8},"end":{"line":28,"column":29}},"19":{"start":{"line":29,"column":8},"end":{"line":29,"column":40}},"20":{"start":{"line":32,"column":4},"end":{"line":32,"column":33}}},"fnMap":{"0":{"name":"(anonymous_0)","decl":{"start":{"line":8,"column":29},"end":{"line":8,"column":30}},"loc":{"start":{"line":8,"column":41},"end":{"line":12,"column":1}},"line":8},"1":{"name":"(anonymous_1)","decl":{"start":{"line":15,"column":2},"end":{"line":15,"column":3}},"loc":{"start":{"line":15,"column":16},"end":{"line":15,"column":29}},"line":15},"2":{"name":"(anonymous_2)","decl":{"start":{"line":16,"column":2},"end":{"line":16,"column":3}},"loc":{"start":{"line":16,"column":19},"end":{"line":33,"column":3}},"line":16}},"branchMap":{"0":{"loc":{"start":{"line":10,"column":2},"end":{"line":10,"column":62}},"type":"if","locations":[{"start":{"line":10,"column":2},"end":{"line":10,"column":62}},{"start":{},"end":{}}],"line":10},"1":{"loc":{"start":{"line":18,"column":4},"end":{"line":31,"column":5}},"type":"if","locations":[{"start":{"line":18,"column":4},"end":{"line":31,"column":5}},{"start":{},"end":{}}],"line":18},"2":{"loc":{"start":{"line":18,"column":8},"end":{"line":18,"column":58}},"type":"binary-expr","locations":[{"start":{"line":18,"column":8},"end":{"line":18,"column":38}},{"start":{"line":18,"column":42},"end":{"line":18,"column":58}}],"line":18}},"s":{"0":4,"1":4,"2":56,"3":56,"4":2,"5":56,"6":4,"7":30,"8":26,"9":26,"10":6,"11":6,"12":6,"13":6,"14":0,"15":0,"16":0,"17":0,"18":6,"19":6,"20":26},"f":{"0":56,"1":30,"2":26},"b":{"0":[2,54],"1":[6,20],"2":[26,6]},"_coverageSchema":"1a1c01bbd47fc00a2c39e90264f33305004495a9","hash":"ed0eba96d0dc54b9bcd26de153b6ac605762a5c0"}
,"C:\\Employee Managment Tool\\frontend\\src\\api\\courseApi.js": {"path":"C:\\Employee Managment Tool\\frontend\\src\\api\\courseApi.js","statementMap":{"0":{"start":{"line":3,"column":25},"end":{"line":26,"column":1}},"1":{"start":{"line":4,"column":16},"end":{"line":4,"column":35}},"2":{"start":{"line":5,"column":29},"end":{"line":5,"column":66}},"3":{"start":{"line":6,"column":32},"end":{"line":6,"column":72}},"4":{"start":{"line":7,"column":19},"end":{"line":7,"column":44}},"5":{"start":{"line":8,"column":31},"end":{"line":8,"column":84}},"6":{"start":{"line":9,"column":24},"end":{"line":9,"column":55}},"7":{"start":{"line":10,"column":18},"end":{"line":10,"column":46}},"8":{"start":{"line":11,"column":31},"end":{"line":11,"column":79}},"9":{"start":{"line":13,"column":4},"end":{"line":13,"column":70}},"10":{"start":{"line":14,"column":36},"end":{"line":14,"column":83}},"11":{"start":{"line":15,"column":34},"end":{"line":15,"column":80}},"12":{"start":{"line":17,"column":4},"end":{"line":17,"column":63}},"13":{"start":{"line":18,"column":34},"end":{"line":18,"column":77}},"14":{"start":{"line":19,"column":35},"end":{"line":19,"column":85}},"15":{"start":{"line":20,"column":39},"end":{"line":20,"column":91}},"16":{"start":{"line":21,"column":40},"end":{"line":21,"column":93}},"17":{"start":{"line":22,"column":27},"end":{"line":22,"column":54}},"18":{"start":{"line":23,"column":28},"end":{"line":23,"column":52}},"19":{"start":{"line":25,"column":4},"end":{"line":25,"column":83}}},"fnMap":{"0":{"name":"(anonymous_0)","decl":{"start":{"line":4,"column":10},"end":{"line":4,"column":11}},"loc":{"start":{"line":4,"column":16},"end":{"line":4,"column":35}},"line":4},"1":{"name":"(anonymous_1)","decl":{"start":{"line":5,"column":18},"end":{"line":5,"column":19}},"loc":{"start":{"line":5,"column":29},"end":{"line":5,"column":66}},"line":5},"2":{"name":"(anonymous_2)","decl":{"start":{"line":6,"column":17},"end":{"line":6,"column":18}},"loc":{"start":{"line":6,"column":32},"end":{"line":6,"column":72}},"line":6},"3":{"name":"(anonymous_3)","decl":{"start":{"line":7,"column":11},"end":{"line":7,"column":12}},"loc":{"start":{"line":7,"column":19},"end":{"line":7,"column":44}},"line":7},"4":{"name":"(anonymous_4)","decl":{"start":{"line":8,"column":10},"end":{"line":8,"column":11}},"loc":{"start":{"line":8,"column":31},"end":{"line":8,"column":84}},"line":8},"5":{"name":"(anonymous_5)","decl":{"start":{"line":9,"column":10},"end":{"line":9,"column":11}},"loc":{"start":{"line":9,"column":24},"end":{"line":9,"column":55}},"line":9},"6":{"name":"(anonymous_6)","decl":{"start":{"line":10,"column":10},"end":{"line":10,"column":11}},"loc":{"start":{"line":10,"column":18},"end":{"line":10,"column":46}},"line":10},"7":{"name":"(anonymous_7)","decl":{"start":{"line":11,"column":10},"end":{"line":11,"column":11}},"loc":{"start":{"line":11,"column":31},"end":{"line":11,"column":79}},"line":11},"8":{"name":"(anonymous_8)","decl":{"start":{"line":12,"column":10},"end":{"line":12,"column":11}},"loc":{"start":{"line":13,"column":4},"end":{"line":13,"column":70}},"line":13},"9":{"name":"(anonymous_9)","decl":{"start":{"line":14,"column":15},"end":{"line":14,"column":16}},"loc":{"start":{"line":14,"column":36},"end":{"line":14,"column":83}},"line":14},"10":{"name":"(anonymous_10)","decl":{"start":{"line":15,"column":20},"end":{"line":15,"column":21}},"loc":{"start":{"line":15,"column":34},"end":{"line":15,"column":80}},"line":15},"11":{"name":"(anonymous_11)","decl":{"start":{"line":16,"column":21},"end":{"line":16,"column":22}},"loc":{"start":{"line":17,"column":4},"end":{"line":17,"column":63}},"line":17},"12":{"name":"(anonymous_12)","decl":{"start":{"line":18,"column":14},"end":{"line":18,"column":15}},"loc":{"start":{"line":18,"column":34},"end":{"line":18,"column":77}},"line":18},"13":{"name":"(anonymous_13)","decl":{"start":{"line":19,"column":21},"end":{"line":19,"column":22}},"loc":{"start":{"line":19,"column":35},"end":{"line":19,"column":85}},"line":19},"14":{"name":"(anonymous_14)","decl":{"start":{"line":20,"column":25},"end":{"line":20,"column":26}},"loc":{"start":{"line":20,"column":39},"end":{"line":20,"column":91}},"line":20},"15":{"name":"(anonymous_15)","decl":{"start":{"line":21,"column":26},"end":{"line":21,"column":27}},"loc":{"start":{"line":21,"column":40},"end":{"line":21,"column":93}},"line":21},"16":{"name":"(anonymous_16)","decl":{"start":{"line":22,"column":21},"end":{"line":22,"column":22}},"loc":{"start":{"line":22,"column":27},"end":{"line":22,"column":54}},"line":22},"17":{"name":"(anonymous_17)","decl":{"start":{"line":23,"column":22},"end":{"line":23,"column":23}},"loc":{"start":{"line":23,"column":28},"end":{"line":23,"column":52}},"line":23},"18":{"name":"(anonymous_18)","decl":{"start":{"line":24,"column":26},"end":{"line":24,"column":27}},"loc":{"start":{"line":25,"column":4},"end":{"line":25,"column":83}},"line":25}},"branchMap":{},"s":{"0":1,"1":3,"2":0,"3":0,"4":2,"5":0,"6":0,"7":3,"8":2,"9":0,"10":0,"11":0,"12":2,"13":0,"14":0,"15":0,"16":0,"17":4,"18":3,"19":9},"f":{"0":3,"1":0,"2":0,"3":2,"4":0,"5":0,"6":3,"7":2,"8":0,"9":0,"10":0,"11":2,"12":0,"13":0,"14":0,"15":0,"16":4,"17":3,"18":9},"b":{},"_coverageSchema":"1a1c01bbd47fc00a2c39e90264f33305004495a9","hash":"1d8bca755babbe6a147fc7436659af791cae25e1"}
,"C:\\Employee Managment Tool\\frontend\\src\\api\\dashboardApi.js": {"path":"C:\\Employee Managment Tool\\frontend\\src\\api\\dashboardApi.js","statementMap":{"0":{"start":{"line":3,"column":28},"end":{"line":5,"column":1}},"1":{"start":{"line":4,"column":18},"end":{"line":4,"column":45}}},"fnMap":{"0":{"name":"(anonymous_0)","decl":{"start":{"line":4,"column":12},"end":{"line":4,"column":13}},"loc":{"start":{"line":4,"column":18},"end":{"line":4,"column":45}},"line":4}},"branchMap":{},"s":{"0":0,"1":0},"f":{"0":0},"b":{}}
,"C:\\Employee Managment Tool\\frontend\\src\\api\\employeeApi.js": {"path":"C:\\Employee Managment Tool\\frontend\\src\\api\\employeeApi.js","statementMap":{"0":{"start":{"line":3,"column":27},"end":{"line":14,"column":1}},"1":{"start":{"line":4,"column":22},"end":{"line":4,"column":81}},"2":{"start":{"line":5,"column":24},"end":{"line":5,"column":48}},"3":{"start":{"line":6,"column":19},"end":{"line":6,"column":46}},"4":{"start":{"line":7,"column":27},"end":{"line":7,"column":63}},"5":{"start":{"line":8,"column":26},"end":{"line":8,"column":73}},"6":{"start":{"line":9,"column":21},"end":{"line":9,"column":52}},"7":{"start":{"line":10,"column":20},"end":{"line":10,"column":48}},"8":{"start":{"line":11,"column":24},"end":{"line":11,"column":57}},"9":{"start":{"line":12,"column":24},"end":{"line":12,"column":67}},"10":{"start":{"line":13,"column":18},"end":{"line":13,"column":48}}},"fnMap":{"0":{"name":"(anonymous_0)","decl":{"start":{"line":4,"column":10},"end":{"line":4,"column":11}},"loc":{"start":{"line":4,"column":22},"end":{"line":4,"column":81}},"line":4},"1":{"name":"(anonymous_1)","decl":{"start":{"line":5,"column":18},"end":{"line":5,"column":19}},"loc":{"start":{"line":5,"column":24},"end":{"line":5,"column":48}},"line":5},"2":{"name":"(anonymous_2)","decl":{"start":{"line":6,"column":11},"end":{"line":6,"column":12}},"loc":{"start":{"line":6,"column":19},"end":{"line":6,"column":46}},"line":6},"3":{"name":"(anonymous_3)","decl":{"start":{"line":7,"column":15},"end":{"line":7,"column":16}},"loc":{"start":{"line":7,"column":27},"end":{"line":7,"column":63}},"line":7},"4":{"name":"(anonymous_4)","decl":{"start":{"line":8,"column":11},"end":{"line":8,"column":12}},"loc":{"start":{"line":8,"column":26},"end":{"line":8,"column":73}},"line":8},"5":{"name":"(anonymous_5)","decl":{"start":{"line":9,"column":15},"end":{"line":9,"column":16}},"loc":{"start":{"line":9,"column":21},"end":{"line":9,"column":52}},"line":9},"6":{"name":"(anonymous_6)","decl":{"start":{"line":10,"column":10},"end":{"line":10,"column":11}},"loc":{"start":{"line":10,"column":20},"end":{"line":10,"column":48}},"line":10},"7":{"name":"(anonymous_7)","decl":{"start":{"line":11,"column":10},"end":{"line":11,"column":11}},"loc":{"start":{"line":11,"column":24},"end":{"line":11,"column":57}},"line":11},"8":{"name":"(anonymous_8)","decl":{"start":{"line":12,"column":16},"end":{"line":12,"column":17}},"loc":{"start":{"line":12,"column":24},"end":{"line":12,"column":67}},"line":12},"9":{"name":"(anonymous_9)","decl":{"start":{"line":13,"column":10},"end":{"line":13,"column":11}},"loc":{"start":{"line":13,"column":18},"end":{"line":13,"column":48}},"line":13}},"branchMap":{"0":{"loc":{"start":{"line":4,"column":54},"end":{"line":4,"column":78}},"type":"cond-expr","locations":[{"start":{"line":4,"column":63},"end":{"line":4,"column":73}},{"start":{"line":4,"column":76},"end":{"line":4,"column":78}}],"line":4}},"s":{"0":2,"1":3,"2":1,"3":2,"4":1,"5":0,"6":1,"7":3,"8":1,"9":2,"10":2},"f":{"0":3,"1":1,"2":2,"3":1,"4":0,"5":1,"6":3,"7":1,"8":2,"9":2},"b":{"0":[1,2]},"_coverageSchema":"1a1c01bbd47fc00a2c39e90264f33305004495a9","hash":"698481c17778663f0db7512c855e4e88ce39e731"}
,"C:\\Employee Managment Tool\\frontend\\src\\api\\leaveApi.js": {"path":"C:\\Employee Managment Tool\\frontend\\src\\api\\leaveApi.js","statementMap":{"0":{"start":{"line":3,"column":24},"end":{"line":14,"column":1}},"1":{"start":{"line":4,"column":26},"end":{"line":4,"column":66}},"2":{"start":{"line":5,"column":26},"end":{"line":5,"column":62}},"3":{"start":{"line":6,"column":32},"end":{"line":6,"column":71}},"4":{"start":{"line":7,"column":38},"end":{"line":7,"column":77}},"5":{"start":{"line":8,"column":39},"end":{"line":8,"column":86}},"6":{"start":{"line":9,"column":16},"end":{"line":9,"column":34}},"7":{"start":{"line":11,"column":4},"end":{"line":11,"column":90}},"8":{"start":{"line":12,"column":36},"end":{"line":12,"column":94}},"9":{"start":{"line":13,"column":18},"end":{"line":13,"column":45}}},"fnMap":{"0":{"name":"(anonymous_0)","decl":{"start":{"line":4,"column":9},"end":{"line":4,"column":10}},"loc":{"start":{"line":4,"column":26},"end":{"line":4,"column":66}},"line":4},"1":{"name":"(anonymous_1)","decl":{"start":{"line":5,"column":15},"end":{"line":5,"column":16}},"loc":{"start":{"line":5,"column":26},"end":{"line":5,"column":62}},"line":5},"2":{"name":"(anonymous_2)","decl":{"start":{"line":6,"column":17},"end":{"line":6,"column":18}},"loc":{"start":{"line":6,"column":32},"end":{"line":6,"column":71}},"line":6},"3":{"name":"(anonymous_3)","decl":{"start":{"line":7,"column":23},"end":{"line":7,"column":24}},"loc":{"start":{"line":7,"column":38},"end":{"line":7,"column":77}},"line":7},"4":{"name":"(anonymous_4)","decl":{"start":{"line":8,"column":24},"end":{"line":8,"column":25}},"loc":{"start":{"line":8,"column":39},"end":{"line":8,"column":86}},"line":8},"5":{"name":"(anonymous_5)","decl":{"start":{"line":9,"column":10},"end":{"line":9,"column":11}},"loc":{"start":{"line":9,"column":16},"end":{"line":9,"column":34}},"line":9},"6":{"name":"(anonymous_6)","decl":{"start":{"line":10,"column":16},"end":{"line":10,"column":17}},"loc":{"start":{"line":11,"column":4},"end":{"line":11,"column":90}},"line":11},"7":{"name":"(anonymous_7)","decl":{"start":{"line":12,"column":10},"end":{"line":12,"column":11}},"loc":{"start":{"line":12,"column":36},"end":{"line":12,"column":94}},"line":12},"8":{"name":"(anonymous_8)","decl":{"start":{"line":13,"column":10},"end":{"line":13,"column":11}},"loc":{"start":{"line":13,"column":18},"end":{"line":13,"column":45}},"line":13}},"branchMap":{},"s":{"0":0,"1":0,"2":0,"3":0,"4":0,"5":0,"6":0,"7":0,"8":0,"9":0},"f":{"0":0,"1":0,"2":0,"3":0,"4":0,"5":0,"6":0,"7":0,"8":0},"b":{}}
,"C:\\Employee Managment Tool\\frontend\\src\\api\\leaveUploadApi.js": {"path":"C:\\Employee Managment Tool\\frontend\\src\\api\\leaveUploadApi.js","statementMap":{"0":{"start":{"line":3,"column":30},"end":{"line":15,"column":1}},"1":{"start":{"line":5,"column":17},"end":{"line":5,"column":31}},"2":{"start":{"line":6,"column":4},"end":{"line":6,"column":30}},"3":{"start":{"line":7,"column":4},"end":{"line":9,"column":7}},"4":{"start":{"line":12,"column":4},"end":{"line":12,"column":63}},"5":{"start":{"line":14,"column":4},"end":{"line":14,"column":37}}},"fnMap":{"0":{"name":"(anonymous_0)","decl":{"start":{"line":4,"column":10},"end":{"line":4,"column":11}},"loc":{"start":{"line":4,"column":20},"end":{"line":10,"column":3}},"line":4},"1":{"name":"(anonymous_1)","decl":{"start":{"line":11,"column":20},"end":{"line":11,"column":21}},"loc":{"start":{"line":12,"column":4},"end":{"line":12,"column":63}},"line":12},"2":{"name":"(anonymous_2)","decl":{"start":{"line":13,"column":15},"end":{"line":13,"column":16}},"loc":{"start":{"line":14,"column":4},"end":{"line":14,"column":37}},"line":14}},"branchMap":{},"s":{"0":0,"1":0,"2":0,"3":0,"4":0,"5":0},"f":{"0":0,"1":0,"2":0},"b":{}}
,"C:\\Employee Managment Tool\\frontend\\src\\api\\performanceApi.js": {"path":"C:\\Employee Managment Tool\\frontend\\src\\api\\performanceApi.js","statementMap":{"0":{"start":{"line":3,"column":30},"end":{"line":9,"column":1}},"1":{"start":{"line":4,"column":20},"end":{"line":4,"column":50}},"2":{"start":{"line":5,"column":28},"end":{"line":5,"column":69}},"3":{"start":{"line":6,"column":33},"end":{"line":6,"column":79}},"4":{"start":{"line":7,"column":16},"end":{"line":7,"column":39}},"5":{"start":{"line":8,"column":25},"end":{"line":8,"column":74}}},"fnMap":{"0":{"name":"(anonymous_0)","decl":{"start":{"line":4,"column":10},"end":{"line":4,"column":11}},"loc":{"start":{"line":4,"column":20},"end":{"line":4,"column":50}},"line":4},"1":{"name":"(anonymous_1)","decl":{"start":{"line":5,"column":17},"end":{"line":5,"column":18}},"loc":{"start":{"line":5,"column":28},"end":{"line":5,"column":69}},"line":5},"2":{"name":"(anonymous_2)","decl":{"start":{"line":6,"column":17},"end":{"line":6,"column":18}},"loc":{"start":{"line":6,"column":33},"end":{"line":6,"column":79}},"line":6},"3":{"name":"(anonymous_3)","decl":{"start":{"line":7,"column":10},"end":{"line":7,"column":11}},"loc":{"start":{"line":7,"column":16},"end":{"line":7,"column":39}},"line":7},"4":{"name":"(anonymous_4)","decl":{"start":{"line":8,"column":14},"end":{"line":8,"column":15}},"loc":{"start":{"line":8,"column":25},"end":{"line":8,"column":74}},"line":8}},"branchMap":{},"s":{"0":0,"1":0,"2":0,"3":0,"4":0,"5":0},"f":{"0":0,"1":0,"2":0,"3":0,"4":0},"b":{}}
,"C:\\Employee Managment Tool\\frontend\\src\\api\\resumeApi.js": {"path":"C:\\Employee Managment Tool\\frontend\\src\\api\\resumeApi.js","statementMap":{"0":{"start":{"line":3,"column":25},"end":{"line":11,"column":1}},"1":{"start":{"line":5,"column":17},"end":{"line":5,"column":31}},"2":{"start":{"line":6,"column":4},"end":{"line":6,"column":30}},"3":{"start":{"line":7,"column":4},"end":{"line":9,"column":7}}},"fnMap":{"0":{"name":"(anonymous_0)","decl":{"start":{"line":4,"column":9},"end":{"line":4,"column":10}},"loc":{"start":{"line":4,"column":19},"end":{"line":10,"column":3}},"line":4}},"branchMap":{},"s":{"0":0,"1":0,"2":0,"3":0},"f":{"0":0},"b":{}}
,"C:\\Employee Managment Tool\\frontend\\src\\api\\timesheetApi.js": {"path":"C:\\Employee Managment Tool\\frontend\\src\\api\\timesheetApi.js","statementMap":{"0":{"start":{"line":3,"column":28},"end":{"line":18,"column":1}},"1":{"start":{"line":4,"column":22},"end":{"line":4,"column":63}},"2":{"start":{"line":5,"column":23},"end":{"line":5,"column":65}},"3":{"start":{"line":6,"column":23},"end":{"line":6,"column":60}},"4":{"start":{"line":7,"column":28},"end":{"line":7,"column":70}},"5":{"start":{"line":9,"column":4},"end":{"line":9,"column":80}},"6":{"start":{"line":10,"column":23},"end":{"line":10,"column":58}},"7":{"start":{"line":11,"column":31},"end":{"line":11,"column":77}},"8":{"start":{"line":13,"column":4},"end":{"line":13,"column":78}},"9":{"start":{"line":15,"column":4},"end":{"line":15,"column":84}},"10":{"start":{"line":17,"column":4},"end":{"line":17,"column":70}}},"fnMap":{"0":{"name":"(anonymous_0)","decl":{"start":{"line":4,"column":11},"end":{"line":4,"column":12}},"loc":{"start":{"line":4,"column":22},"end":{"line":4,"column":63}},"line":4},"1":{"name":"(anonymous_1)","decl":{"start":{"line":5,"column":12},"end":{"line":5,"column":13}},"loc":{"start":{"line":5,"column":23},"end":{"line":5,"column":65}},"line":5},"2":{"name":"(anonymous_2)","decl":{"start":{"line":6,"column":12},"end":{"line":6,"column":13}},"loc":{"start":{"line":6,"column":23},"end":{"line":6,"column":60}},"line":6},"3":{"name":"(anonymous_3)","decl":{"start":{"line":7,"column":17},"end":{"line":7,"column":18}},"loc":{"start":{"line":7,"column":28},"end":{"line":7,"column":70}},"line":7},"4":{"name":"(anonymous_4)","decl":{"start":{"line":8,"column":24},"end":{"line":8,"column":25}},"loc":{"start":{"line":9,"column":4},"end":{"line":9,"column":80}},"line":9},"5":{"name":"(anonymous_5)","decl":{"start":{"line":10,"column":13},"end":{"line":10,"column":14}},"loc":{"start":{"line":10,"column":23},"end":{"line":10,"column":58}},"line":10},"6":{"name":"(anonymous_6)","decl":{"start":{"line":11,"column":20},"end":{"line":11,"column":21}},"loc":{"start":{"line":11,"column":31},"end":{"line":11,"column":77}},"line":11},"7":{"name":"(anonymous_7)","decl":{"start":{"line":12,"column":22},"end":{"line":12,"column":23}},"loc":{"start":{"line":13,"column":4},"end":{"line":13,"column":78}},"line":13},"8":{"name":"(anonymous_8)","decl":{"start":{"line":14,"column":22},"end":{"line":14,"column":23}},"loc":{"start":{"line":15,"column":4},"end":{"line":15,"column":84}},"line":15},"9":{"name":"(anonymous_9)","decl":{"start":{"line":16,"column":22},"end":{"line":16,"column":23}},"loc":{"start":{"line":17,"column":4},"end":{"line":17,"column":70}},"line":17}},"branchMap":{},"s":{"0":1,"1":1,"2":0,"3":0,"4":0,"5":0,"6":0,"7":0,"8":0,"9":0,"10":0},"f":{"0":1,"1":0,"2":0,"3":0,"4":0,"5":0,"6":0,"7":0,"8":0,"9":0},"b":{},"_coverageSchema":"1a1c01bbd47fc00a2c39e90264f33305004495a9","hash":"451a2f59104f1758346aa20b2477839182a3e9d4"}
,"C:\\Employee Managment Tool\\frontend\\src\\api\\timesheetEntryApi.js": {"path":"C:\\Employee Managment Tool\\frontend\\src\\api\\timesheetEntryApi.js","statementMap":{"0":{"start":{"line":3,"column":33},"end":{"line":10,"column":1}},"1":{"start":{"line":5,"column":4},"end":{"line":5,"column":81}},"2":{"start":{"line":6,"column":17},"end":{"line":6,"column":53}},"3":{"start":{"line":7,"column":18},"end":{"line":7,"column":57}},"4":{"start":{"line":9,"column":4},"end":{"line":9,"column":91}}},"fnMap":{"0":{"name":"(anonymous_0)","decl":{"start":{"line":4,"column":14},"end":{"line":4,"column":15}},"loc":{"start":{"line":5,"column":4},"end":{"line":5,"column":81}},"line":5},"1":{"name":"(anonymous_1)","decl":{"start":{"line":6,"column":8},"end":{"line":6,"column":9}},"loc":{"start":{"line":6,"column":17},"end":{"line":6,"column":53}},"line":6},"2":{"name":"(anonymous_2)","decl":{"start":{"line":7,"column":10},"end":{"line":7,"column":11}},"loc":{"start":{"line":7,"column":18},"end":{"line":7,"column":57}},"line":7},"3":{"name":"(anonymous_3)","decl":{"start":{"line":8,"column":17},"end":{"line":8,"column":18}},"loc":{"start":{"line":9,"column":4},"end":{"line":9,"column":91}},"line":9}},"branchMap":{},"s":{"0":0,"1":0,"2":0,"3":0,"4":0},"f":{"0":0,"1":0,"2":0,"3":0},"b":{}}
,"C:\\Employee Managment Tool\\frontend\\src\\components\\Auth\\ProtectedRoute.jsx": {"path":"C:\\Employee Managment Tool\\frontend\\src\\components\\Auth\\ProtectedRoute.jsx","statementMap":{"0":{"start":{"line":5,"column":23},"end":{"line":17,"column":1}},"1":{"start":{"line":6,"column":26},"end":{"line":6,"column":60}},"2":{"start":{"line":6,"column":49},"end":{"line":6,"column":59}},"3":{"start":{"line":8,"column":2},"end":{"line":10,"column":3}},"4":{"start":{"line":9,"column":4},"end":{"line":9,"column":44}},"5":{"start":{"line":12,"column":2},"end":{"line":14,"column":3}},"6":{"start":{"line":13,"column":4},"end":{"line":13,"column":48}},"7":{"start":{"line":16,"column":2},"end":{"line":16,"column":20}}},"fnMap":{"0":{"name":"(anonymous_0)","decl":{"start":{"line":5,"column":23},"end":{"line":5,"column":24}},"loc":{"start":{"line":5,"column":38},"end":{"line":17,"column":1}},"line":5},"1":{"name":"(anonymous_1)","decl":{"start":{"line":6,"column":38},"end":{"line":6,"column":39}},"loc":{"start":{"line":6,"column":49},"end":{"line":6,"column":59}},"line":6}},"branchMap":{"0":{"loc":{"start":{"line":8,"column":2},"end":{"line":10,"column":3}},"type":"if","locations":[{"start":{"line":8,"column":2},"end":{"line":10,"column":3}},{"start":{},"end":{}}],"line":8},"1":{"loc":{"start":{"line":8,"column":6},"end":{"line":8,"column":21}},"type":"binary-expr","locations":[{"start":{"line":8,"column":6},"end":{"line":8,"column":12}},{"start":{"line":8,"column":16},"end":{"line":8,"column":21}}],"line":8},"2":{"loc":{"start":{"line":12,"column":2},"end":{"line":14,"column":3}},"type":"if","locations":[{"start":{"line":12,"column":2},"end":{"line":14,"column":3}},{"start":{},"end":{}}],"line":12},"3":{"loc":{"start":{"line":12,"column":6},"end":{"line":12,"column":41}},"type":"binary-expr","locations":[{"start":{"line":12,"column":6},"end":{"line":12,"column":11}},{"start":{"line":12,"column":15},"end":{"line":12,"column":41}}],"line":12}},"s":{"0":0,"1":0,"2":0,"3":0,"4":0,"5":0,"6":0,"7":0},"f":{"0":0,"1":0},"b":{"0":[0,0],"1":[0,0],"2":[0,0],"3":[0,0]}}
,"C:\\Employee Managment Tool\\frontend\\src\\components\\Layout\\Header.jsx": {"path":"C:\\Employee Managment Tool\\frontend\\src\\components\\Layout\\Header.jsx","statementMap":{"0":{"start":{"line":16,"column":19},"end":{"line":29,"column":1}},"1":{"start":{"line":31,"column":15},"end":{"line":188,"column":1}},"2":{"start":{"line":32,"column":20},"end":{"line":32,"column":33}},"3":{"start":{"line":33,"column":20},"end":{"line":33,"column":33}},"4":{"start":{"line":34,"column":20},"end":{"line":34,"column":33}},"5":{"start":{"line":35,"column":25},"end":{"line":35,"column":51}},"6":{"start":{"line":35,"column":44},"end":{"line":35,"column":50}},"7":{"start":{"line":36,"column":26},"end":{"line":36,"column":50}},"8":{"start":{"line":36,"column":45},"end":{"line":36,"column":49}},"9":{"start":{"line":37,"column":34},"end":{"line":37,"column":48}},"10":{"start":{"line":39,"column":19},"end":{"line":39,"column":66}},"11":{"start":{"line":42,"column":4},"end":{"line":44,"column":12}},"12":{"start":{"line":43,"column":45},"end":{"line":43,"column":82}},"13":{"start":{"line":46,"column":23},"end":{"line":47,"column":75}},"14":{"start":{"line":47,"column":28},"end":{"line":47,"column":32}},"15":{"start":{"line":49,"column":20},"end":{"line":51,"column":8}},"16":{"start":{"line":53,"column":23},"end":{"line":59,"column":3}},"17":{"start":{"line":54,"column":4},"end":{"line":56,"column":5}},"18":{"start":{"line":55,"column":6},"end":{"line":55,"column":82}},"19":{"start":{"line":55,"column":12},"end":{"line":55,"column":57}},"20":{"start":{"line":57,"column":4},"end":{"line":57,"column":29}},"21":{"start":{"line":58,"column":4},"end":{"line":58,"column":23}},"22":{"start":{"line":61,"column":2},"end":{"line":187,"column":4}},"23":{"start":{"line":72,"column":27},"end":{"line":72,"column":46}},"24":{"start":{"line":82,"column":29},"end":{"line":82,"column":41}},"25":{"start":{"line":116,"column":26},"end":{"line":116,"column":54}},"26":{"start":{"line":158,"column":25},"end":{"line":158,"column":42}},"27":{"start":{"line":173,"column":29},"end":{"line":173,"column":50}},"28":{"start":{"line":173,"column":51},"end":{"line":173,"column":69}}},"fnMap":{"0":{"name":"(anonymous_0)","decl":{"start":{"line":31,"column":15},"end":{"line":31,"column":16}},"loc":{"start":{"line":31,"column":21},"end":{"line":188,"column":1}},"line":31},"1":{"name":"(anonymous_1)","decl":{"start":{"line":35,"column":37},"end":{"line":35,"column":38}},"loc":{"start":{"line":35,"column":44},"end":{"line":35,"column":50}},"line":35},"2":{"name":"(anonymous_2)","decl":{"start":{"line":36,"column":38},"end":{"line":36,"column":39}},"loc":{"start":{"line":36,"column":45},"end":{"line":36,"column":49}},"line":36},"3":{"name":"(anonymous_3)","decl":{"start":{"line":43,"column":36},"end":{"line":43,"column":37}},"loc":{"start":{"line":43,"column":45},"end":{"line":43,"column":82}},"line":43},"4":{"name":"(anonymous_4)","decl":{"start":{"line":47,"column":21},"end":{"line":47,"column":22}},"loc":{"start":{"line":47,"column":28},"end":{"line":47,"column":32}},"line":47},"5":{"name":"(anonymous_5)","decl":{"start":{"line":53,"column":23},"end":{"line":53,"column":24}},"loc":{"start":{"line":53,"column":35},"end":{"line":59,"column":3}},"line":53},"6":{"name":"(anonymous_6)","decl":{"start":{"line":72,"column":16},"end":{"line":72,"column":17}},"loc":{"start":{"line":72,"column":27},"end":{"line":72,"column":46}},"line":72},"7":{"name":"(anonymous_7)","decl":{"start":{"line":82,"column":23},"end":{"line":82,"column":24}},"loc":{"start":{"line":82,"column":29},"end":{"line":82,"column":41}},"line":82},"8":{"name":"(anonymous_8)","decl":{"start":{"line":116,"column":19},"end":{"line":116,"column":20}},"loc":{"start":{"line":116,"column":26},"end":{"line":116,"column":54}},"line":116},"9":{"name":"(anonymous_9)","decl":{"start":{"line":158,"column":19},"end":{"line":158,"column":20}},"loc":{"start":{"line":158,"column":25},"end":{"line":158,"column":42}},"line":158},"10":{"name":"(anonymous_10)","decl":{"start":{"line":173,"column":21},"end":{"line":173,"column":22}},"loc":{"start":{"line":173,"column":27},"end":{"line":173,"column":71}},"line":173}},"branchMap":{"0":{"loc":{"start":{"line":39,"column":19},"end":{"line":39,"column":66}},"type":"cond-expr","locations":[{"start":{"line":39,"column":33},"end":{"line":39,"column":47}},{"start":{"line":39,"column":50},"end":{"line":39,"column":66}}],"line":39},"1":{"loc":{"start":{"line":42,"column":4},"end":{"line":44,"column":12}},"type":"binary-expr","locations":[{"start":{"line":42,"column":4},"end":{"line":42,"column":33}},{"start":{"line":43,"column":4},"end":{"line":43,"column":88}},{"start":{"line":44,"column":4},"end":{"line":44,"column":12}}],"line":42},"2":{"loc":{"start":{"line":46,"column":23},"end":{"line":47,"column":75}},"type":"binary-expr","locations":[{"start":{"line":46,"column":23},"end":{"line":47,"column":68}},{"start":{"line":47,"column":72},"end":{"line":47,"column":75}}],"line":46},"3":{"loc":{"start":{"line":49,"column":20},"end":{"line":51,"column":8}},"type":"cond-expr","locations":[{"start":{"line":50,"column":6},"end":{"line":50,"column":60}},{"start":{"line":51,"column":6},"end":{"line":51,"column":8}}],"line":49},"4":{"loc":{"start":{"line":54,"column":4},"end":{"line":56,"column":5}},"type":"if","locations":[{"start":{"line":54,"column":4},"end":{"line":56,"column":5}},{"start":{},"end":{}}],"line":54},"5":{"loc":{"start":{"line":78,"column":9},"end":{"line":88,"column":9}},"type":"binary-expr","locations":[{"start":{"line":78,"column":9},"end":{"line":78,"column":43}},{"start":{"line":79,"column":10},"end":{"line":87,"column":20}}],"line":78},"6":{"loc":{"start":{"line":91,"column":9},"end":{"line":98,"column":9}},"type":"binary-expr","locations":[{"start":{"line":91,"column":9},"end":{"line":91,"column":18}},{"start":{"line":92,"column":10},"end":{"line":97,"column":23}}],"line":91}},"s":{"0":0,"1":0,"2":0,"3":0,"4":0,"5":0,"6":0,"7":0,"8":0,"9":0,"10":0,"11":0,"12":0,"13":0,"14":0,"15":0,"16":0,"17":0,"18":0,"19":0,"20":0,"21":0,"22":0,"23":0,"24":0,"25":0,"26":0,"27":0,"28":0},"f":{"0":0,"1":0,"2":0,"3":0,"4":0,"5":0,"6":0,"7":0,"8":0,"9":0,"10":0},"b":{"0":[0,0],"1":[0,0,0],"2":[0,0],"3":[0,0],"4":[0,0],"5":[0,0],"6":[0,0]}}
,"C:\\Employee Managment Tool\\frontend\\src\\components\\Layout\\Layout.jsx": {"path":"C:\\Employee Managment Tool\\frontend\\src\\components\\Layout\\Layout.jsx","statementMap":{"0":{"start":{"line":8,"column":15},"end":{"line":33,"column":1}},"1":{"start":{"line":9,"column":26},"end":{"line":9,"column":50}},"2":{"start":{"line":9,"column":45},"end":{"line":9,"column":49}},"3":{"start":{"line":10,"column":19},"end":{"line":10,"column":66}},"4":{"start":{"line":12,"column":2},"end":{"line":32,"column":4}}},"fnMap":{"0":{"name":"(anonymous_0)","decl":{"start":{"line":8,"column":15},"end":{"line":8,"column":16}},"loc":{"start":{"line":8,"column":21},"end":{"line":33,"column":1}},"line":8},"1":{"name":"(anonymous_1)","decl":{"start":{"line":9,"column":38},"end":{"line":9,"column":39}},"loc":{"start":{"line":9,"column":45},"end":{"line":9,"column":49}},"line":9}},"branchMap":{"0":{"loc":{"start":{"line":10,"column":19},"end":{"line":10,"column":66}},"type":"cond-expr","locations":[{"start":{"line":10,"column":33},"end":{"line":10,"column":47}},{"start":{"line":10,"column":50},"end":{"line":10,"column":66}}],"line":10}},"s":{"0":0,"1":0,"2":0,"3":0,"4":0},"f":{"0":0,"1":0},"b":{"0":[0,0]}}
,"C:\\Employee Managment Tool\\frontend\\src\\components\\Layout\\Sidebar.jsx": {"path":"C:\\Employee Managment Tool\\frontend\\src\\components\\Layout\\Sidebar.jsx","statementMap":{"0":{"start":{"line":21,"column":32},"end":{"line":21,"column":35}},"1":{"start":{"line":22,"column":32},"end":{"line":22,"column":34}},"2":{"start":{"line":24,"column":20},"end":{"line":37,"column":1}},"3":{"start":{"line":39,"column":16},"end":{"line":209,"column":1}},"4":{"start":{"line":40,"column":20},"end":{"line":40,"column":33}},"5":{"start":{"line":41,"column":20},"end":{"line":41,"column":33}},"6":{"start":{"line":42,"column":20},"end":{"line":42,"column":33}},"7":{"start":{"line":43,"column":26},"end":{"line":43,"column":52}},"8":{"start":{"line":43,"column":45},"end":{"line":43,"column":51}},"9":{"start":{"line":44,"column":26},"end":{"line":44,"column":50}},"10":{"start":{"line":44,"column":45},"end":{"line":44,"column":49}},"11":{"start":{"line":45,"column":19},"end":{"line":45,"column":43}},"12":{"start":{"line":46,"column":19},"end":{"line":46,"column":74}},"13":{"start":{"line":46,"column":48},"end":{"line":46,"column":73}},"14":{"start":{"line":47,"column":19},"end":{"line":47,"column":66}},"15":{"start":{"line":49,"column":2},"end":{"line":208,"column":4}},"16":{"start":{"line":53,"column":23},"end":{"line":53,"column":48}},"17":{"start":{"line":138,"column":12},"end":{"line":139,"column":89}},"18":{"start":{"line":142,"column":12},"end":{"line":187,"column":18}},"19":{"start":{"line":143,"column":29},"end":{"line":143,"column":48}},"20":{"start":{"line":190,"column":10},"end":{"line":196,"column":12}}},"fnMap":{"0":{"name":"(anonymous_0)","decl":{"start":{"line":39,"column":16},"end":{"line":39,"column":17}},"loc":{"start":{"line":39,"column":22},"end":{"line":209,"column":1}},"line":39},"1":{"name":"(anonymous_1)","decl":{"start":{"line":43,"column":38},"end":{"line":43,"column":39}},"loc":{"start":{"line":43,"column":45},"end":{"line":43,"column":51}},"line":43},"2":{"name":"(anonymous_2)","decl":{"start":{"line":44,"column":38},"end":{"line":44,"column":39}},"loc":{"start":{"line":44,"column":45},"end":{"line":44,"column":49}},"line":44},"3":{"name":"(anonymous_3)","decl":{"start":{"line":46,"column":38},"end":{"line":46,"column":39}},"loc":{"start":{"line":46,"column":48},"end":{"line":46,"column":73}},"line":46},"4":{"name":"(anonymous_4)","decl":{"start":{"line":53,"column":17},"end":{"line":53,"column":18}},"loc":{"start":{"line":53,"column":23},"end":{"line":53,"column":48}},"line":53},"5":{"name":"(anonymous_5)","decl":{"start":{"line":136,"column":22},"end":{"line":136,"column":23}},"loc":{"start":{"line":136,"column":32},"end":{"line":197,"column":9}},"line":136},"6":{"name":"(anonymous_6)","decl":{"start":{"line":143,"column":23},"end":{"line":143,"column":24}},"loc":{"start":{"line":143,"column":29},"end":{"line":143,"column":48}},"line":143}},"branchMap":{"0":{"loc":{"start":{"line":45,"column":19},"end":{"line":45,"column":43}},"type":"binary-expr","locations":[{"start":{"line":45,"column":19},"end":{"line":45,"column":29}},{"start":{"line":45,"column":33},"end":{"line":45,"column":43}}],"line":45},"1":{"loc":{"start":{"line":47,"column":19},"end":{"line":47,"column":66}},"type":"cond-expr","locations":[{"start":{"line":47,"column":33},"end":{"line":47,"column":47}},{"start":{"line":47,"column":50},"end":{"line":47,"column":66}}],"line":47},"2":{"loc":{"start":{"line":70,"column":9},"end":{"line":70,"column":109}},"type":"cond-expr","locations":[{"start":{"line":70,"column":23},"end":{"line":70,"column":64}},{"start":{"line":70,"column":67},"end":{"line":70,"column":109}}],"line":70},"3":{"loc":{"start":{"line":83,"column":20},"end":{"line":83,"column":57}},"type":"cond-expr","locations":[{"start":{"line":83,"column":34},"end":{"line":83,"column":46}},{"start":{"line":83,"column":49},"end":{"line":83,"column":57}}],"line":83},"4":{"loc":{"start":{"line":99,"column":26},"end":{"line":99,"column":63}},"type":"cond-expr","locations":[{"start":{"line":99,"column":40},"end":{"line":99,"column":52}},{"start":{"line":99,"column":55},"end":{"line":99,"column":63}}],"line":99},"5":{"loc":{"start":{"line":103,"column":14},"end":{"line":103,"column":33}},"type":"cond-expr","locations":[{"start":{"line":103,"column":28},"end":{"line":103,"column":29}},{"start":{"line":103,"column":32},"end":{"line":103,"column":33}}],"line":103},"6":{"loc":{"start":{"line":106,"column":51},"end":{"line":106,"column":81}},"type":"cond-expr","locations":[{"start":{"line":106,"column":65},"end":{"line":106,"column":70}},{"start":{"line":106,"column":73},"end":{"line":106,"column":81}}],"line":106},"7":{"loc":{"start":{"line":106,"column":110},"end":{"line":106,"column":133}},"type":"cond-expr","locations":[{"start":{"line":106,"column":124},"end":{"line":106,"column":127}},{"start":{"line":106,"column":130},"end":{"line":106,"column":133}}],"line":106},"8":{"loc":{"start":{"line":110,"column":29},"end":{"line":110,"column":50}},"type":"cond-expr","locations":[{"start":{"line":110,"column":43},"end":{"line":110,"column":45}},{"start":{"line":110,"column":48},"end":{"line":110,"column":50}}],"line":110},"9":{"loc":{"start":{"line":110,"column":59},"end":{"line":110,"column":80}},"type":"cond-expr","locations":[{"start":{"line":110,"column":73},"end":{"line":110,"column":75}},{"start":{"line":110,"column":78},"end":{"line":110,"column":80}}],"line":110},"10":{"loc":{"start":{"line":116,"column":22},"end":{"line":116,"column":54}},"type":"cond-expr","locations":[{"start":{"line":116,"column":36},"end":{"line":116,"column":42}},{"start":{"line":116,"column":45},"end":{"line":116,"column":54}}],"line":116},"11":{"loc":{"start":{"line":117,"column":27},"end":{"line":117,"column":60}},"type":"cond-expr","locations":[{"start":{"line":117,"column":41},"end":{"line":117,"column":49}},{"start":{"line":117,"column":52},"end":{"line":117,"column":60}}],"line":117},"12":{"loc":{"start":{"line":129,"column":22},"end":{"line":129,"column":59}},"type":"cond-expr","locations":[{"start":{"line":129,"column":36},"end":{"line":129,"column":48}},{"start":{"line":129,"column":51},"end":{"line":129,"column":59}}],"line":129},"13":{"loc":{"start":{"line":131,"column":14},"end":{"line":131,"column":37}},"type":"cond-expr","locations":[{"start":{"line":131,"column":28},"end":{"line":131,"column":31}},{"start":{"line":131,"column":34},"end":{"line":131,"column":37}}],"line":131},"14":{"loc":{"start":{"line":138,"column":12},"end":{"line":139,"column":89}},"type":"binary-expr","locations":[{"start":{"line":138,"column":12},"end":{"line":138,"column":43}},{"start":{"line":139,"column":13},"end":{"line":139,"column":39}},{"start":{"line":139,"column":43},"end":{"line":139,"column":88}}],"line":138},"15":{"loc":{"start":{"line":147,"column":31},"end":{"line":147,"column":61}},"type":"cond-expr","locations":[{"start":{"line":147,"column":45},"end":{"line":147,"column":50}},{"start":{"line":147,"column":53},"end":{"line":147,"column":61}}],"line":147},"16":{"loc":{"start":{"line":149,"column":32},"end":{"line":149,"column":69}},"type":"cond-expr","locations":[{"start":{"line":149,"column":46},"end":{"line":149,"column":58}},{"start":{"line":149,"column":61},"end":{"line":149,"column":69}}],"line":149},"17":{"loc":{"start":{"line":150,"column":20},"end":{"line":150,"column":41}},"type":"cond-expr","locations":[{"start":{"line":150,"column":34},"end":{"line":150,"column":37}},{"start":{"line":150,"column":40},"end":{"line":150,"column":41}}],"line":150},"18":{"loc":{"start":{"line":151,"column":20},"end":{"line":151,"column":43}},"type":"cond-expr","locations":[{"start":{"line":151,"column":34},"end":{"line":151,"column":37}},{"start":{"line":151,"column":40},"end":{"line":151,"column":43}}],"line":151},"19":{"loc":{"start":{"line":155,"column":23},"end":{"line":155,"column":68}},"type":"cond-expr","locations":[{"start":{"line":155,"column":32},"end":{"line":155,"column":41}},{"start":{"line":155,"column":44},"end":{"line":155,"column":68}}],"line":155},"20":{"loc":{"start":{"line":156,"column":25},"end":{"line":156,"column":73}},"type":"cond-expr","locations":[{"start":{"line":156,"column":34},"end":{"line":156,"column":57}},{"start":{"line":156,"column":60},"end":{"line":156,"column":73}}],"line":156},"21":{"loc":{"start":{"line":159,"column":27},"end":{"line":159,"column":85}},"type":"cond-expr","locations":[{"start":{"line":159,"column":36},"end":{"line":159,"column":58}},{"start":{"line":159,"column":61},"end":{"line":159,"column":85}}],"line":159},"22":{"loc":{"start":{"line":160,"column":25},"end":{"line":160,"column":69}},"type":"cond-expr","locations":[{"start":{"line":160,"column":34},"end":{"line":160,"column":43}},{"start":{"line":160,"column":46},"end":{"line":160,"column":69}}],"line":160},"23":{"loc":{"start":{"line":162,"column":29},"end":{"line":171,"column":22}},"type":"cond-expr","locations":[{"start":{"line":162,"column":38},"end":{"line":171,"column":17}},{"start":{"line":171,"column":20},"end":{"line":171,"column":22}}],"line":162},"24":{"loc":{"start":{"line":174,"column":89},"end":{"line":174,"column":110}},"type":"cond-expr","locations":[{"start":{"line":174,"column":103},"end":{"line":174,"column":106}},{"start":{"line":174,"column":109},"end":{"line":174,"column":110}}],"line":174},"25":{"loc":{"start":{"line":178,"column":15},"end":{"line":186,"column":15}},"type":"cond-expr","locations":[{"start":{"line":179,"column":16},"end":{"line":181,"column":29}},{"start":{"line":183,"column":16},"end":{"line":185,"column":29}}],"line":178},"26":{"loc":{"start":{"line":179,"column":68},"end":{"line":179,"column":86}},"type":"cond-expr","locations":[{"start":{"line":179,"column":77},"end":{"line":179,"column":80}},{"start":{"line":179,"column":83},"end":{"line":179,"column":86}}],"line":179},"27":{"loc":{"start":{"line":183,"column":61},"end":{"line":183,"column":79}},"type":"cond-expr","locations":[{"start":{"line":183,"column":70},"end":{"line":183,"column":73}},{"start":{"line":183,"column":76},"end":{"line":183,"column":79}}],"line":183},"28":{"loc":{"start":{"line":190,"column":17},"end":{"line":196,"column":11}},"type":"cond-expr","locations":[{"start":{"line":191,"column":12},"end":{"line":191,"column":75}},{"start":{"line":193,"column":12},"end":{"line":195,"column":22}}],"line":190}},"s":{"0":0,"1":0,"2":0,"3":0,"4":0,"5":0,"6":0,"7":0,"8":0,"9":0,"10":0,"11":0,"12":0,"13":0,"14":0,"15":0,"16":0,"17":0,"18":0,"19":0,"20":0},"f":{"0":0,"1":0,"2":0,"3":0,"4":0,"5":0,"6":0},"b":{"0":[0,0],"1":[0,0],"2":[0,0],"3":[0,0],"4":[0,0],"5":[0,0],"6":[0,0],"7":[0,0],"8":[0,0],"9":[0,0],"10":[0,0],"11":[0,0],"12":[0,0],"13":[0,0],"14":[0,0,0],"15":[0,0],"16":[0,0],"17":[0,0],"18":[0,0],"19":[0,0],"20":[0,0],"21":[0,0],"22":[0,0],"23":[0,0],"24":[0,0],"25":[0,0],"26":[0,0],"27":[0,0],"28":[0,0]}}
,"C:\\Employee Managment Tool\\frontend\\src\\pages\\Attendance.jsx": {"path":"C:\\Employee Managment Tool\\frontend\\src\\pages\\Attendance.jsx","statementMap":{"0":{"start":{"line":21,"column":16},"end":{"line":21,"column":53}},"1":{"start":{"line":21,"column":24},"end":{"line":21,"column":52}},"2":{"start":{"line":23,"column":17},"end":{"line":28,"column":1}},"3":{"start":{"line":24,"column":2},"end":{"line":24,"column":29}},"4":{"start":{"line":24,"column":17},"end":{"line":24,"column":29}},"5":{"start":{"line":25,"column":14},"end":{"line":25,"column":27}},"6":{"start":{"line":26,"column":15},"end":{"line":26,"column":41}},"7":{"start":{"line":27,"column":2},"end":{"line":27,"column":53}},"8":{"start":{"line":30,"column":18},"end":{"line":34,"column":1}},"9":{"start":{"line":31,"column":2},"end":{"line":31,"column":22}},"10":{"start":{"line":31,"column":10},"end":{"line":31,"column":22}},"11":{"start":{"line":32,"column":20},"end":{"line":32,"column":44}},"12":{"start":{"line":33,"column":2},"end":{"line":33,"column":38}},"13":{"start":{"line":37,"column":24},"end":{"line":44,"column":1}},"14":{"start":{"line":38,"column":2},"end":{"line":38,"column":30}},"15":{"start":{"line":38,"column":21},"end":{"line":38,"column":30}},"16":{"start":{"line":39,"column":14},"end":{"line":39,"column":21}},"17":{"start":{"line":40,"column":20},"end":{"line":40,"column":38}},"18":{"start":{"line":41,"column":20},"end":{"line":41,"column":55}},"19":{"start":{"line":42,"column":18},"end":{"line":42,"column":81}},"20":{"start":{"line":43,"column":2},"end":{"line":43,"column":50}},"21":{"start":{"line":46,"column":16},"end":{"line":52,"column":1}},"22":{"start":{"line":47,"column":2},"end":{"line":47,"column":51}},"23":{"start":{"line":47,"column":33},"end":{"line":47,"column":51}},"24":{"start":{"line":48,"column":12},"end":{"line":48,"column":34}},"25":{"start":{"line":49,"column":12},"end":{"line":49,"column":41}},"26":{"start":{"line":50,"column":12},"end":{"line":50,"column":20}},"27":{"start":{"line":51,"column":2},"end":{"line":51,"column":101}},"28":{"start":{"line":55,"column":25},"end":{"line":60,"column":1}},"29":{"start":{"line":56,"column":20},"end":{"line":58,"column":55}},"30":{"start":{"line":57,"column":17},"end":{"line":57,"column":39}},"31":{"start":{"line":58,"column":24},"end":{"line":58,"column":51}},"32":{"start":{"line":59,"column":2},"end":{"line":59,"column":48}},"33":{"start":{"line":64,"column":19},"end":{"line":93,"column":1}},"34":{"start":{"line":65,"column":2},"end":{"line":92,"column":8}},"35":{"start":{"line":97,"column":16},"end":{"line":243,"column":1}},"36":{"start":{"line":98,"column":34},"end":{"line":98,"column":51}},"37":{"start":{"line":100,"column":14},"end":{"line":100,"column":46}},"38":{"start":{"line":101,"column":14},"end":{"line":101,"column":35}},"39":{"start":{"line":102,"column":20},"end":{"line":102,"column":56}},"40":{"start":{"line":103,"column":19},"end":{"line":103,"column":47}},"41":{"start":{"line":105,"column":18},"end":{"line":105,"column":37}},"42":{"start":{"line":106,"column":22},"end":{"line":106,"column":55}},"43":{"start":{"line":106,"column":41},"end":{"line":106,"column":54}},"44":{"start":{"line":107,"column":19},"end":{"line":107,"column":71}},"45":{"start":{"line":110,"column":23},"end":{"line":112,"column":10}},"46":{"start":{"line":111,"column":27},"end":{"line":111,"column":49}},"47":{"start":{"line":111,"column":68},"end":{"line":111,"column":86}},"48":{"start":{"line":114,"column":21},"end":{"line":114,"column":69}},"49":{"start":{"line":116,"column":20},"end":{"line":116,"column":50}},"50":{"start":{"line":117,"column":21},"end":{"line":117,"column":68}},"51":{"start":{"line":118,"column":21},"end":{"line":118,"column":87}},"52":{"start":{"line":120,"column":19},"end":{"line":120,"column":23}},"53":{"start":{"line":121,"column":2},"end":{"line":135,"column":3}},"54":{"start":{"line":122,"column":4},"end":{"line":122,"column":134}},"55":{"start":{"line":123,"column":9},"end":{"line":135,"column":3}},"56":{"start":{"line":124,"column":4},"end":{"line":124,"column":22}},"57":{"start":{"line":125,"column":9},"end":{"line":135,"column":3}},"58":{"start":{"line":126,"column":4},"end":{"line":126,"column":133}},"59":{"start":{"line":127,"column":9},"end":{"line":135,"column":3}},"60":{"start":{"line":128,"column":4},"end":{"line":128,"column":116}},"61":{"start":{"line":130,"column":16},"end":{"line":130,"column":31}},"62":{"start":{"line":131,"column":4},"end":{"line":134,"column":6}},"63":{"start":{"line":137,"column":2},"end":{"line":242,"column":4}},"64":{"start":{"line":149,"column":23},"end":{"line":149,"column":54}},"65":{"start":{"line":149,"column":51},"end":{"line":149,"column":53}},"66":{"start":{"line":237,"column":12},"end":{"line":237,"column":82}},"67":{"start":{"line":247,"column":23},"end":{"line":512,"column":1}},"68":{"start":{"line":248,"column":19},"end":{"line":248,"column":45}},"69":{"start":{"line":248,"column":38},"end":{"line":248,"column":44}},"70":{"start":{"line":249,"column":38},"end":{"line":249,"column":52}},"71":{"start":{"line":250,"column":36},"end":{"line":250,"column":69}},"72":{"start":{"line":251,"column":34},"end":{"line":251,"column":46}},"73":{"start":{"line":252,"column":44},"end":{"line":252,"column":56}},"74":{"start":{"line":253,"column":48},"end":{"line":253,"column":60}},"75":{"start":{"line":254,"column":32},"end":{"line":254,"column":46}},"76":{"start":{"line":257,"column":32},"end":{"line":257,"column":43}},"77":{"start":{"line":258,"column":19},"end":{"line":258,"column":31}},"78":{"start":{"line":260,"column":18},"end":{"line":260,"column":69}},"79":{"start":{"line":260,"column":32},"end":{"line":260,"column":55}},"80":{"start":{"line":263,"column":25},"end":{"line":271,"column":16}},"81":{"start":{"line":264,"column":16},"end":{"line":264,"column":18}},"82":{"start":{"line":265,"column":4},"end":{"line":269,"column":7}},"83":{"start":{"line":266,"column":18},"end":{"line":266,"column":28}},"84":{"start":{"line":267,"column":6},"end":{"line":267,"column":35}},"85":{"start":{"line":267,"column":21},"end":{"line":267,"column":35}},"86":{"start":{"line":268,"column":6},"end":{"line":268,"column":23}},"87":{"start":{"line":270,"column":4},"end":{"line":270,"column":15}},"88":{"start":{"line":273,"column":15},"end":{"line":276,"column":3}},"89":{"start":{"line":274,"column":4},"end":{"line":274,"column":64}},"90":{"start":{"line":274,"column":40},"end":{"line":274,"column":63}},"91":{"start":{"line":278,"column":22},"end":{"line":278,"column":60}},"92":{"start":{"line":278,"column":46},"end":{"line":278,"column":59}},"93":{"start":{"line":281,"column":2},"end":{"line":292,"column":22}},"94":{"start":{"line":282,"column":4},"end":{"line":282,"column":36}},"95":{"start":{"line":283,"column":24},"end":{"line":283,"column":62}},"96":{"start":{"line":283,"column":48},"end":{"line":283,"column":61}},"97":{"start":{"line":284,"column":4},"end":{"line":290,"column":5}},"98":{"start":{"line":285,"column":19},"end":{"line":285,"column":75}},"99":{"start":{"line":285,"column":25},"end":{"line":285,"column":75}},"100":{"start":{"line":286,"column":6},"end":{"line":286,"column":13}},"101":{"start":{"line":287,"column":6},"end":{"line":287,"column":49}},"102":{"start":{"line":289,"column":6},"end":{"line":289,"column":20}},"103":{"start":{"line":291,"column":4},"end":{"line":291,"column":49}},"104":{"start":{"line":291,"column":17},"end":{"line":291,"column":48}},"105":{"start":{"line":294,"column":19},"end":{"line":320,"column":17}},"106":{"start":{"line":295,"column":4},"end":{"line":295,"column":21}},"107":{"start":{"line":295,"column":14},"end":{"line":295,"column":21}},"108":{"start":{"line":296,"column":4},"end":{"line":296,"column":21}},"109":{"start":{"line":297,"column":4},"end":{"line":319,"column":5}},"110":{"start":{"line":298,"column":20},"end":{"line":298,"column":50}},"111":{"start":{"line":299,"column":18},"end":{"line":299,"column":62}},"112":{"start":{"line":300,"column":52},"end":{"line":304,"column":8}},"113":{"start":{"line":305,"column":6},"end":{"line":305,"column":28}},"114":{"start":{"line":306,"column":6},"end":{"line":306,"column":34}},"115":{"start":{"line":308,"column":23},"end":{"line":308,"column":25}},"116":{"start":{"line":309,"column":6},"end":{"line":313,"column":9}},"117":{"start":{"line":310,"column":8},"end":{"line":312,"column":9}},"118":{"start":{"line":311,"column":10},"end":{"line":311,"column":58}},"119":{"start":{"line":314,"column":6},"end":{"line":314,"column":35}},"120":{"start":{"line":316,"column":6},"end":{"line":316,"column":47}},"121":{"start":{"line":318,"column":6},"end":{"line":318,"column":24}},"122":{"start":{"line":322,"column":2},"end":{"line":324,"column":20}},"123":{"start":{"line":323,"column":4},"end":{"line":323,"column":77}},"124":{"start":{"line":326,"column":2},"end":{"line":328,"column":29}},"125":{"start":{"line":327,"column":4},"end":{"line":327,"column":41}},"126":{"start":{"line":327,"column":20},"end":{"line":327,"column":41}},"127":{"start":{"line":331,"column":2},"end":{"line":340,"column":19}},"128":{"start":{"line":332,"column":20},"end":{"line":337,"column":5}},"129":{"start":{"line":333,"column":37},"end":{"line":333,"column":45}},"130":{"start":{"line":334,"column":6},"end":{"line":336,"column":7}},"131":{"start":{"line":335,"column":8},"end":{"line":335,"column":65}},"132":{"start":{"line":335,"column":36},"end":{"line":335,"column":62}},"133":{"start":{"line":338,"column":4},"end":{"line":338,"column":62}},"134":{"start":{"line":339,"column":4},"end":{"line":339,"column":78}},"135":{"start":{"line":339,"column":17},"end":{"line":339,"column":77}},"136":{"start":{"line":342,"column":24},"end":{"line":342,"column":85}},"137":{"start":{"line":344,"column":2},"end":{"line":511,"column":4}},"138":{"start":{"line":412,"column":16},"end":{"line":434,"column":22}},"139":{"start":{"line":452,"column":52},"end":{"line":452,"column":91}},"140":{"start":{"line":452,"column":70},"end":{"line":452,"column":90}},"141":{"start":{"line":458,"column":52},"end":{"line":458,"column":86}},"142":{"start":{"line":458,"column":70},"end":{"line":458,"column":85}},"143":{"start":{"line":461,"column":67},"end":{"line":461,"column":104}},"144":{"start":{"line":476,"column":30},"end":{"line":476,"column":52}},"145":{"start":{"line":477,"column":30},"end":{"line":477,"column":70}},"146":{"start":{"line":478,"column":34},"end":{"line":478,"column":91}},"147":{"start":{"line":479,"column":14},"end":{"line":488,"column":16}},"148":{"start":{"line":503,"column":12},"end":{"line":506,"column":18}}},"fnMap":{"0":{"name":"(anonymous_0)","decl":{"start":{"line":21,"column":16},"end":{"line":21,"column":17}},"loc":{"start":{"line":21,"column":24},"end":{"line":21,"column":52}},"line":21},"1":{"name":"(anonymous_1)","decl":{"start":{"line":23,"column":17},"end":{"line":23,"column":18}},"loc":{"start":{"line":23,"column":24},"end":{"line":28,"column":1}},"line":23},"2":{"name":"(anonymous_2)","decl":{"start":{"line":30,"column":18},"end":{"line":30,"column":19}},"loc":{"start":{"line":30,"column":25},"end":{"line":34,"column":1}},"line":30},"3":{"name":"(anonymous_3)","decl":{"start":{"line":37,"column":24},"end":{"line":37,"column":25}},"loc":{"start":{"line":37,"column":42},"end":{"line":44,"column":1}},"line":37},"4":{"name":"(anonymous_4)","decl":{"start":{"line":46,"column":16},"end":{"line":46,"column":17}},"loc":{"start":{"line":46,"column":25},"end":{"line":52,"column":1}},"line":46},"5":{"name":"(anonymous_5)","decl":{"start":{"line":55,"column":25},"end":{"line":55,"column":26}},"loc":{"start":{"line":55,"column":48},"end":{"line":60,"column":1}},"line":55},"6":{"name":"(anonymous_6)","decl":{"start":{"line":57,"column":12},"end":{"line":57,"column":13}},"loc":{"start":{"line":57,"column":17},"end":{"line":57,"column":39}},"line":57},"7":{"name":"(anonymous_7)","decl":{"start":{"line":58,"column":12},"end":{"line":58,"column":13}},"loc":{"start":{"line":58,"column":24},"end":{"line":58,"column":51}},"line":58},"8":{"name":"(anonymous_8)","decl":{"start":{"line":64,"column":19},"end":{"line":64,"column":20}},"loc":{"start":{"line":65,"column":2},"end":{"line":92,"column":8}},"line":65},"9":{"name":"(anonymous_9)","decl":{"start":{"line":97,"column":16},"end":{"line":97,"column":17}},"loc":{"start":{"line":97,"column":71},"end":{"line":243,"column":1}},"line":97},"10":{"name":"(anonymous_10)","decl":{"start":{"line":106,"column":36},"end":{"line":106,"column":37}},"loc":{"start":{"line":106,"column":41},"end":{"line":106,"column":54}},"line":106},"11":{"name":"(anonymous_11)","decl":{"start":{"line":111,"column":22},"end":{"line":111,"column":23}},"loc":{"start":{"line":111,"column":27},"end":{"line":111,"column":49}},"line":111},"12":{"name":"(anonymous_12)","decl":{"start":{"line":111,"column":58},"end":{"line":111,"column":59}},"loc":{"start":{"line":111,"column":68},"end":{"line":111,"column":86}},"line":111},"13":{"name":"(anonymous_13)","decl":{"start":{"line":149,"column":17},"end":{"line":149,"column":18}},"loc":{"start":{"line":149,"column":23},"end":{"line":149,"column":54}},"line":149},"14":{"name":"(anonymous_14)","decl":{"start":{"line":149,"column":46},"end":{"line":149,"column":47}},"loc":{"start":{"line":149,"column":51},"end":{"line":149,"column":53}},"line":149},"15":{"name":"(anonymous_15)","decl":{"start":{"line":236,"column":24},"end":{"line":236,"column":25}},"loc":{"start":{"line":237,"column":12},"end":{"line":237,"column":82}},"line":237},"16":{"name":"(anonymous_16)","decl":{"start":{"line":247,"column":23},"end":{"line":247,"column":24}},"loc":{"start":{"line":247,"column":29},"end":{"line":512,"column":1}},"line":247},"17":{"name":"(anonymous_17)","decl":{"start":{"line":248,"column":31},"end":{"line":248,"column":32}},"loc":{"start":{"line":248,"column":38},"end":{"line":248,"column":44}},"line":248},"18":{"name":"(anonymous_18)","decl":{"start":{"line":260,"column":26},"end":{"line":260,"column":27}},"loc":{"start":{"line":260,"column":32},"end":{"line":260,"column":55}},"line":260},"19":{"name":"(anonymous_19)","decl":{"start":{"line":263,"column":33},"end":{"line":263,"column":34}},"loc":{"start":{"line":263,"column":39},"end":{"line":271,"column":3}},"line":263},"20":{"name":"(anonymous_20)","decl":{"start":{"line":265,"column":21},"end":{"line":265,"column":22}},"loc":{"start":{"line":265,"column":26},"end":{"line":269,"column":5}},"line":265},"21":{"name":"(anonymous_21)","decl":{"start":{"line":273,"column":23},"end":{"line":273,"column":24}},"loc":{"start":{"line":274,"column":4},"end":{"line":274,"column":64}},"line":274},"22":{"name":"(anonymous_22)","decl":{"start":{"line":274,"column":30},"end":{"line":274,"column":31}},"loc":{"start":{"line":274,"column":40},"end":{"line":274,"column":63}},"line":274},"23":{"name":"(anonymous_23)","decl":{"start":{"line":278,"column":41},"end":{"line":278,"column":42}},"loc":{"start":{"line":278,"column":46},"end":{"line":278,"column":59}},"line":278},"24":{"name":"(anonymous_24)","decl":{"start":{"line":281,"column":12},"end":{"line":281,"column":13}},"loc":{"start":{"line":281,"column":18},"end":{"line":292,"column":3}},"line":281},"25":{"name":"(anonymous_25)","decl":{"start":{"line":283,"column":43},"end":{"line":283,"column":44}},"loc":{"start":{"line":283,"column":48},"end":{"line":283,"column":61}},"line":283},"26":{"name":"(anonymous_26)","decl":{"start":{"line":285,"column":19},"end":{"line":285,"column":20}},"loc":{"start":{"line":285,"column":25},"end":{"line":285,"column":75}},"line":285},"27":{"name":"(anonymous_27)","decl":{"start":{"line":291,"column":11},"end":{"line":291,"column":12}},"loc":{"start":{"line":291,"column":17},"end":{"line":291,"column":48}},"line":291},"28":{"name":"(anonymous_28)","decl":{"start":{"line":294,"column":31},"end":{"line":294,"column":32}},"loc":{"start":{"line":294,"column":46},"end":{"line":320,"column":3}},"line":294},"29":{"name":"(anonymous_29)","decl":{"start":{"line":309,"column":68},"end":{"line":309,"column":69}},"loc":{"start":{"line":309,"column":74},"end":{"line":313,"column":7}},"line":309},"30":{"name":"(anonymous_30)","decl":{"start":{"line":322,"column":12},"end":{"line":322,"column":13}},"loc":{"start":{"line":322,"column":18},"end":{"line":324,"column":3}},"line":322},"31":{"name":"(anonymous_31)","decl":{"start":{"line":323,"column":67},"end":{"line":323,"column":68}},"loc":{"start":{"line":323,"column":73},"end":{"line":323,"column":75}},"line":323},"32":{"name":"(anonymous_32)","decl":{"start":{"line":326,"column":12},"end":{"line":326,"column":13}},"loc":{"start":{"line":326,"column":18},"end":{"line":328,"column":3}},"line":326},"33":{"name":"(anonymous_33)","decl":{"start":{"line":331,"column":12},"end":{"line":331,"column":13}},"loc":{"start":{"line":331,"column":18},"end":{"line":340,"column":3}},"line":331},"34":{"name":"(anonymous_34)","decl":{"start":{"line":332,"column":20},"end":{"line":332,"column":21}},"loc":{"start":{"line":332,"column":27},"end":{"line":337,"column":5}},"line":332},"35":{"name":"(anonymous_35)","decl":{"start":{"line":335,"column":27},"end":{"line":335,"column":28}},"loc":{"start":{"line":335,"column":36},"end":{"line":335,"column":62}},"line":335},"36":{"name":"(anonymous_36)","decl":{"start":{"line":339,"column":11},"end":{"line":339,"column":12}},"loc":{"start":{"line":339,"column":17},"end":{"line":339,"column":77}},"line":339},"37":{"name":"(anonymous_37)","decl":{"start":{"line":411,"column":33},"end":{"line":411,"column":34}},"loc":{"start":{"line":412,"column":16},"end":{"line":434,"column":22}},"line":412},"38":{"name":"(anonymous_38)","decl":{"start":{"line":452,"column":46},"end":{"line":452,"column":47}},"loc":{"start":{"line":452,"column":52},"end":{"line":452,"column":91}},"line":452},"39":{"name":"(anonymous_39)","decl":{"start":{"line":452,"column":65},"end":{"line":452,"column":66}},"loc":{"start":{"line":452,"column":70},"end":{"line":452,"column":90}},"line":452},"40":{"name":"(anonymous_40)","decl":{"start":{"line":458,"column":46},"end":{"line":458,"column":47}},"loc":{"start":{"line":458,"column":52},"end":{"line":458,"column":86}},"line":458},"41":{"name":"(anonymous_41)","decl":{"start":{"line":458,"column":65},"end":{"line":458,"column":66}},"loc":{"start":{"line":458,"column":70},"end":{"line":458,"column":85}},"line":458},"42":{"name":"(anonymous_42)","decl":{"start":{"line":461,"column":61},"end":{"line":461,"column":62}},"loc":{"start":{"line":461,"column":67},"end":{"line":461,"column":104}},"line":461},"43":{"name":"(anonymous_43)","decl":{"start":{"line":475,"column":21},"end":{"line":475,"column":22}},"loc":{"start":{"line":475,"column":26},"end":{"line":489,"column":13}},"line":475},"44":{"name":"(anonymous_44)","decl":{"start":{"line":502,"column":16},"end":{"line":502,"column":17}},"loc":{"start":{"line":503,"column":12},"end":{"line":506,"column":18}},"line":503}},"branchMap":{"0":{"loc":{"start":{"line":21,"column":24},"end":{"line":21,"column":52}},"type":"cond-expr","locations":[{"start":{"line":21,"column":28},"end":{"line":21,"column":45}},{"start":{"line":21,"column":48},"end":{"line":21,"column":52}}],"line":21},"1":{"loc":{"start":{"line":24,"column":2},"end":{"line":24,"column":29}},"type":"if","locations":[{"start":{"line":24,"column":2},"end":{"line":24,"column":29}},{"start":{},"end":{}}],"line":24},"2":{"loc":{"start":{"line":31,"column":2},"end":{"line":31,"column":22}},"type":"if","locations":[{"start":{"line":31,"column":2},"end":{"line":31,"column":22}},{"start":{},"end":{}}],"line":31},"3":{"loc":{"start":{"line":33,"column":30},"end":{"line":33,"column":36}},"type":"binary-expr","locations":[{"start":{"line":33,"column":30},"end":{"line":33,"column":31}},{"start":{"line":33,"column":35},"end":{"line":33,"column":36}}],"line":33},"4":{"loc":{"start":{"line":38,"column":2},"end":{"line":38,"column":30}},"type":"if","locations":[{"start":{"line":38,"column":2},"end":{"line":38,"column":30}},{"start":{},"end":{}}],"line":38},"5":{"loc":{"start":{"line":42,"column":64},"end":{"line":42,"column":70}},"type":"binary-expr","locations":[{"start":{"line":42,"column":64},"end":{"line":42,"column":65}},{"start":{"line":42,"column":69},"end":{"line":42,"column":70}}],"line":42},"6":{"loc":{"start":{"line":47,"column":2},"end":{"line":47,"column":51}},"type":"if","locations":[{"start":{"line":47,"column":2},"end":{"line":47,"column":51}},{"start":{},"end":{}}],"line":47},"7":{"loc":{"start":{"line":47,"column":6},"end":{"line":47,"column":31}},"type":"binary-expr","locations":[{"start":{"line":47,"column":6},"end":{"line":47,"column":17}},{"start":{"line":47,"column":21},"end":{"line":47,"column":31}}],"line":47},"8":{"loc":{"start":{"line":59,"column":34},"end":{"line":59,"column":46}},"type":"binary-expr","locations":[{"start":{"line":59,"column":34},"end":{"line":59,"column":41}},{"start":{"line":59,"column":45},"end":{"line":59,"column":46}}],"line":59},"9":{"loc":{"start":{"line":68,"column":13},"end":{"line":68,"column":61}},"type":"cond-expr","locations":[{"start":{"line":68,"column":22},"end":{"line":68,"column":45}},{"start":{"line":68,"column":48},"end":{"line":68,"column":61}}],"line":68},"10":{"loc":{"start":{"line":69,"column":16},"end":{"line":69,"column":70}},"type":"cond-expr","locations":[{"start":{"line":69,"column":25},"end":{"line":69,"column":44}},{"start":{"line":69,"column":47},"end":{"line":69,"column":70}}],"line":69},"11":{"loc":{"start":{"line":80,"column":45},"end":{"line":80,"column":87}},"type":"cond-expr","locations":[{"start":{"line":80,"column":66},"end":{"line":80,"column":75}},{"start":{"line":80,"column":78},"end":{"line":80,"column":87}}],"line":80},"12":{"loc":{"start":{"line":81,"column":58},"end":{"line":81,"column":100}},"type":"cond-expr","locations":[{"start":{"line":81,"column":79},"end":{"line":81,"column":88}},{"start":{"line":81,"column":91},"end":{"line":81,"column":100}}],"line":81},"13":{"loc":{"start":{"line":82,"column":9},"end":{"line":82,"column":67}},"type":"cond-expr","locations":[{"start":{"line":82,"column":30},"end":{"line":82,"column":57}},{"start":{"line":82,"column":60},"end":{"line":82,"column":67}}],"line":82},"14":{"loc":{"start":{"line":85,"column":5},"end":{"line":91,"column":5}},"type":"cond-expr","locations":[{"start":{"line":86,"column":6},"end":{"line":87,"column":118}},{"start":{"line":89,"column":6},"end":{"line":90,"column":63}}],"line":85},"15":{"loc":{"start":{"line":102,"column":20},"end":{"line":102,"column":56}},"type":"binary-expr","locations":[{"start":{"line":102,"column":20},"end":{"line":102,"column":36}},{"start":{"line":102,"column":40},"end":{"line":102,"column":56}}],"line":102},"16":{"loc":{"start":{"line":107,"column":19},"end":{"line":107,"column":71}},"type":"cond-expr","locations":[{"start":{"line":107,"column":29},"end":{"line":107,"column":64}},{"start":{"line":107,"column":67},"end":{"line":107,"column":71}}],"line":107},"17":{"loc":{"start":{"line":110,"column":23},"end":{"line":112,"column":10}},"type":"cond-expr","locations":[{"start":{"line":111,"column":6},"end":{"line":111,"column":90}},{"start":{"line":112,"column":6},"end":{"line":112,"column":10}}],"line":110},"18":{"loc":{"start":{"line":114,"column":21},"end":{"line":114,"column":69}},"type":"cond-expr","locations":[{"start":{"line":114,"column":43},"end":{"line":114,"column":54}},{"start":{"line":114,"column":57},"end":{"line":114,"column":69}}],"line":114},"19":{"loc":{"start":{"line":116,"column":20},"end":{"line":116,"column":50}},"type":"binary-expr","locations":[{"start":{"line":116,"column":20},"end":{"line":116,"column":27}},{"start":{"line":116,"column":31},"end":{"line":116,"column":50}}],"line":116},"20":{"loc":{"start":{"line":117,"column":21},"end":{"line":117,"column":68}},"type":"cond-expr","locations":[{"start":{"line":117,"column":31},"end":{"line":117,"column":61}},{"start":{"line":117,"column":64},"end":{"line":117,"column":68}}],"line":117},"21":{"loc":{"start":{"line":118,"column":21},"end":{"line":118,"column":87}},"type":"cond-expr","locations":[{"start":{"line":118,"column":31},"end":{"line":118,"column":80}},{"start":{"line":118,"column":83},"end":{"line":118,"column":87}}],"line":118},"22":{"loc":{"start":{"line":121,"column":2},"end":{"line":135,"column":3}},"type":"if","locations":[{"start":{"line":121,"column":2},"end":{"line":135,"column":3}},{"start":{"line":123,"column":9},"end":{"line":135,"column":3}}],"line":121},"23":{"loc":{"start":{"line":123,"column":9},"end":{"line":135,"column":3}},"type":"if","locations":[{"start":{"line":123,"column":9},"end":{"line":135,"column":3}},{"start":{"line":125,"column":9},"end":{"line":135,"column":3}}],"line":123},"24":{"loc":{"start":{"line":125,"column":9},"end":{"line":135,"column":3}},"type":"if","locations":[{"start":{"line":125,"column":9},"end":{"line":135,"column":3}},{"start":{"line":127,"column":9},"end":{"line":135,"column":3}}],"line":125},"25":{"loc":{"start":{"line":127,"column":9},"end":{"line":135,"column":3}},"type":"if","locations":[{"start":{"line":127,"column":9},"end":{"line":135,"column":3}},{"start":{"line":129,"column":9},"end":{"line":135,"column":3}}],"line":127},"26":{"loc":{"start":{"line":130,"column":16},"end":{"line":130,"column":31}},"type":"binary-expr","locations":[{"start":{"line":130,"column":16},"end":{"line":130,"column":26}},{"start":{"line":130,"column":30},"end":{"line":130,"column":31}}],"line":130},"27":{"loc":{"start":{"line":132,"column":19},"end":{"line":132,"column":51}},"type":"cond-expr","locations":[{"start":{"line":132,"column":29},"end":{"line":132,"column":39}},{"start":{"line":132,"column":42},"end":{"line":132,"column":51}}],"line":132},"28":{"loc":{"start":{"line":133,"column":23},"end":{"line":133,"column":54}},"type":"cond-expr","locations":[{"start":{"line":133,"column":33},"end":{"line":133,"column":42}},{"start":{"line":133,"column":45},"end":{"line":133,"column":54}}],"line":133},"29":{"loc":{"start":{"line":133,"column":63},"end":{"line":133,"column":94}},"type":"cond-expr","locations":[{"start":{"line":133,"column":73},"end":{"line":133,"column":82}},{"start":{"line":133,"column":85},"end":{"line":133,"column":94}}],"line":133},"30":{"loc":{"start":{"line":139,"column":14},"end":{"line":139,"column":65}},"type":"cond-expr","locations":[{"start":{"line":139,"column":24},"end":{"line":139,"column":43}},{"start":{"line":139,"column":46},"end":{"line":139,"column":65}}],"line":139},"31":{"loc":{"start":{"line":141,"column":15},"end":{"line":141,"column":58}},"type":"cond-expr","locations":[{"start":{"line":141,"column":25},"end":{"line":141,"column":48}},{"start":{"line":141,"column":51},"end":{"line":141,"column":58}}],"line":141},"32":{"loc":{"start":{"line":146,"column":16},"end":{"line":146,"column":47}},"type":"cond-expr","locations":[{"start":{"line":146,"column":26},"end":{"line":146,"column":35}},{"start":{"line":146,"column":38},"end":{"line":146,"column":47}}],"line":146},"33":{"loc":{"start":{"line":147,"column":19},"end":{"line":147,"column":56}},"type":"cond-expr","locations":[{"start":{"line":147,"column":29},"end":{"line":147,"column":51}},{"start":{"line":147,"column":54},"end":{"line":147,"column":56}}],"line":147},"34":{"loc":{"start":{"line":149,"column":23},"end":{"line":149,"column":54}},"type":"binary-expr","locations":[{"start":{"line":149,"column":23},"end":{"line":149,"column":30}},{"start":{"line":149,"column":34},"end":{"line":149,"column":54}}],"line":149},"35":{"loc":{"start":{"line":154,"column":11},"end":{"line":165,"column":11}},"type":"cond-expr","locations":[{"start":{"line":155,"column":12},"end":{"line":160,"column":18}},{"start":{"line":162,"column":12},"end":{"line":164,"column":25}}],"line":154},"36":{"loc":{"start":{"line":162,"column":64},"end":{"line":162,"column":97}},"type":"cond-expr","locations":[{"start":{"line":162,"column":76},"end":{"line":162,"column":85}},{"start":{"line":162,"column":88},"end":{"line":162,"column":97}}],"line":162},"37":{"loc":{"start":{"line":173,"column":11},"end":{"line":178,"column":11}},"type":"binary-expr","locations":[{"start":{"line":173,"column":11},"end":{"line":173,"column":21}},{"start":{"line":174,"column":12},"end":{"line":177,"column":15}}],"line":173},"38":{"loc":{"start":{"line":183,"column":11},"end":{"line":188,"column":11}},"type":"binary-expr","locations":[{"start":{"line":183,"column":11},"end":{"line":183,"column":21}},{"start":{"line":184,"column":12},"end":{"line":187,"column":15}}],"line":183},"39":{"loc":{"start":{"line":193,"column":11},"end":{"line":198,"column":11}},"type":"binary-expr","locations":[{"start":{"line":193,"column":11},"end":{"line":193,"column":18}},{"start":{"line":194,"column":12},"end":{"line":197,"column":15}}],"line":193},"40":{"loc":{"start":{"line":203,"column":11},"end":{"line":218,"column":18}},"type":"cond-expr","locations":[{"start":{"line":204,"column":12},"end":{"line":210,"column":15}},{"start":{"line":211,"column":14},"end":{"line":218,"column":18}}],"line":203},"41":{"loc":{"start":{"line":203,"column":11},"end":{"line":203,"column":33}},"type":"binary-expr","locations":[{"start":{"line":203,"column":11},"end":{"line":203,"column":18}},{"start":{"line":203,"column":22},"end":{"line":203,"column":33}}],"line":203},"42":{"loc":{"start":{"line":206,"column":66},"end":{"line":206,"column":109}},"type":"cond-expr","locations":[{"start":{"line":206,"column":88},"end":{"line":206,"column":97}},{"start":{"line":206,"column":100},"end":{"line":206,"column":109}}],"line":206},"43":{"loc":{"start":{"line":211,"column":14},"end":{"line":218,"column":18}},"type":"cond-expr","locations":[{"start":{"line":212,"column":12},"end":{"line":217,"column":15}},{"start":{"line":218,"column":14},"end":{"line":218,"column":18}}],"line":211},"44":{"loc":{"start":{"line":214,"column":66},"end":{"line":214,"column":104}},"type":"cond-expr","locations":[{"start":{"line":214,"column":83},"end":{"line":214,"column":92}},{"start":{"line":214,"column":95},"end":{"line":214,"column":104}}],"line":214},"45":{"loc":{"start":{"line":224,"column":11},"end":{"line":228,"column":11}},"type":"binary-expr","locations":[{"start":{"line":224,"column":11},"end":{"line":224,"column":18}},{"start":{"line":225,"column":12},"end":{"line":227,"column":25}}],"line":224},"46":{"loc":{"start":{"line":226,"column":15},"end":{"line":226,"column":99}},"type":"cond-expr","locations":[{"start":{"line":226,"column":26},"end":{"line":226,"column":61}},{"start":{"line":226,"column":64},"end":{"line":226,"column":99}}],"line":226},"47":{"loc":{"start":{"line":233,"column":20},"end":{"line":233,"column":39}},"type":"binary-expr","locations":[{"start":{"line":233,"column":20},"end":{"line":233,"column":28}},{"start":{"line":233,"column":32},"end":{"line":233,"column":39}}],"line":233},"48":{"loc":{"start":{"line":267,"column":6},"end":{"line":267,"column":35}},"type":"if","locations":[{"start":{"line":267,"column":6},"end":{"line":267,"column":35}},{"start":{},"end":{}}],"line":267},"49":{"loc":{"start":{"line":284,"column":4},"end":{"line":290,"column":5}},"type":"if","locations":[{"start":{"line":284,"column":4},"end":{"line":290,"column":5}},{"start":{"line":288,"column":11},"end":{"line":290,"column":5}}],"line":284},"50":{"loc":{"start":{"line":295,"column":4},"end":{"line":295,"column":21}},"type":"if","locations":[{"start":{"line":295,"column":4},"end":{"line":295,"column":21}},{"start":{},"end":{}}],"line":295},"51":{"loc":{"start":{"line":309,"column":7},"end":{"line":309,"column":58}},"type":"cond-expr","locations":[{"start":{"line":309,"column":39},"end":{"line":309,"column":53}},{"start":{"line":309,"column":56},"end":{"line":309,"column":58}}],"line":309},"52":{"loc":{"start":{"line":310,"column":8},"end":{"line":312,"column":9}},"type":"if","locations":[{"start":{"line":310,"column":8},"end":{"line":312,"column":9}},{"start":{},"end":{}}],"line":310},"53":{"loc":{"start":{"line":310,"column":12},"end":{"line":310,"column":50}},"type":"binary-expr","locations":[{"start":{"line":310,"column":12},"end":{"line":310,"column":23}},{"start":{"line":310,"column":27},"end":{"line":310,"column":50}}],"line":310},"54":{"loc":{"start":{"line":327,"column":4},"end":{"line":327,"column":41}},"type":"if","locations":[{"start":{"line":327,"column":4},"end":{"line":327,"column":41}},{"start":{},"end":{}}],"line":327},"55":{"loc":{"start":{"line":334,"column":6},"end":{"line":336,"column":7}},"type":"if","locations":[{"start":{"line":334,"column":6},"end":{"line":336,"column":7}},{"start":{},"end":{}}],"line":334},"56":{"loc":{"start":{"line":334,"column":10},"end":{"line":334,"column":47}},"type":"binary-expr","locations":[{"start":{"line":334,"column":10},"end":{"line":334,"column":20}},{"start":{"line":334,"column":24},"end":{"line":334,"column":47}}],"line":334},"57":{"loc":{"start":{"line":342,"column":56},"end":{"line":342,"column":84}},"type":"cond-expr","locations":[{"start":{"line":342,"column":70},"end":{"line":342,"column":77}},{"start":{"line":342,"column":80},"end":{"line":342,"column":84}}],"line":342},"58":{"loc":{"start":{"line":366,"column":63},"end":{"line":366,"column":109}},"type":"cond-expr","locations":[{"start":{"line":366,"column":82},"end":{"line":366,"column":91}},{"start":{"line":366,"column":94},"end":{"line":366,"column":109}}],"line":366},"59":{"loc":{"start":{"line":367,"column":17},"end":{"line":367,"column":81}},"type":"cond-expr","locations":[{"start":{"line":367,"column":36},"end":{"line":367,"column":71}},{"start":{"line":367,"column":74},"end":{"line":367,"column":81}}],"line":367},"60":{"loc":{"start":{"line":373,"column":63},"end":{"line":373,"column":133}},"type":"cond-expr","locations":[{"start":{"line":373,"column":106},"end":{"line":373,"column":115}},{"start":{"line":373,"column":118},"end":{"line":373,"column":133}}],"line":373},"61":{"loc":{"start":{"line":373,"column":63},"en
[...]
ations":[{"start":{"line":349,"column":9},"end":{"line":349,"column":16}},{"start":{"line":349,"column":20},"end":{"line":349,"column":37}}],"line":349},"54":{"loc":{"start":{"line":374,"column":34},"end":{"line":374,"column":64}},"type":"binary-expr","locations":[{"start":{"line":374,"column":34},"end":{"line":374,"column":47}},{"start":{"line":374,"column":51},"end":{"line":374,"column":64}}],"line":374},"55":{"loc":{"start":{"line":376,"column":34},"end":{"line":376,"column":71}},"type":"binary-expr","locations":[{"start":{"line":376,"column":34},"end":{"line":376,"column":44}},{"start":{"line":376,"column":48},"end":{"line":376,"column":71}}],"line":376},"56":{"loc":{"start":{"line":382,"column":29},"end":{"line":382,"column":107}},"type":"cond-expr","locations":[{"start":{"line":382,"column":39},"end":{"line":382,"column":48}},{"start":{"line":382,"column":51},"end":{"line":382,"column":107}}],"line":382},"57":{"loc":{"start":{"line":382,"column":51},"end":{"line":382,"column":107}},"type":"cond-expr","locations":[{"start":{"line":382,"column":63},"end":{"line":382,"column":72}},{"start":{"line":382,"column":75},"end":{"line":382,"column":107}}],"line":382},"58":{"loc":{"start":{"line":382,"column":75},"end":{"line":382,"column":107}},"type":"cond-expr","locations":[{"start":{"line":382,"column":87},"end":{"line":382,"column":96}},{"start":{"line":382,"column":99},"end":{"line":382,"column":107}}],"line":382},"59":{"loc":{"start":{"line":383,"column":27},"end":{"line":383,"column":72}},"type":"cond-expr","locations":[{"start":{"line":383,"column":53},"end":{"line":383,"column":62}},{"start":{"line":383,"column":65},"end":{"line":383,"column":72}}],"line":383},"60":{"loc":{"start":{"line":383,"column":28},"end":{"line":383,"column":49}},"type":"binary-expr","locations":[{"start":{"line":383,"column":28},"end":{"line":383,"column":37}},{"start":{"line":383,"column":41},"end":{"line":383,"column":49}}],"line":383},"61":{"loc":{"start":{"line":384,"column":32},"end":{"line":384,"column":51}},"type":"cond-expr","locations":[{"start":{"line":384,"column":42},"end":{"line":384,"column":45}},{"start":{"line":384,"column":48},"end":{"line":384,"column":51}}],"line":384},"62":{"loc":{"start":{"line":386,"column":21},"end":{"line":390,"column":21}},"type":"binary-expr","locations":[{"start":{"line":386,"column":21},"end":{"line":386,"column":38}},{"start":{"line":387,"column":22},"end":{"line":389,"column":35}}],"line":386},"63":{"loc":{"start":{"line":388,"column":25},"end":{"line":388,"column":61}},"type":"cond-expr","locations":[{"start":{"line":388,"column":37},"end":{"line":388,"column":41}},{"start":{"line":388,"column":44},"end":{"line":388,"column":61}}],"line":388},"64":{"loc":{"start":{"line":391,"column":48},"end":{"line":391,"column":75}},"type":"cond-expr","locations":[{"start":{"line":391,"column":68},"end":{"line":391,"column":70}},{"start":{"line":391,"column":73},"end":{"line":391,"column":75}}],"line":391},"65":{"loc":{"start":{"line":396,"column":23},"end":{"line":398,"column":30}},"type":"cond-expr","locations":[{"start":{"line":397,"column":20},"end":{"line":397,"column":103}},{"start":{"line":398,"column":20},"end":{"line":398,"column":30}}],"line":396},"66":{"loc":{"start":{"line":411,"column":17},"end":{"line":411,"column":33}},"type":"binary-expr","locations":[{"start":{"line":411,"column":17},"end":{"line":411,"column":27}},{"start":{"line":411,"column":31},"end":{"line":411,"column":33}}],"line":411},"67":{"loc":{"start":{"line":416,"column":34},"end":{"line":416,"column":64}},"type":"binary-expr","locations":[{"start":{"line":416,"column":34},"end":{"line":416,"column":47}},{"start":{"line":416,"column":51},"end":{"line":416,"column":64}}],"line":416},"68":{"loc":{"start":{"line":418,"column":34},"end":{"line":418,"column":71}},"type":"binary-expr","locations":[{"start":{"line":418,"column":34},"end":{"line":418,"column":44}},{"start":{"line":418,"column":48},"end":{"line":418,"column":71}}],"line":418},"69":{"loc":{"start":{"line":421,"column":67},"end":{"line":421,"column":84}},"type":"cond-expr","locations":[{"start":{"line":421,"column":75},"end":{"line":421,"column":78}},{"start":{"line":421,"column":81},"end":{"line":421,"column":84}}],"line":421},"70":{"loc":{"start":{"line":422,"column":27},"end":{"line":422,"column":56}},"type":"cond-expr","locations":[{"start":{"line":422,"column":35},"end":{"line":422,"column":44}},{"start":{"line":422,"column":47},"end":{"line":422,"column":56}}],"line":422},"71":{"loc":{"start":{"line":423,"column":29},"end":{"line":423,"column":108}},"type":"cond-expr","locations":[{"start":{"line":423,"column":39},"end":{"line":423,"column":48}},{"start":{"line":423,"column":51},"end":{"line":423,"column":108}}],"line":423},"72":{"loc":{"start":{"line":423,"column":51},"end":{"line":423,"column":108}},"type":"cond-expr","locations":[{"start":{"line":423,"column":63},"end":{"line":423,"column":72}},{"start":{"line":423,"column":75},"end":{"line":423,"column":108}}],"line":423},"73":{"loc":{"start":{"line":423,"column":75},"end":{"line":423,"column":108}},"type":"cond-expr","locations":[{"start":{"line":423,"column":87},"end":{"line":423,"column":96}},{"start":{"line":423,"column":99},"end":{"line":423,"column":108}}],"line":423},"74":{"loc":{"start":{"line":426,"column":21},"end":{"line":426,"column":33}},"type":"binary-expr","locations":[{"start":{"line":426,"column":21},"end":{"line":426,"column":26}},{"start":{"line":426,"column":30},"end":{"line":426,"column":33}}],"line":426},"75":{"loc":{"start":{"line":451,"column":23},"end":{"line":453,"column":69}},"type":"cond-expr","locations":[{"start":{"line":452,"column":26},"end":{"line":452,"column":68}},{"start":{"line":453,"column":26},"end":{"line":453,"column":69}}],"line":451},"76":{"loc":{"start":{"line":474,"column":21},"end":{"line":474,"column":46}},"type":"binary-expr","locations":[{"start":{"line":474,"column":21},"end":{"line":474,"column":40}},{"start":{"line":474,"column":44},"end":{"line":474,"column":46}}],"line":474},"77":{"loc":{"start":{"line":479,"column":38},"end":{"line":479,"column":68}},"type":"binary-expr","locations":[{"start":{"line":479,"column":38},"end":{"line":479,"column":51}},{"start":{"line":479,"column":55},"end":{"line":479,"column":68}}],"line":479},"78":{"loc":{"start":{"line":481,"column":38},"end":{"line":481,"column":75}},"type":"binary-expr","locations":[{"start":{"line":481,"column":38},"end":{"line":481,"column":48}},{"start":{"line":481,"column":52},"end":{"line":481,"column":75}}],"line":481},"79":{"loc":{"start":{"line":485,"column":33},"end":{"line":485,"column":112}},"type":"cond-expr","locations":[{"start":{"line":485,"column":43},"end":{"line":485,"column":52}},{"start":{"line":485,"column":55},"end":{"line":485,"column":112}}],"line":485},"80":{"loc":{"start":{"line":485,"column":55},"end":{"line":485,"column":112}},"type":"cond-expr","locations":[{"start":{"line":485,"column":67},"end":{"line":485,"column":76}},{"start":{"line":485,"column":79},"end":{"line":485,"column":112}}],"line":485},"81":{"loc":{"start":{"line":485,"column":79},"end":{"line":485,"column":112}},"type":"cond-expr","locations":[{"start":{"line":485,"column":91},"end":{"line":485,"column":100}},{"start":{"line":485,"column":103},"end":{"line":485,"column":112}}],"line":485},"82":{"loc":{"start":{"line":486,"column":31},"end":{"line":486,"column":60}},"type":"cond-expr","locations":[{"start":{"line":486,"column":39},"end":{"line":486,"column":48}},{"start":{"line":486,"column":51},"end":{"line":486,"column":60}}],"line":486},"83":{"loc":{"start":{"line":489,"column":25},"end":{"line":489,"column":37}},"type":"binary-expr","locations":[{"start":{"line":489,"column":25},"end":{"line":489,"column":30}},{"start":{"line":489,"column":34},"end":{"line":489,"column":37}}],"line":489},"84":{"loc":{"start":{"line":496,"column":17},"end":{"line":540,"column":18}},"type":"binary-expr","locations":[{"start":{"line":496,"column":17},"end":{"line":496,"column":32}},{"start":{"line":496,"column":36},"end":{"line":540,"column":18}}],"line":496},"85":{"loc":{"start":{"line":501,"column":27},"end":{"line":501,"column":93}},"type":"binary-expr","locations":[{"start":{"line":501,"column":27},"end":{"line":501,"column":39}},{"start":{"line":501,"column":43},"end":{"line":501,"column":93}}],"line":501},"86":{"loc":{"start":{"line":518,"column":23},"end":{"line":518,"column":42}},"type":"binary-expr","locations":[{"start":{"line":518,"column":23},"end":{"line":518,"column":36}},{"start":{"line":518,"column":40},"end":{"line":518,"column":42}}],"line":518},"87":{"loc":{"start":{"line":523,"column":40},"end":{"line":523,"column":70}},"type":"binary-expr","locations":[{"start":{"line":523,"column":40},"end":{"line":523,"column":53}},{"start":{"line":523,"column":57},"end":{"line":523,"column":70}}],"line":523},"88":{"loc":{"start":{"line":525,"column":40},"end":{"line":525,"column":77}},"type":"binary-expr","locations":[{"start":{"line":525,"column":40},"end":{"line":525,"column":50}},{"start":{"line":525,"column":54},"end":{"line":525,"column":77}}],"line":525},"89":{"loc":{"start":{"line":529,"column":33},"end":{"line":529,"column":53}},"type":"binary-expr","locations":[{"start":{"line":529,"column":33},"end":{"line":529,"column":45}},{"start":{"line":529,"column":49},"end":{"line":529,"column":53}}],"line":529},"90":{"loc":{"start":{"line":545,"column":13},"end":{"line":551,"column":13}},"type":"binary-expr","locations":[{"start":{"line":545,"column":13},"end":{"line":545,"column":52}},{"start":{"line":546,"column":14},"end":{"line":550,"column":25}}],"line":545},"91":{"loc":{"start":{"line":568,"column":32},"end":{"line":568,"column":67}},"type":"binary-expr","locations":[{"start":{"line":568,"column":32},"end":{"line":568,"column":49}},{"start":{"line":568,"column":53},"end":{"line":568,"column":67}}],"line":568},"92":{"loc":{"start":{"line":575,"column":32},"end":{"line":575,"column":67}},"type":"binary-expr","locations":[{"start":{"line":575,"column":32},"end":{"line":575,"column":49}},{"start":{"line":575,"column":53},"end":{"line":575,"column":67}}],"line":575}},"s":{"0":0,"1":0,"2":0,"3":0,"4":0,"5":0,"6":0,"7":0,"8":0,"9":0,"10":0,"11":0,"12":0,"13":0,"14":0,"15":0,"16":0,"17":0,"18":0,"19":0,"20":0,"21":0,"22":0,"23":0,"24":0,"25":0,"26":0,"27":0,"28":0,"29":0,"30":0,"31":0,"32":0,"33":0,"34":0,"35":0,"36":0,"37":0,"38":0,"39":0,"40":0,"41":0,"42":0,"43":0,"44":0,"45":0,"46":0,"47":0,"48":0,"49":0,"50":0,"51":0,"52":0,"53":0,"54":0,"55":0,"56":0,"57":0,"58":0,"59":0,"60":0,"61":0,"62":0,"63":0,"64":0,"65":0,"66":0,"67":0,"68":0,"69":0,"70":0,"71":0,"72":0,"73":0,"74":0,"75":0,"76":0,"77":0,"78":0,"79":0,"80":0,"81":0,"82":0,"83":0,"84":0,"85":0,"86":0,"87":0,"88":0,"89":0,"90":0,"91":0,"92":0,"93":0,"94":0,"95":0,"96":0,"97":0,"98":0,"99":0,"100":0,"101":0,"102":0,"103":0,"104":0,"105":0,"106":0,"107":0,"108":0,"109":0,"110":0,"111":0,"112":0,"113":0,"114":0,"115":0,"116":0,"117":0,"118":0,"119":0,"120":0,"121":0,"122":0,"123":0,"124":0,"125":0,"126":0,"127":0,"128":0,"129":0,"130":0,"131":0,"132":0,"133":0,"134":0,"135":0,"136":0,"137":0,"138":0,"139":0,"140":0,"141":0,"142":0,"143":0,"144":0,"145":0,"146":0,"147":0,"148":0,"149":0,"150":0,"151":0,"152":0,"153":0,"154":0,"155":0,"156":0,"157":0,"158":0,"159":0,"160":0,"161":0,"162":0,"163":0,"164":0,"165":0,"166":0,"167":0,"168":0,"169":0,"170":0,"171":0,"172":0,"173":0,"174":0,"175":0,"176":0,"177":0,"178":0,"179":0,"180":0,"181":0,"182":0,"183":0,"184":0,"185":0,"186":0,"187":0,"188":0,"189":0,"190":0,"191":0,"192":0,"193":0,"194":0,"195":0,"196":0,"197":0,"198":0,"199":0,"200":0,"201":0,"202":0,"203":0,"204":0,"205":0,"206":0,"207":0,"208":0,"209":0,"210":0,"211":0,"212":0,"213":0,"214":0,"215":0,"216":0,"217":0,"218":0,"219":0,"220":0,"221":0,"222":0,"223":0,"224":0,"225":0,"226":0,"227":0,"228":0,"229":0,"230":0,"231":0,"232":0,"233":0,"234":0,"235":0,"236":0,"237":0,"238":0,"239":0,"240":0,"241":0,"242":0,"243":0,"244":0,"245":0,"246":0,"247":0,"248":0,"249":0},"f":{"0":0,"1":0,"2":0,"3":0,"4":0,"5":0,"6":0,"7":0,"8":0,"9":0,"10":0,"11":0,"12":0,"13":0,"14":0,"15":0,"16":0,"17":0,"18":0,"19":0,"20":0,"21":0,"22":0,"23":0,"24":0,"25":0,"26":0,"27":0,"28":0,"29":0,"30":0,"31":0,"32":0,"33":0,"34":0,"35":0,"36":0,"37":0,"38":0,"39":0,"40":0,"41":0,"42":0,"43":0,"44":0,"45":0,"46":0,"47":0,"48":0,"49":0,"50":0,"51":0,"52":0,"53":0,"54":0,"55":0,"56":0,"57":0,"58":0,"59":0,"60":0,"61":0,"62":0,"63":0,"64":0,"65":0,"66":0,"67":0,"68":0,"69":0,"70":0,"71":0,"72":0,"73":0,"74":0,"75":0},"b":{"0":[0,0],"1":[0,0],"2":[0,0],"3":[0,0],"4":[0,0],"5":[0,0],"6":[0,0],"7":[0,0],"8":[0,0],"9":[0,0],"10":[0,0],"11":[0,0],"12":[0,0],"13":[0,0],"14":[0,0],"15":[0,0],"16":[0,0],"17":[0,0],"18":[0,0],"19":[0,0],"20":[0,0],"21":[0,0],"22":[0,0],"23":[0,0],"24":[0,0],"25":[0,0],"26":[0,0],"27":[0,0],"28":[0,0],"29":[0,0],"30":[0,0],"31":[0,0,0],"32":[0,0],"33":[0,0,0],"34":[0,0],"35":[0,0],"36":[0,0],"37":[0,0],"38":[0,0],"39":[0,0],"40":[0],"41":[0,0],"42":[0,0],"43":[0,0],"44":[0,0],"45":[0,0],"46":[0,0],"47":[0,0],"48":[0,0],"49":[0,0],"50":[0],"51":[0,0],"52":[0,0],"53":[0,0],"54":[0,0],"55":[0,0],"56":[0,0],"57":[0,0],"58":[0,0],"59":[0,0],"60":[0,0],"61":[0,0],"62":[0,0],"63":[0,0],"64":[0,0],"65":[0,0],"66":[0,0],"67":[0,0],"68":[0,0],"69":[0,0],"70":[0,0],"71":[0,0],"72":[0,0],"73":[0,0],"74":[0,0],"75":[0,0],"76":[0,0],"77":[0,0],"78":[0,0],"79":[0,0],"80":[0,0],"81":[0,0],"82":[0,0],"83":[0,0],"84":[0,0],"85":[0,0],"86":[0,0],"87":[0,0],"88":[0,0],"89":[0,0],"90":[0,0],"91":[0,0],"92":[0,0]}}
,"C:\\Employee Managment Tool\\frontend\\src\\store\\authSlice.js": {"path":"C:\\Employee Managment Tool\\frontend\\src\\store\\authSlice.js","statementMap":{"0":{"start":{"line":4,"column":21},"end":{"line":14,"column":2}},"1":{"start":{"line":5,"column":2},"end":{"line":13,"column":3}},"2":{"start":{"line":6,"column":17},"end":{"line":6,"column":49}},"3":{"start":{"line":7,"column":4},"end":{"line":7,"column":58}},"4":{"start":{"line":8,"column":4},"end":{"line":8,"column":60}},"5":{"start":{"line":9,"column":4},"end":{"line":9,"column":55}},"6":{"start":{"line":10,"column":4},"end":{"line":10,"column":16}},"7":{"start":{"line":12,"column":4},"end":{"line":12,"column":74}},"8":{"start":{"line":16,"column":22},"end":{"line":24,"column":2}},"9":{"start":{"line":17,"column":2},"end":{"line":23,"column":3}},"10":{"start":{"line":18,"column":4},"end":{"line":18,"column":27}},"11":{"start":{"line":22,"column":4},"end":{"line":22,"column":25}},"12":{"start":{"line":26,"column":19},"end":{"line":28,"column":4}},"13":{"start":{"line":27,"column":2},"end":{"line":27,"column":81}},"14":{"start":{"line":27,"column":8},"end":{"line":27,"column":56}},"15":{"start":{"line":27,"column":67},"end":{"line":27,"column":79}},"16":{"start":{"line":30,"column":18},"end":{"line":65,"column":2}},"17":{"start":{"line":39,"column":29},"end":{"line":39,"column":48}},"18":{"start":{"line":40,"column":34},"end":{"line":40,"column":62}},"19":{"start":{"line":42,"column":6},"end":{"line":45,"column":7}},"20":{"start":{"line":43,"column":8},"end":{"line":43,"column":47}},"21":{"start":{"line":44,"column":8},"end":{"line":44,"column":65}},"22":{"start":{"line":49,"column":4},"end":{"line":63,"column":9}},"23":{"start":{"line":50,"column":43},"end":{"line":50,"column":64}},"24":{"start":{"line":50,"column":65},"end":{"line":50,"column":84}},"25":{"start":{"line":52,"column":8},"end":{"line":52,"column":30}},"26":{"start":{"line":53,"column":8},"end":{"line":53,"column":36}},"27":{"start":{"line":54,"column":8},"end":{"line":54,"column":49}},"28":{"start":{"line":57,"column":8},"end":{"line":57,"column":30}},"29":{"start":{"line":58,"column":8},"end":{"line":58,"column":37}},"30":{"start":{"line":61,"column":8},"end":{"line":61,"column":26}},"31":{"start":{"line":62,"column":8},"end":{"line":62,"column":27}},"32":{"start":{"line":67,"column":54},"end":{"line":67,"column":71}}},"fnMap":{"0":{"name":"(anonymous_0)","decl":{"start":{"line":4,"column":52},"end":{"line":4,"column":53}},"loc":{"start":{"line":4,"column":96},"end":{"line":14,"column":1}},"line":4},"1":{"name":"(anonymous_1)","decl":{"start":{"line":16,"column":54},"end":{"line":16,"column":55}},"loc":{"start":{"line":16,"column":88},"end":{"line":24,"column":1}},"line":16},"2":{"name":"(anonymous_2)","decl":{"start":{"line":26,"column":20},"end":{"line":26,"column":21}},"loc":{"start":{"line":26,"column":26},"end":{"line":28,"column":1}},"line":26},"3":{"name":"(anonymous_3)","decl":{"start":{"line":39,"column":16},"end":{"line":39,"column":17}},"loc":{"start":{"line":39,"column":27},"end":{"line":39,"column":50}},"line":39},"4":{"name":"(anonymous_4)","decl":{"start":{"line":40,"column":13},"end":{"line":40,"column":14}},"loc":{"start":{"line":40,"column":32},"end":{"line":40,"column":64}},"line":40},"5":{"name":"(anonymous_5)","decl":{"start":{"line":41,"column":19},"end":{"line":41,"column":20}},"loc":{"start":{"line":41,"column":38},"end":{"line":46,"column":5}},"line":41},"6":{"name":"(anonymous_6)","decl":{"start":{"line":48,"column":17},"end":{"line":48,"column":18}},"loc":{"start":{"line":48,"column":30},"end":{"line":64,"column":3}},"line":48},"7":{"name":"(anonymous_7)","decl":{"start":{"line":50,"column":30},"end":{"line":50,"column":31}},"loc":{"start":{"line":50,"column":41},"end":{"line":50,"column":86}},"line":50},"8":{"name":"(anonymous_8)","decl":{"start":{"line":51,"column":32},"end":{"line":51,"column":33}},"loc":{"start":{"line":51,"column":51},"end":{"line":55,"column":7}},"line":51},"9":{"name":"(anonymous_9)","decl":{"start":{"line":56,"column":31},"end":{"line":56,"column":32}},"loc":{"start":{"line":56,"column":50},"end":{"line":59,"column":7}},"line":56},"10":{"name":"(anonymous_10)","decl":{"start":{"line":60,"column":33},"end":{"line":60,"column":34}},"loc":{"start":{"line":60,"column":44},"end":{"line":63,"column":7}},"line":60}},"branchMap":{"0":{"loc":{"start":{"line":12,"column":27},"end":{"line":12,"column":72}},"type":"binary-expr","locations":[{"start":{"line":12,"column":27},"end":{"line":12,"column":54}},{"start":{"line":12,"column":58},"end":{"line":12,"column":72}}],"line":12},"1":{"loc":{"start":{"line":42,"column":6},"end":{"line":45,"column":7}},"type":"if","locations":[{"start":{"line":42,"column":6},"end":{"line":45,"column":7}},{"start":{},"end":{}}],"line":42}},"s":{"0":1,"1":2,"2":2,"3":1,"4":1,"5":1,"6":1,"7":1,"8":1,"9":0,"10":0,"11":0,"12":1,"13":1,"14":1,"15":0,"16":1,"17":13,"18":0,"19":1,"20":1,"21":1,"22":1,"23":2,"24":2,"25":1,"26":1,"27":1,"28":1,"29":1,"30":0,"31":0,"32":1},"f":{"0":2,"1":0,"2":1,"3":13,"4":0,"5":1,"6":1,"7":2,"8":1,"9":1,"10":0},"b":{"0":[1,0],"1":[1,0]},"_coverageSchema":"1a1c01bbd47fc00a2c39e90264f33305004495a9","hash":"4fac4e5caf942e53180bf8d5f84d6eab693872e4"}
,"C:\\Employee Managment Tool\\frontend\\src\\store\\store.js": {"path":"C:\\Employee Managment Tool\\frontend\\src\\store\\store.js","statementMap":{"0":{"start":{"line":5,"column":21},"end":{"line":10,"column":2}}},"fnMap":{},"branchMap":{},"s":{"0":0},"f":{},"b":{}}
,"C:\\Employee Managment Tool\\frontend\\src\\store\\uiSlice.js": {"path":"C:\\Employee Managment Tool\\frontend\\src\\store\\uiSlice.js","statementMap":{"0":{"start":{"line":3,"column":16},"end":{"line":12,"column":2}},"1":{"start":{"line":9,"column":32},"end":{"line":9,"column":71}},"2":{"start":{"line":10,"column":41},"end":{"line":10,"column":76}},"3":{"start":{"line":14,"column":49},"end":{"line":14,"column":64}}},"fnMap":{"0":{"name":"(anonymous_0)","decl":{"start":{"line":9,"column":19},"end":{"line":9,"column":20}},"loc":{"start":{"line":9,"column":30},"end":{"line":9,"column":73}},"line":9},"1":{"name":"(anonymous_1)","decl":{"start":{"line":10,"column":20},"end":{"line":10,"column":21}},"loc":{"start":{"line":10,"column":39},"end":{"line":10,"column":78}},"line":10}},"branchMap":{},"s":{"0":0,"1":0,"2":0,"3":0},"f":{"0":0,"1":0},"b":{}}
}
