TN:
SF:src\App.js
FN:58,App
FNF:1
FNH:0
FNDA:0,App
DA:22,0
DA:59,0
LF:2
LH:0
BRF:0
BRH:0
end_of_record
TN:
SF:src\index.js
FNF:0
FNH:0
DA:11,0
DA:12,0
LF:2
LH:0
BRF:0
BRH:0
end_of_record
TN:
SF:src\api\announcementApi.js
FN:4,(anonymous_0)
FN:5,(anonymous_1)
FN:6,(anonymous_2)
FNF:3
FNH:0
FNDA:0,(anonymous_0)
FNDA:0,(anonymous_1)
FNDA:0,(anonymous_2)
DA:3,0
DA:4,0
DA:5,0
DA:6,0
LF:4
LH:0
BRF:0
BRH:0
end_of_record
TN:
SF:src\api\authApi.js
FN:4,(anonymous_0)
FN:5,(anonymous_1)
FN:6,(anonymous_2)
FN:7,(anonymous_3)
FNF:4
FNH:4
FNDA:5,(anonymous_0)
FNDA:1,(anonymous_1)
FNDA:2,(anonymous_2)
FNDA:2,(anonymous_3)
DA:3,2
DA:4,5
DA:5,1
DA:6,2
DA:7,2
LF:5
LH:5
BRF:0
BRH:0
end_of_record
TN:
SF:src\api\axios.js
FN:8,(anonymous_0)
FN:15,(anonymous_1)
FN:16,(anonymous_2)
FNF:3
FNH:3
FNDA:56,(anonymous_0)
FNDA:30,(anonymous_1)
FNDA:26,(anonymous_2)
DA:3,4
DA:8,4
DA:9,56
DA:10,56
DA:11,56
DA:14,4
DA:15,30
DA:17,26
DA:18,26
DA:19,6
DA:20,6
DA:21,6
DA:22,6
DA:23,0
DA:24,0
DA:25,0
DA:26,0
DA:28,6
DA:29,6
DA:32,26
LF:20
LH:16
BRDA:10,0,0,2
BRDA:10,0,1,54
BRDA:18,1,0,6
BRDA:18,1,1,20
BRDA:18,2,0,26
BRDA:18,2,1,6
BRF:6
BRH:6
end_of_record
TN:
SF:src\api\courseApi.js
FN:4,(anonymous_0)
FN:5,(anonymous_1)
FN:6,(anonymous_2)
FN:7,(anonymous_3)
FN:8,(anonymous_4)
FN:9,(anonymous_5)
FN:10,(anonymous_6)
FN:11,(anonymous_7)
FN:12,(anonymous_8)
FN:14,(anonymous_9)
FN:15,(anonymous_10)
FN:16,(anonymous_11)
FN:18,(anonymous_12)
FN:19,(anonymous_13)
FN:20,(anonymous_14)
FN:21,(anonymous_15)
FN:22,(anonymous_16)
FN:23,(anonymous_17)
FN:24,(anonymous_18)
FNF:19
FNH:8
FNDA:3,(anonymous_0)
FNDA:0,(anonymous_1)
FNDA:0,(anonymous_2)
FNDA:2,(anonymous_3)
FNDA:0,(anonymous_4)
FNDA:0,(anonymous_5)
FNDA:3,(anonymous_6)
FNDA:2,(anonymous_7)
FNDA:0,(anonymous_8)
FNDA:0,(anonymous_9)
FNDA:0,(anonymous_10)
FNDA:2,(anonymous_11)
FNDA:0,(anonymous_12)
FNDA:0,(anonymous_13)
FNDA:0,(anonymous_14)
FNDA:0,(anonymous_15)
FNDA:4,(anonymous_16)
FNDA:3,(anonymous_17)
FNDA:9,(anonymous_18)
DA:3,1
DA:4,3
DA:5,0
DA:6,0
DA:7,2
DA:8,0
DA:9,0
DA:10,3
DA:11,2
DA:13,0
DA:14,0
DA:15,0
DA:17,2
DA:18,0
DA:19,0
DA:20,0
DA:21,0
DA:22,4
DA:23,3
DA:25,9
LF:20
LH:9
BRF:0
BRH:0
end_of_record
TN:
SF:src\api\dashboardApi.js
FN:4,(anonymous_0)
FNF:1
FNH:0
FNDA:0,(anonymous_0)
DA:3,0
DA:4,0
LF:2
LH:0
BRF:0
BRH:0
end_of_record
TN:
SF:src\api\employeeApi.js
FN:4,(anonymous_0)
FN:5,(anonymous_1)
FN:6,(anonymous_2)
FN:7,(anonymous_3)
FN:8,(anonymous_4)
FN:9,(anonymous_5)
FN:10,(anonymous_6)
FN:11,(anonymous_7)
FN:12,(anonymous_8)
FN:13,(anonymous_9)
FNF:10
FNH:9
FNDA:3,(anonymous_0)
FNDA:1,(anonymous_1)
FNDA:2,(anonymous_2)
FNDA:1,(anonymous_3)
FNDA:0,(anonymous_4)
FNDA:1,(anonymous_5)
FNDA:3,(anonymous_6)
FNDA:1,(anonymous_7)
FNDA:2,(anonymous_8)
FNDA:2,(anonymous_9)
DA:3,2
DA:4,3
DA:5,1
DA:6,2
DA:7,1
DA:8,0
DA:9,1
DA:10,3
DA:11,1
DA:12,2
DA:13,2
LF:11
LH:10
BRDA:4,0,0,1
BRDA:4,0,1,2
BRF:2
BRH:2
end_of_record
TN:
SF:src\api\leaveApi.js
FN:4,(anonymous_0)
FN:5,(anonymous_1)
FN:6,(anonymous_2)
FN:7,(anonymous_3)
FN:8,(anonymous_4)
FN:9,(anonymous_5)
FN:10,(anonymous_6)
FN:12,(anonymous_7)
FN:13,(anonymous_8)
FNF:9
FNH:0
FNDA:0,(anonymous_0)
FNDA:0,(anonymous_1)
FNDA:0,(anonymous_2)
FNDA:0,(anonymous_3)
FNDA:0,(anonymous_4)
FNDA:0,(anonymous_5)
FNDA:0,(anonymous_6)
FNDA:0,(anonymous_7)
FNDA:0,(anonymous_8)
DA:3,0
DA:4,0
DA:5,0
DA:6,0
DA:7,0
DA:8,0
DA:9,0
DA:11,0
DA:12,0
DA:13,0
LF:10
LH:0
BRF:0
BRH:0
end_of_record
TN:
SF:src\api\leaveUploadApi.js
FN:4,(anonymous_0)
FN:11,(anonymous_1)
FN:13,(anonymous_2)
FNF:3
FNH:0
FNDA:0,(anonymous_0)
FNDA:0,(anonymous_1)
FNDA:0,(anonymous_2)
DA:3,0
DA:5,0
DA:6,0
DA:7,0
DA:12,0
DA:14,0
LF:6
LH:0
BRF:0
BRH:0
end_of_record
TN:
SF:src\api\performanceApi.js
FN:4,(anonymous_0)
FN:5,(anonymous_1)
FN:6,(anonymous_2)
FN:7,(anonymous_3)
FN:8,(anonymous_4)
FNF:5
FNH:0
FNDA:0,(anonymous_0)
FNDA:0,(anonymous_1)
FNDA:0,(anonymous_2)
FNDA:0,(anonymous_3)
FNDA:0,(anonymous_4)
DA:3,0
DA:4,0
DA:5,0
DA:6,0
DA:7,0
DA:8,0
LF:6
LH:0
BRF:0
BRH:0
end_of_record
TN:
SF:src\api\resumeApi.js
FN:4,(anonymous_0)
FNF:1
FNH:0
FNDA:0,(anonymous_0)
DA:3,0
DA:5,0
DA:6,0
DA:7,0
LF:4
LH:0
BRF:0
BRH:0
end_of_record
TN:
SF:src\api\timesheetApi.js
FN:4,(anonymous_0)
FN:5,(anonymous_1)
FN:6,(anonymous_2)
FN:7,(anonymous_3)
FN:8,(anonymous_4)
FN:10,(anonymous_5)
FN:11,(anonymous_6)
FN:12,(anonymous_7)
FN:14,(anonymous_8)
FN:16,(anonymous_9)
FNF:10
FNH:1
FNDA:1,(anonymous_0)
FNDA:0,(anonymous_1)
FNDA:0,(anonymous_2)
FNDA:0,(anonymous_3)
FNDA:0,(anonymous_4)
FNDA:0,(anonymous_5)
FNDA:0,(anonymous_6)
FNDA:0,(anonymous_7)
FNDA:0,(anonymous_8)
FNDA:0,(anonymous_9)
DA:3,1
DA:4,1
DA:5,0
DA:6,0
DA:7,0
DA:9,0
DA:10,0
DA:11,0
DA:13,0
DA:15,0
DA:17,0
LF:11
LH:2
BRF:0
BRH:0
end_of_record
TN:
SF:src\api\timesheetEntryApi.js
FN:4,(anonymous_0)
FN:6,(anonymous_1)
FN:7,(anonymous_2)
FN:8,(anonymous_3)
FNF:4
FNH:0
FNDA:0,(anonymous_0)
FNDA:0,(anonymous_1)
FNDA:0,(anonymous_2)
FNDA:0,(anonymous_3)
DA:3,0
DA:5,0
DA:6,0
DA:7,0
DA:9,0
LF:5
LH:0
BRF:0
BRH:0
end_of_record
TN:
SF:src\components\Auth\ProtectedRoute.jsx
FN:5,(anonymous_0)
FN:6,(anonymous_1)
FNF:2
FNH:0
FNDA:0,(anonymous_0)
FNDA:0,(anonymous_1)
DA:5,0
DA:6,0
DA:8,0
DA:9,0
DA:12,0
DA:13,0
DA:16,0
LF:7
LH:0
BRDA:8,0,0,0
BRDA:8,0,1,0
BRDA:8,1,0,0
BRDA:8,1,1,0
BRDA:12,2,0,0
BRDA:12,2,1,0
BRDA:12,3,0,0
BRDA:12,3,1,0
BRF:8
BRH:0
end_of_record
TN:
SF:src\components\Layout\Header.jsx
FN:31,(anonymous_0)
FN:35,(anonymous_1)
FN:36,(anonymous_2)
FN:43,(anonymous_3)
FN:47,(anonymous_4)
FN:53,(anonymous_5)
FN:72,(anonymous_6)
FN:82,(anonymous_7)
FN:116,(anonymous_8)
FN:158,(anonymous_9)
FN:173,(anonymous_10)
FNF:11
FNH:0
FNDA:0,(anonymous_0)
FNDA:0,(anonymous_1)
FNDA:0,(anonymous_2)
FNDA:0,(anonymous_3)
FNDA:0,(anonymous_4)
FNDA:0,(anonymous_5)
FNDA:0,(anonymous_6)
FNDA:0,(anonymous_7)
FNDA:0,(anonymous_8)
FNDA:0,(anonymous_9)
FNDA:0,(anonymous_10)
DA:16,0
DA:31,0
DA:32,0
DA:33,0
DA:34,0
DA:35,0
DA:36,0
DA:37,0
DA:39,0
DA:42,0
DA:43,0
DA:46,0
DA:47,0
DA:49,0
DA:53,0
DA:54,0
DA:55,0
DA:57,0
DA:58,0
DA:61,0
DA:72,0
DA:82,0
DA:116,0
DA:158,0
DA:173,0
LF:25
LH:0
BRDA:39,0,0,0
BRDA:39,0,1,0
BRDA:42,1,0,0
BRDA:42,1,1,0
BRDA:42,1,2,0
BRDA:46,2,0,0
BRDA:46,2,1,0
BRDA:49,3,0,0
BRDA:49,3,1,0
BRDA:54,4,0,0
BRDA:54,4,1,0
BRDA:78,5,0,0
BRDA:78,5,1,0
BRDA:91,6,0,0
BRDA:91,6,1,0
BRF:15
BRH:0
end_of_record
TN:
SF:src\components\Layout\Layout.jsx
FN:8,(anonymous_0)
FN:9,(anonymous_1)
FNF:2
FNH:0
FNDA:0,(anonymous_0)
FNDA:0,(anonymous_1)
DA:8,0
DA:9,0
DA:10,0
DA:12,0
LF:4
LH:0
BRDA:10,0,0,0
BRDA:10,0,1,0
BRF:2
BRH:0
end_of_record
TN:
SF:src\components\Layout\Sidebar.jsx
FN:39,(anonymous_0)
FN:43,(anonymous_1)
FN:44,(anonymous_2)
FN:46,(anonymous_3)
FN:53,(anonymous_4)
FN:136,(anonymous_5)
FN:143,(anonymous_6)
FNF:7
FNH:0
FNDA:0,(anonymous_0)
FNDA:0,(anonymous_1)
FNDA:0,(anonymous_2)
FNDA:0,(anonymous_3)
FNDA:0,(anonymous_4)
FNDA:0,(anonymous_5)
FNDA:0,(anonymous_6)
DA:21,0
DA:22,0
DA:24,0
DA:39,0
DA:40,0
DA:41,0
DA:42,0
DA:43,0
DA:44,0
DA:45,0
DA:46,0
DA:47,0
DA:49,0
DA:53,0
DA:138,0
DA:142,0
DA:143,0
DA:190,0
LF:18
LH:0
BRDA:45,0,0,0
BRDA:45,0,1,0
BRDA:47,1,0,0
BRDA:47,1,1,0
BRDA:70,2,0,0
BRDA:70,2,1,0
BRDA:83,3,0,0
BRDA:83,3,1,0
BRDA:99,4,0,0
BRDA:99,4,1,0
BRDA:103,5,0,0
BRDA:103,5,1,0
BRDA:106,6,0,0
BRDA:106,6,1,0
BRDA:106,7,0,0
BRDA:106,7,1,0
BRDA:110,8,0,0
BRDA:110,8,1,0
BRDA:110,9,0,0
BRDA:110,9,1,0
BRDA:116,10,0,0
BRDA:116,10,1,0
BRDA:117,11,0,0
BRDA:117,11,1,0
BRDA:129,12,0,0
BRDA:129,12,1,0
BRDA:131,13,0,0
BRDA:131,13,1,0
BRDA:138,14,0,0
BRDA:138,14,1,0
BRDA:138,14,2,0
BRDA:147,15,0,0
BRDA:147,15,1,0
BRDA:149,16,0,0
BRDA:149,16,1,0
BRDA:150,17,0,0
BRDA:150,17,1,0
BRDA:151,18,0,0
BRDA:151,18,1,0
BRDA:155,19,0,0
BRDA:155,19,1,0
BRDA:156,20,0,0
BRDA:156,20,1,0
BRDA:159,21,0,0
BRDA:159,21,1,0
BRDA:160,22,0,0
BRDA:160,22,1,0
BRDA:162,23,0,0
BRDA:162,23,1,0
BRDA:174,24,0,0
BRDA:174,24,1,0
BRDA:178,25,0,0
BRDA:178,25,1,0
BRDA:179,26,0,0
BRDA:179,26,1,0
BRDA:183,27,0,0
BRDA:183,27,1,0
BRDA:190,28,0,0
BRDA:190,28,1,0
BRF:59
BRH:0
end_of_record
TN:
SF:src\pages\Attendance.jsx
FN:21,(anonymous_0)
FN:23,(anonymous_1)
FN:30,(anonymous_2)
FN:37,(anonymous_3)
FN:46,(anonymous_4)
FN:55,(anonymous_5)
FN:57,(anonymous_6)
FN:58,(anonymous_7)
FN:64,(anonymous_8)
FN:97,(anonymous_9)
FN:106,(anonymous_10)
FN:111,(anonymous_11)
FN:111,(anonymous_12)
FN:149,(anonymous_13)
FN:149,(anonymous_14)
FN:236,(anonymous_15)
FN:247,(anonymous_16)
FN:248,(anonymous_17)
FN:260,(anonymous_18)
FN:263,(anonymous_19)
FN:265,(anonymous_20)
FN:273,(anonymous_21)
FN:274,(anonymous_22)
FN:278,(anonymous_23)
FN:281,(anonymous_24)
FN:283,(anonymous_25)
FN:285,(anonymous_26)
FN:291,(anonymous_27)
FN:294,(anonymous_28)
FN:309,(anonymous_29)
FN:322,(anonymous_30)
FN:323,(anonymous_31)
FN:326,(anonymous_32)
FN:331,(anonymous_33)
FN:332,(anonymous_34)
FN:335,(anonymous_35)
FN:339,(anonymous_36)
FN:411,(anonymous_37)
FN:452,(anonymous_38)
FN:452,(anonymous_39)
FN:458,(anonymous_40)
FN:458,(anonymous_41)
FN:461,(anonymous_42)
FN:475,(anonymous_43)
FN:502,(anonymous_44)
FNF:45
FNH:0
FNDA:0,(anonymous_0)
FNDA:0,(anonymous_1)
FNDA:0,(anonymous_2)
FNDA:0,(anonymous_3)
FNDA:0,(anonymous_4)
FNDA:0,(anonymous_5)
FNDA:0,(anonymous_6)
FNDA:0,(anonymous_7)
FNDA:0,(anonymous_8)
FNDA:0,(anonymous_9)
FNDA:0,(anonymous_10)
FNDA:0,(anonymous_11)
FNDA:0,(anonymous_12)
FNDA:0,(anonymous_13)
FNDA:0,(anonymous_14)
FNDA:0,(anonymous_15)
FNDA:0,(anonymous_16)
FNDA:0,(anonymous_17)
FNDA:0,(anonymous_18)
FNDA:0,(anonymous_19)
FNDA:0,(anonymous_20)
FNDA:0,(anonymous_21)
FNDA:0,(anonymous_22)
FNDA:0,(anonymous_23)
FNDA:0,(anonymous_24)
FNDA:0,(anonymous_25)
FNDA:0,(anonymous_26)
FNDA:0,(anonymous_27)
FNDA:0,(anonymous_28)
FNDA:0,(anonymous_29)
FNDA:0,(anonymous_30)
FNDA:0,(anonymous_31)
FNDA:0,(anonymous_32)
FNDA:0,(anonymous_33)
FNDA:0,(anonymous_34)
FNDA:0,(anonymous_35)
FNDA:0,(anonymous_36)
FNDA:0,(anonymous_37)
FNDA:0,(anonymous_38)
FNDA:0,(anonymous_39)
FNDA:0,(anonymous_40)
FNDA:0,(anonymous_41)
FNDA:0,(anonymous_42)
FNDA:0,(anonymous_43)
FNDA:0,(anonymous_44)
DA:21,0
DA:23,0
DA:24,0
DA:25,0
DA:26,0
DA:27,0
DA:30,0
DA:31,0
DA:32,0
DA:33,0
DA:37,0
DA:38,0
DA:39,0
DA:40,0
DA:41,0
DA:42,0
DA:43,0
DA:46,0
DA:47,0
DA:48,0
DA:49,0
DA:50,0
DA:51,0
DA:55,0
DA:56,0
DA:57,0
DA:58,0
DA:59,0
DA:64,0
DA:65,0
DA:97,0
DA:98,0
DA:100,0
DA:101,0
DA:102,0
DA:103,0
DA:105,0
DA:106,0
DA:107,0
DA:110,0
DA:111,0
DA:114,0
DA:116,0
DA:117,0
DA:118,0
DA:120,0
DA:121,0
DA:122,0
DA:123,0
DA:124,0
DA:125,0
DA:126,0
DA:127,0
DA:128,0
DA:130,0
DA:131,0
DA:137,0
DA:149,0
DA:237,0
DA:247,0
DA:248,0
DA:249,0
DA:250,0
DA:251,0
DA:252,0
DA:253,0
DA:254,0
DA:257,0
DA:258,0
DA:260,0
DA:263,0
DA:264,0
DA:265,0
DA:266,0
DA:267,0
DA:268,0
DA:270,0
DA:273,0
DA:274,0
DA:278,0
DA:281,0
DA:282,0
DA:283,0
DA:284,0
DA:285,0
DA:286,0
DA:287,0
DA:289,0
DA:291,0
DA:294,0
DA:295,0
DA:296,0
DA:297,0
DA:298,0
DA:299,0
DA:300,0
DA:305,0
DA:306,0
DA:308,0
DA:309,0
DA:310,0
DA:311,0
DA:314,0
DA:316,0
DA:318,0
DA:322,0
DA:323,0
DA:326,0
DA:327,0
DA:331,0
DA:332,0
DA:333,0
DA:334,0
DA:335,0
DA:338,0
DA:339,0
DA:342,0
DA:344,0
DA:412,0
DA:452,0
DA:458,0
DA:461,0
DA:476,0
DA:477,0
DA:478,0
DA:479,0
DA:503,0
LF:127
LH:0
BRDA:21,0,0,0
BRDA:21,0,1,0
BRDA:24,1,0,0
BRDA:24,1,1,0
BRDA:31,2,0,0
BRDA:31,2,1,0
BRDA:33,3,0,0
BRDA:33,3,1,0
BRDA:38,4,0,0
BRDA:38,4,1,0
BRDA:42,5,0,0
BRDA:42,5,1,0
BRDA:47,6,0,0
BRDA:47,6,1,0
BRDA:47,7,0,0
BRDA:47,7,1,0
BRDA:59,8,0,0
BRDA:59,8,1,0
BRDA:68,9,0,0
BRDA:68,9,1,0
BRDA:69,10,0,0
BRDA:69,10,1,0
BRDA:80,11,0,0
BRDA:80,11,1,0
BRDA:81,12,0,0
BRDA:81,12,1,0
BRDA:82,13,0,0
BRDA:82,13,1,0
BRDA:85,14,0,0
BRDA:85,14,1,0
BRDA:102,15,0,0
BRDA:102,15,1,0
BRDA:107,16,0,0
BRDA:107,16,1,0
BRDA:110,17,0,0
BRDA:110,17,1,0
BRDA:114,18,0,0
BRDA:114,18,1,0
BRDA:116,19,0,0
BRDA:116,19,1,0
BRDA:117,20,0,0
BRDA:117,20,1,0
BRDA:118,21,0,0
BRDA:118,21,1,0
BRDA:121,22,0,0
BRDA:121,22,1,0
BRDA:123,23,0,0
BRDA:123,23,1,0
BRDA:125,24,0,0
BRDA:125,24,1,0
BRDA:127,25,0,0
BRDA:127,25,1,0
BRDA:130,26,0,0
BRDA:130,26,1,0
BRDA:132,27,0,0
BRDA:132,27,1,0
BRDA:133,28,0,0
BRDA:133,28,1,0
BRDA:133,29,0,0
BRDA:133,29,1,0
BRDA:139,30,0,0
BRDA:139,30,1,0
BRDA:141,31,0,0
BRDA:141,31,1,0
BRDA:146,32,0,0
BRDA:146,32,1,0
BRDA:147,33,0,0
BRDA:147,33,1,0
BRDA:149,34,0,0
BRDA:149,34,1,0
BRDA:154,35,0,0
BRDA:154,35,1,0
BRDA:162,36,0,0
BRDA:162,36,1,0
BRDA:173,37,0,0
BRDA:173,37,1,0
BRDA:183,38,0,0
BRDA:183,38,1,0
BRDA:193,39,0,0
BRDA:193,39,1,0
BRDA:203,40,0,0
BRDA:203,40,1,0
BRDA:203,41,0,0
BRDA:203,41,1,0
BRDA:206,42,0,0
BRDA:206,42,1,0
BRDA:211,43,0,0
BRDA:211,43,1,0
BRDA:214,44,0,0
BRDA:214,44,1,0
BRDA:224,45,0,0
BRDA:224,45,1,0
BRDA:226,46,0,0
BRDA:226,46,1,0
BRDA:233,47,0,0
BRDA:233,47,1,0
BRDA:267,48,0,0
BRDA:267,48,1,0
BRDA:284,49,0,0
BRDA:284,49,1,0
BRDA:295,50,0,0
BRDA:295,50,1,0
BRDA:309,51,0,0
BRDA:309,51,1,0
BRDA:310,52,0,0
BRDA:310,52,1,0
BRDA:310,53,0,0
BRDA:310,53,1,0
BRDA:327,54,0,0
BRDA:327,54,1,0
BRDA:334,55,0,0
BRDA:334,55,1,0
BRDA:334,56,0,0
BRDA:334,56,1,0
BRDA:342,57,0,0
BRDA:342,57,1,0
BRDA:366,58,0,0
BRDA:366,58,1,0
BRDA:367,59,0,0
BRDA:367,59,1,0
BRDA:373,60,0,0
BRDA:373,60,1,0
BRDA:373,61,0,0
BRDA:373,61,1,0
BRDA:374,62,0,0
BRDA:374,62,1,0
BRDA:374,63,0,0
BRDA:374,63,1,0
BRDA:383,64,0,0
BRDA:383,64,1,0
BRDA:383,65,0,0
BRDA:383,65,1,0
BRDA:385,66,0,0
BRDA:385,66,1,0
BRDA:395,67,0,0
BRDA:395,67,1,0
BRDA:405,68,0,0
BRDA:405,68,1,0
BRDA:415,69,0,0
BRDA:415,69,1,0
BRDA:416,70,0,0
BRDA:416,70,1,0
BRDA:421,71,0,0
BRDA:421,71,1,0
BRDA:422,72,0,0
BRDA:422,72,1,0
BRDA:423,73,0,0
BRDA:423,73,1,0
BRDA:425,74,0,0
BRDA:425,74,1,0
BRDA:430,75,0,0
BRDA:430,75,1,0
BRDA:470,76,0,0
BRDA:470,76,1,0
BRDA:478,77,0,0
BRDA:478,77,1,0
BRDA:478,78,0,0
BRDA:478,78,1,0
BRDA:485,79,0,0
BRDA:485,79,1,0
BRDA:485,80,0,0
BRDA:485,80,1,0
BRDA:486,81,0,0
BRDA:486,81,1,0
BRF:164
BRH:0
end_of_record
TN:
SF:src\pages\Courses.jsx
FN:48,extractYoutubeId
FN:58,YoutubeThumbnail
FN:85,(anonymous_2)
FN:86,(anonymous_3)
FN:143,(anonymous_4)
FN:146,(anonymous_5)
FN:148,(anonymous_6)
FN:159,(anonymous_7)
FN:161,(anonymous_8)
FN:162,(anonymous_9)
FN:165,(anonymous_10)
FN:166,(anonymous_11)
FN:170,(anonymous_12)
FN:177,(anonymous_13)
FN:183,(anonymous_14)
FN:207,(anonymous_15)
FN:211,(anonymous_16)
FN:212,(anonymous_17)
FN:213,(anonymous_18)
FN:216,(anonymous_19)
FN:218,(anonymous_20)
FN:223,(anonymous_21)
FN:228,(anonymous_22)
FN:248,(anonymous_23)
FN:254,(anonymous_24)
FN:266,(anonymous_25)
FN:291,(anonymous_26)
FN:303,(anonymous_27)
FN:313,(anonymous_28)
FN:324,(anonymous_29)
FN:336,(anonymous_30)
FN:348,(anonymous_31)
FN:362,(anonymous_32)
FN:370,(anonymous_33)
FN:380,(anonymous_34)
FN:381,(anonymous_35)
FN:388,(anonymous_36)
FN:389,(anonymous_37)
FN:396,(anonymous_38)
FN:397,(anonymous_39)
FN:406,(anonymous_40)
FN:407,(anonymous_41)
FN:408,(anonymous_42)
FN:409,(anonymous_43)
FN:414,(anonymous_44)
FN:421,(anonymous_45)
FN:439,(anonymous_46)
FN:456,(anonymous_47)
FN:457,(anonymous_48)
FN:470,(anonymous_49)
FN:475,(anonymous_50)
FN:481,(anonymous_51)
FN:497,(anonymous_52)
FN:517,(anonymous_53)
FN:549,(anonymous_54)
FN:573,(anonymous_55)
FN:604,(anonymous_56)
FN:615,(anonymous_57)
FN:616,(anonymous_58)
FN:617,(anonymous_59)
FN:618,(anonymous_60)
FN:623,(anonymous_61)
FN:634,(anonymous_62)
FN:670,(anonymous_63)
FN:676,(anonymous_64)
FN:693,(anonymous_65)
FN:710,(anonymous_66)
FN:726,(anonymous_67)
FN:736,(anonymous_68)
FN:776,(anonymous_69)
FN:777,(anonymous_70)
FN:778,(anonymous_71)
FN:779,(anonymous_72)
FN:794,(anonymous_73)
FN:799,(anonymous_74)
FN:802,(anonymous_75)
FN:803,(anonymous_76)
FN:804,(anonymous_77)
FN:806,(anonymous_78)
FN:847,(anonymous_79)
FN:882,(anonymous_80)
FN:899,(anonymous_81)
FN:901,(anonymous_82)
FN:913,(anonymous_83)
FN:931,(anonymous_84)
FN:932,(anonymous_85)
FN:933,(anonymous_86)
FN:934,(anonymous_87)
FN:935,(anonymous_88)
FN:947,(anonymous_89)
FN:998,(anonymous_90)
FN:1004,(anonymous_91)
FN:1019,(anonymous_92)
FN:1024,(anonymous_93)
FN:1024,(anonymous_94)
FN:1026,(anonymous_95)
FN:1026,(anonymous_96)
FN:1028,(anonymous_97)
FN:1028,(anonymous_98)
FN:1031,(anonymous_99)
FN:1031,(anonymous_100)
FN:1033,(anonymous_101)
FN:1033,(anonymous_102)
FN:1037,(anonymous_103)
FN:1046,(anonymous_104)
FN:1048,(anonymous_105)
FN:1049,(anonymous_106)
FN:1053,(anonymous_107)
FN:1057,(anonymous_108)
FN:1066,(anonymous_109)
FN:1075,(anonymous_110)
FN:1077,(anonymous_111)
FN:1079,(anonymous_112)
FN:1085,(anonymous_113)
FN:1097,(anonymous_114)
FN:1107,(anonymous_115)
FN:1107,(anonymous_116)
FN:1129,(anonymous_117)
FN:1130,(anonymous_118)
FN:1146,(anonymous_119)
FN:1156,(anonymous_120)
FN:1161,(anonymous_121)
FN:1167,(anonymous_122)
FN:1168,(anonymous_123)
FN:1173,(anonymous_124)
FN:1186,(anonymous_125)
FN:1189,(anonymous_126)
FN:1189,(anonymous_127)
FN:1195,(anonymous_128)
FN:1195,(anonymous_129)
FN:1256,(anonymous_130)
FN:1270,(anonymous_131)
FN:1287,(anonymous_132)
FN:1325,(anonymous_133)
FN:1337,(anonymous_134)
FN:1340,(anonymous_135)
FN:1366,(anonymous_136)
FN:1372,(anonymous_137)
FN:1406,(anonymous_138)
FN:1406,(anonymous_139)
FN:1413,(anonymous_140)
FN:1413,(anonymous_141)
FN:1420,(anonymous_142)
FNF:143
FNH:0
FNDA:0,extractYoutubeId
FNDA:0,YoutubeThumbnail
FNDA:0,(anonymous_2)
FNDA:0,(anonymous_3)
FNDA:0,(anonymous_4)
FNDA:0,(anonymous_5)
FNDA:0,(anonymous_6)
FNDA:0,(anonymous_7)
FNDA:0,(anonymous_8)
FNDA:0,(anonymous_9)
FNDA:0,(anonymous_10)
FNDA:0,(anonymous_11)
FNDA:0,(anonymous_12)
FNDA:0,(anonymous_13)
FNDA:0,(anonymous_14)
FNDA:0,(anonymous_15)
FNDA:0,(anonymous_16)
FNDA:0,(anonymous_17)
FNDA:0,(anonymous_18)
FNDA:0,(anonymous_19)
FNDA:0,(anonymous_20)
FNDA:0,(anonymous_21)
FNDA:0,(anonymous_22)
FNDA:0,(anonymous_23)
FNDA:0,(anonymous_24)
FNDA:0,(anonymous_25)
FNDA:0,(anonymous_26)
FNDA:0,(anonymous_27)
FNDA:0,(anonymous_28)
FNDA:0,(anonymous_29)
FNDA:0,(anonymous_30)
FNDA:0,(anonymous_31)
FNDA:0,(anonymous_32)
FNDA:0,(anonymous_33)
FNDA:0,(anonymous_34)
FNDA:0,(anonymous_35)
FNDA:0,(anonymous_36)
FNDA:0,(anonymous_37)
FNDA:0,(anonymous_38)
FNDA:0,(anonymous_39)
FNDA:0,(anonymous_40)
FNDA:0,(anonymous_41)
FNDA:0,(anonymous_42)
FNDA:0,(anonymous_43)
FNDA:0,(anonymous_44)
FNDA:0,(anonymous_45)
FNDA:0,(anonymous_46)
FNDA:0,(anonymous_47)
FNDA:0,(anonymous_48)
FNDA:0,(anonymous_49)
FNDA:0,(anonymous_50)
FNDA:0,(anonymous_51)
FNDA:0,(anonymous_52)
FNDA:0,(anonymous_53)
FNDA:0,(anonymous_54)
FNDA:0,(anonymous_55)
FNDA:0,(anonymous_56)
FNDA:0,(anonymous_57)
FNDA:0,(anonymous_58)
FNDA:0,(anonymous_59)
FNDA:0,(anonymous_60)
FNDA:0,(anonymous_61)
FNDA:0,(anonymous_62)
FNDA:0,(anonymous_63)
FNDA:0,(anonymous_64)
FNDA:0,(anonymous_65)
FNDA:0,(anonymous_66)
FNDA:0,(anonymous_67)
FNDA:0,(anonymous_68)
FNDA:0,(anonymous_69)
FNDA:0,(anonymous_70)
FNDA:0,(anonymous_71)
FNDA:0,(anonymous_72)
FNDA:0,(anonymous_73)
FNDA:0,(anonymous_74)
FNDA:0,(anonymous_75)
FNDA:0,(anonymous_76)
FNDA:0,(anonymous_77)
FNDA:0,(anonymous_78)
FNDA:0,(anonymous_79)
FNDA:0,(anonymous_80)
FNDA:0,(anonymous_81)
FNDA:0,(anonymous_82)
FNDA:0,(anonymous_83)
FNDA:0,(anonymous_84)
FNDA:0,(anonymous_85)
FNDA:0,(anonymous_86)
FNDA:0,(anonymous_87)
FNDA:0,(anonymous_88)
FNDA:0,(anonymous_89)
FNDA:0,(anonymous_90)
FNDA:0,(anonymous_91)
FNDA:0,(anonymous_92)
FNDA:0,(anonymous_93)
FNDA:0,(anonymous_94)
FNDA:0,(anonymous_95)
FNDA:0,(anonymous_96)
FNDA:0,(anonymous_97)
FNDA:0,(anonymous_98)
FNDA:0,(anonymous_99)
FNDA:0,(anonymous_100)
FNDA:0,(anonymous_101)
FNDA:0,(anonymous_102)
FNDA:0,(anonymous_103)
FNDA:0,(anonymous_104)
FNDA:0,(anonymous_105)
FNDA:0,(anonymous_106)
FNDA:0,(anonymous_107)
FNDA:0,(anonymous_108)
FNDA:0,(anonymous_109)
FNDA:0,(anonymous_110)
FNDA:0,(anonymous_111)
FNDA:0,(anonymous_112)
FNDA:0,(anonymous_113)
FNDA:0,(anonymous_114)
FNDA:0,(anonymous_115)
FNDA:0,(anonymous_116)
FNDA:0,(anonymous_117)
FNDA:0,(anonymous_118)
FNDA:0,(anonymous_119)
FNDA:0,(anonymous_120)
FNDA:0,(anonymous_121)
FNDA:0,(anonymous_122)
FNDA:0,(anonymous_123)
FNDA:0,(anonymous_124)
FNDA:0,(anonymous_125)
FNDA:0,(anonymous_126)
FNDA:0,(anonymous_127)
FNDA:0,(anonymous_128)
FNDA:0,(anonymous_129)
FNDA:0,(anonymous_130)
FNDA:0,(anonymous_131)
FNDA:0,(anonymous_132)
FNDA:0,(anonymous_133)
FNDA:0,(anonymous_134)
FNDA:0,(anonymous_135)
FNDA:0,(anonymous_136)
FNDA:0,(anonymous_137)
FNDA:0,(anonymous_138)
FNDA:0,(anonymous_139)
FNDA:0,(anonymous_140)
FNDA:0,(anonymous_141)
FNDA:0,(anonymous_142)
DA:32,0
DA:40,0
DA:49,0
DA:50,0
DA:52,0
DA:55,0
DA:59,0
DA:60,0
DA:61,0
DA:67,0
DA:81,0
DA:82,0
DA:83,0
DA:85,0
DA:86,0
DA:87,0
DA:88,0
DA:90,0
DA:91,0
DA:92,0
DA:93,0
DA:96,0
DA:97,0
DA:98,0
DA:101,0
DA:102,0
DA:103,0
DA:104,0
DA:107,0
DA:108,0
DA:109,0
DA:110,0
DA:111,0
DA:114,0
DA:115,0
DA:116,0
DA:117,0
DA:118,0
DA:119,0
DA:121,0
DA:122,0
DA:123,0
DA:124,0
DA:127,0
DA:128,0
DA:129,0
DA:130,0
DA:132,0
DA:141,0
DA:143,0
DA:144,0
DA:146,0
DA:147,0
DA:148,0
DA:149,0
DA:151,0
DA:155,0
DA:159,0
DA:160,0
DA:161,0
DA:162,0
DA:165,0
DA:166,0
DA:167,0
DA:168,0
DA:169,0
DA:170,0
DA:174,0
DA:175,0
DA:176,0
DA:177,0
DA:178,0
DA:180,0
DA:182,0
DA:183,0
DA:184,0
DA:185,0
DA:190,0
DA:191,0
DA:193,0
DA:194,0
DA:195,0
DA:196,0
DA:199,0
DA:201,0
DA:204,0
DA:207,0
DA:208,0
DA:209,0
DA:210,0
DA:211,0
DA:212,0
DA:213,0
DA:216,0
DA:217,0
DA:218,0
DA:219,0
DA:223,0
DA:224,0
DA:225,0
DA:226,0
DA:227,0
DA:228,0
DA:229,0
DA:231,0
DA:233,0
DA:234,0
DA:238,0
DA:239,0
DA:240,0
DA:243,0
DA:248,0
DA:249,0
DA:250,0
DA:251,0
DA:254,0
DA:255,0
DA:256,0
DA:263,0
DA:266,0
DA:267,0
DA:268,0
DA:269,0
DA:270,0
DA:271,0
DA:272,0
DA:274,0
DA:275,0
DA:276,0
DA:282,0
DA:284,0
DA:285,0
DA:287,0
DA:291,0
DA:292,0
DA:293,0
DA:294,0
DA:295,0
DA:296,0
DA:298,0
DA:303,0
DA:304,0
DA:305,0
DA:306,0
DA:307,0
DA:309,0
DA:313,0
DA:314,0
DA:315,0
DA:316,0
DA:317,0
DA:319,0
DA:324,0
DA:325,0
DA:326,0
DA:327,0
DA:328,0
DA:329,0
DA:330,0
DA:332,0
DA:336,0
DA:337,0
DA:338,0
DA:339,0
DA:340,0
DA:341,0
DA:343,0
DA:348,0
DA:349,0
DA:350,0
DA:351,0
DA:352,0
DA:353,0
DA:354,0
DA:355,0
DA:362,0
DA:363,0
DA:364,0
DA:365,0
DA:366,0
DA:367,0
DA:368,0
DA:370,0
DA:371,0
DA:372,0
DA:374,0
DA:376,0
DA:380,0
DA:381,0
DA:382,0
DA:383,0
DA:384,0
DA:388,0
DA:389,0
DA:390,0
DA:391,0
DA:392,0
DA:396,0
DA:397,0
DA:398,0
DA:399,0
DA:400,0
DA:401,0
DA:402,0
DA:406,0
DA:407,0
DA:408,0
DA:409,0
DA:410,0
DA:414,0
DA:415,0
DA:416,0
DA:417,0
DA:418,0
DA:419,0
DA:421,0
DA:422,0
DA:425,0
DA:426,0
DA:430,0
DA:431,0
DA:432,0
DA:434,0
DA:439,0
DA:440,0
DA:441,0
DA:442,0
DA:443,0
DA:444,0
DA:445,0
DA:446,0
DA:447,0
DA:449,0
DA:450,0
DA:452,0
DA:456,0
DA:457,0
DA:458,0
DA:459,0
DA:461,0
DA:462,0
DA:463,0
DA:464,0
DA:466,0
DA:470,0
DA:471,0
DA:472,0
DA:475,0
DA:476,0
DA:477,0
DA:478,0
DA:481,0
DA:482,0
DA:483,0
DA:484,0
DA:485,0
DA:486,0
DA:487,0
DA:488,0
DA:489,0
DA:490,0
DA:491,0
DA:493,0
DA:497,0
DA:498,0
DA:500,0
DA:506,0
DA:517,0
DA:550,0
DA:551,0
DA:552,0
DA:574,0
DA:575,0
DA:577,0
DA:604,0
DA:615,0
DA:616,0
DA:617,0
DA:618,0
DA:623,0
DA:634,0
DA:670,0
DA:676,0
DA:693,0
DA:710,0
DA:726,0
DA:736,0
DA:776,0
DA:777,0
DA:778,0
DA:780,0
DA:794,0
DA:799,0
DA:802,0
DA:803,0
DA:804,0
DA:806,0
DA:848,0
DA:882,0
DA:899,0
DA:901,0
DA:914,0
DA:931,0
DA:932,0
DA:933,0
DA:934,0
DA:936,0
DA:947,0
DA:998,0
DA:1004,0
DA:1019,0
DA:1024,0
DA:1026,0
DA:1028,0
DA:1031,0
DA:1033,0
DA:1037,0
DA:1048,0
DA:1049,0
DA:1050,0
DA:1052,0
DA:1053,0
DA:1056,0
DA:1057,0
DA:1066,0
DA:1075,0
DA:1077,0
DA:1079,0
DA:1085,0
DA:1097,0
DA:1107,0
DA:1130,0
DA:1147,0
DA:1148,0
DA:1149,0
DA:1150,0
DA:1156,0
DA:1161,0
DA:1167,0
DA:1169,0
DA:1173,0
DA:1186,0
DA:1189,0
DA:1195,0
DA:1256,0
DA:1271,0
DA:1288,0
DA:1289,0
DA:1290,0
DA:1291,0
DA:1325,0
DA:1338,0
DA:1340,0
DA:1367,0
DA:1368,0
DA:1369,0
DA:1373,0
DA:1406,0
DA:1413,0
DA:1420,0
LF:360
LH:0
BRDA:49,0,0,0
BRDA:49,0,1,0
BRDA:55,1,0,0
BRDA:55,1,1,0
BRDA:60,2,0,0
BRDA:60,2,1,0
BRDA:88,3,0,0
BRDA:88,3,1,0
BRDA:144,4,0,0
BRDA:144,4,1,0
BRDA:149,5,0,0
BRDA:149,5,1,0
BRDA:149,5,2,0
BRDA:151,6,0,0
BRDA:151,6,1,0
BRDA:152,7,0,0
BRDA:152,7,1,0
BRDA:153,8,0,0
BRDA:153,8,1,0
BRDA:155,9,0,0
BRDA:155,9,1,0
BRDA:162,10,0,0
BRDA:162,10,1,0
BRDA:168,11,0,0
BRDA:168,11,1,0
BRDA:176,12,0,0
BRDA:176,12,1,0
BRDA:182,13,0,0
BRDA:182,13,1,0
BRDA:186,14,0,0
BRDA:186,14,1,0
BRDA:188,15,0,0
BRDA:188,15,1,0
BRDA:208,16,0,0
BRDA:208,16,1,0
BRDA:210,17,0,0
BRDA:210,17,1,0
BRDA:211,18,0,0
BRDA:211,18,1,0
BRDA:217,19,0,0
BRDA:217,19,1,0
BRDA:219,20,0,0
BRDA:219,20,1,0
BRDA:225,21,0,0
BRDA:225,21,1,0
BRDA:227,22,0,0
BRDA:227,22,1,0
BRDA:233,23,0,0
BRDA:233,23,1,0
BRDA:233,24,0,0
BRDA:233,24,1,0
BRDA:239,25,0,0
BRDA:239,25,1,0
BRDA:257,26,0,0
BRDA:257,26,1,0
BRDA:258,27,0,0
BRDA:258,27,1,0
BRDA:259,28,0,0
BRDA:259,28,1,0
BRDA:260,29,0,0
BRDA:260,29,1,0
BRDA:261,30,0,0
BRDA:261,30,1,0
BRDA:267,31,0,0
BRDA:267,31,1,0
BRDA:269,32,0,0
BRDA:269,32,1,0
BRDA:270,33,0,0
BRDA:270,33,1,0
BRDA:277,34,0,0
BRDA:277,34,1,0
BRDA:292,35,0,0
BRDA:292,35,1,0
BRDA:309,36,0,0
BRDA:309,36,1,0
BRDA:319,37,0,0
BRDA:319,37,1,0
BRDA:338,38,0,0
BRDA:338,38,1,0
BRDA:339,39,0,0
BRDA:339,39,1,0
BRDA:343,40,0,0
BRDA:343,40,1,0
BRDA:351,41,0,0
BRDA:351,41,1,0
BRDA:352,42,0,0
BRDA:352,42,1,0
BRDA:355,43,0,0
BRDA:355,43,1,0
BRDA:366,44,0,0
BRDA:366,44,1,0
BRDA:366,45,0,0
BRDA:366,45,1,0
BRDA:415,46,0,0
BRDA:415,46,1,0
BRDA:418,47,0,0
BRDA:418,47,1,0
BRDA:418,48,0,0
BRDA:418,48,1,0
BRDA:421,49,0,0
BRDA:421,49,1,0
BRDA:421,50,0,0
BRDA:421,50,1,0
BRDA:421,51,0,0
BRDA:421,51,1,0
BRDA:428,52,0,0
BRDA:428,52,1,0
BRDA:434,53,0,0
BRDA:434,53,1,0
BRDA:434,53,2,0
BRDA:457,54,0,0
BRDA:457,54,1,0
BRDA:466,55,0,0
BRDA:466,55,1,0
BRDA:487,56,0,0
BRDA:487,56,1,0
BRDA:498,57,0,0
BRDA:498,57,1,0
BRDA:498,58,0,0
BRDA:498,58,1,0
BRDA:500,59,0,0
BRDA:500,59,1,0
BRDA:510,60,0,0
BRDA:510,60,1,0
BRDA:528,61,0,0
BRDA:528,61,1,0
BRDA:534,62,0,0
BRDA:534,62,1,0
BRDA:534,62,2,0
BRDA:551,63,0,0
BRDA:551,63,1,0
BRDA:551,64,0,0
BRDA:551,64,1,0
BRDA:551,64,2,0
BRDA:557,65,0,0
BRDA:557,65,1,0
BRDA:560,66,0,0
BRDA:560,66,1,0
BRDA:566,67,0,0
BRDA:566,67,1,0
BRDA:567,68,0,0
BRDA:567,68,1,0
BRDA:567,68,2,0
BRDA:567,68,3,0
BRDA:572,69,0,0
BRDA:572,69,1,0
BRDA:574,70,0,0
BRDA:574,70,1,0
BRDA:574,71,0,0
BRDA:574,71,1,0
BRDA:574,71,2,0
BRDA:582,72,0,0
BRDA:582,72,1,0
BRDA:585,73,0,0
BRDA:585,73,1,0
BRDA:590,74,0,0
BRDA:590,74,1,0
BRDA:593,75,0,0
BRDA:593,75,1,0
BRDA:593,75,2,0
BRDA:612,76,0,0
BRDA:612,76,1,0
BRDA:612,76,2,0
BRDA:613,77,0,0
BRDA:613,77,1,0
BRDA:616,78,0,0
BRDA:616,78,1,0
BRDA:621,79,0,0
BRDA:621,79,1,0
BRDA:637,80,0,0
BRDA:637,80,1,0
BRDA:641,81,0,0
BRDA:641,81,1,0
BRDA:643,82,0,0
BRDA:643,82,1,0
BRDA:643,83,0,0
BRDA:643,83,1,0
BRDA:659,84,0,0
BRDA:659,84,1,0
BRDA:662,85,0,0
BRDA:662,85,1,0
BRDA:669,86,0,0
BRDA:669,86,1,0
BRDA:669,86,2,0
BRDA:675,87,0,0
BRDA:675,87,1,0
BRDA:675,87,2,0
BRDA:675,87,3,0
BRDA:684,88,0,0
BRDA:684,88,1,0
BRDA:684,88,2,0
BRDA:686,89,0,0
BRDA:686,89,1,0
BRDA:698,90,0,0
BRDA:698,90,1,0
BRDA:703,91,0,0
BRDA:703,91,1,0
BRDA:718,92,0,0
BRDA:718,92,1,0
BRDA:730,93,0,0
BRDA:730,93,1,0
BRDA:740,94,0,0
BRDA:740,94,1,0
BRDA:764,95,0,0
BRDA:764,95,1,0
BRDA:816,96,0,0
BRDA:816,96,1,0
BRDA:823,97,0,0
BRDA:823,97,1,0
BRDA:832,98,0,0
BRDA:832,98,1,0
BRDA:834,99,0,0
BRDA:834,99,1,0
BRDA:838,100,0,0
BRDA:838,100,1,0
BRDA:840,101,0,0
BRDA:840,101,1,0
BRDA:843,102,0,0
BRDA:843,102,1,0
BRDA:848,103,0,0
BRDA:848,103,1,0
BRDA:852,104,0,0
BRDA:852,104,1,0
BRDA:867,105,0,0
BRDA:867,105,1,0
BRDA:872,106,0,0
BRDA:872,106,1,0
BRDA:873,107,0,0
BRDA:873,107,1,0
BRDA:894,108,0,0
BRDA:894,108,1,0
BRDA:906,109,0,0
BRDA:906,109,1,0
BRDA:928,110,0,0
BRDA:928,110,1,0
BRDA:932,111,0,0
BRDA:932,111,1,0
BRDA:945,112,0,0
BRDA:945,112,1,0
BRDA:957,113,0,0
BRDA:957,113,1,0
BRDA:959,114,0,0
BRDA:959,114,1,0
BRDA:976,115,0,0
BRDA:976,115,1,0
BRDA:978,116,0,0
BRDA:978,116,1,0
BRDA:978,116,2,0
BRDA:981,117,0,0
BRDA:981,117,1,0
BRDA:982,118,0,0
BRDA:982,118,1,0
BRDA:992,119,0,0
BRDA:992,119,1,0
BRDA:997,120,0,0
BRDA:997,120,1,0
BRDA:997,121,0,0
BRDA:997,121,1,0
BRDA:1020,122,0,0
BRDA:1020,122,1,0
BRDA:1040,123,0,0
BRDA:1040,123,1,0
BRDA:1050,124,0,0
BRDA:1050,124,1,0
BRDA:1053,125,0,0
BRDA:1053,125,1,0
BRDA:1053,125,2,0
BRDA:1062,126,0,0
BRDA:1062,126,1,0
BRDA:1064,127,0,0
BRDA:1064,127,1,0
BRDA:1066,128,0,0
BRDA:1066,128,1,0
BRDA:1072,129,0,0
BRDA:1072,129,1,0
BRDA:1075,130,0,0
BRDA:1075,130,1,0
BRDA:1087,131,0,0
BRDA:1087,131,1,0
BRDA:1100,132,0,0
BRDA:1100,132,1,0
BRDA:1107,133,0,0
BRDA:1107,133,1,0
BRDA:1110,134,0,0
BRDA:1110,134,1,0
BRDA:1113,135,0,0
BRDA:1113,135,1,0
BRDA:1120,136,0,0
BRDA:1120,136,1,0
BRDA:1135,137,0,0
BRDA:1135,137,1,0
BRDA:1136,138,0,0
BRDA:1136,138,1,0
BRDA:1137,139,0,0
BRDA:1137,139,1,0
BRDA:1149,140,0,0
BRDA:1149,140,1,0
BRDA:1188,141,0,0
BRDA:1188,141,1,0
BRDA:1192,142,0,0
BRDA:1192,142,1,0
BRDA:1211,143,0,0
BRDA:1211,143,1,0
BRDA:1219,144,0,0
BRDA:1219,144,1,0
BRDA:1223,145,0,0
BRDA:1223,145,1,0
BRDA:1229,146,0,0
BRDA:1229,146,1,0
BRDA:1230,147,0,0
BRDA:1230,147,1,0
BRDA:1232,148,0,0
BRDA:1232,148,1,0
BRDA:1238,149,0,0
BRDA:1238,149,1,0
BRDA:1239,150,0,0
BRDA:1239,150,1,0
BRDA:1242,151,0,0
BRDA:1242,151,1,0
BRDA:1248,152,0,0
BRDA:1248,152,1,0
BRDA:1272,153,0,0
BRDA:1272,153,1,0
BRDA:1274,154,0,0
BRDA:1274,154,1,0
BRDA:1277,155,0,0
BRDA:1277,155,1,0
BRDA:1287,156,0,0
BRDA:1287,156,1,0
BRDA:1290,157,0,0
BRDA:1290,157,1,0
BRDA:1295,158,0,0
BRDA:1295,158,1,0
BRDA:1295,159,0,0
BRDA:1295,159,1,0
BRDA:1296,160,0,0
BRDA:1296,160,1,0
BRDA:1296,161,0,0
BRDA:1296,161,1,0
BRDA:1300,162,0,0
BRDA:1300,162,1,0
BRDA:1300,163,0,0
BRDA:1300,163,1,0
BRDA:1301,164,0,0
BRDA:1301,164,1,0
BRDA:1301,165,0,0
BRDA:1301,165,1,0
BRDA:1305,166,0,0
BRDA:1305,166,1,0
BRDA:1306,167,0,0
BRDA:1306,167,1,0
BRDA:1315,168,0,0
BRDA:1315,168,1,0
BRDA:1345,169,0,0
BRDA:1345,169,1,0
BRDA:1347,170,0,0
BRDA:1347,170,1,0
BRDA:1348,171,0,0
BRDA:1348,171,1,0
BRDA:1349,172,0,0
BRDA:1349,172,1,0
BRDA:1350,173,0,0
BRDA:1350,173,1,0
BRDA:1365,174,0,0
BRDA:1365,174,1,0
BRDA:1372,175,0,0
BRDA:1372,175,1,0
BRDA:1379,176,0,0
BRDA:1379,176,1,0
BRDA:1390,177,0,0
BRDA:1390,177,1,0
BRDA:1393,178,0,0
BRDA:1393,178,1,0
BRDA:1405,179,0,0
BRDA:1405,179,1,0
BRDA:1410,180,0,0
BRDA:1410,180,1,0
BRDA:1420,181,0,0
BRDA:1420,181,1,0
BRF:379
BRH:0
end_of_record
TN:
SF:src\pages\Dashboard.jsx
FN:14,(anonymous_0)
FN:34,(anonymous_1)
FN:35,(anonymous_2)
FN:39,(anonymous_3)
FN:42,(anonymous_4)
FN:43,(anonymous_5)
FNF:6
FNH:0
FNDA:0,(anonymous_0)
FNDA:0,(anonymous_1)
FNDA:0,(anonymous_2)
FNDA:0,(anonymous_3)
FNDA:0,(anonymous_4)
FNDA:0,(anonymous_5)
DA:14,0
DA:15,0
DA:34,0
DA:35,0
DA:36,0
DA:37,0
DA:39,0
DA:40,0
DA:42,0
DA:43,0
DA:46,0
DA:52,0
LF:12
LH:0
BRDA:21,0,0,0
BRDA:21,0,1,0
BRDA:46,1,0,0
BRDA:46,1,1,0
BRDA:56,2,0,0
BRDA:56,2,1,0
BRDA:65,3,0,0
BRDA:65,3,1,0
BRDA:67,4,0,0
BRDA:67,4,1,0
BRDA:70,5,0,0
BRDA:70,5,1,0
BRDA:74,6,0,0
BRDA:74,6,1,0
BRDA:78,7,0,0
BRDA:78,7,1,0
BRDA:89,8,0,0
BRDA:89,8,1,0
BRDA:93,9,0,0
BRDA:93,9,1,0
BRDA:110,10,0,0
BRDA:110,10,1,0
BRDA:114,11,0,0
BRDA:114,11,1,0
BRDA:118,12,0,0
BRDA:118,12,1,0
BRF:26
BRH:0
end_of_record
TN:
SF:src\pages\EmployeeDetail.jsx
FN:43,(anonymous_0)
FN:48,(anonymous_1)
FN:53,(anonymous_2)
FN:54,(anonymous_3)
FN:55,(anonymous_4)
FN:67,(anonymous_5)
FN:68,(anonymous_6)
FN:72,(anonymous_7)
FN:78,(anonymous_8)
FN:79,(anonymous_9)
FN:86,(anonymous_10)
FN:87,(anonymous_11)
FN:107,(anonymous_12)
FN:108,(anonymous_13)
FN:109,(anonymous_14)
FN:112,(anonymous_15)
FN:138,(anonymous_16)
FN:142,(anonymous_17)
FN:183,(anonymous_18)
FN:185,(anonymous_19)
FN:190,(anonymous_20)
FN:192,(anonymous_21)
FN:197,(anonymous_22)
FN:201,(anonymous_23)
FN:202,(anonymous_24)
FN:209,(anonymous_25)
FN:213,(anonymous_26)
FN:217,(anonymous_27)
FN:221,(anonymous_28)
FN:225,(anonymous_29)
FN:226,(anonymous_30)
FN:227,(anonymous_31)
FN:237,(anonymous_32)
FN:240,(anonymous_33)
FN:241,(anonymous_34)
FN:243,(anonymous_35)
FN:248,(anonymous_36)
FN:249,(anonymous_37)
FN:252,(anonymous_38)
FN:252,(anonymous_39)
FN:257,(anonymous_40)
FN:262,(anonymous_41)
FN:294,(anonymous_42)
FN:329,(anonymous_43)
FN:349,(anonymous_44)
FN:356,(anonymous_45)
FN:387,(anonymous_46)
FN:453,(anonymous_47)
FN:466,(anonymous_48)
FN:475,(anonymous_49)
FN:494,(anonymous_50)
FN:503,(anonymous_51)
FN:526,(anonymous_52)
FN:529,(anonymous_53)
FN:536,(anonymous_54)
FN:544,(anonymous_55)
FN:546,(anonymous_56)
FN:550,(anonymous_57)
FN:562,(anonymous_58)
FN:564,(anonymous_59)
FN:568,(anonymous_60)
FN:579,(anonymous_61)
FN:581,(anonymous_62)
FN:591,(anonymous_63)
FN:593,(anonymous_64)
FN:604,(anonymous_65)
FN:606,(anonymous_66)
FN:610,(anonymous_67)
FN:625,(anonymous_68)
FN:644,(anonymous_69)
FN:648,(anonymous_70)
FN:649,(anonymous_71)
FN:662,(anonymous_72)
FN:668,(anonymous_73)
FN:673,(anonymous_74)
FN:676,(anonymous_75)
FN:682,(anonymous_76)
FN:687,(anonymous_77)
FN:693,(anonymous_78)
FN:698,(anonymous_79)
FN:709,(anonymous_80)
FN:895,(anonymous_81)
FN:898,(anonymous_82)
FN:935,(anonymous_83)
FN:941,(anonymous_84)
FN:977,(anonymous_85)
FN:983,(anonymous_86)
FN:1019,(anonymous_87)
FN:1025,(anonymous_88)
FN:1055,(anonymous_89)
FN:1083,(anonymous_90)
FN:1122,(anonymous_91)
FN:1125,(anonymous_92)
FN:1125,(anonymous_93)
FN:1126,(anonymous_94)
FN:1126,(anonymous_95)
FN:1126,(anonymous_96)
FN:1127,(anonymous_97)
FN:1127,(anonymous_98)
FN:1127,(anonymous_99)
FN:1132,(anonymous_100)
FN:1144,(anonymous_101)
FNF:102
FNH:0
FNDA:0,(anonymous_0)
FNDA:0,(anonymous_1)
FNDA:0,(anonymous_2)
FNDA:0,(anonymous_3)
FNDA:0,(anonymous_4)
FNDA:0,(anonymous_5)
FNDA:0,(anonymous_6)
FNDA:0,(anonymous_7)
FNDA:0,(anonymous_8)
FNDA:0,(anonymous_9)
FNDA:0,(anonymous_10)
FNDA:0,(anonymous_11)
FNDA:0,(anonymous_12)
FNDA:0,(anonymous_13)
FNDA:0,(anonymous_14)
FNDA:0,(anonymous_15)
FNDA:0,(anonymous_16)
FNDA:0,(anonymous_17)
FNDA:0,(anonymous_18)
FNDA:0,(anonymous_19)
FNDA:0,(anonymous_20)
FNDA:0,(anonymous_21)
FNDA:0,(anonymous_22)
FNDA:0,(anonymous_23)
FNDA:0,(anonymous_24)
FNDA:0,(anonymous_25)
FNDA:0,(anonymous_26)
FNDA:0,(anonymous_27)
FNDA:0,(anonymous_28)
FNDA:0,(anonymous_29)
FNDA:0,(anonymous_30)
FNDA:0,(anonymous_31)
FNDA:0,(anonymous_32)
FNDA:0,(anonymous_33)
FNDA:0,(anonymous_34)
FNDA:0,(anonymous_35)
FNDA:0,(anonymous_36)
FNDA:0,(anonymous_37)
FNDA:0,(anonymous_38)
FNDA:0,(anonymous_39)
FNDA:0,(anonymous_40)
FNDA:0,(anonymous_41)
FNDA:0,(anonymous_42)
FNDA:0,(anonymous_43)
FNDA:0,(anonymous_44)
FNDA:0,(anonymous_45)
FNDA:0,(anonymous_46)
FNDA:0,(anonymous_47)
FNDA:0,(anonymous_48)
FNDA:0,(anonymous_49)
FNDA:0,(anonymous_50)
FNDA:0,(anonymous_51)
FNDA:0,(anonymous_52)
FNDA:0,(anonymous_53)
FNDA:0,(anonymous_54)
FNDA:0,(anonymous_55)
FNDA:0,(anonymous_56)
FNDA:0,(anonymous_57)
FNDA:0,(anonymous_58)
FNDA:0,(anonymous_59)
FNDA:0,(anonymous_60)
FNDA:0,(anonymous_61)
FNDA:0,(anonymous_62)
FNDA:0,(anonymous_63)
FNDA:0,(anonymous_64)
FNDA:0,(anonymous_65)
FNDA:0,(anonymous_66)
FNDA:0,(anonymous_67)
FNDA:0,(anonymous_68)
FNDA:0,(anonymous_69)
FNDA:0,(anonymous_70)
FNDA:0,(anonymous_71)
FNDA:0,(anonymous_72)
FNDA:0,(anonymous_73)
FNDA:0,(anonymous_74)
FNDA:0,(anonymous_75)
FNDA:0,(anonymous_76)
FNDA:0,(anonymous_77)
FNDA:0,(anonymous_78)
FNDA:0,(anonymous_79)
FNDA:0,(anonymous_80)
FNDA:0,(anonymous_81)
FNDA:0,(anonymous_82)
FNDA:0,(anonymous_83)
FNDA:0,(anonymous_84)
FNDA:0,(anonymous_85)
FNDA:0,(anonymous_86)
FNDA:0,(anonymous_87)
FNDA:0,(anonymous_88)
FNDA:0,(anonymous_89)
FNDA:0,(anonymous_90)
FNDA:0,(anonymous_91)
FNDA:0,(anonymous_92)
FNDA:0,(anonymous_93)
FNDA:0,(anonymous_94)
FNDA:0,(anonymous_95)
FNDA:0,(anonymous_96)
FNDA:0,(anonymous_97)
FNDA:0,(anonymous_98)
FNDA:0,(anonymous_99)
FNDA:0,(anonymous_100)
FNDA:0,(anonymous_101)
DA:43,0
DA:44,0
DA:45,0
DA:46,0
DA:48,0
DA:49,0
DA:50,0
DA:51,0
DA:53,0
DA:54,0
DA:55,0
DA:57,0
DA:67,0
DA:68,0
DA:73,0
DA:78,0
DA:79,0
DA:86,0
DA:87,0
DA:103,0
DA:107,0
DA:108,0
DA:109,0
DA:112,0
DA:113,0
DA:135,0
DA:138,0
DA:139,0
DA:140,0
DA:141,0
DA:142,0
DA:144,0
DA:145,0
DA:146,0
DA:147,0
DA:148,0
DA:149,0
DA:150,0
DA:151,0
DA:152,0
DA:153,0
DA:154,0
DA:155,0
DA:157,0
DA:162,0
DA:165,0
DA:166,0
DA:167,0
DA:168,0
DA:169,0
DA:170,0
DA:172,0
DA:173,0
DA:174,0
DA:176,0
DA:177,0
DA:178,0
DA:179,0
DA:180,0
DA:183,0
DA:184,0
DA:185,0
DA:190,0
DA:191,0
DA:192,0
DA:197,0
DA:198,0
DA:199,0
DA:200,0
DA:201,0
DA:203,0
DA:204,0
DA:206,0
DA:209,0
DA:213,0
DA:214,0
DA:215,0
DA:216,0
DA:217,0
DA:220,0
DA:221,0
DA:222,0
DA:224,0
DA:225,0
DA:226,0
DA:227,0
DA:228,0
DA:229,0
DA:230,0
DA:231,0
DA:232,0
DA:233,0
DA:234,0
DA:238,0
DA:239,0
DA:240,0
DA:241,0
DA:242,0
DA:244,0
DA:248,0
DA:249,0
DA:250,0
DA:251,0
DA:252,0
DA:253,0
DA:256,0
DA:257,0
DA:260,0
DA:262,0
DA:263,0
DA:264,0
DA:268,0
DA:269,0
DA:270,0
DA:271,0
DA:272,0
DA:275,0
DA:276,0
DA:282,0
DA:283,0
DA:287,0
DA:289,0
DA:290,0
DA:294,0
DA:295,0
DA:296,0
DA:297,0
DA:298,0
DA:299,0
DA:300,0
DA:302,0
DA:306,0
DA:312,0
DA:329,0
DA:336,0
DA:338,0
DA:341,0
DA:349,0
DA:351,0
DA:356,0
DA:388,0
DA:453,0
DA:466,0
DA:475,0
DA:494,0
DA:504,0
DA:527,0
DA:529,0
DA:536,0
DA:544,0
DA:546,0
DA:550,0
DA:562,0
DA:564,0
DA:568,0
DA:579,0
DA:582,0
DA:591,0
DA:594,0
DA:604,0
DA:606,0
DA:610,0
DA:625,0
DA:644,0
DA:648,0
DA:650,0
DA:662,0
DA:668,0
DA:674,0
DA:676,0
DA:682,0
DA:687,0
DA:693,0
DA:698,0
DA:709,0
DA:896,0
DA:898,0
DA:936,0
DA:942,0
DA:978,0
DA:984,0
DA:1020,0
DA:1026,0
DA:1056,0
DA:1084,0
DA:1122,0
DA:1125,0
DA:1126,0
DA:1127,0
DA:1132,0
DA:1144,0
LF:191
LH:0
BRDA:50,0,0,0
BRDA:50,0,1,0
BRDA:50,1,0,0
BRDA:50,1,1,0
BRDA:54,2,0,0
BRDA:54,2,1,0
BRDA:68,3,0,0
BRDA:68,3,1,0
BRDA:74,4,0,0
BRDA:74,4,1,0
BRDA:75,5,0,0
BRDA:75,5,1,0
BRDA:79,6,0,0
BRDA:79,6,1,0
BRDA:79,7,0,0
BRDA:79,7,1,0
BRDA:107,8,0,0
BRDA:107,8,1,0
BRDA:109,9,0,0
BRDA:109,9,1,0
BRDA:128,10,0,0
BRDA:128,10,1,0
BRDA:162,11,0,0
BRDA:162,11,1,0
BRDA:174,12,0,0
BRDA:174,12,1,0
BRDA:176,13,0,0
BRDA:176,13,1,0
BRDA:177,14,0,0
BRDA:177,14,1,0
BRDA:177,14,2,0
BRDA:177,14,3,0
BRDA:178,15,0,0
BRDA:178,15,1,0
BRDA:178,15,2,0
BRDA:178,15,3,0
BRDA:179,16,0,0
BRDA:179,16,1,0
BRDA:179,16,2,0
BRDA:179,16,3,0
BRDA:180,17,0,0
BRDA:180,17,1,0
BRDA:180,17,2,0
BRDA:184,18,0,0
BRDA:184,18,1,0
BRDA:191,19,0,0
BRDA:191,19,1,0
BRDA:191,20,0,0
BRDA:191,20,1,0
BRDA:203,21,0,0
BRDA:203,21,1,0
BRDA:214,22,0,0
BRDA:214,22,1,0
BRDA:215,23,0,0
BRDA:215,23,1,0
BRDA:216,24,0,0
BRDA:216,24,1,0
BRDA:220,25,0,0
BRDA:220,25,1,0
BRDA:221,26,0,0
BRDA:221,26,1,0
BRDA:224,27,0,0
BRDA:224,27,1,0
BRDA:225,28,0,0
BRDA:225,28,1,0
BRDA:226,29,0,0
BRDA:226,29,1,0
BRDA:227,30,0,0
BRDA:227,30,1,0
BRDA:228,31,0,0
BRDA:228,31,1,0
BRDA:232,32,0,0
BRDA:232,32,1,0
BRDA:233,33,0,0
BRDA:233,33,1,0
BRDA:251,34,0,0
BRDA:251,34,1,0
BRDA:253,35,0,0
BRDA:253,35,1,0
BRDA:266,36,0,0
BRDA:266,36,1,0
BRDA:275,37,0,0
BRDA:275,37,1,0
BRDA:275,38,0,0
BRDA:275,38,1,0
BRDA:289,39,0,0
BRDA:289,39,1,0
BRDA:289,39,2,0
BRDA:300,40,0,0
BRDA:300,40,1,0
BRDA:306,41,0,0
BRDA:306,41,1,0
BRDA:312,42,0,0
BRDA:312,42,1,0
BRDA:336,43,0,0
BRDA:336,43,1,0
BRDA:343,44,0,0
BRDA:343,44,1,0
BRDA:343,45,0,0
BRDA:343,45,1,0
BRDA:362,46,0,0
BRDA:362,46,1,0
BRDA:362,46,2,0
BRDA:418,47,0,0
BRDA:418,47,1,0
BRDA:436,48,0,0
BRDA:436,48,1,0
BRDA:441,49,0,0
BRDA:441,49,1,0
BRDA:442,50,0,0
BRDA:442,50,1,0
BRDA:443,51,0,0
BRDA:443,51,1,0
BRDA:448,52,0,0
BRDA:448,52,1,0
BRDA:450,53,0,0
BRDA:450,53,1,0
BRDA:473,54,0,0
BRDA:473,54,1,0
BRDA:478,55,0,0
BRDA:478,55,1,0
BRDA:506,56,0,0
BRDA:506,56,1,0
BRDA:516,57,0,0
BRDA:516,57,1,0
BRDA:517,58,0,0
BRDA:517,58,1,0
BRDA:528,59,0,0
BRDA:528,59,1,0
BRDA:535,60,0,0
BRDA:535,60,1,0
BRDA:536,61,0,0
BRDA:536,61,1,0
BRDA:543,62,0,0
BRDA:543,62,1,0
BRDA:561,63,0,0
BRDA:561,63,1,0
BRDA:578,64,0,0
BRDA:578,64,1,0
BRDA:590,65,0,0
BRDA:590,65,1,0
BRDA:603,66,0,0
BRDA:603,66,1,0
BRDA:618,67,0,0
BRDA:618,67,1,0
BRDA:618,67,2,0
BRDA:623,68,0,0
BRDA:623,68,1,0
BRDA:637,69,0,0
BRDA:637,69,1,0
BRDA:637,69,2,0
BRDA:642,70,0,0
BRDA:642,70,1,0
BRDA:644,71,0,0
BRDA:644,71,1,0
BRDA:648,72,0,0
BRDA:648,72,1,0
BRDA:648,72,2,0
BRDA:648,72,3,0
BRDA:648,72,4,0
BRDA:661,73,0,0
BRDA:661,73,1,0
BRDA:662,74,0,0
BRDA:662,74,1,0
BRDA:667,75,0,0
BRDA:667,75,1,0
BRDA:668,76,0,0
BRDA:668,76,1,0
BRDA:675,77,0,0
BRDA:675,77,1,0
BRDA:681,78,0,0
BRDA:681,78,1,0
BRDA:686,79,0,0
BRDA:686,79,1,0
BRDA:692,80,0,0
BRDA:692,80,1,0
BRDA:697,81,0,0
BRDA:697,81,1,0
BRDA:708,82,0,0
BRDA:708,82,1,0
BRDA:719,83,0,0
BRDA:719,83,1,0
BRDA:737,84,0,0
BRDA:737,84,1,0
BRDA:739,85,0,0
BRDA:739,85,1,0
BRDA:744,86,0,0
BRDA:744,86,1,0
BRDA:749,87,0,0
BRDA:749,87,1,0
BRDA:754,88,0,0
BRDA:754,88,1,0
BRDA:759,89,0,0
BRDA:759,89,1,0
BRDA:768,90,0,0
BRDA:768,90,1,0
BRDA:768,90,2,0
BRDA:768,90,3,0
BRDA:768,90,4,0
BRDA:772,91,0,0
BRDA:772,91,1,0
BRDA:777,92,0,0
BRDA:777,92,1,0
BRDA:782,93,0,0
BRDA:782,93,1,0
BRDA:787,94,0,0
BRDA:787,94,1,0
BRDA:797,95,0,0
BRDA:797,95,1,0
BRDA:797,95,2,0
BRDA:797,95,3,0
BRDA:797,95,4,0
BRDA:800,96,0,0
BRDA:800,96,1,0
BRDA:800,97,0,0
BRDA:800,97,1,0
BRDA:801,98,0,0
BRDA:801,98,1,0
BRDA:806,99,0,0
BRDA:806,99,1,0
BRDA:812,100,0,0
BRDA:812,100,1,0
BRDA:818,101,0,0
BRDA:818,101,1,0
BRDA:828,102,0,0
BRDA:828,102,1,0
BRDA:828,102,2,0
BRDA:832,103,0,0
BRDA:832,103,1,0
BRDA:838,104,0,0
BRDA:838,104,1,0
BRDA:849,105,0,0
BRDA:849,105,1,0
BRDA:849,105,2,0
BRDA:853,106,0,0
BRDA:853,106,1,0
BRDA:858,107,0,0
BRDA:858,107,1,0
BRDA:864,108,0,0
BRDA:864,108,1,0
BRDA:869,109,0,0
BRDA:869,109,1,0
BRDA:883,110,0,0
BRDA:883,110,1,0
BRDA:886,111,0,0
BRDA:886,111,1,0
BRDA:888,112,0,0
BRDA:888,112,1,0
BRDA:911,113,0,0
BRDA:911,113,1,0
BRDA:922,114,0,0
BRDA:922,114,1,0
BRDA:923,115,0,0
BRDA:923,115,1,0
BRDA:926,116,0,0
BRDA:926,116,1,0
BRDA:948,117,0,0
BRDA:948,117,1,0
BRDA:952,118,0,0
BRDA:952,118,1,0
BRDA:952,119,0,0
BRDA:952,119,1,0
BRDA:964,120,0,0
BRDA:964,120,1,0
BRDA:965,121,0,0
BRDA:965,121,1,0
BRDA:968,122,0,0
BRDA:968,122,1,0
BRDA:985,123,0,0
BRDA:985,123,1,0
BRDA:986,124,0,0
BRDA:986,124,1,0
BRDA:987,125,0,0
BRDA:987,125,1,0
BRDA:988,126,0,0
BRDA:988,126,1,0
BRDA:991,127,0,0
BRDA:991,127,1,0
BRDA:991,128,0,0
BRDA:991,128,1,0
BRDA:993,129,0,0
BRDA:993,129,1,0
BRDA:1006,130,0,0
BRDA:1006,130,1,0
BRDA:1007,131,0,0
BRDA:1007,131,1,0
BRDA:1010,132,0,0
BRDA:1010,132,1,0
BRDA:1029,133,0,0
BRDA:1029,133,1,0
BRDA:1032,134,0,0
BRDA:1032,134,1,0
BRDA:1034,135,0,0
BRDA:1034,135,1,0
BRDA:1046,136,0,0
BRDA:1046,136,1,0
BRDA:1047,137,0,0
BRDA:1047,137,1,0
BRDA:1050,138,0,0
BRDA:1050,138,1,0
BRDA:1060,139,0,0
BRDA:1060,139,1,0
BRDA:1060,140,0,0
BRDA:1060,140,1,0
BRDA:1073,141,0,0
BRDA:1073,141,1,0
BRDA:1076,142,0,0
BRDA:1076,142,1,0
BRDA:1088,143,0,0
BRDA:1088,143,1,0
BRDA:1091,144,0,0
BRDA:1091,144,1,0
BRDA:1092,145,0,0
BRDA:1092,145,1,0
BRDA:1093,146,0,0
BRDA:1093,146,1,0
BRDA:1097,147,0,0
BRDA:1097,147,1,0
BRDA:1102,148,0,0
BRDA:1102,148,1,0
BRDA:1119,149,0,0
BRDA:1119,149,1,0
BRDA:1126,150,0,0
BRDA:1126,150,1,0
BRDA:1134,151,0,0
BRDA:1134,151,1,0
BRDA:1138,152,0,0
BRDA:1138,152,1,0
BRDA:1140,153,0,0
BRDA:1140,153,1,0
BRDA:1147,154,0,0
BRDA:1147,154,1,0
BRDA:1150,155,0,0
BRDA:1150,155,1,0
BRF:334
BRH:0
end_of_record
TN:
SF:src\pages\Employees.jsx
FN:71,(anonymous_0)
FN:72,(anonymous_1)
FN:89,(anonymous_2)
FN:97,(anonymous_3)
FN:128,(anonymous_4)
FN:133,(anonymous_5)
FN:141,(anonymous_6)
FN:142,(anonymous_7)
FN:149,(anonymous_8)
FN:162,(anonymous_9)
FN:163,(anonymous_10)
FN:176,(anonymous_11)
FN:184,(anonymous_12)
FN:185,(anonymous_13)
FN:206,(anonymous_14)
FN:211,(anonymous_15)
FN:231,(anonymous_16)
FN:238,(anonymous_17)
FN:238,(anonymous_18)
FN:241,(anonymous_19)
FN:254,(anonymous_20)
FN:259,(anonymous_21)
FN:264,(anonymous_22)
FN:264,(anonymous_23)
FN:269,(anonymous_24)
FN:276,(anonymous_25)
FN:276,(anonymous_26)
FN:281,(anonymous_27)
FN:285,(anonymous_28)
FN:285,(anonymous_29)
FN:287,(anonymous_30)
FN:296,(anonymous_31)
FN:322,(anonymous_32)
FN:322,(anonymous_33)
FN:326,(anonymous_34)
FN:326,(anonymous_35)
FN:352,(anonymous_36)
FN:357,(anonymous_37)
FN:366,(anonymous_38)
FN:366,(anonymous_39)
FN:377,(anonymous_40)
FN:377,(anonymous_41)
FN:380,(anonymous_42)
FN:381,(anonymous_43)
FN:399,(anonymous_44)
FN:435,(anonymous_45)
FN:446,(anonymous_46)
FN:451,(anonymous_47)
FN:455,(anonymous_48)
FN:461,(anonymous_49)
FN:475,(anonymous_50)
FN:479,(anonymous_51)
FN:483,(anonymous_52)
FN:486,(anonymous_53)
FN:487,(anonymous_54)
FN:489,(anonymous_55)
FN:489,(anonymous_56)
FN:490,(anonymous_57)
FN:491,(anonymous_58)
FN:498,(anonymous_59)
FN:520,(anonymous_60)
FN:522,(anonymous_61)
FN:527,(anonymous_62)
FN:528,(anonymous_63)
FN:530,(anonymous_64)
FN:530,(anonymous_65)
FN:533,(anonymous_66)
FN:536,(anonymous_67)
FN:543,(anonymous_68)
FN:558,(anonymous_69)
FN:559,(anonymous_70)
FN:559,(anonymous_71)
FN:583,(anonymous_72)
FN:638,(anonymous_73)
FN:640,(anonymous_74)
FN:643,(anonymous_75)
FN:712,(anonymous_76)
FN:712,(anonymous_77)
FN:713,(anonymous_78)
FN:714,(anonymous_79)
FN:727,(anonymous_80)
FN:735,(anonymous_81)
FN:763,(anonymous_82)
FN:765,(anonymous_83)
FN:774,(anonymous_84)
FN:777,(anonymous_85)
FN:789,(anonymous_86)
FN:790,(anonymous_87)
FN:798,(anonymous_88)
FN:803,(anonymous_89)
FN:804,(anonymous_90)
FN:805,(anonymous_91)
FN:808,(anonymous_92)
FN:809,(anonymous_93)
FN:811,(anonymous_94)
FN:815,(anonymous_95)
FN:815,(anonymous_96)
FN:817,(anonymous_97)
FN:821,(anonymous_98)
FN:821,(anonymous_99)
FN:821,(anonymous_100)
FN:839,(anonymous_101)
FN:839,(anonymous_102)
FN:848,(anonymous_103)
FN:853,(anonymous_104)
FN:863,(anonymous_105)
FN:863,(anonymous_106)
FN:901,(anonymous_107)
FN:902,(anonymous_108)
FN:955,(anonymous_109)
FN:957,(anonymous_110)
FN:966,(anonymous_111)
FN:976,(anonymous_112)
FN:982,(anonymous_113)
FN:983,(anonymous_114)
FN:984,(anonymous_115)
FN:987,(anonymous_116)
FN:988,(anonymous_117)
FN:989,(anonymous_118)
FN:990,(anonymous_119)
FN:997,(anonymous_120)
FN:998,(anonymous_121)
FN:1000,(anonymous_122)
FN:1003,(anonymous_123)
FN:1004,(anonymous_124)
FN:1005,(anonymous_125)
FN:1006,(anonymous_126)
FN:1007,(anonymous_127)
FN:1052,(anonymous_128)
FN:1104,(anonymous_129)
FN:1147,(anonymous_130)
FN:1149,(anonymous_131)
FN:1175,(anonymous_132)
FN:1176,(anonymous_133)
FN:1176,(anonymous_134)
FN:1178,(anonymous_135)
FN:1180,(anonymous_136)
FN:1188,(anonymous_137)
FN:1191,(anonymous_138)
FN:1197,(anonymous_139)
FN:1201,(anonymous_140)
FN:1201,(anonymous_141)
FN:1209,(anonymous_142)
FN:1216,(anonymous_143)
FN:1279,(anonymous_144)
FN:1283,(anonymous_145)
FN:1312,(anonymous_146)
FN:1313,(anonymous_147)
FN:1352,(anonymous_148)
FN:1359,(anonymous_149)
FN:1360,(anonymous_150)
FN:1361,(anonymous_151)
FN:1364,(anonymous_152)
FN:1367,(anonymous_153)
FN:1368,(anonymous_154)
FN:1369,(anonymous_155)
FN:1369,(anonymous_156)
FN:1370,(anonymous_157)
FN:1370,(anonymous_158)
FN:1373,(anonymous_159)
FN:1377,(anonymous_160)
FN:1379,(anonymous_161)
FN:1383,(anonymous_162)
FN:1392,(anonymous_163)
FN:1395,(anonymous_164)
FN:1396,(anonymous_165)
FN:1396,(anonymous_166)
FN:1397,(anonymous_167)
FN:1397,(anonymous_168)
FN:1397,(anonymous_169)
FN:1398,(anonymous_170)
FN:1398,(anonymous_171)
FN:1398,(anonymous_172)
FN:1401,(anonymous_173)
FN:1417,(anonymous_174)
FN:1429,(anonymous_175)
FN:1463,(anonymous_176)
FN:1483,(anonymous_177)
FN:1488,(anonymous_178)
FN:1505,(anonymous_179)
FN:1513,(anonymous_180)
FN:1524,(anonymous_181)
FN:1526,(anonymous_182)
FN:1530,(anonymous_183)
FN:1573,(anonymous_184)
FN:1581,(anonymous_185)
FN:1626,(anonymous_186)
FN:1628,(anonymous_187)
FN:1675,(anonymous_188)
FN:1678,(anonymous_189)
FN:1721,(anonymous_190)
FN:1723,(anonymous_191)
FN:1730,(anonymous_192)
FN:1739,(anonymous_193)
FN:1744,(anonymous_194)
FN:1753,(anonymous_195)
FN:1765,(anonymous_196)
FN:1777,(anonymous_197)
FNF:198
FNH:0
FNDA:0,(anonymous_0)
FNDA:0,(anonymous_1)
FNDA:0,(anonymous_2)
FNDA:0,(anonymous_3)
FNDA:0,(anonymous_4)
FNDA:0,(anonymous_5)
FNDA:0,(anonymous_6)
FNDA:0,(anonymous_7)
FNDA:0,(anonymous_8)
FNDA:0,(anonymous_9)
FNDA:0,(anonymous_10)
FNDA:0,(anonymous_11)
FNDA:0,(anonymous_12)
FNDA:0,(anonymous_13)
FNDA:0,(anonymous_14)
FNDA:0,(anonymous_15)
FNDA:0,(anonymous_16)
FNDA:0,(anonymous_17)
FNDA:0,(anonymous_18)
FNDA:0,(anonymous_19)
FNDA:0,(anonymous_20)
FNDA:0,(anonymous_21)
FNDA:0,(anonymous_22)
FNDA:0,(anonymous_23)
FNDA:0,(anonymous_24)
FNDA:0,(anonymous_25)
FNDA:0,(anonymous_26)
FNDA:0,(anonymous_27)
FNDA:0,(anonymous_28)
FNDA:0,(anonymous_29)
FNDA:0,(anonymous_30)
FNDA:0,(anonymous_31)
FNDA:0,(anonymous_32)
FNDA:0,(anonymous_33)
FNDA:0,(anonymous_34)
FNDA:0,(anonymous_35)
FNDA:0,(anonymous_36)
FNDA:0,(anonymous_37)
FNDA:0,(anonymous_38)
FNDA:0,(anonymous_39)
FNDA:0,(anonymous_40)
FNDA:0,(anonymous_41)
FNDA:0,(anonymous_42)
FNDA:0,(anonymous_43)
FNDA:0,(anonymous_44)
FNDA:0,(anonymous_45)
FNDA:0,(anonymous_46)
FNDA:0,(anonymous_47)
FNDA:0,(anonymous_48)
FNDA:0,(anonymous_49)
FNDA:0,(anonymous_50)
FNDA:0,(anonymous_51)
FNDA:0,(anonymous_52)
FNDA:0,(anonymous_53)
FNDA:0,(anonymous_54)
FNDA:0,(anonymous_55)
FNDA:0,(anonymous_56)
FNDA:0,(anonymous_57)
FNDA:0,(anonymous_58)
FNDA:0,(anonymous_59)
FNDA:0,(anonymous_60)
FNDA:0,(anonymous_61)
FNDA:0,(anonymous_62)
FNDA:0,(anonymous_63)
FNDA:0,(anonymous_64)
FNDA:0,(anonymous_65)
FNDA:0,(anonymous_66)
FNDA:0,(anonymous_67)
FNDA:0,(anonymous_68)
FNDA:0,(anonymous_69)
FNDA:0,(anonymous_70)
FNDA:0,(anonymous_71)
FNDA:0,(anonymous_72)
FNDA:0,(anonymous_73)
FNDA:0,(anonymous_74)
FNDA:0,(anonymous_75)
FNDA:0,(anonymous_76)
FNDA:0,(anonymous_77)
FNDA:0,(anonymous_78)
FNDA:0,(anonymous_79)
FNDA:0,(anonymous_80)
FNDA:0,(anonymous_81)
FNDA:0,(anonymous_82)
FNDA:0,(anonymous_83)
FNDA:0,(anonymous_84)
FNDA:0,(anonymous_85)
FNDA:0,(anonymous_86)
FNDA:0,(anonymous_87)
FNDA:0,(anonymous_88)
FNDA:0,(anonymous_89)
FNDA:0,(anonymous_90)
FNDA:0,(anonymous_91)
FNDA:0,(anonymous_92)
FNDA:0,(anonymous_93)
FNDA:0,(anonymous_94)
FNDA:0,(anonymous_95)
FNDA:0,(anonymous_96)
FNDA:0,(anonymous_97)
FNDA:0,(anonymous_98)
FNDA:0,(anonymous_99)
FNDA:0,(anonymous_100)
FNDA:0,(anonymous_101)
FNDA:0,(anonymous_102)
FNDA:0,(anonymous_103)
FNDA:0,(anonymous_104)
FNDA:0,(anonymous_105)
FNDA:0,(anonymous_106)
FNDA:0,(anonymous_107)
FNDA:0,(anonymous_108)
FNDA:0,(anonymous_109)
FNDA:0,(anonymous_110)
FNDA:0,(anonymous_111)
FNDA:0,(anonymous_112)
FNDA:0,(anonymous_113)
FNDA:0,(anonymous_114)
FNDA:0,(anonymous_115)
FNDA:0,(anonymous_116)
FNDA:0,(anonymous_117)
FNDA:0,(anonymous_118)
FNDA:0,(anonymous_119)
FNDA:0,(anonymous_120)
FNDA:0,(anonymous_121)
FNDA:0,(anonymous_122)
FNDA:0,(anonymous_123)
FNDA:0,(anonymous_124)
FNDA:0,(anonymous_125)
FNDA:0,(anonymous_126)
FNDA:0,(anonymous_127)
FNDA:0,(anonymous_128)
FNDA:0,(anonymous_129)
FNDA:0,(anonymous_130)
FNDA:0,(anonymous_131)
FNDA:0,(anonymous_132)
FNDA:0,(anonymous_133)
FNDA:0,(anonymous_134)
FNDA:0,(anonymous_135)
FNDA:0,(anonymous_136)
FNDA:0,(anonymous_137)
FNDA:0,(anonymous_138)
FNDA:0,(anonymous_139)
FNDA:0,(anonymous_140)
FNDA:0,(anonymous_141)
FNDA:0,(anonymous_142)
FNDA:0,(anonymous_143)
FNDA:0,(anonymous_144)
FNDA:0,(anonymous_145)
FNDA:0,(anonymous_146)
FNDA:0,(anonymous_147)
FNDA:0,(anonymous_148)
FNDA:0,(anonymous_149)
FNDA:0,(anonymous_150)
FNDA:0,(anonymous_151)
FNDA:0,(anonymous_152)
FNDA:0,(anonymous_153)
FNDA:0,(anonymous_154)
FNDA:0,(anonymous_155)
FNDA:0,(anonymous_156)
FNDA:0,(anonymous_157)
FNDA:0,(anonymous_158)
FNDA:0,(anonymous_159)
FNDA:0,(anonymous_160)
FNDA:0,(anonymous_161)
FNDA:0,(anonymous_162)
FNDA:0,(anonymous_163)
FNDA:0,(anonymous_164)
FNDA:0,(anonymous_165)
FNDA:0,(anonymous_166)
FNDA:0,(anonymous_167)
FNDA:0,(anonymous_168)
FNDA:0,(anonymous_169)
FNDA:0,(anonymous_170)
FNDA:0,(anonymous_171)
FNDA:0,(anonymous_172)
FNDA:0,(anonymous_173)
FNDA:0,(anonymous_174)
FNDA:0,(anonymous_175)
FNDA:0,(anonymous_176)
FNDA:0,(anonymous_177)
FNDA:0,(anonymous_178)
FNDA:0,(anonymous_179)
FNDA:0,(anonymous_180)
FNDA:0,(anonymous_181)
FNDA:0,(anonymous_182)
FNDA:0,(anonymous_183)
FNDA:0,(anonymous_184)
FNDA:0,(anonymous_185)
FNDA:0,(anonymous_186)
FNDA:0,(anonymous_187)
FNDA:0,(anonymous_188)
FNDA:0,(anonymous_189)
FNDA:0,(anonymous_190)
FNDA:0,(anonymous_191)
FNDA:0,(anonymous_192)
FNDA:0,(anonymous_193)
FNDA:0,(anonymous_194)
FNDA:0,(anonymous_195)
FNDA:0,(anonymous_196)
FNDA:0,(anonymous_197)
DA:43,0
DA:45,0
DA:48,0
DA:53,0
DA:54,0
DA:55,0
DA:56,0
DA:57,0
DA:59,0
DA:71,0
DA:72,0
DA:73,0
DA:74,0
DA:80,0
DA:81,0
DA:82,0
DA:83,0
DA:84,0
DA:85,0
DA:86,0
DA:87,0
DA:89,0
DA:90,0
DA:97,0
DA:98,0
DA:128,0
DA:129,0
DA:130,0
DA:131,0
DA:133,0
DA:134,0
DA:135,0
DA:136,0
DA:137,0
DA:138,0
DA:141,0
DA:142,0
DA:143,0
DA:144,0
DA:145,0
DA:146,0
DA:147,0
DA:149,0
DA:151,0
DA:162,0
DA:163,0
DA:177,0
DA:184,0
DA:185,0
DA:206,0
DA:211,0
DA:231,0
DA:232,0
DA:238,0
DA:241,0
DA:254,0
DA:256,0
DA:257,0
DA:259,0
DA:260,0
DA:264,0
DA:269,0
DA:270,0
DA:276,0
DA:281,0
DA:282,0
DA:285,0
DA:287,0
DA:292,0
DA:294,0
DA:296,0
DA:322,0
DA:326,0
DA:352,0
DA:357,0
DA:366,0
DA:377,0
DA:380,0
DA:382,0
DA:399,0
DA:435,0
DA:436,0
DA:437,0
DA:438,0
DA:439,0
DA:440,0
DA:441,0
DA:442,0
DA:443,0
DA:444,0
DA:446,0
DA:447,0
DA:448,0
DA:451,0
DA:452,0
DA:455,0
DA:456,0
DA:457,0
DA:458,0
DA:459,0
DA:460,0
DA:461,0
DA:465,0
DA:466,0
DA:468,0
DA:470,0
DA:471,0
DA:475,0
DA:476,0
DA:477,0
DA:478,0
DA:479,0
DA:482,0
DA:484,0
DA:486,0
DA:487,0
DA:489,0
DA:490,0
DA:491,0
DA:496,0
DA:497,0
DA:498,0
DA:499,0
DA:500,0
DA:507,0
DA:510,0
DA:511,0
DA:513,0
DA:514,0
DA:516,0
DA:520,0
DA:522,0
DA:523,0
DA:524,0
DA:525,0
DA:527,0
DA:528,0
DA:530,0
DA:533,0
DA:534,0
DA:535,0
DA:536,0
DA:537,0
DA:538,0
DA:540,0
DA:541,0
DA:543,0
DA:544,0
DA:555,0
DA:558,0
DA:559,0
DA:560,0
DA:562,0
DA:563,0
DA:568,0
DA:583,0
DA:639,0
DA:640,0
DA:641,0
DA:642,0
DA:643,0
DA:644,0
DA:645,0
DA:646,0
DA:712,0
DA:713,0
DA:715,0
DA:716,0
DA:727,0
DA:735,0
DA:763,0
DA:765,0
DA:774,0
DA:777,0
DA:778,0
DA:779,0
DA:780,0
DA:781,0
DA:782,0
DA:783,0
DA:784,0
DA:786,0
DA:789,0
DA:790,0
DA:791,0
DA:792,0
DA:793,0
DA:794,0
DA:795,0
DA:796,0
DA:798,0
DA:799,0
DA:800,0
DA:801,0
DA:802,0
DA:803,0
DA:804,0
DA:805,0
DA:808,0
DA:809,0
DA:810,0
DA:811,0
DA:814,0
DA:815,0
DA:817,0
DA:820,0
DA:821,0
DA:825,0
DA:831,0
DA:839,0
DA:849,0
DA:853,0
DA:863,0
DA:902,0
DA:903,0
DA:904,0
DA:955,0
DA:957,0
DA:966,0
DA:967,0
DA:968,0
DA:969,0
DA:970,0
DA:971,0
DA:973,0
DA:974,0
DA:976,0
DA:977,0
DA:978,0
DA:979,0
DA:980,0
DA:981,0
DA:982,0
DA:983,0
DA:984,0
DA:985,0
DA:986,0
DA:987,0
DA:988,0
DA:989,0
DA:990,0
DA:992,0
DA:993,0
DA:997,0
DA:998,0
DA:999,0
DA:1000,0
DA:1003,0
DA:1004,0
DA:1005,0
DA:1006,0
DA:1007,0
DA:1008,0
DA:1011,0
DA:1017,0
DA:1053,0
DA:1054,0
DA:1055,0
DA:1056,0
DA:1057,0
DA:1058,0
DA:1059,0
DA:1105,0
DA:1147,0
DA:1149,0
DA:1158,0
DA:1167,0
DA:1168,0
DA:1169,0
DA:1170,0
DA:1171,0
DA:1172,0
DA:1173,0
DA:1175,0
DA:1176,0
DA:1178,0
DA:1179,0
DA:1180,0
DA:1181,0
DA:1182,0
DA:1183,0
DA:1185,0
DA:1188,0
DA:1189,0
DA:1191,0
DA:1192,0
DA:1195,0
DA:1196,0
DA:1197,0
DA:1201,0
DA:1203,0
DA:1210,0
DA:1211,0
DA:1212,0
DA:1213,0
DA:1216,0
DA:1280,0
DA:1283,0
DA:1312,0
DA:1313,0
DA:1314,0
DA:1317,0
DA:1318,0
DA:1319,0
DA:1320,0
DA:1321,0
DA:1322,0
DA:1323,0
DA:1324,0
DA:1325,0
DA:1326,0
DA:1327,0
DA:1330,0
DA:1331,0
DA:1332,0
DA:1333,0
DA:1336,0
DA:1339,0
DA:1340,0
DA:1341,0
DA:1342,0
DA:1344,0
DA:1350,0
DA:1352,0
DA:1353,0
DA:1354,0
DA:1357,0
DA:1358,0
DA:1359,0
DA:1360,0
DA:1361,0
DA:1364,0
DA:1367,0
DA:1368,0
DA:1369,0
DA:1370,0
DA:1372,0
DA:1373,0
DA:1377,0
DA:1378,0
DA:1379,0
DA:1380,0
DA:1383,0
DA:1384,0
DA:1385,0
DA:1386,0
DA:1392,0
DA:1395,0
DA:1396,0
DA:1397,0
DA:1398,0
DA:1401,0
DA:1402,0
DA:1403,0
DA:1404,0
DA:1405,0
DA:1406,0
DA:1407,0
DA:1408,0
DA:1410,0
DA:1412,0
DA:1417,0
DA:1418,0
DA:1419,0
DA:1420,0
DA:1421,0
DA:1422,0
DA:1424,0
DA:1429,0
DA:1430,0
DA:1431,0
DA:1432,0
DA:1433,0
DA:1434,0
DA:1435,0
DA:1436,0
DA:1445,0
DA:1446,0
DA:1448,0
DA:1450,0
DA:1454,0
DA:1455,0
DA:1459,0
DA:1463,0
DA:1483,0
DA:1488,0
DA:1505,0
DA:1513,0
DA:1524,0
DA:1526,0
DA:1530,0
DA:1574,0
DA:1575,0
DA:1576,0
DA:1577,0
DA:1579,0
DA:1581,0
DA:1626,0
DA:1628,0
DA:1676,0
DA:1678,0
DA:1721,0
DA:1723,0
DA:1730,0
DA:1739,0
DA:1744,0
DA:1753,0
DA:1765,0
DA:1777,0
LF:409
LH:0
BRDA:71,0,0,0
BRDA:71,0,1,0
BRDA:73,1,0,0
BRDA:73,1,1,0
BRDA:92,2,0,0
BRDA:92,2,1,0
BRDA:114,3,0,0
BRDA:114,3,1,0
BRDA:116,4,0,0
BRDA:116,4,1,0
BRDA:135,5,0,0
BRDA:135,5,1,0
BRDA:136,6,0,0
BRDA:136,6,1,0
BRDA:144,7,0,0
BRDA:144,7,1,0
BRDA:145,8,0,0
BRDA:145,8,1,0
BRDA:145,9,0,0
BRDA:145,9,1,0
BRDA:163,10,0,0
BRDA:163,10,1,0
BRDA:170,11,0,0
BRDA:170,11,1,0
BRDA:178,12,0,0
BRDA:178,12,1,0
BRDA:179,13,0,0
BRDA:179,13,1,0
BRDA:185,14,0,0
BRDA:185,14,1,0
BRDA:185,15,0,0
BRDA:185,15,1,0
BRDA:236,16,0,0
BRDA:236,16,1,0
BRDA:259,17,0,0
BRDA:262,18,0,0
BRDA:262,18,1,0
BRDA:269,19,0,0
BRDA:276,20,0,0
BRDA:276,20,1,0
BRDA:284,21,0,0
BRDA:284,21,1,0
BRDA:303,22,0,0
BRDA:303,22,1,0
BRDA:306,23,0,0
BRDA:306,23,1,0
BRDA:311,24,0,0
BRDA:311,24,1,0
BRDA:315,25,0,0
BRDA:315,25,1,0
BRDA:318,26,0,0
BRDA:318,26,1,0
BRDA:320,27,0,0
BRDA:320,27,1,0
BRDA:327,28,0,0
BRDA:327,28,1,0
BRDA:337,29,0,0
BRDA:337,29,1,0
BRDA:337,29,2,0
BRDA:347,30,0,0
BRDA:347,30,1,0
BRDA:365,31,0,0
BRDA:365,31,1,0
BRDA:376,32,0,0
BRDA:376,32,1,0
BRDA:380,33,0,0
BRDA:380,33,1,0
BRDA:380,33,2,0
BRDA:380,33,3,0
BRDA:391,34,0,0
BRDA:391,34,1,0
BRDA:407,35,0,0
BRDA:407,35,1,0
BRDA:415,36,0,0
BRDA:415,36,1,0
BRDA:422,37,0,0
BRDA:422,37,1,0
BRDA:422,37,2,0
BRDA:447,38,0,0
BRDA:447,38,1,0
BRDA:452,39,0,0
BRDA:452,39,1,0
BRDA:457,40,0,0
BRDA:457,40,1,0
BRDA:457,41,0,0
BRDA:457,41,1,0
BRDA:463,42,0,0
BRDA:463,42,1,0
BRDA:486,43,0,0
BRDA:486,43,1,0
BRDA:486,44,0,0
BRDA:486,44,1,0
BRDA:489,45,0,0
BRDA:489,45,1,0
BRDA:489,46,0,0
BRDA:489,46,1,0
BRDA:489,46,2,0
BRDA:499,47,0,0
BRDA:499,47,1,0
BRDA:499,47,2,0
BRDA:501,48,0,0
BRDA:501,48,1,0
BRDA:502,49,0,0
BRDA:502,49,1,0
BRDA:503,50,0,0
BRDA:503,50,1,0
BRDA:505,51,0,0
BRDA:505,51,1,0
BRDA:505,51,2,0
BRDA:537,52,0,0
BRDA:537,52,1,0
BRDA:538,53,0,0
BRDA:538,53,1,0
BRDA:540,54,0,0
BRDA:540,54,1,0
BRDA:546,55,0,0
BRDA:546,55,1,0
BRDA:546,55,2,0
BRDA:547,56,0,0
BRDA:547,56,1,0
BRDA:547,56,2,0
BRDA:548,57,0,0
BRDA:548,57,1,0
BRDA:548,57,2,0
BRDA:548,57,3,0
BRDA:549,58,0,0
BRDA:549,58,1,0
BRDA:583,59,0,0
BRDA:583,59,1,0
BRDA:596,60,0,0
BRDA:596,60,1,0
BRDA:626,61,0,0
BRDA:626,61,1,0
BRDA:626,62,0,0
BRDA:626,62,1,0
BRDA:632,63,0,0
BRDA:632,63,1,0
BRDA:641,64,0,0
BRDA:641,64,1,0
BRDA:643,65,0,0
BRDA:643,65,1,0
BRDA:644,66,0,0
BRDA:644,66,1,0
BRDA:645,67,0,0
BRDA:645,67,1,0
BRDA:648,68,0,0
BRDA:648,68,1,0
BRDA:649,69,0,0
BRDA:649,69,1,0
BRDA:653,70,0,0
BRDA:653,70,1,0
BRDA:654,71,0,0
BRDA:654,71,1,0
BRDA:657,72,0,0
BRDA:657,72,1,0
BRDA:672,73,0,0
BRDA:672,73,1,0
BRDA:677,74,0,0
BRDA:677,74,1,0
BRDA:689,75,0,0
BRDA:689,75,1,0
BRDA:696,76,0,0
BRDA:696,76,1,0
BRDA:697,77,0,0
BRDA:697,77,1,0
BRDA:701,78,0,0
BRDA:701,78,1,0
BRDA:702,79,0,0
BRDA:702,79,1,0
BRDA:706,80,0,0
BRDA:706,80,1,0
BRDA:707,81,0,0
BRDA:707,81,1,0
BRDA:708,82,0,0
BRDA:708,82,1,0
BRDA:715,83,0,0
BRDA:715,83,1,0
BRDA:716,84,0,0
BRDA:716,84,1,0
BRDA:722,85,0,0
BRDA:722,85,1,0
BRDA:726,86,0,0
BRDA:726,86,1,0
BRDA:727,87,0,0
BRDA:727,87,1,0
BRDA:729,88,0,0
BRDA:729,88,1,0
BRDA:731,89,0,0
BRDA:731,89,1,0
BRDA:742,90,0,0
BRDA:742,90,1,0
BRDA:743,91,0,0
BRDA:743,91,1,0
BRDA:745,92,0,0
BRDA:745,92,1,0
BRDA:745,93,0,0
BRDA:745,93,1,0
BRDA:747,94,0,0
BRDA:747,94,1,0
BRDA:747,95,0,0
BRDA:747,95,1,0
BRDA:774,96,0,0
BRDA:774,96,1,0
BRDA:774,97,0,0
BRDA:774,97,1,0
BRDA:783,98,0,0
BRDA:783,98,1,0
BRDA:799,99,0,0
BRDA:799,99,1,0
BRDA:803,100,0,0
BRDA:803,100,1,0
BRDA:821,101,0,0
BRDA:821,101,1,0
BRDA:825,102,0,0
BRDA:825,102,1,0
BRDA:854,103,0,0
BRDA:854,103,1,0
BRDA:855,104,0,0
BRDA:855,104,1,0
BRDA:856,105,0,0
BRDA:856,105,1,0
BRDA:873,106,0,0
BRDA:873,106,1,0
BRDA:895,107,0,0
BRDA:895,107,1,0
BRDA:902,108,0,0
BRDA:902,108,1,0
BRDA:903,109,0,0
BRDA:903,109,1,0
BRDA:905,110,0,0
BRDA:905,110,1,0
BRDA:922,111,0,0
BRDA:922,111,1,0
BRDA:931,112,0,0
BRDA:931,112,1,0
BRDA:936,113,0,0
BRDA:936,113,1,0
BRDA:941,114,0,0
BRDA:941,114,1,0
BRDA:974,115,0,0
BRDA:974,115,1,0
BRDA:977,116,0,0
BRDA:977,116,1,0
BRDA:980,117,0,0
BRDA:980,117,1,0
BRDA:982,118,0,0
BRDA:982,118,1,0
BRDA:985,119,0,0
BRDA:985,119,1,0
BRDA:985,120,0,0
BRDA:985,120,1,0
BRDA:988,121,0,0
BRDA:988,121,1,0
BRDA:1004,122,0,0
BRDA:1004,122,1,0
BRDA:1005,123,0,0
BRDA:1005,123,1,0
BRDA:1006,124,0,0
BRDA:1006,124,1,0
BRDA:1007,125,0,0
BRDA:1007,125,1,0
BRDA:1011,126,0,0
BRDA:1011,126,1,0
BRDA:1046,127,0,0
BRDA:1046,127,1,0
BRDA:1053,128,0,0
BRDA:1053,128,1,0
BRDA:1054,129,0,0
BRDA:1054,129,1,0
BRDA:1055,130,0,0
BRDA:1055,130,1,0
BRDA:1056,131,0,0
BRDA:1056,131,1,0
BRDA:1057,132,0,0
BRDA:1057,132,1,0
BRDA:1060,133,0,0
BRDA:1060,133,1,0
BRDA:1066,134,0,0
BRDA:1066,134,1,0
BRDA:1074,135,0,0
BRDA:1074,135,1,0
BRDA:1079,136,0,0
BRDA:1079,136,1,0
BRDA:1084,137,0,0
BRDA:1084,137,1,0
BRDA:1089,138,0,0
BRDA:1089,138,1,0
BRDA:1100,139,0,0
BRDA:1100,139,1,0
BRDA:1112,140,0,0
BRDA:1112,140,1,0
BRDA:1130,141,0,0
BRDA:1130,141,1,0
BRDA:1130,142,0,0
BRDA:1130,142,1,0
BRDA:1181,143,0,0
BRDA:1181,143,1,0
BRDA:1182,144,0,0
BRDA:1182,144,1,0
BRDA:1192,145,0,0
BRDA:1192,145,1,0
BRDA:1192,146,0,0
BRDA:1192,146,1,0
BRDA:1195,147,0,0
BRDA:1195,147,1,0
BRDA:1197,148,0,0
BRDA:1197,148,1,0
BRDA:1197,149,0,0
BRDA:1197,149,1,0
BRDA:1210,150,0,0
BRDA:1210,150,1,0
BRDA:1220,151,0,0
BRDA:1220,151,1,0
BRDA:1222,152,0,0
BRDA:1222,152,1,0
BRDA:1224,153,0,0
BRDA:1224,153,1,0
BRDA:1230,154,0,0
BRDA:1230,154,1,0
BRDA:1232,155,0,0
BRDA:1232,155,1,0
BRDA:1237,156,0,0
BRDA:1237,156,1,0
BRDA:1246,157,0,0
BRDA:1246,157,1,0
BRDA:1247,158,0,0
BRDA:1247,158,1,0
BRDA:1259,159,0,0
BRDA:1259,159,1,0
BRDA:1259,159,2,0
BRDA:1268,160,0,0
BRDA:1268,160,1,0
BRDA:1268,160,2,0
BRDA:1270,161,0,0
BRDA:1270,161,1,0
BRDA:1283,162,0,0
BRDA:1283,162,1,0
BRDA:1289,163,0,0
BRDA:1289,163,1,0
BRDA:1290,164,0,0
BRDA:1290,164,1,0
BRDA:1293,165,0,0
BRDA:1293,165,1,0
BRDA:1299,166,0,0
BRDA:1299,166,1,0
BRDA:1299,166,2,0
BRDA:1350,167,0,0
BRDA:1350,167,1,0
BRDA:1354,168,0,0
BRDA:1354,168,1,0
BRDA:1354,169,0,0
BRDA:1354,169,1,0
BRDA:1357,170,0,0
BRDA:1357,170,1,0
BRDA:1369,171,0,0
BRDA:1369,171,1,0
BRDA:1370,172,0,0
BRDA:1370,172,1,0
BRDA:1380,173,0,0
BRDA:1380,173,1,0
BRDA:1384,174,0,0
BRDA:1384,174,1,0
BRDA:1385,175,0,0
BRDA:1385,175,1,0
BRDA:1386,176,0,0
BRDA:1386,176,1,0
BRDA:1386,176,2,0
BRDA:1395,177,0,0
BRDA:1395,177,1,0
BRDA:1396,178,0,0
BRDA:1396,178,1,0
BRDA:1397,179,0,0
BRDA:1397,179,1,0
BRDA:1397,180,0,0
BRDA:1397,180,1,0
BRDA:1398,181,0,0
BRDA:1398,181,1,0
BRDA:1404,182,0,0
BRDA:1404,182,1,0
BRDA:1410,183,0,0
BRDA:1410,183,1,0
BRDA:1420,184,0,0
BRDA:1420,184,1,0
BRDA:1431,185,0,0
BRDA:1431,185,1,0
BRDA:1438,186,0,0
BRDA:1438,186,1,0
BRDA:1439,187,0,0
BRDA:1439,187,1,0
BRDA:1440,188,0,0
BRDA:1440,188,1,0
BRDA:1441,189,0,0
BRDA:1441,189,1,0
BRDA:1442,190,0,0
BRDA:1442,190,1,0
BRDA:1443,191,0,0
BRDA:1443,191,1,0
BRDA:1468,192,0,0
BRDA:1468,192,1,0
BRDA:1470,193,0,0
BRDA:1470,193,1,0
BRDA:1481,194,0,0
BRDA:1481,194,1,0
BRDA:1485,195,0,0
BRDA:1485,195,1,0
BRDA:1496,196,0,0
BRDA:1496,196,1,0
BRDA:1529,197,0,0
BRDA:1529,197,1,0
BRDA:1529,197,2,0
BRDA:1529,197,3,0
BRDA:1561,198,0,0
BRDA:1561,198,1,0
BRDA:1567,199,0,0
BRDA:1567,199,1,0
BRDA:1575,200,0,0
BRDA:1575,200,1,0
BRDA:1577,201,0,0
BRDA:1577,201,1,0
BRDA:1577,201,2,0
BRDA:1581,202,0,0
BRDA:1581,202,1,0
BRDA:1582,203,0,0
BRDA:1582,203,1,0
BRDA:1585,204,0,0
BRDA:1585,204,1,0
BRDA:1594,205,0,0
BRDA:1594,205,1,0
BRDA:1600,206,0,0
BRDA:1600,206,1,0
BRDA:1602,207,0,0
BRDA:1602,207,1,0
BRDA:1603,208,0,0
BRDA:1603,208,1,0
BRDA:1605,209,0,0
BRDA:1605,209,1,0
BRDA:1607,210,0,0
BRDA:1607,210,1,0
BRDA:1608,211,0,0
BRDA:1608,211,1,0
BRDA:1609,212,0,0
BRDA:1609,212,1,0
BRDA:1611,213,0,0
BRDA:1611,213,1,0
BRDA:1615,214,0,0
BRDA:1615,214,1,0
BRDA:1636,215,0,0
BRDA:1636,215,1,0
BRDA:1639,216,0,0
BRDA:1639,216,1,0
BRDA:1642,217,0,0
BRDA:1642,217,1,0
BRDA:1645,218,0,0
BRDA:1645,218,1,0
BRDA:1663,219,0,0
BRDA:1663,219,1,0
BRDA:1669,220,0,0
BRDA:1669,220,1,0
BRDA:1679,221,0,0
BRDA:1679,221,1,0
BRDA:1684,222,0,0
BRDA:1684,222,1,0
BRDA:1697,223,0,0
BRDA:1697,223,1,0
BRDA:1698,224,0,0
BRDA:1698,224,1,0
BRDA:1700,225,0,0
BRDA:1700,225,1,0
BRDA:1704,226,0,0
BRDA:1704,226,1,0
BRDA:1706,227,0,0
BRDA:1706,227,1,0
BRDA:1711,228,0,0
BRDA:1711,228,1,0
BRDA:1746,229,0,0
BRDA:1746,229,1,0
BRDA:1747,230,0,0
BRDA:1747,230,1,0
BRDA:1755,231,0,0
BRDA:1755,231,1,0
BRDA:1759,232,0,0
BRDA:1759,232,1,0
BRDA:1761,233,0,0
BRDA:1761,233,1,0
BRDA:1766,234,0,0
BRDA:1766,234,1,0
BRDA:1768,235,0,0
BRDA:1768,235,1,0
BRDA:1774,236,0,0
BRDA:1774,236,1,0
BRF:490
BRH:0
end_of_record
TN:
SF:src\pages\LeaveUpload.jsx
FN:25,(anonymous_0)
FN:32,(anonymous_1)
FN:35,(anonymous_2)
FN:38,(anonymous_3)
FN:40,(anonymous_4)
FN:65,(anonymous_5)
FN:71,(anonymous_6)
FN:135,(anonymous_7)
FN:136,(anonymous_8)
FN:146,(anonymous_9)
FN:154,(anonymous_10)
FN:176,(anonymous_11)
FN:229,(anonymous_12)
FN:261,(anonymous_13)
FN:351,(anonymous_14)
FNF:15
FNH:0
FNDA:0,(anonymous_0)
FNDA:0,(anonymous_1)
FNDA:0,(anonymous_2)
FNDA:0,(anonymous_3)
FNDA:0,(anonymous_4)
FNDA:0,(anonymous_5)
FNDA:0,(anonymous_6)
FNDA:0,(anonymous_7)
FNDA:0,(anonymous_8)
FNDA:0,(anonymous_9)
FNDA:0,(anonymous_10)
FNDA:0,(anonymous_11)
FNDA:0,(anonymous_12)
FNDA:0,(anonymous_13)
FNDA:0,(anonymous_14)
DA:17,0
DA:25,0
DA:26,0
DA:27,0
DA:28,0
DA:29,0
DA:30,0
DA:32,0
DA:33,0
DA:38,0
DA:40,0
DA:41,0
DA:42,0
DA:43,0
DA:44,0
DA:45,0
DA:47,0
DA:48,0
DA:49,0
DA:50,0
DA:51,0
DA:52,0
DA:53,0
DA:54,0
DA:56,0
DA:59,0
DA:61,0
DA:65,0
DA:66,0
DA:67,0
DA:68,0
DA:71,0
DA:72,0
DA:73,0
DA:74,0
DA:75,0
DA:76,0
DA:77,0
DA:78,0
DA:79,0
DA:81,0
DA:85,0
DA:135,0
DA:136,0
DA:146,0
DA:154,0
DA:176,0
DA:230,0
DA:262,0
DA:352,0
LF:50
LH:0
BRDA:41,0,0,0
BRDA:41,0,1,0
BRDA:43,1,0,0
BRDA:43,1,1,0
BRDA:52,2,0,0
BRDA:52,2,1,0
BRDA:141,3,0,0
BRDA:141,3,1,0
BRDA:142,4,0,0
BRDA:142,4,1,0
BRDA:144,5,0,0
BRDA:144,5,1,0
BRDA:146,6,0,0
BRDA:146,6,1,0
BRDA:156,7,0,0
BRDA:156,7,1,0
BRDA:165,8,0,0
BRDA:165,8,1,0
BRDA:167,9,0,0
BRDA:167,9,1,0
BRDA:186,10,0,0
BRDA:186,10,1,0
BRDA:191,11,0,0
BRDA:191,11,1,0
BRDA:191,12,0,0
BRDA:191,12,1,0
BRDA:191,12,2,0
BRDA:195,13,0,0
BRDA:195,13,1,0
BRDA:208,14,0,0
BRDA:208,14,1,0
BRDA:211,15,0,0
BRDA:211,15,1,0
BRDA:223,16,0,0
BRDA:223,16,1,0
BRDA:242,17,0,0
BRDA:242,17,1,0
BRDA:262,18,0,0
BRDA:262,18,1,0
BRDA:352,19,0,0
BRDA:352,19,1,0
BRF:41
BRH:0
end_of_record
TN:
SF:src\pages\Leaves.jsx
FN:25,(anonymous_0)
FN:26,(anonymous_1)
FN:41,(anonymous_2)
FN:43,(anonymous_3)
FN:51,(anonymous_4)
FN:58,(anonymous_5)
FN:72,(anonymous_6)
FN:73,(anonymous_7)
FN:77,(anonymous_8)
FN:80,(anonymous_9)
FN:86,(anonymous_10)
FN:98,(anonymous_11)
FN:108,(anonymous_12)
FN:114,(anonymous_13)
FN:126,(anonymous_14)
FN:143,(anonymous_15)
FN:150,(anonymous_16)
FN:180,(anonymous_17)
FN:204,(anonymous_18)
FN:231,(anonymous_19)
FN:236,(anonymous_20)
FN:245,(anonymous_21)
FN:247,(anonymous_22)
FN:259,(anonymous_23)
FN:265,(anonymous_24)
FN:270,(anonymous_25)
FN:276,(anonymous_26)
FN:279,(anonymous_27)
FN:282,(anonymous_28)
FN:287,(anonymous_29)
FN:293,(anonymous_30)
FN:299,(anonymous_31)
FN:304,(anonymous_32)
FN:310,(anonymous_33)
FN:313,(anonymous_34)
FN:316,(anonymous_35)
FN:321,(anonymous_36)
FN:327,(anonymous_37)
FN:333,(anonymous_38)
FNF:39
FNH:0
FNDA:0,(anonymous_0)
FNDA:0,(anonymous_1)
FNDA:0,(anonymous_2)
FNDA:0,(anonymous_3)
FNDA:0,(anonymous_4)
FNDA:0,(anonymous_5)
FNDA:0,(anonymous_6)
FNDA:0,(anonymous_7)
FNDA:0,(anonymous_8)
FNDA:0,(anonymous_9)
FNDA:0,(anonymous_10)
FNDA:0,(anonymous_11)
FNDA:0,(anonymous_12)
FNDA:0,(anonymous_13)
FNDA:0,(anonymous_14)
FNDA:0,(anonymous_15)
FNDA:0,(anonymous_16)
FNDA:0,(anonymous_17)
FNDA:0,(anonymous_18)
FNDA:0,(anonymous_19)
FNDA:0,(anonymous_20)
FNDA:0,(anonymous_21)
FNDA:0,(anonymous_22)
FNDA:0,(anonymous_23)
FNDA:0,(anonymous_24)
FNDA:0,(anonymous_25)
FNDA:0,(anonymous_26)
FNDA:0,(anonymous_27)
FNDA:0,(anonymous_28)
FNDA:0,(anonymous_29)
FNDA:0,(anonymous_30)
FNDA:0,(anonymous_31)
FNDA:0,(anonymous_32)
FNDA:0,(anonymous_33)
FNDA:0,(anonymous_34)
FNDA:0,(anonymous_35)
FNDA:0,(anonymous_36)
FNDA:0,(anonymous_37)
FNDA:0,(anonymous_38)
DA:19,0
DA:21,0
DA:25,0
DA:26,0
DA:27,0
DA:28,0
DA:29,0
DA:30,0
DA:31,0
DA:32,0
DA:33,0
DA:34,0
DA:35,0
DA:36,0
DA:37,0
DA:38,0
DA:40,0
DA:41,0
DA:42,0
DA:43,0
DA:44,0
DA:45,0
DA:46,0
DA:47,0
DA:51,0
DA:58,0
DA:59,0
DA:60,0
DA:61,0
DA:62,0
DA:64,0
DA:65,0
DA:68,0
DA:72,0
DA:73,0
DA:74,0
DA:75,0
DA:76,0
DA:77,0
DA:80,0
DA:81,0
DA:82,0
DA:83,0
DA:86,0
DA:87,0
DA:88,0
DA:89,0
DA:90,0
DA:91,0
DA:92,0
DA:94,0
DA:98,0
DA:99,0
DA:100,0
DA:101,0
DA:102,0
DA:104,0
DA:108,0
DA:109,0
DA:110,0
DA:111,0
DA:114,0
DA:115,0
DA:116,0
DA:117,0
DA:118,0
DA:119,0
DA:120,0
DA:122,0
DA:126,0
DA:127,0
DA:128,0
DA:129,0
DA:130,0
DA:131,0
DA:133,0
DA:137,0
DA:139,0
DA:143,0
DA:151,0
DA:180,0
DA:205,0
DA:231,0
DA:236,0
DA:245,0
DA:247,0
DA:259,0
DA:265,0
DA:271,0
DA:276,0
DA:279,0
DA:282,0
DA:287,0
DA:293,0
DA:299,0
DA:305,0
DA:310,0
DA:313,0
DA:316,0
DA:321,0
DA:327,0
DA:333,0
LF:102
LH:0
BRDA:44,0,0,0
BRDA:44,0,1,0
BRDA:45,1,0,0
BRDA:45,1,1,0
BRDA:46,2,0,0
BRDA:46,2,1,0
BRDA:47,3,0,0
BRDA:47,3,1,0
BRDA:47,4,0,0
BRDA:47,4,1,0
BRDA:53,5,0,0
BRDA:53,5,1,0
BRDA:54,6,0,0
BRDA:54,6,1,0
BRDA:59,7,0,0
BRDA:59,7,1,0
BRDA:61,8,0,0
BRDA:61,8,1,0
BRDA:64,9,0,0
BRDA:64,9,1,0
BRDA:76,10,0,0
BRDA:76,10,1,0
BRDA:81,11,0,0
BRDA:81,11,1,0
BRDA:94,12,0,0
BRDA:94,12,1,0
BRDA:122,13,0,0
BRDA:122,13,1,0
BRDA:133,14,0,0
BRDA:133,14,1,0
BRDA:137,15,0,0
BRDA:137,15,1,0
BRDA:165,16,0,0
BRDA:165,16,1,0
BRDA:179,17,0,0
BRDA:179,17,1,0
BRDA:191,18,0,0
BRDA:191,18,1,0
BRDA:202,19,0,0
BRDA:202,19,1,0
BRDA:206,20,0,0
BRDA:206,20,1,0
BRDA:206,21,0,0
BRDA:206,21,1,0
BRDA:207,22,0,0
BRDA:207,22,1,0
BRDA:211,23,0,0
BRDA:211,23,1,0
BRDA:212,24,0,0
BRDA:212,24,1,0
BRDA:225,25,0,0
BRDA:225,25,1,0
BRDA:228,26,0,0
BRDA:228,26,1,0
BRDA:228,26,2,0
BRDA:242,27,0,0
BRDA:242,27,1,0
BRDA:242,27,2,0
BRDA:250,28,0,0
BRDA:250,28,1,0
BRF:60
BRH:0
end_of_record
TN:
SF:src\pages\Login.jsx
FN:19,(anonymous_0)
FN:22,(anonymous_1)
FN:32,(anonymous_2)
FN:46,(anonymous_3)
FN:53,(anonymous_4)
FN:55,(anonymous_5)
FN:58,(anonymous_6)
FN:104,(anonymous_7)
FN:113,(anonymous_8)
FN:119,(anonymous_9)
FN:127,(anonymous_10)
FN:166,(anonymous_11)
FN:167,(anonymous_12)
FNF:13
FNH:13
FNDA:119,(anonymous_0)
FNDA:135,(anonymous_1)
FNDA:2,(anonymous_2)
FNDA:1,(anonymous_3)
FNDA:13,(anonymous_4)
FNDA:13,(anonymous_5)
FNDA:2,(anonymous_6)
FNDA:46,(anonymous_7)
FNDA:27,(anonymous_8)
FNDA:2,(anonymous_9)
FNDA:4,(anonymous_10)
FNDA:17,(anonymous_11)
FNDA:17,(anonymous_12)
DA:19,1
DA:20,119
DA:21,119
DA:22,135
DA:23,119
DA:24,119
DA:26,119
DA:27,119
DA:28,119
DA:29,119
DA:30,119
DA:32,119
DA:33,2
DA:34,2
DA:35,1
DA:36,1
DA:37,1
DA:38,1
DA:40,0
DA:42,1
DA:46,119
DA:47,1
DA:48,1
DA:49,1
DA:50,1
DA:53,119
DA:54,13
DA:55,13
DA:58,119
DA:59,2
DA:60,2
DA:61,2
DA:63,1
DA:64,1
DA:65,1
DA:66,1
DA:73,119
DA:104,46
DA:113,27
DA:119,2
DA:127,4
DA:166,17
DA:167,17
LF:43
LH:42
BRDA:34,0,0,1
BRDA:34,0,1,1
BRDA:40,1,0,0
BRDA:40,1,1,0
BRDA:54,2,0,2
BRDA:54,2,1,11
BRDA:61,3,0,1
BRDA:61,3,1,1
BRDA:99,4,0,119
BRDA:99,4,1,2
BRDA:112,5,0,1
BRDA:112,5,1,118
BRDA:120,6,0,1
BRDA:120,6,1,118
BRDA:134,7,0,2
BRDA:134,7,1,117
BRDA:148,8,0,1
BRDA:148,8,1,118
BRDA:162,9,0,118
BRDA:162,9,1,1
BRDA:167,10,0,17
BRDA:167,10,1,0
BRDA:176,11,0,1
BRDA:176,11,1,118
BRDA:177,12,0,119
BRDA:177,12,1,118
BRDA:179,13,0,1
BRDA:179,13,1,117
BRF:28
BRH:25
end_of_record
TN:
SF:src\pages\OrgChart.jsx
FN:61,(anonymous_0)
FN:88,(anonymous_1)
FN:109,renderChildrenCol
FN:121,(anonymous_3)
FN:133,(anonymous_4)
FN:146,(anonymous_5)
FN:153,(anonymous_6)
FN:163,(anonymous_7)
FN:173,(anonymous_8)
FN:177,(anonymous_9)
FN:181,(anonymous_10)
FN:185,(anonymous_11)
FN:195,(anonymous_12)
FN:197,(anonymous_13)
FN:205,(anonymous_14)
FN:226,(anonymous_15)
FN:232,(anonymous_16)
FN:313,(anonymous_17)
FN:314,(anonymous_18)
FN:316,(anonymous_19)
FN:326,(anonymous_20)
FN:327,(anonymous_21)
FN:330,(anonymous_22)
FN:335,(anonymous_23)
FN:345,(anonymous_24)
FN:371,(anonymous_25)
FN:381,(anonymous_26)
FN:384,(anonymous_27)
FN:385,(anonymous_28)
FN:388,(anonymous_29)
FN:393,(anonymous_30)
FN:403,(anonymous_31)
FN:406,(anonymous_32)
FN:406,(anonymous_33)
FN:412,(anonymous_34)
FN:429,(anonymous_35)
FN:430,(anonymous_36)
FN:432,(anonymous_37)
FN:440,(anonymous_38)
FN:449,(anonymous_39)
FN:465,(anonymous_40)
FN:486,(anonymous_41)
FN:487,(anonymous_42)
FN:489,(anonymous_43)
FN:497,(anonymous_44)
FN:500,(anonymous_45)
FN:506,(anonymous_46)
FN:511,(anonymous_47)
FN:511,(anonymous_48)
FN:519,(anonymous_49)
FN:529,(anonymous_50)
FN:596,(anonymous_51)
FN:605,(anonymous_52)
FN:636,(anonymous_53)
FN:639,(anonymous_54)
FN:645,(anonymous_55)
FN:647,(anonymous_56)
FN:655,(anonymous_57)
FN:660,(anonymous_58)
FN:662,(anonymous_59)
FN:670,(anonymous_60)
FN:672,(anonymous_61)
FN:677,(anonymous_62)
FN:677,(anonymous_63)
FN:699,(anonymous_64)
FN:710,(anonymous_65)
FN:717,(anonymous_66)
FN:719,(anonymous_67)
FN:758,(anonymous_68)
FN:772,(anonymous_69)
FN:782,(anonymous_70)
FN:793,(anonymous_71)
FN:795,(anonymous_72)
FN:808,(anonymous_73)
FN:815,(anonymous_74)
FN:867,(anonymous_75)
FN:872,(anonymous_76)
FN:874,(anonymous_77)
FN:875,(anonymous_78)
FN:883,(anonymous_79)
FN:886,(anonymous_80)
FN:887,(anonymous_81)
FN:889,(anonymous_82)
FN:892,(anonymous_83)
FN:942,(anonymous_84)
FN:950,(anonymous_85)
FN:959,(anonymous_86)
FN:964,(anonymous_87)
FN:966,(anonymous_88)
FN:966,(anonymous_89)
FN:980,(anonymous_90)
FN:980,(anonymous_91)
FN:980,(anonymous_92)
FN:981,(anonymous_93)
FN:981,(anonymous_94)
FN:981,(anonymous_95)
FN:1000,(anonymous_96)
FN:1008,(anonymous_97)
FN:1015,(anonymous_98)
FN:1029,(anonymous_99)
FN:1048,(anonymous_100)
FN:1049,(anonymous_101)
FN:1064,(anonymous_102)
FN:1066,(anonymous_103)
FN:1066,(anonymous_104)
FN:1067,(anonymous_105)
FN:1068,(anonymous_106)
FN:1072,(anonymous_107)
FN:1073,(anonymous_108)
FN:1075,(anonymous_109)
FN:1081,(anonymous_110)
FN:1081,(anonymous_111)
FN:1084,(anonymous_112)
FN:1087,(anonymous_113)
FN:1089,(anonymous_114)
FN:1089,(anonymous_115)
FN:1090,(anonymous_116)
FN:1090,(anonymous_117)
FN:1094,(anonymous_118)
FN:1095,(anonymous_119)
FN:1099,(anonymous_120)
FN:1102,(anonymous_121)
FN:1102,(anonymous_122)
FN:1103,(anonymous_123)
FN:1104,(anonymous_124)
FN:1105,(anonymous_125)
FN:1106,(anonymous_126)
FN:1110,(anonymous_127)
FN:1141,(anonymous_128)
FN:1149,(anonymous_129)
FN:1170,(anonymous_130)
FN:1174,(anonymous_131)
FN:1175,(anonymous_132)
FN:1176,(anonymous_133)
FNF:134
FNH:0
FNDA:0,(anonymous_0)
FNDA:0,(anonymous_1)
FNDA:0,renderChildrenCol
FNDA:0,(anonymous_3)
FNDA:0,(anonymous_4)
FNDA:0,(anonymous_5)
FNDA:0,(anonymous_6)
FNDA:0,(anonymous_7)
FNDA:0,(anonymous_8)
FNDA:0,(anonymous_9)
FNDA:0,(anonymous_10)
FNDA:0,(anonymous_11)
FNDA:0,(anonymous_12)
FNDA:0,(anonymous_13)
FNDA:0,(anonymous_14)
FNDA:0,(anonymous_15)
FNDA:0,(anonymous_16)
FNDA:0,(anonymous_17)
FNDA:0,(anonymous_18)
FNDA:0,(anonymous_19)
FNDA:0,(anonymous_20)
FNDA:0,(anonymous_21)
FNDA:0,(anonymous_22)
FNDA:0,(anonymous_23)
FNDA:0,(anonymous_24)
FNDA:0,(anonymous_25)
FNDA:0,(anonymous_26)
FNDA:0,(anonymous_27)
FNDA:0,(anonymous_28)
FNDA:0,(anonymous_29)
FNDA:0,(anonymous_30)
FNDA:0,(anonymous_31)
FNDA:0,(anonymous_32)
FNDA:0,(anonymous_33)
FNDA:0,(anonymous_34)
FNDA:0,(anonymous_35)
FNDA:0,(anonymous_36)
FNDA:0,(anonymous_37)
FNDA:0,(anonymous_38)
FNDA:0,(anonymous_39)
FNDA:0,(anonymous_40)
FNDA:0,(anonymous_41)
FNDA:0,(anonymous_42)
FNDA:0,(anonymous_43)
FNDA:0,(anonymous_44)
FNDA:0,(anonymous_45)
FNDA:0,(anonymous_46)
FNDA:0,(anonymous_47)
FNDA:0,(anonymous_48)
FNDA:0,(anonymous_49)
FNDA:0,(anonymous_50)
FNDA:0,(anonymous_51)
FNDA:0,(anonymous_52)
FNDA:0,(anonymous_53)
FNDA:0,(anonymous_54)
FNDA:0,(anonymous_55)
FNDA:0,(anonymous_56)
FNDA:0,(anonymous_57)
FNDA:0,(anonymous_58)
FNDA:0,(anonymous_59)
FNDA:0,(anonymous_60)
FNDA:0,(anonymous_61)
FNDA:0,(anonymous_62)
FNDA:0,(anonymous_63)
FNDA:0,(anonymous_64)
FNDA:0,(anonymous_65)
FNDA:0,(anonymous_66)
FNDA:0,(anonymous_67)
FNDA:0,(anonymous_68)
FNDA:0,(anonymous_69)
FNDA:0,(anonymous_70)
FNDA:0,(anonymous_71)
FNDA:0,(anonymous_72)
FNDA:0,(anonymous_73)
FNDA:0,(anonymous_74)
FNDA:0,(anonymous_75)
FNDA:0,(anonymous_76)
FNDA:0,(anonymous_77)
FNDA:0,(anonymous_78)
FNDA:0,(anonymous_79)
FNDA:0,(anonymous_80)
FNDA:0,(anonymous_81)
FNDA:0,(anonymous_82)
FNDA:0,(anonymous_83)
FNDA:0,(anonymous_84)
FNDA:0,(anonymous_85)
FNDA:0,(anonymous_86)
FNDA:0,(anonymous_87)
FNDA:0,(anonymous_88)
FNDA:0,(anonymous_89)
FNDA:0,(anonymous_90)
FNDA:0,(anonymous_91)
FNDA:0,(anonymous_92)
FNDA:0,(anonymous_93)
FNDA:0,(anonymous_94)
FNDA:0,(anonymous_95)
FNDA:0,(anonymous_96)
FNDA:0,(anonymous_97)
FNDA:0,(anonymous_98)
FNDA:0,(anonymous_99)
FNDA:0,(anonymous_100)
FNDA:0,(anonymous_101)
FNDA:0,(anonymous_102)
FNDA:0,(anonymous_103)
FNDA:0,(anonymous_104)
FNDA:0,(anonymous_105)
FNDA:0,(anonymous_106)
FNDA:0,(anonymous_107)
FNDA:0,(anonymous_108)
FNDA:0,(anonymous_109)
FNDA:0,(anonymous_110)
FNDA:0,(anonymous_111)
FNDA:0,(anonymous_112)
FNDA:0,(anonymous_113)
FNDA:0,(anonymous_114)
FNDA:0,(anonymous_115)
FNDA:0,(anonymous_116)
FNDA:0,(anonymous_117)
FNDA:0,(anonymous_118)
FNDA:0,(anonymous_119)
FNDA:0,(anonymous_120)
FNDA:0,(anonymous_121)
FNDA:0,(anonymous_122)
FNDA:0,(anonymous_123)
FNDA:0,(anonymous_124)
FNDA:0,(anonymous_125)
FNDA:0,(anonymous_126)
FNDA:0,(anonymous_127)
FNDA:0,(anonymous_128)
FNDA:0,(anonymous_129)
FNDA:0,(anonymous_130)
FNDA:0,(anonymous_131)
FNDA:0,(anonymous_132)
FNDA:0,(anonymous_133)
DA:35,0
DA:36,0
DA:37,0
DA:38,0
DA:40,0
DA:49,0
DA:50,0
DA:51,0
DA:54,0
DA:55,0
DA:56,0
DA:57,0
DA:58,0
DA:61,0
DA:62,0
DA:63,0
DA:88,0
DA:110,0
DA:122,0
DA:123,0
DA:124,0
DA:125,0
DA:126,0
DA:127,0
DA:133,0
DA:146,0
DA:147,0
DA:148,0
DA:149,0
DA:150,0
DA:153,0
DA:154,0
DA:157,0
DA:158,0
DA:159,0
DA:160,0
DA:161,0
DA:163,0
DA:164,0
DA:165,0
DA:166,0
DA:167,0
DA:168,0
DA:173,0
DA:174,0
DA:175,0
DA:176,0
DA:177,0
DA:181,0
DA:182,0
DA:183,0
DA:184,0
DA:185,0
DA:186,0
DA:187,0
DA:190,0
DA:195,0
DA:197,0
DA:200,0
DA:206,0
DA:227,0
DA:228,0
DA:229,0
DA:232,0
DA:313,0
DA:314,0
DA:315,0
DA:316,0
DA:317,0
DA:318,0
DA:320,0
DA:323,0
DA:326,0
DA:327,0
DA:330,0
DA:332,0
DA:336,0
DA:346,0
DA:347,0
DA:348,0
DA:371,0
DA:372,0
DA:373,0
DA:374,0
DA:375,0
DA:376,0
DA:377,0
DA:379,0
DA:381,0
DA:382,0
DA:384,0
DA:385,0
DA:388,0
DA:389,0
DA:390,0
DA:391,0
DA:392,0
DA:393,0
DA:394,0
DA:395,0
DA:397,0
DA:399,0
DA:403,0
DA:404,0
DA:405,0
DA:406,0
DA:408,0
DA:412,0
DA:413,0
DA:414,0
DA:415,0
DA:418,0
DA:422,0
DA:429,0
DA:430,0
DA:432,0
DA:440,0
DA:450,0
DA:465,0
DA:484,0
DA:486,0
DA:487,0
DA:488,0
DA:489,0
DA:490,0
DA:491,0
DA:492,0
DA:494,0
DA:497,0
DA:498,0
DA:500,0
DA:501,0
DA:504,0
DA:505,0
DA:506,0
DA:511,0
DA:513,0
DA:520,0
DA:521,0
DA:522,0
DA:523,0
DA:529,0
DA:597,0
DA:605,0
DA:636,0
DA:637,0
DA:638,0
DA:639,0
DA:640,0
DA:641,0
DA:643,0
DA:645,0
DA:646,0
DA:647,0
DA:648,0
DA:649,0
DA:650,0
DA:651,0
DA:655,0
DA:656,0
DA:657,0
DA:660,0
DA:661,0
DA:662,0
DA:663,0
DA:664,0
DA:665,0
DA:667,0
DA:670,0
DA:672,0
DA:673,0
DA:676,0
DA:677,0
DA:681,0
DA:683,0
DA:699,0
DA:710,0
DA:718,0
DA:719,0
DA:758,0
DA:772,0
DA:782,0
DA:794,0
DA:795,0
DA:808,0
DA:815,0
DA:867,0
DA:868,0
DA:869,0
DA:870,0
DA:872,0
DA:873,0
DA:874,0
DA:876,0
DA:877,0
DA:878,0
DA:879,0
DA:880,0
DA:881,0
DA:883,0
DA:886,0
DA:887,0
DA:889,0
DA:890,0
DA:891,0
DA:892,0
DA:924,0
DA:932,0
DA:942,0
DA:950,0
DA:959,0
DA:960,0
DA:961,0
DA:962,0
DA:964,0
DA:965,0
DA:966,0
DA:967,0
DA:968,0
DA:969,0
DA:970,0
DA:971,0
DA:974,0
DA:977,0
DA:978,0
DA:980,0
DA:981,0
DA:983,0
DA:984,0
DA:985,0
DA:987,0
DA:1000,0
DA:1009,0
DA:1016,0
DA:1017,0
DA:1018,0
DA:1019,0
DA:1030,0
DA:1048,0
DA:1049,0
DA:1050,0
DA:1051,0
DA:1054,0
DA:1055,0
DA:1058,0
DA:1059,0
DA:1060,0
DA:1061,0
DA:1064,0
DA:1065,0
DA:1066,0
DA:1068,0
DA:1072,0
DA:1073,0
DA:1074,0
DA:1075,0
DA:1076,0
DA:1077,0
DA:1078,0
DA:1079,0
DA:1081,0
DA:1083,0
DA:1084,0
DA:1087,0
DA:1088,0
DA:1089,0
DA:1090,0
DA:1091,0
DA:1094,0
DA:1095,0
DA:1096,0
DA:1097,0
DA:1098,0
DA:1099,0
DA:1100,0
DA:1101,0
DA:1102,0
DA:1103,0
DA:1104,0
DA:1105,0
DA:1109,0
DA:1110,0
DA:1111,0
DA:1112,0
DA:1114,0
DA:1117,0
DA:1127,0
DA:1129,0
DA:1141,0
DA:1150,0
DA:1170,0
DA:1174,0
DA:1175,0
DA:1176,0
LF:294
LH:0
BRDA:69,0,0,0
BRDA:69,0,1,0
BRDA:71,1,0,0
BRDA:71,1,1,0
BRDA:72,2,0,0
BRDA:72,2,1,0
BRDA:73,3,0,0
BRDA:73,3,1,0
BRDA:76,4,0,0
BRDA:76,4,1,0
BRDA:76,5,0,0
BRDA:76,5,1,0
BRDA:84,6,0,0
BRDA:84,6,1,0
BRDA:84,6,2,0
BRDA:93,7,0,0
BRDA:93,7,1,0
BRDA:96,8,0,0
BRDA:96,8,1,0
BRDA:97,9,0,0
BRDA:97,9,1,0
BRDA:101,10,0,0
BRDA:101,10,1,0
BRDA:101,11,0,0
BRDA:101,11,1,0
BRDA:112,12,0,0
BRDA:112,12,1,0
BRDA:123,13,0,0
BRDA:123,13,1,0
BRDA:126,14,0,0
BRDA:126,14,1,0
BRDA:129,15,0,0
BRDA:129,15,1,0
BRDA:133,16,0,0
BRDA:133,16,1,0
BRDA:136,17,0,0
BRDA:136,17,1,0
BRDA:136,17,2,0
BRDA:154,18,0,0
BRDA:154,18,1,0
BRDA:154,19,0,0
BRDA:154,19,1,0
BRDA:158,20,0,0
BRDA:158,20,1,0
BRDA:159,21,0,0
BRDA:159,21,1,0
BRDA:159,22,0,0
BRDA:159,22,1,0
BRDA:160,23,0,0
BRDA:160,23,1,0
BRDA:161,24,0,0
BRDA:161,24,1,0
BRDA:161,25,0,0
BRDA:161,25,1,0
BRDA:164,26,0,0
BRDA:164,26,1,0
BRDA:175,27,0,0
BRDA:175,27,1,0
BRDA:176,28,0,0
BRDA:176,28,1,0
BRDA:177,29,0,0
BRDA:177,29,1,0
BRDA:183,30,0,0
BRDA:183,30,1,0
BRDA:183,31,0,0
BRDA:183,31,1,0
BRDA:190,32,0,0
[...]
BRDA:286,47,0,0
BRDA:286,47,1,0
BRDA:300,48,0,0
BRDA:300,48,1,0
BRDA:317,49,0,0
BRDA:317,49,1,0
BRDA:323,50,0,0
BRDA:323,50,1,0
BRDA:328,51,0,0
BRDA:328,51,1,0
BRDA:331,52,0,0
BRDA:331,52,1,0
BRDA:345,53,0,0
BRDA:345,53,1,0
BRDA:345,54,0,0
BRDA:345,54,1,0
BRDA:354,55,0,0
BRDA:354,55,1,0
BRDA:359,56,0,0
BRDA:359,56,1,0
BRDA:359,57,0,0
BRDA:359,57,1,0
BRDA:363,58,0,0
BRDA:363,58,1,0
BRDA:366,59,0,0
BRDA:366,59,1,0
BRDA:367,60,0,0
BRDA:367,60,1,0
BRDA:376,61,0,0
BRDA:376,61,1,0
BRDA:383,62,0,0
BRDA:383,62,1,0
BRDA:395,63,0,0
BRDA:395,63,1,0
BRDA:399,64,0,0
BRDA:399,64,1,0
BRDA:420,65,0,0
BRDA:420,65,1,0
BRDA:426,66,0,0
BRDA:426,66,1,0
BRDA:435,67,0,0
BRDA:435,67,1,0
BRDA:448,68,0,0
BRDA:448,68,1,0
BRDA:461,69,0,0
BRDA:461,69,1,0
BRDA:494,70,0,0
BRDA:494,70,1,0
BRDA:494,71,0,0
BRDA:494,71,1,0
BRDA:500,72,0,0
BRDA:500,72,1,0
BRDA:506,73,0,0
BRDA:506,73,1,0
BRDA:507,74,0,0
BRDA:507,74,1,0
BRDA:526,75,0,0
BRDA:526,75,1,0
BRDA:530,76,0,0
BRDA:530,76,1,0
BRDA:540,77,0,0
BRDA:540,77,1,0
BRDA:555,78,0,0
BRDA:555,78,1,0
BRDA:558,79,0,0
BRDA:558,79,1,0
BRDA:559,80,0,0
BRDA:559,80,1,0
BRDA:563,81,0,0
BRDA:563,81,1,0
BRDA:563,82,0,0
BRDA:563,82,1,0
BRDA:563,83,0,0
BRDA:563,83,1,0
BRDA:577,84,0,0
BRDA:577,84,1,0
BRDA:578,85,0,0
BRDA:578,85,1,0
BRDA:579,86,0,0
BRDA:579,86,1,0
BRDA:581,87,0,0
BRDA:581,87,1,0
BRDA:595,88,0,0
BRDA:595,88,1,0
BRDA:620,89,0,0
BRDA:620,89,1,0
BRDA:628,90,0,0
BRDA:628,90,1,0
BRDA:630,91,0,0
BRDA:630,91,1,0
BRDA:630,91,2,0
BRDA:643,92,0,0
BRDA:643,92,1,0
BRDA:666,93,0,0
BRDA:666,93,1,0
BRDA:666,94,0,0
BRDA:666,94,1,0
BRDA:685,95,0,0
BRDA:685,95,1,0
BRDA:696,96,0,0
BRDA:696,96,1,0
BRDA:709,97,0,0
BRDA:709,97,1,0
BRDA:710,98,0,0
BRDA:710,98,1,0
BRDA:724,99,0,0
BRDA:724,99,1,0
BRDA:743,100,0,0
BRDA:743,100,1,0
BRDA:747,101,0,0
BRDA:747,101,1,0
BRDA:759,102,0,0
BRDA:759,102,1,0
BRDA:762,103,0,0
BRDA:762,103,1,0
BRDA:767,104,0,0
BRDA:767,104,1,0
BRDA:767,105,0,0
BRDA:767,105,1,0
BRDA:768,106,0,0
BRDA:768,106,1,0
BRDA:775,107,0,0
BRDA:775,107,1,0
BRDA:775,108,0,0
BRDA:775,108,1,0
BRDA:775,109,0,0
BRDA:775,109,1,0
BRDA:785,110,0,0
BRDA:785,110,1,0
BRDA:789,111,0,0
BRDA:789,111,1,0
BRDA:801,112,0,0
BRDA:801,112,1,0
BRDA:803,113,0,0
BRDA:803,113,1,0
BRDA:814,114,0,0
BRDA:814,114,1,0
BRDA:822,115,0,0
BRDA:822,115,1,0
BRDA:828,116,0,0
BRDA:828,116,1,0
BRDA:838,117,0,0
BRDA:838,117,1,0
BRDA:846,118,0,0
BRDA:846,118,1,0
BRDA:846,119,0,0
BRDA:846,119,1,0
BRDA:849,120,0,0
BRDA:849,120,1,0
BRDA:850,121,0,0
BRDA:850,121,1,0
BRDA:850,122,0,0
BRDA:850,122,1,0
BRF:249
BRH:0
end_of_record
TN:
SF:src\pages\Reports.jsx
FN:23,buildMonthOptions
FN:37,overlapsMonth
FN:48,(anonymous_2)
FN:58,(anonymous_3)
FN:64,(anonymous_4)
FN:67,exportExcel
FN:68,(anonymous_6)
FN:97,(anonymous_7)
FN:112,(anonymous_8)
FN:135,(anonymous_9)
FN:141,(anonymous_10)
FN:143,(anonymous_11)
FN:149,(anonymous_12)
FN:150,(anonymous_13)
FN:153,(anonymous_14)
FN:154,(anonymous_15)
FN:157,(anonymous_16)
FN:158,(anonymous_17)
FN:162,(anonymous_18)
FN:163,(anonymous_19)
FN:176,(anonymous_20)
FN:185,(anonymous_21)
FN:188,(anonymous_22)
FN:189,(anonymous_23)
FN:201,(anonymous_24)
FN:206,(anonymous_25)
FN:218,(anonymous_26)
FN:249,(anonymous_27)
FN:253,(anonymous_28)
FN:259,(anonymous_29)
FN:276,(anonymous_30)
FN:280,(anonymous_31)
FN:286,(anonymous_32)
FN:309,(anonymous_33)
FN:313,(anonymous_34)
FN:319,(anonymous_35)
FN:335,(anonymous_36)
FN:366,(anonymous_37)
FN:381,(anonymous_38)
FN:382,(anonymous_39)
FN:396,(anonymous_40)
FN:397,(anonymous_41)
FN:411,(anonymous_42)
FN:412,(anonymous_43)
FN:426,(anonymous_44)
FN:427,(anonymous_45)
FN:439,(anonymous_46)
FN:492,(anonymous_47)
FN:494,(anonymous_48)
FNF:49
FNH:0
FNDA:0,buildMonthOptions
FNDA:0,overlapsMonth
FNDA:0,(anonymous_2)
FNDA:0,(anonymous_3)
FNDA:0,(anonymous_4)
FNDA:0,exportExcel
FNDA:0,(anonymous_6)
FNDA:0,(anonymous_7)
FNDA:0,(anonymous_8)
FNDA:0,(anonymous_9)
FNDA:0,(anonymous_10)
FNDA:0,(anonymous_11)
FNDA:0,(anonymous_12)
FNDA:0,(anonymous_13)
FNDA:0,(anonymous_14)
FNDA:0,(anonymous_15)
FNDA:0,(anonymous_16)
FNDA:0,(anonymous_17)
FNDA:0,(anonymous_18)
FNDA:0,(anonymous_19)
FNDA:0,(anonymous_20)
FNDA:0,(anonymous_21)
FNDA:0,(anonymous_22)
FNDA:0,(anonymous_23)
FNDA:0,(anonymous_24)
FNDA:0,(anonymous_25)
FNDA:0,(anonymous_26)
FNDA:0,(anonymous_27)
FNDA:0,(anonymous_28)
FNDA:0,(anonymous_29)
FNDA:0,(anonymous_30)
FNDA:0,(anonymous_31)
FNDA:0,(anonymous_32)
FNDA:0,(anonymous_33)
FNDA:0,(anonymous_34)
FNDA:0,(anonymous_35)
FNDA:0,(anonymous_36)
FNDA:0,(anonymous_37)
FNDA:0,(anonymous_38)
FNDA:0,(anonymous_39)
FNDA:0,(anonymous_40)
FNDA:0,(anonymous_41)
FNDA:0,(anonymous_42)
FNDA:0,(anonymous_43)
FNDA:0,(anonymous_44)
FNDA:0,(anonymous_45)
FNDA:0,(anonymous_46)
FNDA:0,(anonymous_47)
FNDA:0,(anonymous_48)
DA:18,0
DA:24,0
DA:25,0
DA:26,0
DA:27,0
DA:28,0
DA:34,0
DA:38,0
DA:39,0
DA:40,0
DA:41,0
DA:42,0
DA:45,0
DA:48,0
DA:49,0
DA:50,0
DA:51,0
DA:52,0
DA:54,0
DA:58,0
DA:59,0
DA:61,0
DA:62,0
DA:64,0
DA:68,0
DA:83,0
DA:84,0
DA:90,0
DA:91,0
DA:92,0
DA:93,0
DA:97,0
DA:98,0
DA:99,0
DA:100,0
DA:101,0
DA:102,0
DA:105,0
DA:108,0
DA:109,0
DA:110,0
DA:112,0
DA:113,0
DA:114,0
DA:115,0
DA:116,0
DA:118,0
DA:120,0
DA:122,0
DA:124,0
DA:125,0
DA:127,0
DA:129,0
DA:131,0
DA:135,0
DA:138,0
DA:141,0
DA:142,0
DA:143,0
DA:144,0
DA:149,0
DA:150,0
DA:153,0
DA:154,0
DA:157,0
DA:158,0
DA:162,0
DA:163,0
DA:164,0
DA:165,0
DA:166,0
DA:167,0
DA:168,0
DA:172,0
DA:173,0
DA:176,0
DA:177,0
DA:178,0
DA:179,0
DA:180,0
DA:181,0
DA:185,0
DA:186,0
DA:187,0
DA:188,0
DA:189,0
DA:191,0
DA:192,0
DA:193,0
DA:194,0
DA:195,0
DA:196,0
DA:197,0
DA:201,0
DA:202,0
DA:207,0
DA:219,0
DA:249,0
DA:250,0
DA:254,0
DA:260,0
DA:276,0
DA:277,0
DA:281,0
DA:287,0
DA:309,0
DA:310,0
DA:314,0
DA:320,0
DA:335,0
DA:336,0
DA:337,0
DA:338,0
DA:339,0
DA:340,0
DA:341,0
DA:345,0
DA:352,0
DA:366,0
DA:381,0
DA:383,0
DA:396,0
DA:398,0
DA:411,0
DA:413,0
DA:426,0
DA:428,0
DA:439,0
DA:492,0
DA:494,0
LF:130
LH:0
BRDA:42,0,0,0
BRDA:42,0,1,0
BRDA:49,1,0,0
BRDA:49,1,1,0
BRDA:51,2,0,0
BRDA:51,2,1,0
BRDA:51,3,0,0
BRDA:51,3,1,0
BRDA:51,3,2,0
BRDA:51,3,3,0
BRDA:59,4,0,0
BRDA:59,4,1,0
BRDA:59,5,0,0
BRDA:59,5,1,0
BRDA:64,6,0,0
BRDA:64,6,1,0
BRDA:70,7,0,0
BRDA:70,7,1,0
BRDA:71,8,0,0
BRDA:71,8,1,0
BRDA:72,9,0,0
BRDA:72,9,1,0
BRDA:73,10,0,0
BRDA:73,10,1,0
BRDA:74,11,0,0
BRDA:74,11,1,0
BRDA:76,12,0,0
BRDA:76,12,1,0
BRDA:78,13,0,0
BRDA:78,13,1,0
BRDA:79,14,0,0
BRDA:79,14,1,0
BRDA:80,15,0,0
BRDA:80,15,1,0
BRDA:116,16,0,0
BRDA:116,16,1,0
BRDA:116,16,2,0
BRDA:116,16,3,0
BRDA:116,16,4,0
BRDA:127,17,0,0
BRDA:127,17,1,0
BRDA:142,18,0,0
BRDA:142,18,1,0
BRDA:144,19,0,0
BRDA:144,19,1,0
BRDA:144,19,2,0
BRDA:164,20,0,0
BRDA:164,20,1,0
BRDA:165,21,0,0
BRDA:165,21,1,0
BRDA:165,22,0,0
BRDA:165,22,1,0
BRDA:166,23,0,0
BRDA:166,23,1,0
BRDA:166,24,0,0
BRDA:166,24,1,0
BRDA:167,25,0,0
BRDA:167,25,1,0
BRDA:167,26,0,0
BRDA:167,26,1,0
BRDA:172,27,0,0
BRDA:172,27,1,0
BRDA:186,28,0,0
BRDA:186,28,1,0
BRDA:189,29,0,0
BRDA:189,29,1,0
BRDA:212,30,0,0
BRDA:212,30,1,0
BRDA:219,31,0,0
BRDA:219,31,1,0
BRDA:221,32,0,0
BRDA:221,32,1,0
BRDA:222,33,0,0
BRDA:222,33,1,0
BRDA:223,34,0,0
BRDA:223,34,1,0
BRDA:230,35,0,0
BRDA:230,35,1,0
BRDA:235,36,0,0
BRDA:235,36,1,0
BRDA:260,37,0,0
BRDA:260,37,1,0
BRDA:263,38,0,0
BRDA:263,38,1,0
BRDA:264,39,0,0
BRDA:264,39,1,0
BRDA:267,40,0,0
BRDA:267,40,1,0
BRDA:268,41,0,0
BRDA:268,41,1,0
BRDA:287,42,0,0
BRDA:287,42,1,0
BRDA:289,43,0,0
BRDA:289,43,1,0
BRDA:290,44,0,0
BRDA:290,44,1,0
BRDA:297,45,0,0
BRDA:297,45,1,0
BRDA:320,46,0,0
BRDA:320,46,1,0
BRDA:325,47,0,0
BRDA:325,47,1,0
BRDA:325,48,0,0
BRDA:325,48,1,0
BRDA:336,49,0,0
BRDA:336,49,1,0
BRDA:336,49,2,0
BRDA:336,49,3,0
BRDA:336,49,4,0
BRDA:376,50,0,0
BRDA:376,50,1,0
BRDA:391,51,0,0
BRDA:391,51,1,0
BRDA:398,52,0,0
BRDA:398,52,1,0
BRDA:406,53,0,0
BRDA:406,53,1,0
BRDA:413,54,0,0
BRDA:413,54,1,0
BRDA:421,55,0,0
BRDA:421,55,1,0
BRDA:428,56,0,0
BRDA:428,56,1,0
BRDA:436,57,0,0
BRDA:436,57,1,0
BRDA:437,58,0,0
BRDA:437,58,1,0
BRDA:461,59,0,0
BRDA:461,59,1,0
BRDA:464,60,0,0
BRDA:464,60,1,0
BRDA:464,60,2,0
BRDA:464,60,3,0
BRDA:474,61,0,0
BRDA:474,61,1,0
BRDA:480,62,0,0
BRDA:480,62,1,0
BRDA:487,63,0,0
BRDA:487,63,1,0
BRF:139
BRH:0
end_of_record
TN:
SF:src\pages\ResetPassword.jsx
FN:13,(anonymous_0)
FN:26,(anonymous_1)
FN:80,(anonymous_2)
FN:93,(anonymous_3)
FN:99,(anonymous_4)
FN:110,(anonymous_5)
FN:116,(anonymous_6)
FN:128,(anonymous_7)
FNF:8
FNH:0
FNDA:0,(anonymous_0)
FNDA:0,(anonymous_1)
FNDA:0,(anonymous_2)
FNDA:0,(anonymous_3)
FNDA:0,(anonymous_4)
FNDA:0,(anonymous_5)
FNDA:0,(anonymous_6)
FNDA:0,(anonymous_7)
DA:13,0
DA:14,0
DA:15,0
DA:16,0
DA:18,0
DA:19,0
DA:20,0
DA:21,0
DA:22,0
DA:23,0
DA:24,0
DA:26,0
DA:27,0
DA:28,0
DA:29,0
DA:30,0
DA:31,0
DA:33,0
DA:34,0
DA:35,0
DA:37,0
DA:38,0
DA:39,0
DA:40,0
DA:42,0
DA:44,0
DA:48,0
DA:80,0
DA:93,0
DA:99,0
DA:110,0
DA:116,0
DA:128,0
LF:33
LH:0
BRDA:29,0,0,0
BRDA:29,0,1,0
BRDA:33,1,0,0
BRDA:33,1,1,0
BRDA:42,2,0,0
BRDA:42,2,1,0
BRDA:64,3,0,0
BRDA:64,3,1,0
BRDA:68,4,0,0
BRDA:68,4,1,0
BRDA:74,5,0,0
BRDA:74,5,1,0
BRDA:87,6,0,0
BRDA:87,6,1,0
BRDA:91,7,0,0
BRDA:91,7,1,0
BRDA:100,8,0,0
BRDA:100,8,1,0
BRDA:108,9,0,0
BRDA:108,9,1,0
BRDA:117,10,0,0
BRDA:117,10,1,0
BRDA:124,11,0,0
BRDA:124,11,1,0
BRDA:125,12,0,0
BRDA:125,12,1,0
BRF:26
BRH:0
end_of_record
TN:
SF:src\pages\Resources.jsx
FN:16,(anonymous_0)
FN:23,(anonymous_1)
FN:24,(anonymous_2)
FN:32,(anonymous_3)
FN:36,(anonymous_4)
FN:37,(anonymous_5)
FN:40,(anonymous_6)
FN:42,(anonymous_7)
FN:66,(anonymous_8)
FN:76,(anonymous_9)
FN:95,(anonymous_10)
FN:120,(anonymous_11)
FN:135,(anonymous_12)
FN:139,(anonymous_13)
FN:151,(anonymous_14)
FN:157,(anonymous_15)
FN:160,(anonymous_16)
FN:164,(anonymous_17)
FNF:18
FNH:0
FNDA:0,(anonymous_0)
FNDA:0,(anonymous_1)
FNDA:0,(anonymous_2)
FNDA:0,(anonymous_3)
FNDA:0,(anonymous_4)
FNDA:0,(anonymous_5)
FNDA:0,(anonymous_6)
FNDA:0,(anonymous_7)
FNDA:0,(anonymous_8)
FNDA:0,(anonymous_9)
FNDA:0,(anonymous_10)
FNDA:0,(anonymous_11)
FNDA:0,(anonymous_12)
FNDA:0,(anonymous_13)
FNDA:0,(anonymous_14)
FNDA:0,(anonymous_15)
FNDA:0,(anonymous_16)
FNDA:0,(anonymous_17)
DA:16,0
DA:17,0
DA:18,0
DA:19,0
DA:20,0
DA:23,0
DA:24,0
DA:25,0
DA:26,0
DA:27,0
DA:28,0
DA:29,0
DA:30,0
DA:32,0
DA:33,0
DA:34,0
DA:36,0
DA:37,0
DA:40,0
DA:42,0
DA:43,0
DA:44,0
DA:45,0
DA:46,0
DA:47,0
DA:49,0
DA:50,0
DA:51,0
DA:54,0
DA:55,0
DA:56,0
DA:57,0
DA:58,0
DA:60,0
DA:62,0
DA:66,0
DA:67,0
DA:68,0
DA:69,0
DA:70,0
DA:71,0
DA:72,0
DA:73,0
DA:76,0
DA:77,0
DA:78,0
DA:79,0
DA:80,0
DA:81,0
DA:83,0
DA:87,0
DA:95,0
DA:121,0
DA:135,0
DA:139,0
DA:151,0
DA:157,0
DA:160,0
DA:164,0
LF:59
LH:0
BRDA:17,0,0,0
BRDA:17,0,1,0
BRDA:18,1,0,0
BRDA:18,1,1,0
BRDA:19,2,0,0
BRDA:19,2,1,0
BRDA:43,3,0,0
BRDA:43,3,1,0
BRDA:46,4,0,0
BRDA:46,4,1,0
BRDA:77,5,0,0
BRDA:77,5,1,0
BRDA:94,6,0,0
BRDA:94,6,1,0
BRDA:116,7,0,0
BRDA:116,7,1,0
BRDA:118,8,0,0
BRDA:118,8,1,0
BRDA:126,9,0,0
BRDA:126,9,1,0
BRDA:129,10,0,0
BRDA:129,10,1,0
BRDA:138,11,0,0
BRDA:138,11,1,0
BRDA:156,12,0,0
BRDA:156,12,1,0
BRDA:166,13,0,0
BRDA:166,13,1,0
BRF:28
BRH:0
end_of_record
TN:
SF:src\pages\Timesheets.jsx
FN:29,(anonymous_0)
FN:36,(anonymous_1)
FN:42,(anonymous_2)
FN:46,(anonymous_3)
FN:65,(anonymous_4)
FN:67,(anonymous_5)
FN:102,(anonymous_6)
FN:103,(anonymous_7)
FN:120,(anonymous_8)
FN:122,(anonymous_9)
FN:128,(anonymous_10)
FN:130,(anonymous_11)
FN:139,(anonymous_12)
FN:143,(anonymous_13)
FN:149,(anonymous_14)
FN:157,(anonymous_15)
FN:166,(anonymous_16)
FN:168,(anonymous_17)
FN:169,(anonymous_18)
FN:172,(anonymous_19)
FN:177,(anonymous_20)
FN:180,(anonymous_21)
FN:185,(anonymous_22)
FN:188,(anonymous_23)
FN:199,(anonymous_24)
FN:203,(anonymous_25)
FN:204,(anonymous_26)
FN:214,(anonymous_27)
FN:214,(anonymous_28)
FN:233,(anonymous_29)
FN:233,(anonymous_30)
FN:242,(anonymous_31)
FN:248,(anonymous_32)
FN:251,(anonymous_33)
FN:253,(anonymous_34)
FN:254,(anonymous_35)
FN:260,(anonymous_36)
FN:261,(anonymous_37)
FN:266,(anonymous_38)
FN:266,(anonymous_39)
FN:273,(anonymous_40)
FN:273,(anonymous_41)
FN:274,(anonymous_42)
FN:274,(anonymous_43)
FN:275,(anonymous_44)
FN:276,(anonymous_45)
FN:276,(anonymous_46)
FN:277,(anonymous_47)
FN:278,(anonymous_48)
FN:280,(anonymous_49)
FN:282,(anonymous_50)
FN:291,(anonymous_51)
FN:292,(anonymous_52)
FN:315,(anonymous_53)
FN:318,(anonymous_54)
FN:318,(anonymous_55)
FN:324,(anonymous_56)
FN:324,(anonymous_57)
FN:330,(anonymous_58)
FN:372,(anonymous_59)
FN:413,(anonymous_60)
FN:441,(anonymous_61)
FN:447,(anonymous_62)
FN:447,(anonymous_63)
FN:459,(anonymous_64)
FN:476,(anonymous_65)
FN:496,(anonymous_66)
FN:506,(anonymous_67)
FN:520,(anonymous_68)
FN:530,(anonymous_69)
FN:560,(anonymous_70)
FN:567,(anonymous_71)
FN:568,(anonymous_72)
FN:574,(anonymous_73)
FN:575,(anonymous_74)
FN:581,(anonymous_75)
FNF:76
FNH:0
FNDA:0,(anonymous_0)
FNDA:0,(anonymous_1)
FNDA:0,(anonymous_2)
FNDA:0,(anonymous_3)
FNDA:0,(anonymous_4)
FNDA:0,(anonymous_5)
FNDA:0,(anonymous_6)
FNDA:0,(anonymous_7)
FNDA:0,(anonymous_8)
FNDA:0,(anonymous_9)
FNDA:0,(anonymous_10)
FNDA:0,(anonymous_11)
FNDA:0,(anonymous_12)
FNDA:0,(anonymous_13)
FNDA:0,(anonymous_14)
FNDA:0,(anonymous_15)
FNDA:0,(anonymous_16)
FNDA:0,(anonymous_17)
FNDA:0,(anonymous_18)
FNDA:0,(anonymous_19)
FNDA:0,(anonymous_20)
FNDA:0,(anonymous_21)
FNDA:0,(anonymous_22)
FNDA:0,(anonymous_23)
FNDA:0,(anonymous_24)
FNDA:0,(anonymous_25)
FNDA:0,(anonymous_26)
FNDA:0,(anonymous_27)
FNDA:0,(anonymous_28)
FNDA:0,(anonymous_29)
FNDA:0,(anonymous_30)
FNDA:0,(anonymous_31)
FNDA:0,(anonymous_32)
FNDA:0,(anonymous_33)
FNDA:0,(anonymous_34)
FNDA:0,(anonymous_35)
FNDA:0,(anonymous_36)
FNDA:0,(anonymous_37)
FNDA:0,(anonymous_38)
FNDA:0,(anonymous_39)
FNDA:0,(anonymous_40)
FNDA:0,(anonymous_41)
FNDA:0,(anonymous_42)
FNDA:0,(anonymous_43)
FNDA:0,(anonymous_44)
FNDA:0,(anonymous_45)
FNDA:0,(anonymous_46)
FNDA:0,(anonymous_47)
FNDA:0,(anonymous_48)
FNDA:0,(anonymous_49)
FNDA:0,(anonymous_50)
FNDA:0,(anonymous_51)
FNDA:0,(anonymous_52)
FNDA:0,(anonymous_53)
FNDA:0,(anonymous_54)
FNDA:0,(anonymous_55)
FNDA:0,(anonymous_56)
FNDA:0,(anonymous_57)
FNDA:0,(anonymous_58)
FNDA:0,(anonymous_59)
FNDA:0,(anonymous_60)
FNDA:0,(anonymous_61)
FNDA:0,(anonymous_62)
FNDA:0,(anonymous_63)
FNDA:0,(anonymous_64)
FNDA:0,(anonymous_65)
FNDA:0,(anonymous_66)
FNDA:0,(anonymous_67)
FNDA:0,(anonymous_68)
FNDA:0,(anonymous_69)
FNDA:0,(anonymous_70)
FNDA:0,(anonymous_71)
FNDA:0,(anonymous_72)
FNDA:0,(anonymous_73)
FNDA:0,(anonymous_74)
FNDA:0,(anonymous_75)
DA:22,0
DA:24,0
DA:25,0
DA:26,0
DA:29,0
DA:30,0
DA:31,0
DA:32,0
DA:34,0
DA:36,0
DA:37,0
DA:38,0
DA:39,0
DA:42,0
DA:43,0
DA:46,0
DA:47,0
DA:48,0
DA:49,0
DA:52,0
DA:53,0
DA:54,0
DA:59,0
DA:60,0
DA:65,0
DA:68,0
DA:69,0
DA:78,0
DA:96,0
DA:102,0
DA:103,0
DA:105,0
DA:106,0
DA:107,0
DA:108,0
DA:109,0
DA:110,0
DA:111,0
DA:112,0
DA:113,0
DA:114,0
DA:116,0
DA:117,0
DA:120,0
DA:121,0
DA:122,0
DA:125,0
DA:128,0
DA:129,0
DA:130,0
DA:131,0
DA:132,0
DA:133,0
DA:134,0
DA:136,0
DA:137,0
DA:138,0
DA:139,0
DA:143,0
DA:144,0
DA:145,0
DA:146,0
DA:147,0
DA:148,0
DA:149,0
DA:150,0
DA:151,0
DA:152,0
DA:154,0
DA:155,0
DA:156,0
DA:157,0
DA:158,0
DA:160,0
DA:162,0
DA:166,0
DA:167,0
DA:168,0
DA:169,0
DA:172,0
DA:173,0
DA:177,0
DA:178,0
DA:179,0
DA:181,0
DA:182,0
DA:183,0
DA:184,0
DA:185,0
DA:189,0
DA:190,0
DA:191,0
DA:192,0
DA:193,0
DA:194,0
DA:197,0
DA:203,0
DA:204,0
DA:205,0
DA:206,0
DA:208,0
DA:209,0
DA:210,0
DA:211,0
DA:212,0
DA:214,0
DA:215,0
DA:216,0
DA:217,0
DA:218,0
DA:220,0
DA:223,0
DA:224,0
DA:225,0
DA:233,0
DA:234,0
DA:235,0
DA:237,0
DA:238,0
DA:242,0
DA:243,0
DA:244,0
DA:248,0
DA:249,0
DA:250,0
DA:251,0
DA:252,0
DA:253,0
DA:254,0
DA:255,0
DA:256,0
DA:260,0
DA:261,0
DA:262,0
DA:263,0
DA:264,0
DA:265,0
DA:266,0
DA:267,0
DA:268,0
DA:269,0
DA:273,0
DA:274,0
DA:275,0
DA:276,0
DA:277,0
DA:278,0
DA:280,0
DA:281,0
DA:282,0
DA:283,0
DA:284,0
DA:286,0
DA:290,0
DA:291,0
DA:292,0
DA:294,0
DA:315,0
DA:318,0
DA:324,0
DA:330,0
DA:373,0
DA:374,0
DA:375,0
DA:376,0
DA:377,0
DA:379,0
DA:396,0
DA:414,0
DA:415,0
DA:416,0
DA:417,0
DA:418,0
DA:419,0
DA:442,0
DA:447,0
DA:459,0
DA:477,0
DA:478,0
DA:479,0
DA:480,0
DA:481,0
DA:482,0
DA:497,0
DA:506,0
DA:521,0
DA:522,0
DA:523,0
DA:524,0
DA:525,0
DA:526,0
DA:530,0
DA:560,0
DA:567,0
DA:568,0
DA:574,0
DA:575,0
DA:581,0
LF:198
LH:0
BRDA:34,0,0,0
BRDA:34,0,1,0
BRDA:37,1,0,0
BRDA:37,1,1,0
BRDA:38,2,0,0
BRDA:38,2,1,0
BRDA:43,3,0,0
BRDA:43,3,1,0
BRDA:43,4,0,0
BRDA:43,4,1,0
BRDA:49,5,0,0
BRDA:49,5,1,0
BRDA:49,6,0,0
BRDA:49,6,1,0
BRDA:52,7,0,0
BRDA:52,7,1,0
BRDA:52,8,0,0
BRDA:52,8,1,0
BRDA:52,9,0,0
BRDA:52,9,1,0
BRDA:53,10,0,0
BRDA:53,10,1,0
BRDA:53,11,0,0
BRDA:53,11,1,0
BRDA:53,12,0,0
BRDA:53,12,1,0
BRDA:59,13,0,0
BRDA:59,13,1,0
BRDA:68,14,0,0
BRDA:68,14,1,0
BRDA:69,15,0,0
BRDA:69,15,1,0
BRDA:82,16,0,0
BRDA:82,16,1,0
BRDA:84,17,0,0
BRDA:84,17,1,0
BRDA:85,18,0,0
BRDA:85,18,1,0
BRDA:89,19,0,0
BRDA:89,19,1,0
BRDA:91,20,0,0
BRDA:91,20,1,0
BRDA:96,21,0,0
BRDA:96,21,1,0
BRDA:97,22,0,0
BRDA:97,22,1,0
BRDA:129,23,0,0
BRDA:129,23,1,0
BRDA:132,24,0,0
BRDA:132,24,1,0
BRDA:144,25,0,0
BRDA:144,25,1,0
BRDA:150,26,0,0
BRDA:150,26,1,0
BRDA:151,27,0,0
BRDA:151,27,1,0
BRDA:151,28,0,0
BRDA:151,28,1,0
BRDA:173,29,0,0
BRDA:173,29,1,0
BRDA:178,30,0,0
BRDA:178,30,1,0
BRDA:185,31,0,0
BRDA:185,31,1,0
BRDA:185,31,2,0
BRDA:193,32,0,0
BRDA:193,32,1,0
BRDA:193,33,0,0
BRDA:193,33,1,0
BRDA:193,33,2,0
BRDA:205,34,0,0
BRDA:205,34,1,0
BRDA:208,35,0,0
BRDA:208,35,1,0
BRDA:209,36,0,0
BRDA:209,36,1,0
BRDA:215,37,0,0
BRDA:215,37,1,0
BRDA:226,38,0,0
BRDA:226,38,1,0
BRDA:234,39,0,0
BRDA:234,39,1,0
BRDA:242,40,0,0
BRDA:249,41,0,0
BRDA:249,41,1,0
BRDA:251,42,0,0
BRDA:251,42,1,0
BRDA:262,43,0,0
BRDA:262,43,1,0
BRDA:273,44,0,0
BRDA:273,44,1,0
BRDA:274,45,0,0
BRDA:274,45,1,0
BRDA:276,46,0,0
BRDA:276,46,1,0
BRDA:278,47,0,0
BRDA:278,47,1,0
BRDA:278,48,0,0
BRDA:278,48,1,0
BRDA:283,49,0,0
BRDA:283,49,1,0
BRDA:291,50,0,0
BRDA:328,51,0,0
BRDA:328,51,1,0
BRDA:349,52,0,0
BRDA:349,52,1,0
BRDA:349,53,0,0
BRDA:349,53,1,0
BRDA:374,54,0,0
BRDA:374,54,1,0
BRDA:376,55,0,0
BRDA:376,55,1,0
BRDA:382,56,0,0
BRDA:382,56,1,0
BRDA:382,57,0,0
BRDA:382,57,1,0
BRDA:382,58,0,0
BRDA:382,58,1,0
BRDA:383,59,0,0
BRDA:383,59,1,0
BRDA:383,60,0,0
BRDA:383,60,1,0
BRDA:384,61,0,0
BRDA:384,61,1,0
BRDA:386,62,0,0
BRDA:386,62,1,0
BRDA:388,63,0,0
BRDA:388,63,1,0
BRDA:391,64,0,0
BRDA:391,64,1,0
BRDA:396,65,0,0
BRDA:396,65,1,0
BRDA:411,66,0,0
BRDA:411,66,1,0
BRDA:416,67,0,0
BRDA:416,67,1,0
BRDA:418,68,0,0
BRDA:418,68,1,0
BRDA:421,69,0,0
BRDA:421,69,1,0
BRDA:422,70,0,0
BRDA:422,70,1,0
BRDA:423,71,0,0
BRDA:423,71,1,0
BRDA:423,72,0,0
BRDA:423,72,1,0
BRDA:423,73,0,0
BRDA:423,73,1,0
BRDA:426,74,0,0
BRDA:426,74,1,0
BRDA:451,75,0,0
BRDA:451,75,1,0
BRDA:474,76,0,0
BRDA:474,76,1,0
BRDA:479,77,0,0
BRDA:479,77,1,0
BRDA:481,78,0,0
BRDA:481,78,1,0
BRDA:485,79,0,0
BRDA:485,79,1,0
BRDA:485,80,0,0
BRDA:485,80,1,0
BRDA:485,81,0,0
BRDA:485,81,1,0
BRDA:486,82,0,0
BRDA:486,82,1,0
BRDA:489,83,0,0
BRDA:489,83,1,0
BRDA:496,84,0,0
BRDA:496,84,1,0
BRDA:501,85,0,0
BRDA:501,85,1,0
BRDA:518,86,0,0
BRDA:518,86,1,0
BRDA:523,87,0,0
BRDA:523,87,1,0
BRDA:525,88,0,0
BRDA:525,88,1,0
BRDA:529,89,0,0
BRDA:529,89,1,0
BRDA:545,90,0,0
BRDA:545,90,1,0
BRDA:568,91,0,0
BRDA:568,91,1,0
BRDA:575,92,0,0
BRDA:575,92,1,0
BRF:186
BRH:0
end_of_record
TN:
SF:src\store\authSlice.js
FN:4,(anonymous_0)
FN:16,(anonymous_1)
FN:26,(anonymous_2)
FN:39,(anonymous_3)
FN:40,(anonymous_4)
FN:41,(anonymous_5)
FN:48,(anonymous_6)
FN:50,(anonymous_7)
FN:51,(anonymous_8)
FN:56,(anonymous_9)
FN:60,(anonymous_10)
FNF:11
FNH:8
FNDA:2,(anonymous_0)
FNDA:0,(anonymous_1)
FNDA:1,(anonymous_2)
FNDA:13,(anonymous_3)
FNDA:0,(anonymous_4)
FNDA:1,(anonymous_5)
FNDA:1,(anonymous_6)
FNDA:2,(anonymous_7)
FNDA:1,(anonymous_8)
FNDA:1,(anonymous_9)
FNDA:0,(anonymous_10)
DA:4,1
DA:5,2
DA:6,2
DA:7,1
DA:8,1
DA:9,1
DA:10,1
DA:12,1
DA:16,1
DA:17,0
DA:18,0
DA:22,0
DA:26,1
DA:27,1
DA:30,1
DA:39,13
DA:40,0
DA:42,1
DA:43,1
DA:44,1
DA:49,1
DA:50,2
DA:52,1
DA:53,1
DA:54,1
DA:57,1
DA:58,1
DA:61,0
DA:62,0
DA:67,1
LF:30
LH:24
BRDA:12,0,0,1
BRDA:12,0,1,0
BRDA:42,1,0,1
BRDA:42,1,1,0
BRF:4
BRH:2
end_of_record
TN:
SF:src\store\store.js
FNF:0
FNH:0
DA:5,0
LF:1
LH:0
BRF:0
BRH:0
end_of_record
TN:
SF:src\store\uiSlice.js
FN:9,(anonymous_0)
FN:10,(anonymous_1)
FNF:2
FNH:0
FNDA:0,(anonymous_0)
FNDA:0,(anonymous_1)
DA:3,0
DA:9,0
DA:10,0
DA:14,0
LF:4
LH:0
BRF:0
BRH:0
end_of_record
