TN:
SF:src\App.js
FN:76,App
FNF:1
FNH:0
FNDA:0,App
DA:24,0
DA:77,0
LF:2
LH:0
BRF:0
BRH:0
end_of_record
TN:
SF:src\index.js
FNF:0
FNH:0
DA:11,0
DA:12,0
LF:2
LH:0
BRF:0
BRH:0
end_of_record
TN:
SF:src\api\announcementApi.js
FN:4,(anonymous_0)
FN:5,(anonymous_1)
FN:6,(anonymous_2)
FN:7,(anonymous_3)
FN:8,(anonymous_4)
FN:9,(anonymous_5)
FN:10,(anonymous_6)
FN:11,(anonymous_7)
FNF:8
FNH:0
FNDA:0,(anonymous_0)
FNDA:0,(anonymous_1)
FNDA:0,(anonymous_2)
FNDA:0,(anonymous_3)
FNDA:0,(anonymous_4)
FNDA:0,(anonymous_5)
FNDA:0,(anonymous_6)
FNDA:0,(anonymous_7)
DA:3,0
DA:4,0
DA:5,0
DA:6,0
DA:7,0
DA:8,0
DA:9,0
DA:10,0
DA:11,0
LF:9
LH:0
BRF:0
BRH:0
end_of_record
TN:
SF:src\api\assetApi.js
FN:4,(anonymous_0)
FN:5,(anonymous_1)
FN:6,(anonymous_2)
FN:7,(anonymous_3)
FN:8,(anonymous_4)
FN:9,(anonymous_5)
FN:10,(anonymous_6)
FN:12,(anonymous_7)
FN:13,(anonymous_8)
FNF:9
FNH:0
FNDA:0,(anonymous_0)
FNDA:0,(anonymous_1)
FNDA:0,(anonymous_2)
FNDA:0,(anonymous_3)
FNDA:0,(anonymous_4)
FNDA:0,(anonymous_5)
FNDA:0,(anonymous_6)
FNDA:0,(anonymous_7)
FNDA:0,(anonymous_8)
DA:3,0
DA:4,0
DA:5,0
DA:6,0
DA:7,0
DA:8,0
DA:9,0
DA:11,0
DA:12,0
DA:13,0
LF:10
LH:0
BRF:0
BRH:0
end_of_record
TN:
SF:src\api\authApi.js
FN:4,(anonymous_0)
FN:5,(anonymous_1)
FN:6,(anonymous_2)
FN:7,(anonymous_3)
FNF:4
FNH:4
FNDA:5,(anonymous_0)
FNDA:1,(anonymous_1)
FNDA:2,(anonymous_2)
FNDA:2,(anonymous_3)
DA:3,7
DA:4,5
DA:5,1
DA:6,2
DA:7,2
LF:5
LH:5
BRF:0
BRH:0
end_of_record
TN:
SF:src\api\axios.js
FN:8,(anonymous_0)
FN:15,(anonymous_1)
FN:16,(anonymous_2)
FNF:3
FNH:3
FNDA:90,(anonymous_0)
FNDA:46,(anonymous_1)
FNDA:42,(anonymous_2)
DA:3,10
DA:8,10
DA:9,90
DA:10,90
DA:11,90
DA:14,10
DA:15,46
DA:17,42
DA:18,42
DA:19,6
DA:20,6
DA:21,6
DA:22,6
DA:23,0
DA:24,0
DA:25,0
DA:26,0
DA:28,6
DA:29,6
DA:32,42
LF:20
LH:16
BRDA:10,0,0,2
BRDA:10,0,1,88
BRDA:18,1,0,6
BRDA:18,1,1,36
BRDA:18,2,0,42
BRDA:18,2,1,6
BRF:6
BRH:6
end_of_record
TN:
SF:src\api\courseApi.js
FN:4,(anonymous_0)
FN:5,(anonymous_1)
FN:6,(anonymous_2)
FN:7,(anonymous_3)
FN:8,(anonymous_4)
FN:9,(anonymous_5)
FN:10,(anonymous_6)
FN:11,(anonymous_7)
FN:12,(anonymous_8)
FN:14,(anonymous_9)
FN:15,(anonymous_10)
FN:16,(anonymous_11)
FN:18,(anonymous_12)
FN:19,(anonymous_13)
FN:20,(anonymous_14)
FN:21,(anonymous_15)
FN:22,(anonymous_16)
FN:23,(anonymous_17)
FN:24,(anonymous_18)
FN:25,(anonymous_19)
FNF:20
FNH:8
FNDA:3,(anonymous_0)
FNDA:0,(anonymous_1)
FNDA:0,(anonymous_2)
FNDA:2,(anonymous_3)
FNDA:0,(anonymous_4)
FNDA:0,(anonymous_5)
FNDA:3,(anonymous_6)
FNDA:2,(anonymous_7)
FNDA:0,(anonymous_8)
FNDA:0,(anonymous_9)
FNDA:0,(anonymous_10)
FNDA:2,(anonymous_11)
FNDA:0,(anonymous_12)
FNDA:0,(anonymous_13)
FNDA:0,(anonymous_14)
FNDA:0,(anonymous_15)
FNDA:0,(anonymous_16)
FNDA:4,(anonymous_17)
FNDA:3,(anonymous_18)
FNDA:9,(anonymous_19)
DA:3,1
DA:4,3
DA:5,0
DA:6,0
DA:7,2
DA:8,0
DA:9,0
DA:10,3
DA:11,2
DA:13,0
DA:14,0
DA:15,0
DA:17,2
DA:18,0
DA:19,0
DA:20,0
DA:21,0
DA:22,0
DA:23,4
DA:24,3
DA:26,9
LF:21
LH:9
BRF:0
BRH:0
end_of_record
TN:
SF:src\api\courseNotificationApi.js
FN:4,(anonymous_0)
FN:5,(anonymous_1)
FN:6,(anonymous_2)
FN:7,(anonymous_3)
FNF:4
FNH:0
FNDA:0,(anonymous_0)
FNDA:0,(anonymous_1)
FNDA:0,(anonymous_2)
FNDA:0,(anonymous_3)
DA:3,0
DA:4,0
DA:5,0
DA:6,0
DA:7,0
LF:5
LH:0
BRF:0
BRH:0
end_of_record
TN:
SF:src\api\dashboardApi.js
FN:4,(anonymous_0)
FNF:1
FNH:0
FNDA:0,(anonymous_0)
DA:3,0
DA:4,0
LF:2
LH:0
BRF:0
BRH:0
end_of_record
TN:
SF:src\api\employeeApi.js
FN:4,(anonymous_0)
FN:5,(anonymous_1)
FN:6,(anonymous_2)
FN:7,(anonymous_3)
FN:8,(anonymous_4)
FN:9,(anonymous_5)
FN:10,(anonymous_6)
FN:11,(anonymous_7)
FN:12,(anonymous_8)
FN:13,(anonymous_9)
FN:14,(anonymous_10)
FNF:11
FNH:9
FNDA:3,(anonymous_0)
FNDA:1,(anonymous_1)
FNDA:2,(anonymous_2)
FNDA:1,(anonymous_3)
FNDA:0,(anonymous_4)
FNDA:1,(anonymous_5)
FNDA:3,(anonymous_6)
FNDA:1,(anonymous_7)
FNDA:2,(anonymous_8)
FNDA:2,(anonymous_9)
FNDA:0,(anonymous_10)
DA:3,2
DA:4,3
DA:5,1
DA:6,2
DA:7,1
DA:8,0
DA:9,1
DA:10,3
DA:11,1
DA:12,2
DA:13,2
DA:14,0
LF:12
LH:10
BRDA:4,0,0,1
BRDA:4,0,1,2
BRF:2
BRH:2
end_of_record
TN:
SF:src\api\leaveApi.js
FN:4,(anonymous_0)
FN:5,(anonymous_1)
FN:6,(anonymous_2)
FN:7,(anonymous_3)
FN:8,(anonymous_4)
FN:9,(anonymous_5)
FN:10,(anonymous_6)
FN:12,(anonymous_7)
FN:13,(anonymous_8)
FN:14,(anonymous_9)
FNF:10
FNH:0
FNDA:0,(anonymous_0)
FNDA:0,(anonymous_1)
FNDA:0,(anonymous_2)
FNDA:0,(anonymous_3)
FNDA:0,(anonymous_4)
FNDA:0,(anonymous_5)
FNDA:0,(anonymous_6)
FNDA:0,(anonymous_7)
FNDA:0,(anonymous_8)
FNDA:0,(anonymous_9)
DA:3,0
DA:4,0
DA:5,0
DA:6,0
DA:7,0
DA:8,0
DA:9,0
DA:11,0
DA:12,0
DA:13,0
DA:14,0
LF:11
LH:0
BRF:0
BRH:0
end_of_record
TN:
SF:src\api\leaveUploadApi.js
FN:4,(anonymous_0)
FN:12,(anonymous_1)
FN:13,(anonymous_2)
FN:14,(anonymous_3)
FN:15,(anonymous_4)
FNF:5
FNH:1
FNDA:0,(anonymous_0)
FNDA:0,(anonymous_1)
FNDA:0,(anonymous_2)
FNDA:12,(anonymous_3)
FNDA:0,(anonymous_4)
DA:3,1
DA:5,0
DA:6,0
DA:7,0
DA:8,0
DA:12,0
DA:13,0
DA:14,12
DA:15,0
LF:9
LH:2
BRDA:7,0,0,0
BRDA:7,0,1,0
BRDA:12,1,0,0
BRDA:12,1,1,0
BRF:4
BRH:0
end_of_record
TN:
SF:src\api\performanceApi.js
FN:4,(anonymous_0)
FN:5,(anonymous_1)
FN:6,(anonymous_2)
FN:7,(anonymous_3)
FN:8,(anonymous_4)
FN:9,(anonymous_5)
FN:10,(anonymous_6)
FNF:7
FNH:0
FNDA:0,(anonymous_0)
FNDA:0,(anonymous_1)
FNDA:0,(anonymous_2)
FNDA:0,(anonymous_3)
FNDA:0,(anonymous_4)
FNDA:0,(anonymous_5)
FNDA:0,(anonymous_6)
DA:3,0
DA:4,0
DA:5,0
DA:6,0
DA:7,0
DA:8,0
DA:9,0
DA:10,0
LF:8
LH:0
BRF:0
BRH:0
end_of_record
TN:
SF:src\api\permissionsApi.js
FN:4,(anonymous_0)
FN:5,(anonymous_1)
FNF:2
FNH:0
FNDA:0,(anonymous_0)
FNDA:0,(anonymous_1)
DA:3,0
DA:4,0
DA:6,0
LF:3
LH:0
BRF:0
BRH:0
end_of_record
TN:
SF:src\api\resourceApi.js
FN:4,(anonymous_0)
FN:6,(anonymous_1)
FN:18,(anonymous_2)
FN:19,(anonymous_3)
FN:20,(anonymous_4)
FN:23,(anonymous_5)
FN:26,(anonymous_6)
FN:30,(anonymous_7)
FN:31,(anonymous_8)
FN:32,(anonymous_9)
FN:33,(anonymous_10)
FN:34,(anonymous_11)
FNF:12
FNH:12
FNDA:2,(anonymous_0)
FNDA:5,(anonymous_1)
FNDA:1,(anonymous_2)
FNDA:1,(anonymous_3)
FNDA:2,(anonymous_4)
FNDA:2,(anonymous_5)
FNDA:2,(anonymous_6)
FNDA:2,(anonymous_7)
FNDA:2,(anonymous_8)
FNDA:1,(anonymous_9)
FNDA:1,(anonymous_10)
FNDA:1,(anonymous_11)
DA:3,1
DA:4,2
DA:7,5
DA:8,5
DA:9,5
DA:10,5
DA:11,5
DA:12,5
DA:13,5
DA:18,1
DA:19,1
DA:20,2
DA:23,2
DA:26,2
DA:29,1
DA:30,2
DA:31,2
DA:32,1
DA:33,1
DA:34,1
LF:20
LH:20
BRDA:9,0,0,3
BRDA:9,0,1,2
BRDA:10,1,0,4
BRDA:10,1,1,1
BRDA:11,2,0,1
BRDA:11,2,1,4
BRDA:12,3,0,1
BRDA:12,3,1,4
BRDA:30,4,0,1
BRF:9
BRH:9
end_of_record
TN:
SF:src\api\resumeApi.js
FN:4,(anonymous_0)
FNF:1
FNH:0
FNDA:0,(anonymous_0)
DA:3,0
DA:5,0
DA:6,0
DA:7,0
LF:4
LH:0
BRF:0
BRH:0
end_of_record
TN:
SF:src\api\timesheetApi.js
FN:4,(anonymous_0)
FN:5,(anonymous_1)
FN:6,(anonymous_2)
FN:7,(anonymous_3)
FN:8,(anonymous_4)
FN:10,(anonymous_5)
FN:11,(anonymous_6)
FN:12,(anonymous_7)
FN:14,(anonymous_8)
FN:16,(anonymous_9)
FNF:10
FNH:1
FNDA:1,(anonymous_0)
FNDA:0,(anonymous_1)
FNDA:0,(anonymous_2)
FNDA:0,(anonymous_3)
FNDA:0,(anonymous_4)
FNDA:0,(anonymous_5)
FNDA:0,(anonymous_6)
FNDA:0,(anonymous_7)
FNDA:0,(anonymous_8)
FNDA:0,(anonymous_9)
DA:3,1
DA:4,1
DA:5,0
DA:6,0
DA:7,0
DA:9,0
DA:10,0
DA:11,0
DA:13,0
DA:15,0
DA:17,0
LF:11
LH:2
BRF:0
BRH:0
end_of_record
TN:
SF:src\api\timesheetEntryApi.js
FN:4,(anonymous_0)
FN:6,(anonymous_1)
FN:7,(anonymous_2)
FN:8,(anonymous_3)
FN:10,(anonymous_4)
FNF:5
FNH:0
FNDA:0,(anonymous_0)
FNDA:0,(anonymous_1)
FNDA:0,(anonymous_2)
FNDA:0,(anonymous_3)
FNDA:0,(anonymous_4)
DA:3,0
DA:5,0
DA:6,0
DA:7,0
DA:9,0
DA:11,0
LF:6
LH:0
BRF:0
BRH:0
end_of_record
TN:
SF:src\components\Auth\ProtectedRoute.jsx
FN:5,(anonymous_0)
FN:6,(anonymous_1)
FNF:2
FNH:0
FNDA:0,(anonymous_0)
FNDA:0,(anonymous_1)
DA:5,0
DA:6,0
DA:8,0
DA:9,0
DA:12,0
DA:13,0
DA:16,0
LF:7
LH:0
BRDA:8,0,0,0
BRDA:8,0,1,0
BRDA:8,1,0,0
BRDA:8,1,1,0
BRDA:12,2,0,0
BRDA:12,2,1,0
BRDA:12,3,0,0
BRDA:12,3,1,0
BRF:8
BRH:0
end_of_record
TN:
SF:src\components\Layout\Header.jsx
FN:69,(anonymous_0)
FN:71,(anonymous_1)
FN:82,(anonymous_2)
FN:86,(anonymous_3)
FN:87,(anonymous_4)
FN:102,(anonymous_5)
FN:105,(anonymous_6)
FN:111,(anonymous_7)
FN:114,(anonymous_8)
FN:115,(anonymous_9)
FN:117,(anonymous_10)
FN:118,(anonymous_11)
FN:122,(anonymous_12)
FN:123,(anonymous_13)
FN:125,(anonymous_14)
FN:129,(anonymous_15)
FN:130,(anonymous_16)
FN:132,(anonymous_17)
FN:136,(anonymous_18)
FN:140,(anonymous_19)
FN:141,(anonymous_20)
FN:142,(anonymous_21)
FN:145,(anonymous_22)
FN:149,(anonymous_23)
FN:153,(anonymous_24)
FN:153,(anonymous_25)
FN:154,(anonymous_26)
FN:160,(anonymous_27)
FN:162,(anonymous_28)
FN:162,(anonymous_29)
FN:163,(anonymous_30)
FN:169,(anonymous_31)
FN:171,(anonymous_32)
FN:171,(anonymous_33)
FN:172,(anonymous_34)
FN:182,(anonymous_35)
FN:203,(anonymous_36)
FN:213,(anonymous_37)
FN:218,(anonymous_38)
FN:271,(anonymous_39)
FN:347,(anonymous_40)
FN:352,(anonymous_41)
FN:425,(anonymous_42)
FN:428,(anonymous_43)
FN:499,(anonymous_44)
FN:534,(anonymous_45)
FN:549,(anonymous_46)
FNF:47
FNH:0
FNDA:0,(anonymous_0)
FNDA:0,(anonymous_1)
FNDA:0,(anonymous_2)
FNDA:0,(anonymous_3)
FNDA:0,(anonymous_4)
FNDA:0,(anonymous_5)
FNDA:0,(anonymous_6)
FNDA:0,(anonymous_7)
FNDA:0,(anonymous_8)
FNDA:0,(anonymous_9)
FNDA:0,(anonymous_10)
FNDA:0,(anonymous_11)
FNDA:0,(anonymous_12)
FNDA:0,(anonymous_13)
FNDA:0,(anonymous_14)
FNDA:0,(anonymous_15)
FNDA:0,(anonymous_16)
FNDA:0,(anonymous_17)
FNDA:0,(anonymous_18)
FNDA:0,(anonymous_19)
FNDA:0,(anonymous_20)
FNDA:0,(anonymous_21)
FNDA:0,(anonymous_22)
FNDA:0,(anonymous_23)
FNDA:0,(anonymous_24)
FNDA:0,(anonymous_25)
FNDA:0,(anonymous_26)
FNDA:0,(anonymous_27)
FNDA:0,(anonymous_28)
FNDA:0,(anonymous_29)
FNDA:0,(anonymous_30)
FNDA:0,(anonymous_31)
FNDA:0,(anonymous_32)
FNDA:0,(anonymous_33)
FNDA:0,(anonymous_34)
FNDA:0,(anonymous_35)
FNDA:0,(anonymous_36)
FNDA:0,(anonymous_37)
FNDA:0,(anonymous_38)
FNDA:0,(anonymous_39)
FNDA:0,(anonymous_40)
FNDA:0,(anonymous_41)
FNDA:0,(anonymous_42)
FNDA:0,(anonymous_43)
FNDA:0,(anonymous_44)
FNDA:0,(anonymous_45)
FNDA:0,(anonymous_46)
DA:29,0
DA:45,0
DA:61,0
DA:69,0
DA:71,0
DA:72,0
DA:73,0
DA:74,0
DA:75,0
DA:76,0
DA:77,0
DA:78,0
DA:79,0
DA:82,0
DA:83,0
DA:84,0
DA:85,0
DA:86,0
DA:87,0
DA:89,0
DA:90,0
DA:91,0
DA:92,0
DA:93,0
DA:94,0
DA:95,0
DA:97,0
DA:99,0
DA:101,0
DA:102,0
DA:104,0
DA:105,0
DA:106,0
DA:111,0
DA:112,0
DA:113,0
DA:114,0
DA:116,0
DA:117,0
DA:122,0
DA:123,0
DA:124,0
DA:125,0
DA:129,0
DA:130,0
DA:131,0
DA:132,0
DA:136,0
DA:137,0
DA:138,0
DA:139,0
DA:140,0
DA:141,0
DA:143,0
DA:144,0
DA:145,0
DA:149,0
DA:150,0
DA:151,0
DA:153,0
DA:154,0
DA:155,0
DA:156,0
DA:160,0
DA:161,0
DA:162,0
DA:163,0
DA:164,0
DA:165,0
DA:169,0
DA:170,0
DA:171,0
DA:174,0
DA:175,0
DA:176,0
DA:177,0
DA:178,0
DA:179,0
DA:182,0
DA:183,0
DA:184,0
DA:186,0
DA:187,0
DA:190,0
DA:192,0
DA:203,0
DA:214,0
DA:215,0
DA:217,0
DA:218,0
DA:219,0
DA:271,0
DA:348,0
DA:349,0
DA:352,0
DA:426,0
DA:428,0
DA:499,0
DA:534,0
DA:549,0
LF:100
LH:0
BRDA:69,0,0,0
BRDA:69,0,1,0
BRDA:72,1,0,0
BRDA:72,1,1,0
BRDA:75,2,0,0
BRDA:75,2,1,0
BRDA:76,3,0,0
BRDA:76,3,1,0
BRDA:77,4,0,0
BRDA:77,4,1,0
BRDA:78,5,0,0
BRDA:78,5,1,0
BRDA:99,6,0,0
BRDA:99,6,1,0
BRDA:101,7,0,0
BRDA:101,7,1,0
BRDA:101,7,2,0
BRDA:104,8,0,0
BRDA:104,8,1,0
BRDA:106,9,0,0
BRDA:106,9,1,0
BRDA:112,10,0,0
BRDA:112,10,1,0
BRDA:114,11,0,0
BRDA:114,11,1,0
BRDA:117,12,0,0
BRDA:117,12,1,0
BRDA:143,13,0,0
BRDA:143,13,1,0
BRDA:144,14,0,0
BRDA:144,14,1,0
BRDA:183,15,0,0
BRDA:183,15,1,0
BRDA:209,16,0,0
BRDA:209,16,1,0
BRDA:214,17,0,0
BRDA:214,17,1,0
BRDA:217,18,0,0
BRDA:217,18,1,0
BRDA:230,19,0,0
BRDA:230,19,1,0
BRDA:247,20,0,0
BRDA:247,20,1,0
BRDA:248,21,0,0
BRDA:248,21,1,0
BRDA:254,22,0,0
BRDA:254,22,1,0
BRDA:259,23,0,0
BRDA:259,23,1,0
BRDA:293,24,0,0
BRDA:293,24,1,0
BRDA:296,25,0,0
BRDA:296,25,1,0
BRDA:301,26,0,0
BRDA:301,26,1,0
BRDA:301,26,2,0
BRDA:318,27,0,0
BRDA:318,27,1,0
BRDA:322,28,0,0
BRDA:322,28,1,0
BRDA:322,29,0,0
BRDA:322,29,1,0
BRDA:340,30,0,0
BRDA:340,30,1,0
BRDA:340,30,2,0
BRDA:348,31,0,0
BRDA:348,31,1,0
BRDA:355,32,0,0
BRDA:355,32,1,0
BRDA:382,33,0,0
BRDA:382,33,1,0
BRDA:384,34,0,0
BRDA:384,34,1,0
BRDA:384,35,0,0
BRDA:384,35,1,0
BRDA:385,36,0,0
BRDA:385,36,1,0
BRDA:386,37,0,0
BRDA:386,37,1,0
BRDA:415,38,0,0
BRDA:415,38,1,0
BRDA:418,39,0,0
BRDA:418,39,1,0
BRDA:431,40,0,0
BRDA:431,40,1,0
BRF:85
BRH:0
end_of_record
TN:
SF:src\components\Layout\Layout.jsx
FN:8,(anonymous_0)
FN:9,(anonymous_1)
FNF:2
FNH:0
FNDA:0,(anonymous_0)
FNDA:0,(anonymous_1)
DA:8,0
DA:9,0
DA:10,0
DA:12,0
LF:4
LH:0
BRDA:10,0,0,0
BRDA:10,0,1,0
BRF:2
BRH:0
end_of_record
TN:
SF:src\components\Layout\Sidebar.jsx
FN:42,(anonymous_0)
FN:46,(anonymous_1)
FN:47,(anonymous_2)
FN:50,(anonymous_3)
FN:55,(anonymous_4)
FN:68,(anonymous_5)
FN:156,(anonymous_6)
FN:163,(anonymous_7)
FNF:8
FNH:0
FNDA:0,(anonymous_0)
FNDA:0,(anonymous_1)
FNDA:0,(anonymous_2)
FNDA:0,(anonymous_3)
FNDA:0,(anonymous_4)
FNDA:0,(anonymous_5)
FNDA:0,(anonymous_6)
FNDA:0,(anonymous_7)
DA:23,0
DA:24,0
DA:26,0
DA:42,0
DA:43,0
DA:44,0
DA:45,0
DA:46,0
DA:47,0
DA:48,0
DA:50,0
DA:51,0
DA:52,0
DA:55,0
DA:57,0
DA:59,0
DA:60,0
DA:62,0
DA:64,0
DA:68,0
DA:158,0
DA:162,0
DA:163,0
DA:206,0
LF:24
LH:0
BRDA:48,0,0,0
BRDA:48,0,1,0
BRDA:51,1,0,0
BRDA:51,1,1,0
BRDA:57,2,0,0
BRDA:57,2,1,0
BRDA:59,3,0,0
BRDA:59,3,1,0
BRDA:62,4,0,0
BRDA:62,4,1,0
BRDA:85,5,0,0
BRDA:85,5,1,0
BRDA:98,6,0,0
BRDA:98,6,1,0
BRDA:119,7,0,0
BRDA:119,7,1,0
BRDA:123,8,0,0
BRDA:123,8,1,0
BRDA:126,9,0,0
BRDA:126,9,1,0
BRDA:126,10,0,0
BRDA:126,10,1,0
BRDA:130,11,0,0
BRDA:130,11,1,0
BRDA:130,12,0,0
BRDA:130,12,1,0
BRDA:136,13,0,0
BRDA:136,13,1,0
BRDA:137,14,0,0
BRDA:137,14,1,0
BRDA:149,15,0,0
BRDA:149,15,1,0
BRDA:151,16,0,0
BRDA:151,16,1,0
BRDA:158,17,0,0
BRDA:158,17,1,0
BRDA:158,17,2,0
BRDA:167,18,0,0
BRDA:167,18,1,0
BRDA:169,19,0,0
BRDA:169,19,1,0
BRDA:170,20,0,0
BRDA:170,20,1,0
BRDA:171,21,0,0
BRDA:171,21,1,0
BRDA:175,22,0,0
BRDA:175,22,1,0
BRDA:176,23,0,0
BRDA:176,23,1,0
BRDA:179,24,0,0
BRDA:179,24,1,0
BRDA:180,25,0,0
BRDA:180,25,1,0
BRDA:182,26,0,0
BRDA:182,26,1,0
BRDA:194,27,0,0
BRDA:194,27,1,0
BRDA:198,28,0,0
BRDA:198,28,1,0
BRDA:199,29,0,0
BRDA:199,29,1,0
BRDA:206,30,0,0
BRDA:206,30,1,0
BRF:63
BRH:0
end_of_record
TN:
SF:src\pages\About.jsx
FN:4,(anonymous_0)
FN:15,(anonymous_1)
FN:24,(anonymous_2)
FN:30,(anonymous_3)
FNF:4
FNH:0
FNDA:0,(anonymous_0)
FNDA:0,(anonymous_1)
FNDA:0,(anonymous_2)
FNDA:0,(anonymous_3)
DA:4,0
DA:5,0
DA:15,0
DA:16,0
DA:24,0
DA:25,0
DA:30,0
DA:31,0
LF:8
LH:0
BRF:0
BRH:0
end_of_record
TN:
SF:src\pages\AssetManagement.jsx
FN:91,KpiCard
FN:109,TypeLabel
FN:118,StatusBadge
FN:123,ConditionBadge
FN:132,AssetManagement
FN:164,(anonymous_5)
FN:176,(anonymous_6)
FN:184,(anonymous_7)
FN:187,(anonymous_8)
FN:187,(anonymous_9)
FN:189,(anonymous_10)
FN:191,(anonymous_11)
FN:207,(anonymous_12)
FN:210,(anonymous_13)
FN:212,(anonymous_14)
FN:229,(anonymous_15)
FN:247,(anonymous_16)
FN:264,(anonymous_17)
FN:266,(anonymous_18)
FN:284,(anonymous_19)
FN:286,(anonymous_20)
FN:298,(anonymous_21)
FN:300,(anonymous_22)
FN:312,(anonymous_23)
FN:313,(anonymous_24)
FN:339,(anonymous_25)
FN:339,(anonymous_26)
FN:339,(anonymous_27)
FN:340,(anonymous_28)
FN:340,(anonymous_29)
FN:340,(anonymous_30)
FN:371,(anonymous_31)
FN:375,(anonymous_32)
FN:387,(anonymous_33)
FN:393,(anonymous_34)
FN:396,(anonymous_35)
FN:401,(anonymous_36)
FN:404,(anonymous_37)
FN:409,(anonymous_38)
FN:412,(anonymous_39)
FN:416,(anonymous_40)
FN:437,(anonymous_41)
FN:449,(anonymous_42)
FN:479,(anonymous_43)
FN:486,(anonymous_44)
FN:492,(anonymous_45)
FN:497,(anonymous_46)
FN:512,(anonymous_47)
FN:514,(anonymous_48)
FN:523,(anonymous_49)
FN:535,(anonymous_50)
FN:547,(anonymous_51)
FN:550,(anonymous_52)
FN:560,(anonymous_53)
FN:583,(anonymous_54)
FN:594,(anonymous_55)
FN:608,(anonymous_56)
FN:619,(anonymous_57)
FN:630,(anonymous_58)
FN:644,AssetFormDialog
FN:662,(anonymous_60)
FN:680,(anonymous_61)
FN:696,(anonymous_62)
FNF:63
FNH:0
FNDA:0,KpiCard
FNDA:0,TypeLabel
FNDA:0,StatusBadge
FNDA:0,ConditionBadge
FNDA:0,AssetManagement
FNDA:0,(anonymous_5)
FNDA:0,(anonymous_6)
FNDA:0,(anonymous_7)
FNDA:0,(anonymous_8)
FNDA:0,(anonymous_9)
FNDA:0,(anonymous_10)
FNDA:0,(anonymous_11)
FNDA:0,(anonymous_12)
FNDA:0,(anonymous_13)
FNDA:0,(anonymous_14)
FNDA:0,(anonymous_15)
FNDA:0,(anonymous_16)
FNDA:0,(anonymous_17)
FNDA:0,(anonymous_18)
FNDA:0,(anonymous_19)
FNDA:0,(anonymous_20)
FNDA:0,(anonymous_21)
FNDA:0,(anonymous_22)
FNDA:0,(anonymous_23)
FNDA:0,(anonymous_24)
FNDA:0,(anonymous_25)
FNDA:0,(anonymous_26)
FNDA:0,(anonymous_27)
FNDA:0,(anonymous_28)
FNDA:0,(anonymous_29)
FNDA:0,(anonymous_30)
FNDA:0,(anonymous_31)
FNDA:0,(anonymous_32)
FNDA:0,(anonymous_33)
FNDA:0,(anonymous_34)
FNDA:0,(anonymous_35)
FNDA:0,(anonymous_36)
FNDA:0,(anonymous_37)
FNDA:0,(anonymous_38)
FNDA:0,(anonymous_39)
FNDA:0,(anonymous_40)
FNDA:0,(anonymous_41)
FNDA:0,(anonymous_42)
FNDA:0,(anonymous_43)
FNDA:0,(anonymous_44)
FNDA:0,(anonymous_45)
FNDA:0,(anonymous_46)
FNDA:0,(anonymous_47)
FNDA:0,(anonymous_48)
FNDA:0,(anonymous_49)
FNDA:0,(anonymous_50)
FNDA:0,(anonymous_51)
FNDA:0,(anonymous_52)
FNDA:0,(anonymous_53)
FNDA:0,(anonymous_54)
FNDA:0,(anonymous_55)
FNDA:0,(anonymous_56)
FNDA:0,(anonymous_57)
FNDA:0,(anonymous_58)
FNDA:0,AssetFormDialog
FNDA:0,(anonymous_60)
FNDA:0,(anonymous_61)
FNDA:0,(anonymous_62)
DA:35,0
DA:36,0
DA:37,0
DA:39,0
DA:52,0
DA:59,0
DA:66,0
DA:74,0
DA:80,0
DA:83,0
DA:88,0
DA:92,0
DA:110,0
DA:119,0
DA:120,0
DA:124,0
DA:125,0
DA:133,0
DA:134,0
DA:135,0
DA:136,0
DA:137,0
DA:140,0
DA:141,0
DA:142,0
DA:143,0
DA:146,0
DA:147,0
DA:150,0
DA:151,0
DA:152,0
DA:153,0
DA:154,0
DA:155,0
DA:158,0
DA:159,0
DA:160,0
DA:161,0
DA:164,0
DA:165,0
DA:166,0
DA:167,0
DA:168,0
DA:173,0
DA:174,0
DA:175,0
DA:176,0
DA:178,0
DA:180,0
DA:184,0
DA:187,0
DA:189,0
DA:190,0
DA:191,0
DA:192,0
DA:193,0
DA:194,0
DA:195,0
DA:202,0
DA:203,0
DA:207,0
DA:210,0
DA:212,0
DA:213,0
DA:214,0
DA:215,0
DA:216,0
DA:221,0
DA:222,0
DA:224,0
DA:225,0
DA:229,0
DA:230,0
DA:231,0
DA:243,0
DA:244,0
DA:247,0
DA:248,0
DA:249,0
DA:250,0
DA:251,0
DA:256,0
DA:257,0
DA:259,0
DA:260,0
DA:264,0
DA:266,0
DA:267,0
DA:268,0
DA:269,0
DA:270,0
DA:276,0
DA:277,0
DA:279,0
DA:280,0
DA:284,0
DA:286,0
DA:287,0
DA:288,0
DA:289,0
DA:290,0
DA:291,0
DA:293,0
DA:294,0
DA:298,0
DA:300,0
DA:301,0
DA:302,0
DA:303,0
DA:304,0
DA:305,0
DA:307,0
DA:308,0
DA:312,0
DA:313,0
DA:332,0
DA:333,0
DA:334,0
DA:335,0
DA:339,0
DA:340,0
DA:343,0
DA:350,0
DA:371,0
DA:376,0
DA:387,0
DA:393,0
DA:396,0
DA:401,0
DA:404,0
DA:409,0
DA:412,0
DA:416,0
DA:438,0
DA:450,0
DA:479,0
DA:486,0
DA:492,0
DA:497,0
DA:512,0
DA:514,0
DA:523,0
DA:535,0
DA:547,0
DA:550,0
DA:561,0
DA:583,0
DA:594,0
DA:608,0
DA:619,0
DA:630,0
DA:645,0
DA:662,0
DA:680,0
DA:696,0
LF:155
LH:0
BRDA:100,0,0,0
BRDA:100,0,1,0
BRDA:112,1,0,0
BRDA:112,1,1,0
BRDA:113,2,0,0
BRDA:113,2,1,0
BRDA:119,3,0,0
BRDA:119,3,1,0
BRDA:124,4,0,0
BRDA:124,4,1,0
BRDA:173,5,0,0
BRDA:173,5,1,0
BRDA:173,6,0,0
BRDA:173,6,1,0
BRDA:174,7,0,0
BRDA:174,7,1,0
BRDA:175,8,0,0
BRDA:175,8,1,0
BRDA:175,9,0,0
BRDA:175,9,1,0
BRDA:192,10,0,0
BRDA:192,10,1,0
BRDA:192,11,0,0
BRDA:192,11,1,0
BRDA:193,12,0,0
BRDA:193,12,1,0
BRDA:193,13,0,0
BRDA:193,13,1,0
BRDA:194,14,0,0
BRDA:194,14,1,0
BRDA:194,15,0,0
BRDA:194,15,1,0
BRDA:195,16,0,0
BRDA:195,16,1,0
BRDA:195,17,0,0
BRDA:195,17,1,0
BRDA:196,18,0,0
BRDA:196,18,1,0
BRDA:196,18,2,0
BRDA:196,18,3,0
BRDA:196,18,4,0
BRDA:196,18,5,0
BRDA:196,19,0,0
BRDA:196,19,1,0
BRDA:197,20,0,0
BRDA:197,20,1,0
BRDA:198,21,0,0
BRDA:198,21,1,0
BRDA:199,22,0,0
BRDA:199,22,1,0
BRDA:200,23,0,0
BRDA:200,23,1,0
BRDA:201,24,0,0
BRDA:201,24,1,0
BRDA:213,25,0,0
BRDA:213,25,1,0
BRDA:213,26,0,0
BRDA:213,26,1,0
BRDA:218,27,0,0
BRDA:218,27,1,0
BRDA:219,28,0,0
BRDA:219,28,1,0
BRDA:224,29,0,0
BRDA:224,29,1,0
BRDA:232,30,0,0
BRDA:232,30,1,0
BRDA:233,31,0,0
BRDA:233,31,1,0
BRDA:234,32,0,0
BRDA:234,32,1,0
BRDA:235,33,0,0
BRDA:235,33,1,0
BRDA:236,34,0,0
BRDA:236,34,1,0
BRDA:237,35,0,0
BRDA:237,35,1,0
BRDA:238,36,0,0
BRDA:238,36,1,0
BRDA:239,37,0,0
BRDA:239,37,1,0
BRDA:240,38,0,0
BRDA:240,38,1,0
BRDA:241,39,0,0
BRDA:241,39,1,0
BRDA:248,40,0,0
BRDA:248,40,1,0
BRDA:253,41,0,0
BRDA:253,41,1,0
BRDA:254,42,0,0
BRDA:254,42,1,0
BRDA:259,43,0,0
BRDA:259,43,1,0
BRDA:267,44,0,0
BRDA:267,44,1,0
BRDA:273,45,0,0
BRDA:273,45,1,0
BRDA:274,46,0,0
BRDA:274,46,1,0
BRDA:279,47,0,0
BRDA:279,47,1,0
BRDA:293,48,0,0
BRDA:293,48,1,0
BRDA:307,49,0,0
BRDA:307,49,1,0
BRDA:316,50,0,0
BRDA:316,50,1,0
BRDA:317,51,0,0
BRDA:317,51,1,0
BRDA:318,52,0,0
BRDA:318,52,1,0
BRDA:319,53,0,0
BRDA:319,53,1,0
BRDA:320,54,0,0
BRDA:320,54,1,0
BRDA:321,55,0,0
BRDA:321,55,1,0
BRDA:322,56,0,0
BRDA:322,56,1,0
BRDA:323,57,0,0
BRDA:323,57,1,0
BRDA:324,58,0,0
BRDA:324,58,1,0
BRDA:325,59,0,0
BRDA:325,59,1,0
BRDA:326,60,0,0
BRDA:326,60,1,0
BRDA:327,61,0,0
BRDA:327,61,1,0
BRDA:328,62,0,0
BRDA:328,62,1,0
BRDA:329,63,0,0
BRDA:329,63,1,0
BRDA:330,64,0,0
BRDA:330,64,1,0
BRDA:343,65,0,0
BRDA:343,65,1,0
BRDA:371,66,0,0
BRDA:371,66,1,0
BRDA:443,67,0,0
BRDA:443,67,1,0
BRDA:456,68,0,0
BRDA:456,68,1,0
BRDA:460,69,0,0
BRDA:460,69,1,0
BRDA:463,70,0,0
BRDA:463,70,1,0
BRDA:466,71,0,0
BRDA:466,71,1,0
BRDA:470,72,0,0
BRDA:470,72,1,0
BRDA:477,73,0,0
BRDA:477,73,1,0
BRDA:484,74,0,0
BRDA:484,74,1,0
BRDA:536,75,0,0
BRDA:536,75,1,0
BRDA:554,76,0,0
BRDA:554,76,1,0
BRDA:586,77,0,0
BRDA:586,77,1,0
BRDA:611,78,0,0
BRDA:611,78,1,0
BRDA:633,79,0,0
BRDA:633,79,1,0
BRDA:653,80,0,0
BRDA:653,80,1,0
BRDA:692,81,0,0
BRDA:692,81,1,0
BRDA:692,81,2,0
BRDA:710,82,0,0
BRDA:710,82,1,0
BRDA:710,83,0,0
BRDA:710,83,1,0
BRDA:712,84,0,0
BRDA:712,84,1,0
BRF:175
BRH:0
end_of_record
TN:
SF:src\pages\Attendance.jsx
FN:22,(anonymous_0)
FN:24,(anonymous_1)
FN:31,(anonymous_2)
FN:38,(anonymous_3)
FN:47,(anonymous_4)
FN:56,(anonymous_5)
FN:58,(anonymous_6)
FN:59,(anonymous_7)
FN:65,(anonymous_8)
FN:98,(anonymous_9)
FN:108,(anonymous_10)
FN:112,(anonymous_11)
FN:112,(anonymous_12)
FN:172,(anonymous_13)
FN:172,(anonymous_14)
FN:259,(anonymous_15)
FN:270,(anonymous_16)
FN:271,(anonymous_17)
FN:284,(anonymous_18)
FN:287,(anonymous_19)
FN:289,(anonymous_20)
FN:297,(anonymous_21)
FN:298,(anonymous_22)
FN:302,(anonymous_23)
FN:305,(anonymous_24)
FN:307,(anonymous_25)
FN:309,(anonymous_26)
FN:315,(anonymous_27)
FN:318,(anonymous_28)
FN:333,(anonymous_29)
FN:346,(anonymous_30)
FN:347,(anonymous_31)
FN:348,(anonymous_32)
FN:350,(anonymous_33)
FN:352,(anonymous_34)
FN:355,(anonymous_35)
FN:360,(anonymous_36)
FN:361,(anonymous_37)
FN:364,(anonymous_38)
FN:368,(anonymous_39)
FN:463,(anonymous_40)
FN:504,(anonymous_41)
FN:504,(anonymous_42)
FN:510,(anonymous_43)
FN:510,(anonymous_44)
FN:513,(anonymous_45)
FN:527,(anonymous_46)
FN:556,(anonymous_47)
FNF:48
FNH:36
FNDA:18,(anonymous_0)
FNDA:4,(anonymous_1)
FNDA:0,(anonymous_2)
FNDA:1,(anonymous_3)
FNDA:4,(anonymous_4)
FNDA:85,(anonymous_5)
FNDA:4,(anonymous_6)
FNDA:0,(anonymous_7)
FNDA:4,(anonymous_8)
FNDA:49,(anonymous_9)
FNDA:4,(anonymous_10)
FNDA:4,(anonymous_11)
FNDA:2,(anonymous_12)
FNDA:0,(anonymous_13)
FNDA:0,(anonymous_14)
FNDA:4,(anonymous_15)
FNDA:79,(anonymous_16)
FNDA:106,(anonymous_17)
FNDA:28,(anonymous_18)
FNDA:34,(anonymous_19)
FNDA:3,(anonymous_20)
FNDA:28,(anonymous_21)
FNDA:196,(anonymous_22)
FNDA:2,(anonymous_23)
FNDA:34,(anonymous_24)
FNDA:1,(anonymous_25)
FNDA:1,(anonymous_26)
FNDA:34,(anonymous_27)
FNDA:27,(anonymous_28)
FNDA:2,(anonymous_29)
FNDA:28,(anonymous_30)
FNDA:0,(anonymous_31)
FNDA:15,(anonymous_32)
FNDA:7,(anonymous_33)
FNDA:11,(anonymous_34)
FNDA:55,(anonymous_35)
FNDA:55,(anonymous_36)
FNDA:0,(anonymous_37)
FNDA:0,(anonymous_38)
FNDA:55,(anonymous_39)
FNDA:2,(anonymous_40)
FNDA:0,(anonymous_41)
FNDA:0,(anonymous_42)
FNDA:0,(anonymous_43)
FNDA:0,(anonymous_44)
FNDA:0,(anonymous_45)
FNDA:84,(anonymous_46)
FNDA:468,(anonymous_47)
DA:22,18
DA:24,2
DA:25,4
DA:26,4
DA:27,4
DA:28,4
DA:31,2
DA:32,0
DA:33,0
DA:34,0
DA:38,2
DA:39,1
DA:40,1
DA:41,1
DA:42,1
DA:43,1
DA:44,1
DA:47,2
DA:48,4
DA:49,4
DA:50,4
DA:51,4
DA:52,4
DA:56,2
DA:57,85
DA:58,4
DA:59,0
DA:60,85
DA:65,2
DA:66,4
DA:98,2
DA:99,49
DA:101,49
DA:102,49
DA:103,49
DA:104,49
DA:105,49
DA:107,49
DA:108,49
DA:109,49
DA:111,49
DA:112,4
DA:114,49
DA:116,49
DA:117,49
DA:118,49
DA:120,49
DA:121,49
DA:122,3
DA:130,46
DA:131,12
DA:132,34
DA:133,14
DA:134,20
DA:135,16
DA:136,4
DA:137,2
DA:138,2
DA:140,0
DA:142,2
DA:143,2
DA:144,2
DA:145,2
DA:151,49
DA:155,49
DA:160,49
DA:172,0
DA:260,4
DA:270,2
DA:271,106
DA:272,78
DA:273,78
DA:274,78
DA:275,78
DA:276,78
DA:277,78
DA:278,78
DA:281,78
DA:282,78
DA:284,78
DA:287,78
DA:288,34
DA:289,34
DA:290,3
DA:291,3
DA:292,3
DA:294,34
DA:297,78
DA:298,196
DA:302,78
DA:305,78
DA:306,34
DA:307,34
DA:308,34
DA:309,1
DA:310,1
DA:311,1
DA:313,33
DA:315,34
DA:318,78
DA:319,27
DA:320,27
DA:321,27
DA:322,27
DA:323,27
DA:324,27
DA:329,26
DA:330,26
DA:332,26
DA:333,26
DA:334,2
DA:335,2
DA:338,26
DA:340,1
DA:342,27
DA:346,78
DA:347,28
DA:348,28
DA:349,15
DA:350,15
DA:351,15
DA:355,78
DA:356,55
DA:360,78
DA:361,55
DA:362,0
DA:363,0
DA:364,0
DA:367,55
DA:368,55
DA:371,78
DA:372,78
DA:373,78
DA:374,78
DA:376,78
DA:464,2
DA:504,0
DA:510,0
DA:513,0
DA:528,84
DA:529,84
DA:530,84
DA:531,84
DA:557,468
LF:144
LH:132
BRDA:22,0,0,16
BRDA:22,0,1,2
BRDA:25,1,0,0
BRDA:25,1,1,4
BRDA:32,2,0,0
BRDA:32,2,1,0
BRDA:34,3,0,0
BRDA:34,3,1,0
BRDA:39,4,0,0
BRDA:39,4,1,1
BRDA:43,5,0,1
BRDA:43,5,1,1
BRDA:48,6,0,0
BRDA:48,6,1,4
BRDA:48,7,0,4
BRDA:48,7,1,4
BRDA:60,8,0,85
BRDA:60,8,1,83
BRDA:69,9,0,2
BRDA:69,9,1,2
BRDA:70,10,0,2
BRDA:70,10,1,2
BRDA:81,11,0,2
BRDA:81,11,1,2
BRDA:82,12,0,2
BRDA:82,12,1,2
BRDA:83,13,0,2
BRDA:83,13,1,2
BRDA:86,14,0,2
BRDA:86,14,1,2
BRDA:103,15,0,49
BRDA:103,15,1,42
BRDA:109,16,0,7
BRDA:109,16,1,42
BRDA:111,17,0,4
BRDA:111,17,1,45
BRDA:114,18,0,2
BRDA:114,18,1,47
BRDA:116,19,0,49
BRDA:116,19,1,45
BRDA:117,20,0,4
BRDA:117,20,1,45
BRDA:118,21,0,4
BRDA:118,21,1,45
BRDA:121,22,0,3
BRDA:121,22,1,46
BRDA:124,23,0,0
BRDA:124,23,1,3
BRDA:130,24,0,12
BRDA:130,24,1,34
BRDA:132,25,0,14
BRDA:132,25,1,20
BRDA:134,26,0,16
BRDA:134,26,1,4
BRDA:136,27,0,2
BRDA:136,27,1,2
BRDA:136,28,0,4
BRDA:136,28,1,2
BRDA:138,29,0,0
BRDA:138,29,1,2
BRDA:142,30,0,2
BRDA:142,30,1,0
BRDA:143,31,0,2
BRDA:143,31,1,2
BRDA:144,32,0,1
BRDA:144,32,1,1
BRDA:144,33,0,1
BRDA:144,33,1,0
BRDA:147,34,0,1
BRDA:147,34,1,1
BRDA:147,35,0,1
BRDA:147,35,1,1
BRDA:151,36,0,7
BRDA:151,36,1,42
BRDA:152,37,0,3
BRDA:152,37,1,39
BRDA:153,38,0,12
BRDA:153,38,1,27
BRDA:155,39,0,7
BRDA:155,39,1,42
BRDA:156,40,0,3
BRDA:156,40,1,39
BRDA:157,41,0,12
BRDA:157,41,1,27
BRDA:169,42,0,4
BRDA:169,42,1,45
BRDA:170,43,0,4
BRDA:170,43,1,45
BRDA:172,44,0,0
BRDA:172,44,1,0
BRDA:177,45,0,7
BRDA:177,45,1,42
BRDA:185,46,0,14
BRDA:185,46,1,28
BRDA:196,47,0,49
BRDA:196,47,1,4
BRDA:206,48,0,49
BRDA:206,48,1,2
BRDA:216,49,0,49
BRDA:216,49,1,4
BRDA:226,50,0,2
BRDA:226,50,1,47
BRDA:226,51,0,49
BRDA:226,51,1,7
BRDA:229,52,0,1
BRDA:229,52,1,1
BRDA:234,53,0,2
BRDA:234,53,1,45
BRDA:237,54,0,1
BRDA:237,54,1,1
BRDA:247,55,0,49
BRDA:247,55,1,4
BRDA:249,56,0,2
BRDA:249,56,1,2
BRDA:256,57,0,49
BRDA:256,57,1,7
BRDA:291,58,0,3
BRDA:291,58,1,0
BRDA:308,59,0,1
BRDA:308,59,1,33
BRDA:319,60,0,0
BRDA:319,60,1,27
BRDA:333,61,0,26
BRDA:333,61,1,0
BRDA:334,62,0,2
BRDA:334,62,1,0
BRDA:334,63,0,2
BRDA:334,63,1,2
BRDA:350,64,0,14
BRDA:350,64,1,1
BRDA:356,65,0,27
BRDA:356,65,1,28
BRDA:363,66,0,0
BRDA:363,66,1,0
BRDA:363,67,0,0
BRDA:363,67,1,0
BRDA:371,68,0,2
BRDA:371,68,1,76
BRDA:373,69,0,78
BRDA:373,69,1,72
BRDA:374,70,0,78
BRDA:374,70,1,78
BRDA:381,71,0,78
BRDA:381,71,1,72
BRDA:381,71,2,6
BRDA:384,72,0,6
BRDA:384,72,1,0
BRDA:385,73,0,6
BRDA:385,73,1,0
BRDA:388,74,0,6
BRDA:388,74,1,0
BRDA:390,75,0,6
BRDA:390,75,1,0
BRDA:391,76,0,6
BRDA:391,76,1,0
BRDA:418,77,0,2
BRDA:418,77,1,76
BRDA:419,78,0,2
BRDA:419,78,1,76
BRDA:425,79,0,0
BRDA:425,79,1,78
BRDA:425,80,0,78
BRDA:425,80,1,76
BRDA:426,81,0,0
BRDA:426,81,1,78
BRDA:426,82,0,78
BRDA:426,82,1,76
BRDA:435,83,0,1
BRDA:435,83,1,77
BRDA:435,84,0,1
BRDA:435,84,1,76
BRDA:437,85,0,2
BRDA:437,85,1,76
BRDA:447,86,0,78
BRDA:447,86,1,2
BRDA:457,87,0,78
BRDA:457,87,1,2
BRDA:467,88,0,2
BRDA:467,88,1,0
BRDA:468,89,0,2
BRDA:468,89,1,0
BRDA:473,90,0,0
BRDA:473,90,1,2
BRDA:474,91,0,0
BRDA:474,91,1,2
BRDA:475,92,0,0
BRDA:475,92,1,2
BRDA:477,93,0,2
BRDA:477,93,1,0
BRDA:482,94,0,2
BRDA:482,94,1,2
BRDA:522,95,0,66
BRDA:522,95,1,12
BRDA:530,96,0,12
BRDA:530,96,1,72
BRDA:530,97,0,72
BRDA:530,97,1,68
BRDA:537,98,0,12
BRDA:537,98,1,72
BRDA:537,99,0,2
BRDA:537,99,1,10
BRDA:538,100,0,84
BRDA:538,100,1,80
BRDA:539,101,0,84
BRDA:539,101,1,78
BRF:205
BRH:171
end_of_record
TN:
SF:src\pages\Courses.jsx
FN:48,extractYoutubeId
FN:58,YoutubeThumbnail
FN:85,(anonymous_2)
FN:86,(anonymous_3)
FN:137,(anonymous_4)
FN:140,(anonymous_5)
FN:142,(anonymous_6)
FN:153,(anonymous_7)
FN:155,(anonymous_8)
FN:156,(anonymous_9)
FN:159,(anonymous_10)
FN:160,(anonymous_11)
FN:164,(anonymous_12)
FN:171,(anonymous_13)
FN:177,(anonymous_14)
FN:201,(anonymous_15)
FN:203,(anonymous_16)
FN:203,(anonymous_17)
FN:206,(anonymous_18)
FN:210,(anonymous_19)
FN:211,(anonymous_20)
FN:212,(anonymous_21)
FN:215,(anonymous_22)
FN:217,(anonymous_23)
FN:222,(anonymous_24)
FN:227,(anonymous_25)
FN:247,(anonymous_26)
FN:253,(anonymous_27)
FN:265,(anonymous_28)
FN:290,(anonymous_29)
FN:302,(anonymous_30)
FN:312,(anonymous_31)
FN:323,(anonymous_32)
FN:336,(anonymous_33)
FN:351,(anonymous_34)
FN:365,(anonymous_35)
FN:373,(anonymous_36)
FN:383,(anonymous_37)
FN:384,(anonymous_38)
FN:391,(anonymous_39)
FN:392,(anonymous_40)
FN:399,(anonymous_41)
FN:400,(anonymous_42)
FN:409,(anonymous_43)
FN:410,(anonymous_44)
FN:411,(anonymous_45)
FN:412,(anonymous_46)
FN:417,(anonymous_47)
FN:424,(anonymous_48)
FN:442,(anonymous_49)
FN:459,(anonymous_50)
FN:460,(anonymous_51)
FN:473,(anonymous_52)
FN:478,(anonymous_53)
FN:484,(anonymous_54)
FN:500,(anonymous_55)
FN:520,(anonymous_56)
FN:552,(anonymous_57)
FN:576,(anonymous_58)
FN:607,(anonymous_59)
FN:618,(anonymous_60)
FN:619,(anonymous_61)
FN:620,(anonymous_62)
FN:621,(anonymous_63)
FN:626,(anonymous_64)
FN:637,(anonymous_65)
FN:673,(anonymous_66)
FN:679,(anonymous_67)
FN:696,(anonymous_68)
FN:713,(anonymous_69)
FN:729,(anonymous_70)
FN:739,(anonymous_71)
FN:781,(anonymous_72)
FN:786,(anonymous_73)
FN:789,(anonymous_74)
FN:790,(anonymous_75)
FN:791,(anonymous_76)
FN:834,(anonymous_77)
FN:869,(anonymous_78)
FN:886,(anonymous_79)
FN:888,(anonymous_80)
FN:900,(anonymous_81)
FN:918,(anonymous_82)
FN:919,(anonymous_83)
FN:920,(anonymous_84)
FN:921,(anonymous_85)
FN:922,(anonymous_86)
FN:934,(anonymous_87)
FN:986,(anonymous_88)
FN:992,(anonymous_89)
FN:1007,(anonymous_90)
FN:1012,(anonymous_91)
FN:1012,(anonymous_92)
FN:1014,(anonymous_93)
FN:1014,(anonymous_94)
FN:1016,(anonymous_95)
FN:1016,(anonymous_96)
FN:1019,(anonymous_97)
FN:1019,(anonymous_98)
FN:1021,(anonymous_99)
FN:1021,(anonymous_100)
FN:1025,(anonymous_101)
FN:1034,(anonymous_102)
FN:1036,(anonymous_103)
FN:1037,(anonymous_104)
FN:1041,(anonymous_105)
FN:1045,(anonymous_106)
FN:1054,(anonymous_107)
FN:1063,(anonymous_108)
FN:1065,(anonymous_109)
FN:1067,(anonymous_110)
FN:1073,(anonymous_111)
FN:1085,(anonymous_112)
FN:1095,(anonymous_113)
FN:1095,(anonymous_114)
FN:1117,(anonymous_115)
FN:1118,(anonymous_116)
FN:1134,(anonymous_117)
FN:1144,(anonymous_118)
FN:1149,(anonymous_119)
FN:1155,(anonymous_120)
FN:1156,(anonymous_121)
FN:1161,(anonymous_122)
FN:1174,(anonymous_123)
FN:1177,(anonymous_124)
FN:1177,(anonymous_125)
FN:1183,(anonymous_126)
FN:1183,(anonymous_127)
FN:1244,(anonymous_128)
FN:1258,(anonymous_129)
FN:1275,(anonymous_130)
FN:1313,(anonymous_131)
FN:1325,(anonymous_132)
FN:1328,(anonymous_133)
FN:1354,(anonymous_134)
FN:1360,(anonymous_135)
FN:1394,(anonymous_136)
FN:1394,(anonymous_137)
FN:1401,(anonymous_138)
FN:1401,(anonymous_139)
FN:1408,(anonymous_140)
FNF:141
FNH:0
FNDA:0,extractYoutubeId
FNDA:0,YoutubeThumbnail
FNDA:0,(anonymous_2)
FNDA:0,(anonymous_3)
FNDA:0,(anonymous_4)
FNDA:0,(anonymous_5)
FNDA:0,(anonymous_6)
FNDA:0,(anonymous_7)
FNDA:0,(anonymous_8)
FNDA:0,(anonymous_9)
FNDA:0,(anonymous_10)
FNDA:0,(anonymous_11)
FNDA:0,(anonymous_12)
FNDA:0,(anonymous_13)
FNDA:0,(anonymous_14)
FNDA:0,(anonymous_15)
FNDA:0,(anonymous_16)
FNDA:0,(anonymous_17)
FNDA:0,(anonymous_18)
FNDA:0,(anonymous_19)
FNDA:0,(anonymous_20)
FNDA:0,(anonymous_21)
FNDA:0,(anonymous_22)
FNDA:0,(anonymous_23)
FNDA:0,(anonymous_24)
FNDA:0,(anonymous_25)
FNDA:0,(anonymous_26)
FNDA:0,(anonymous_27)
FNDA:0,(anonymous_28)
FNDA:0,(anonymous_29)
FNDA:0,(anonymous_30)
FNDA:0,(anonymous_31)
FNDA:0,(anonymous_32)
FNDA:0,(anonymous_33)
FNDA:0,(anonymous_34)
FNDA:0,(anonymous_35)
FNDA:0,(anonymous_36)
FNDA:0,(anonymous_37)
FNDA:0,(anonymous_38)
FNDA:0,(anonymous_39)
FNDA:0,(anonymous_40)
FNDA:0,(anonymous_41)
FNDA:0,(anonymous_42)
FNDA:0,(anonymous_43)
FNDA:0,(anonymous_44)
FNDA:0,(anonymous_45)
FNDA:0,(anonymous_46)
FNDA:0,(anonymous_47)
FNDA:0,(anonymous_48)
FNDA:0,(anonymous_49)
FNDA:0,(anonymous_50)
FNDA:0,(anonymous_51)
FNDA:0,(anonymous_52)
FNDA:0,(anonymous_53)
FNDA:0,(anonymous_54)
FNDA:0,(anonymous_55)
FNDA:0,(anonymous_56)
FNDA:0,(anonymous_57)
FNDA:0,(anonymous_58)
FNDA:0,(anonymous_59)
FNDA:0,(anonymous_60)
FNDA:0,(anonymous_61)
FNDA:0,(anonymous_62)
FNDA:0,(anonymous_63)
FNDA:0,(anonymous_64)
FNDA:0,(anonymous_65)
FNDA:0,(anonymous_66)
FNDA:0,(anonymous_67)
FNDA:0,(anonymous_68)
FNDA:0,(anonymous_69)
FNDA:0,(anonymous_70)
FNDA:0,(anonymous_71)
FNDA:0,(anonymous_72)
FNDA:0,(anonymous_73)
FNDA:0,(anonymous_74)
FNDA:0,(anonymous_75)
FNDA:0,(anonymous_76)
FNDA:0,(anonymous_77)
FNDA:0,(anonymous_78)
FNDA:0,(anonymous_79)
FNDA:0,(anonymous_80)
FNDA:0,(anonymous_81)
FNDA:0,(anonymous_82)
FNDA:0,(anonymous_83)
FNDA:0,(anonymous_84)
FNDA:0,(anonymous_85)
FNDA:0,(anonymous_86)
FNDA:0,(anonymous_87)
FNDA:0,(anonymous_88)
FNDA:0,(anonymous_89)
FNDA:0,(anonymous_90)
FNDA:0,(anonymous_91)
FNDA:0,(anonymous_92)
FNDA:0,(anonymous_93)
FNDA:0,(anonymous_94)
FNDA:0,(anonymous_95)
FNDA:0,(anonymous_96)
FNDA:0,(anonymous_97)
FNDA:0,(anonymous_98)
FNDA:0,(anonymous_99)
FNDA:0,(anonymous_100)
FNDA:0,(anonymous_101)
FNDA:0,(anonymous_102)
FNDA:0,(anonymous_103)
FNDA:0,(anonymous_104)
FNDA:0,(anonymous_105)
FNDA:0,(anonymous_106)
FNDA:0,(anonymous_107)
FNDA:0,(anonymous_108)
FNDA:0,(anonymous_109)
FNDA:0,(anonymous_110)
FNDA:0,(anonymous_111)
FNDA:0,(anonymous_112)
FNDA:0,(anonymous_113)
FNDA:0,(anonymous_114)
FNDA:0,(anonymous_115)
FNDA:0,(anonymous_116)
FNDA:0,(anonymous_117)
FNDA:0,(anonymous_118)
FNDA:0,(anonymous_119)
FNDA:0,(anonymous_120)
FNDA:0,(anonymous_121)
FNDA:0,(anonymous_122)
FNDA:0,(anonymous_123)
FNDA:0,(anonymous_124)
FNDA:0,(anonymous_125)
FNDA:0,(anonymous_126)
FNDA:0,(anonymous_127)
FNDA:0,(anonymous_128)
FNDA:0,(anonymous_129)
FNDA:0,(anonymous_130)
FNDA:0,(anonymous_131)
FNDA:0,(anonymous_132)
FNDA:0,(anonymous_133)
FNDA:0,(anonymous_134)
FNDA:0,(anonymous_135)
FNDA:0,(anonymous_136)
FNDA:0,(anonymous_137)
FNDA:0,(anonymous_138)
FNDA:0,(anonymous_139)
FNDA:0,(anonymous_140)
DA:32,0
DA:40,0
DA:49,0
DA:50,0
DA:52,0
DA:55,0
DA:59,0
DA:60,0
DA:61,0
DA:67,0
DA:81,0
DA:82,0
DA:83,0
DA:85,0
DA:86,0
DA:87,0
DA:88,0
DA:90,0
DA:91,0
DA:92,0
DA:93,0
DA:96,0
DA:97,0
DA:98,0
DA:101,0
DA:102,0
DA:103,0
DA:104,0
DA:105,0
DA:108,0
DA:109,0
DA:110,0
DA:111,0
DA:112,0
DA:115,0
DA:116,0
DA:117,0
DA:118,0
DA:119,0
DA:120,0
DA:122,0
DA:123,0
DA:124,0
DA:125,0
DA:128,0
DA:129,0
DA:130,0
DA:131,0
DA:133,0
DA:135,0
DA:137,0
DA:138,0
DA:140,0
DA:141,0
DA:142,0
DA:143,0
DA:145,0
DA:149,0
DA:153,0
DA:154,0
DA:155,0
DA:156,0
DA:159,0
DA:160,0
DA:161,0
DA:162,0
DA:163,0
DA:164,0
DA:168,0
DA:169,0
DA:170,0
DA:171,0
DA:172,0
DA:174,0
DA:176,0
DA:177,0
DA:178,0
DA:179,0
DA:184,0
DA:185,0
DA:187,0
DA:188,0
DA:189,0
DA:190,0
DA:193,0
DA:195,0
DA:198,0
DA:201,0
DA:202,0
DA:203,0
DA:206,0
DA:207,0
DA:208,0
DA:209,0
DA:210,0
DA:211,0
DA:212,0
DA:215,0
DA:216,0
DA:217,0
DA:218,0
DA:222,0
DA:223,0
DA:224,0
DA:225,0
DA:226,0
DA:227,0
DA:228,0
DA:230,0
DA:232,0
DA:233,0
DA:237,0
DA:238,0
DA:239,0
DA:242,0
DA:247,0
DA:248,0
DA:249,0
DA:250,0
DA:253,0
DA:254,0
DA:255,0
DA:262,0
DA:265,0
DA:266,0
DA:267,0
DA:268,0
DA:269,0
DA:270,0
DA:271,0
DA:273,0
DA:274,0
DA:275,0
DA:281,0
DA:283,0
DA:284,0
DA:286,0
DA:290,0
DA:291,0
DA:292,0
DA:293,0
DA:294,0
DA:295,0
DA:297,0
DA:302,0
DA:303,0
DA:304,0
DA:305,0
DA:306,0
DA:308,0
DA:312,0
DA:313,0
DA:314,0
DA:315,0
DA:316,0
DA:318,0
DA:323,0
DA:324,0
DA:325,0
DA:326,0
DA:327,0
DA:328,0
DA:329,0
DA:330,0
DA:332,0
DA:336,0
DA:337,0
DA:338,0
DA:339,0
DA:340,0
DA:341,0
DA:342,0
DA:344,0
DA:346,0
DA:351,0
DA:352,0
DA:353,0
DA:354,0
DA:355,0
DA:356,0
DA:357,0
DA:358,0
DA:365,0
DA:366,0
DA:367,0
DA:368,0
DA:369,0
DA:370,0
DA:371,0
DA:373,0
DA:374,0
DA:375,0
DA:377,0
DA:379,0
DA:383,0
DA:384,0
DA:385,0
DA:386,0
DA:387,0
DA:391,0
DA:392,0
DA:393,0
DA:394,0
DA:395,0
DA:399,0
DA:400,0
DA:401,0
DA:402,0
DA:403,0
DA:404,0
DA:405,0
DA:409,0
DA:410,0
DA:411,0
DA:412,0
DA:413,0
DA:417,0
DA:418,0
DA:419,0
DA:420,0
DA:421,0
DA:422,0
DA:424,0
DA:425,0
DA:428,0
DA:429,0
DA:433,0
DA:434,0
DA:435,0
DA:437,0
DA:442,0
DA:443,0
DA:444,0
DA:445,0
DA:446,0
DA:447,0
DA:448,0
DA:449,0
DA:450,0
DA:452,0
DA:453,0
DA:455,0
DA:459,0
DA:460,0
DA:461,0
DA:462,0
DA:464,0
DA:465,0
DA:466,0
DA:467,0
DA:469,0
DA:473,0
DA:474,0
DA:475,0
DA:478,0
DA:479,0
DA:480,0
DA:481,0
DA:484,0
DA:485,0
DA:486,0
DA:487,0
DA:488,0
DA:489,0
DA:490,0
DA:491,0
DA:492,0
DA:493,0
DA:494,0
DA:496,0
DA:500,0
DA:501,0
DA:503,0
DA:509,0
DA:520,0
DA:553,0
DA:554,0
DA:555,0
DA:577,0
DA:578,0
DA:580,0
DA:607,0
DA:618,0
DA:619,0
DA:620,0
DA:621,0
DA:626,0
DA:637,0
DA:673,0
DA:679,0
DA:696,0
DA:713,0
DA:729,0
DA:739,0
DA:781,0
DA:786,0
DA:789,0
DA:790,0
DA:791,0
DA:835,0
DA:869,0
DA:886,0
DA:888,0
DA:901,0
DA:918,0
DA:919,0
DA:920,0
DA:921,0
DA:923,0
DA:934,0
DA:986,0
DA:992,0
DA:1007,0
DA:1012,0
DA:1014,0
DA:1016,0
DA:1019,0
DA:1021,0
DA:1025,0
DA:1036,0
DA:1037,0
DA:1038,0
DA:1040,0
DA:1041,0
DA:1044,0
DA:1045,0
DA:1054,0
DA:1063,0
DA:1065,0
DA:1067,0
DA:1073,0
DA:1085,0
DA:1095,0
DA:1118,0
DA:1135,0
DA:1136,0
DA:1137,0
DA:1138,0
DA:1144,0
DA:1149,0
DA:1155,0
DA:1157,0
DA:1161,0
DA:1174,0
DA:1177,0
DA:1183,0
DA:1244,0
DA:1259,0
DA:1276,0
DA:1277,0
DA:1278,0
DA:1279,0
DA:1313,0
DA:1326,0
DA:1328,0
DA:1355,0
DA:1356,0
DA:1357,0
DA:1361,0
DA:1394,0
DA:1401,0
DA:1408,0
LF:362
LH:0
BRDA:49,0,0,0
BRDA:49,0,1,0
BRDA:55,1,0,0
BRDA:55,1,1,0
BRDA:60,2,0,0
BRDA:60,2,1,0
BRDA:88,3,0,0
BRDA:88,3,1,0
BRDA:138,4,0,0
BRDA:138,4,1,0
BRDA:143,5,0,0
BRDA:143,5,1,0
BRDA:143,5,2,0
BRDA:145,6,0,0
BRDA:145,6,1,0
BRDA:146,7,0,0
BRDA:146,7,1,0
BRDA:147,8,0,0
BRDA:147,8,1,0
BRDA:149,9,0,0
BRDA:149,9,1,0
BRDA:156,10,0,0
BRDA:156,10,1,0
BRDA:162,11,0,0
BRDA:162,11,1,0
BRDA:170,12,0,0
BRDA:170,12,1,0
BRDA:176,13,0,0
BRDA:176,13,1,0
BRDA:180,14,0,0
BRDA:180,14,1,0
BRDA:182,15,0,0
BRDA:182,15,1,0
BRDA:202,16,0,0
BRDA:202,16,1,0
BRDA:203,17,0,0
BRDA:203,17,1,0
BRDA:207,18,0,0
BRDA:207,18,1,0
BRDA:209,19,0,0
BRDA:209,19,1,0
BRDA:210,20,0,0
BRDA:210,20,1,0
BRDA:216,21,0,0
BRDA:216,21,1,0
BRDA:218,22,0,0
BRDA:218,22,1,0
BRDA:224,23,0,0
BRDA:224,23,1,0
BRDA:226,24,0,0
BRDA:226,24,1,0
BRDA:232,25,0,0
BRDA:232,25,1,0
BRDA:232,26,0,0
BRDA:232,26,1,0
BRDA:238,27,0,0
BRDA:238,27,1,0
BRDA:256,28,0,0
BRDA:256,28,1,0
BRDA:257,29,0,0
BRDA:257,29,1,0
BRDA:258,30,0,0
BRDA:258,30,1,0
BRDA:259,31,0,0
BRDA:259,31,1,0
BRDA:260,32,0,0
BRDA:260,32,1,0
BRDA:266,33,0,0
BRDA:266,33,1,0
BRDA:268,34,0,0
BRDA:268,34,1,0
BRDA:269,35,0,0
BRDA:269,35,1,0
BRDA:276,36,0,0
BRDA:276,36,1,0
BRDA:291,37,0,0
BRDA:291,37,1,0
BRDA:308,38,0,0
BRDA:308,38,1,0
BRDA:318,39,0,0
BRDA:318,39,1,0
BRDA:339,40,0,0
BRDA:339,40,1,0
BRDA:340,41,0,0
BRDA:340,41,1,0
BRDA:344,42,0,0
BRDA:344,42,1,0
BRDA:354,43,0,0
BRDA:354,43,1,0
BRDA:355,44,0,0
BRDA:355,44,1,0
BRDA:358,45,0,0
BRDA:358,45,1,0
BRDA:369,46,0,0
BRDA:369,46,1,0
BRDA:369,47,0,0
BRDA:369,47,1,0
BRDA:418,48,0,0
BRDA:418,48,1,0
BRDA:421,49,0,0
BRDA:421,49,1,0
BRDA:421,50,0,0
BRDA:421,50,1,0
BRDA:424,51,0,0
BRDA:424,51,1,0
BRDA:424,52,0,0
BRDA:424,52,1,0
BRDA:424,53,0,0
BRDA:424,53,1,0
BRDA:431,54,0,0
BRDA:431,54,1,0
BRDA:437,55,0,0
BRDA:437,55,1,0
BRDA:437,55,2,0
BRDA:460,56,0,0
BRDA:460,56,1,0
BRDA:469,57,0,0
BRDA:469,57,1,0
BRDA:490,58,0,0
BRDA:490,58,1,0
BRDA:501,59,0,0
BRDA:501,59,1,0
BRDA:501,60,0,0
BRDA:501,60,1,0
BRDA:503,61,0,0
BRDA:503,61,1,0
BRDA:513,62,0,0
BRDA:513,62,1,0
BRDA:531,63,0,0
BRDA:531,63,1,0
BRDA:537,64,0,0
BRDA:537,64,1,0
BRDA:537,64,2,0
BRDA:554,65,0,0
BRDA:554,65,1,0
BRDA:554,66,0,0
BRDA:554,66,1,0
BRDA:554,66,2,0
BRDA:560,67,0,0
BRDA:560,67,1,0
BRDA:563,68,0,0
BRDA:563,68,1,0
BRDA:569,69,0,0
BRDA:569,69,1,0
BRDA:570,70,0,0
BRDA:570,70,1,0
BRDA:570,70,2,0
BRDA:570,70,3,0
BRDA:575,71,0,0
BRDA:575,71,1,0
BRDA:577,72,0,0
BRDA:577,72,1,0
BRDA:577,73,0,0
BRDA:577,73,1,0
BRDA:577,73,2,0
BRDA:585,74,0,0
BRDA:585,74,1,0
BRDA:588,75,0,0
BRDA:588,75,1,0
BRDA:593,76,0,0
BRDA:593,76,1,0
BRDA:596,77,0,0
BRDA:596,77,1,0
BRDA:596,77,2,0
BRDA:615,78,0,0
BRDA:615,78,1,0
BRDA:615,78,2,0
BRDA:616,79,0,0
BRDA:616,79,1,0
BRDA:619,80,0,0
BRDA:619,80,1,0
BRDA:624,81,0,0
BRDA:624,81,1,0
BRDA:640,82,0,0
BRDA:640,82,1,0
BRDA:644,83,0,0
BRDA:644,83,1,0
BRDA:646,84,0,0
BRDA:646,84,1,0
BRDA:646,85,0,0
BRDA:646,85,1,0
BRDA:662,86,0,0
BRDA:662,86,1,0
BRDA:665,87,0,0
BRDA:665,87,1,0
BRDA:672,88,0,0
BRDA:672,88,1,0
BRDA:672,88,2,0
BRDA:678,89,0,0
BRDA:678,89,1,0
BRDA:678,89,2,0
BRDA:678,89,3,0
BRDA:687,90,0,0
BRDA:687,90,1,0
BRDA:687,90,2,0
BRDA:689,91,0,0
BRDA:689,91,1,0
BRDA:701,92,0,0
BRDA:701,92,1,0
BRDA:706,93,0,0
BRDA:706,93,1,0
BRDA:721,94,0,0
BRDA:721,94,1,0
BRDA:733,95,0,0
BRDA:733,95,1,0
BRDA:743,96,0,0
BRDA:743,96,1,0
BRDA:767,97,0,0
BRDA:767,97,1,0
BRDA:803,98,0,0
BRDA:803,98,1,0
BRDA:810,99,0,0
BRDA:810,99,1,0
BRDA:819,100,0,0
BRDA:819,100,1,0
BRDA:821,101,0,0
BRDA:821,101,1,0
BRDA:825,102,0,0
BRDA:825,102,1,0
BRDA:827,103,0,0
BRDA:827,103,1,0
BRDA:830,104,0,0
BRDA:830,104,1,0
BRDA:835,105,0,0
BRDA:835,105,1,0
BRDA:839,106,0,0
BRDA:839,106,1,0
BRDA:854,107,0,0
BRDA:854,107,1,0
BRDA:859,108,0,0
BRDA:859,108,1,0
BRDA:860,109,0,0
BRDA:860,109,1,0
BRDA:881,110,0,0
BRDA:881,110,1,0
BRDA:893,111,0,0
BRDA:893,111,1,0
BRDA:915,112,0,0
BRDA:915,112,1,0
BRDA:919,113,0,0
BRDA:919,113,1,0
BRDA:932,114,0,0
BRDA:932,114,1,0
BRDA:944,115,0,0
BRDA:944,115,1,0
BRDA:946,116,0,0
BRDA:946,116,1,0
BRDA:963,117,0,0
BRDA:963,117,1,0
BRDA:965,118,0,0
BRDA:965,118,1,0
BRDA:965,118,2,0
BRDA:968,119,0,0
BRDA:968,119,1,0
BRDA:970,120,0,0
BRDA:970,120,1,0
BRDA:970,121,0,0
BRDA:970,121,1,0
BRDA:971,122,0,0
BRDA:971,122,1,0
BRDA:980,123,0,0
BRDA:980,123,1,0
BRDA:985,124,0,0
BRDA:985,124,1,0
BRDA:985,125,0,0
BRDA:985,125,1,0
BRDA:1008,126,0,0
BRDA:1008,126,1,0
BRDA:1028,127,0,0
BRDA:1028,127,1,0
BRDA:1038,128,0,0
BRDA:1038,128,1,0
BRDA:1041,129,0,0
BRDA:1041,129,1,0
BRDA:1041,129,2,0
BRDA:1050,130,0,0
BRDA:1050,130,1,0
BRDA:1052,131,0,0
BRDA:1052,131,1,0
BRDA:1054,132,0,0
BRDA:1054,132,1,0
BRDA:1060,133,0,0
BRDA:1060,133,1,0
BRDA:1063,134,0,0
BRDA:1063,134,1,0
BRDA:1075,135,0,0
BRDA:1075,135,1,0
BRDA:1075,135,2,0
BRDA:1077,136,0,0
BRDA:1077,136,1,0
BRDA:1088,137,0,0
BRDA:1088,137,1,0
BRDA:1095,138,0,0
BRDA:1095,138,1,0
BRDA:1098,139,0,0
BRDA:1098,139,1,0
BRDA:1101,140,0,0
BRDA:1101,140,1,0
BRDA:1108,141,0,0
BRDA:1108,141,1,0
BRDA:1123,142,0,0
BRDA:1123,142,1,0
BRDA:1124,143,0,0
BRDA:1124,143,1,0
BRDA:1125,144,0,0
BRDA:1125,144,1,0
BRDA:1137,145,0,0
BRDA:1137,145,1,0
BRDA:1176,146,0,0
BRDA:1176,146,1,0
BRDA:1180,147,0,0
BRDA:1180,147,1,0
BRDA:1199,148,0,0
BRDA:1199,148,1,0
BRDA:1207,149,0,0
BRDA:1207,149,1,0
BRDA:1211,150,0,0
BRDA:1211,150,1,0
BRDA:1217,151,0,0
BRDA:1217,151,1,0
BRDA:1218,152,0,0
BRDA:1218,152,1,0
BRDA:1220,153,0,0
BRDA:1220,153,1,0
BRDA:1226,154,0,0
BRDA:1226,154,1,0
BRDA:1227,155,0,0
BRDA:1227,155,1,0
BRDA:1230,156,0,0
BRDA:1230,156,1,0
BRDA:1236,157,0,0
BRDA:1236,157,1,0
BRDA:1260,158,0,0
BRDA:1260,158,1,0
BRDA:1262,159,0,0
BRDA:1262,159,1,0
BRDA:1265,160,0,0
BRDA:1265,160,1,0
BRDA:1275,161,0,0
BRDA:1275,161,1,0
BRDA:1278,162,0,0
BRDA:1278,162,1,0
BRDA:1283,163,0,0
BRDA:1283,163,1,0
BRDA:1283,164,0,0
BRDA:1283,164,1,0
BRDA:1284,165,0,0
BRDA:1284,165,1,0
BRDA:1284,166,0,0
BRDA:1284,166,1,0
BRDA:1288,167,0,0
BRDA:1288,167,1,0
BRDA:1288,168,0,0
BRDA:1288,168,1,0
BRDA:1289,169,0,0
BRDA:1289,169,1,0
BRDA:1289,170,0,0
BRDA:1289,170,1,0
BRDA:1293,171,0,0
BRDA:1293,171,1,0
BRDA:1294,172,0,0
BRDA:1294,172,1,0
BRDA:1303,173,0,0
BRDA:1303,173,1,0
BRDA:1333,174,0,0
BRDA:1333,174,1,0
BRDA:1335,175,0,0
BRDA:1335,175,1,0
BRDA:1336,176,0,0
BRDA:1336,176,1,0
BRDA:1337,177,0,0
BRDA:1337,177,1,0
BRDA:1338,178,0,0
BRDA:1338,178,1,0
BRDA:1353,179,0,0
BRDA:1353,179,1,0
BRDA:1360,180,0,0
BRDA:1360,180,1,0
BRDA:1367,181,0,0
BRDA:1367,181,1,0
BRDA:1378,182,0,0
BRDA:1378,182,1,0
BRDA:1381,183,0,0
BRDA:1381,183,1,0
BRDA:1393,184,0,0
BRDA:1393,184,1,0
BRDA:1398,185,0,0
BRDA:1398,185,1,0
BRDA:1408,186,0,0
BRDA:1408,186,1,0
BRF:390
BRH:0
end_of_record
TN:
SF:src\pages\Dashboard.jsx
FN:46,(anonymous_0)
FN:46,(anonymous_1)
FN:47,(anonymous_2)
FN:50,(anonymous_3)
FN:71,(anonymous_4)
FN:88,(anonymous_5)
FN:101,(anonymous_6)
FN:110,(anonymous_7)
FN:117,(anonymous_8)
FN:118,(anonymous_9)
FN:122,(anonymous_10)
FN:127,(anonymous_11)
FN:134,(anonymous_12)
FN:135,(anonymous_13)
FN:139,(anonymous_14)
FN:139,(anonymous_15)
FN:143,(anonymous_16)
FN:143,(anonymous_17)
FN:165,(anonymous_18)
FN:169,(anonymous_19)
FN:204,(anonymous_20)
FN:205,(anonymous_21)
FN:225,(anonymous_22)
FN:231,(anonymous_23)
FN:258,(anonymous_24)
FN:260,(anonymous_25)
FN:296,(anonymous_26)
FN:322,(anonymous_27)
FN:344,(anonymous_28)
FN:370,(anonymous_29)
FN:397,(anonymous_30)
FN:408,(anonymous_31)
FN:426,(anonymous_32)
FN:440,(anonymous_33)
FN:443,(anonymous_34)
FN:452,(anonymous_35)
FN:480,(anonymous_36)
FN:507,(anonymous_37)
FN:525,(anonymous_38)
FN:542,(anonymous_39)
FN:546,(anonymous_40)
FN:547,(anonymous_41)
FN:548,(anonymous_42)
FN:549,(anonymous_43)
FN:552,(anonymous_44)
FN:559,(anonymous_45)
FN:560,(anonymous_46)
FN:566,(anonymous_47)
FN:567,(anonymous_48)
FN:568,(anonymous_49)
FN:568,(anonymous_50)
FN:569,(anonymous_51)
FN:573,(anonymous_52)
FN:579,(anonymous_53)
FN:581,(anonymous_54)
FN:600,(anonymous_55)
FN:603,(anonymous_56)
FN:617,(anonymous_57)
FN:623,(anonymous_58)
FN:626,(anonymous_59)
FN:645,(anonymous_60)
FN:656,(anonymous_61)
FN:682,(anonymous_62)
FN:686,(anonymous_63)
FN:688,(anonymous_64)
FN:689,(anonymous_65)
FN:692,(anonymous_66)
FN:692,(anonymous_67)
FN:694,(anonymous_68)
FN:694,(anonymous_69)
FN:695,(anonymous_70)
FN:700,(anonymous_71)
FN:701,(anonymous_72)
FN:702,(anonymous_73)
FN:703,(anonymous_74)
FN:707,(anonymous_75)
FN:713,(anonymous_76)
FN:715,(anonymous_77)
FN:744,(anonymous_78)
FN:755,(anonymous_79)
FN:756,(anonymous_80)
FN:773,(anonymous_81)
FN:784,(anonymous_82)
FN:800,(anonymous_83)
FN:803,(anonymous_84)
FN:804,(anonymous_85)
FN:806,(anonymous_86)
FN:807,(anonymous_87)
FN:812,(anonymous_88)
FN:813,(anonymous_89)
FN:814,(anonymous_90)
FN:815,(anonymous_91)
FN:819,(anonymous_92)
FN:821,(anonymous_93)
FN:822,(anonymous_94)
FN:839,(anonymous_95)
FN:845,(anonymous_96)
FN:861,(anonymous_97)
FN:862,(anonymous_98)
FN:878,(anonymous_99)
FN:879,(anonymous_100)
FN:886,(anonymous_101)
FN:892,(anonymous_102)
FNF:103
FNH:56
FNDA:33,(anonymous_0)
FNDA:66,(anonymous_1)
FNDA:57,(anonymous_2)
FNDA:88,(anonymous_3)
FNDA:68,(anonymous_4)
FNDA:24,(anonymous_5)
FNDA:52,(anonymous_6)
FNDA:10,(anonymous_7)
FNDA:18,(anonymous_8)
FNDA:18,(anonymous_9)
FNDA:9,(anonymous_10)
FNDA:18,(anonymous_11)
FNDA:18,(anonymous_12)
FNDA:9,(anonymous_13)
FNDA:18,(anonymous_14)
FNDA:18,(anonymous_15)
FNDA:18,(anonymous_16)
FNDA:18,(anonymous_17)
FNDA:70,(anonymous_18)
FNDA:70,(anonymous_19)
FNDA:18,(anonymous_20)
FNDA:18,(anonymous_21)
FNDA:110,(anonymous_22)
FNDA:50,(anonymous_23)
FNDA:40,(anonymous_24)
FNDA:0,(anonymous_25)
FNDA:30,(anonymous_26)
FNDA:40,(anonymous_27)
FNDA:0,(anonymous_28)
FNDA:30,(anonymous_29)
FNDA:0,(anonymous_30)
FNDA:9,(anonymous_31)
FNDA:0,(anonymous_32)
FNDA:0,(anonymous_33)
FNDA:40,(anonymous_34)
FNDA:18,(anonymous_35)
FNDA:18,(anonymous_36)
FNDA:18,(anonymous_37)
FNDA:30,(anonymous_38)
FNDA:6,(anonymous_39)
FNDA:0,(anonymous_40)
FNDA:0,(anonymous_41)
FNDA:0,(anonymous_42)
FNDA:0,(anonymous_43)
FNDA:0,(anonymous_44)
FNDA:0,(anonymous_45)
FNDA:0,(anonymous_46)
FNDA:0,(anonymous_47)
FNDA:0,(anonymous_48)
FNDA:0,(anonymous_49)
FNDA:0,(anonymous_50)
FNDA:0,(anonymous_51)
FNDA:0,(anonymous_52)
FNDA:0,(anonymous_53)
FNDA:0,(anonymous_54)
FNDA:0,(anonymous_55)
FNDA:0,(anonymous_56)
FNDA:0,(anonymous_57)
FNDA:0,(anonymous_58)
FNDA:0,(anonymous_59)
FNDA:0,(anonymous_60)
FNDA:0,(anonymous_61)
FNDA:6,(anonymous_62)
FNDA:12,(anonymous_63)
FNDA:12,(anonymous_64)
FNDA:6,(anonymous_65)
FNDA:12,(anonymous_66)
FNDA:12,(anonymous_67)
FNDA:12,(anonymous_68)
FNDA:12,(anonymous_69)
FNDA:12,(anonymous_70)
FNDA:0,(anonymous_71)
FNDA:0,(anonymous_72)
FNDA:0,(anonymous_73)
FNDA:0,(anonymous_74)
FNDA:0,(anonymous_75)
FNDA:24,(anonymous_76)
FNDA:6,(anonymous_77)
FNDA:24,(anonymous_78)
FNDA:0,(anonymous_79)
FNDA:12,(anonymous_80)
FNDA:12,(anonymous_81)
FNDA:12,(anonymous_82)
FNDA:10,(anonymous_83)
FNDA:0,(anonymous_84)
FNDA:0,(anonymous_85)
FNDA:0,(anonymous_86)
FNDA:0,(anonymous_87)
FNDA:0,(anonymous_88)
FNDA:0,(anonymous_89)
FNDA:0,(anonymous_90)
FNDA:0,(anonymous_91)
FNDA:0,(anonymous_92)
FNDA:0,(anonymous_93)
FNDA:0,(anonymous_94)
FNDA:0,(anonymous_95)
FNDA:30,(anonymous_96)
FNDA:65,(anonymous_97)
FNDA:98,(anonymous_98)
FNDA:33,(anonymous_99)
FNDA:33,(anonymous_100)
FNDA:0,(anonymous_101)
FNDA:0,(anonymous_102)
DA:32,1
DA:35,1
DA:41,1
DA:42,1
DA:43,1
DA:46,66
DA:47,57
DA:50,1
DA:51,88
DA:71,1
DA:72,68
DA:88,1
DA:89,24
DA:94,24
DA:101,1
DA:102,52
DA:110,1
DA:111,10
DA:112,10
DA:113,10
DA:114,10
DA:115,10
DA:117,18
DA:118,18
DA:121,10
DA:122,10
DA:123,10
DA:126,10
DA:127,10
DA:128,18
DA:129,18
DA:133,10
DA:134,18
DA:135,10
DA:138,10
DA:139,18
DA:142,10
DA:143,18
DA:146,10
DA:147,10
DA:151,10
DA:155,10
DA:159,10
DA:165,10
DA:166,70
DA:167,70
DA:169,10
DA:170,70
DA:171,60
DA:172,60
DA:176,10
DA:177,10
DA:178,10
DA:181,10
DA:191,10
DA:202,10
DA:203,10
DA:204,18
DA:205,18
DA:207,10
DA:218,10
DA:222,10
DA:225,110
DA:231,10
DA:232,50
DA:246,10
DA:248,10
DA:259,40
DA:260,0
DA:297,30
DA:323,40
DA:344,0
DA:371,30
DA:397,0
DA:409,9
DA:410,9
DA:411,9
DA:426,0
DA:440,0
DA:444,40
DA:453,18
DA:454,18
DA:481,18
DA:482,18
DA:483,18
DA:508,18
DA:526,30
DA:542,1
DA:543,6
DA:544,6
DA:546,6
DA:547,6
DA:548,6
DA:549,6
DA:551,6
DA:552,6
DA:553,0
DA:554,0
DA:555,0
DA:556,0
DA:559,6
DA:560,6
DA:561,6
DA:563,6
DA:566,0
DA:567,0
DA:568,0
DA:569,0
DA:573,0
DA:579,0
DA:582,0
DA:583,0
DA:600,0
DA:604,0
DA:605,0
DA:606,0
DA:617,0
DA:623,0
DA:627,0
DA:628,0
DA:629,0
DA:645,0
DA:657,0
DA:658,0
DA:659,0
DA:682,1
DA:683,6
DA:684,6
DA:685,6
DA:686,12
DA:687,6
DA:688,12
DA:689,6
DA:690,6
DA:691,6
DA:692,12
DA:693,6
DA:694,12
DA:695,12
DA:697,6
DA:700,0
DA:701,0
DA:702,0
DA:703,0
DA:707,0
DA:713,24
DA:716,6
DA:717,6
DA:745,24
DA:755,0
DA:757,12
DA:774,12
DA:785,12
DA:800,1
DA:801,10
DA:802,10
DA:803,10
DA:804,10
DA:805,10
DA:806,10
DA:807,10
DA:809,10
DA:812,0
DA:813,0
DA:814,0
DA:815,0
DA:819,0
DA:821,0
DA:823,0
DA:824,0
DA:825,0
DA:826,0
DA:839,0
DA:846,30
DA:861,1
DA:862,98
DA:863,65
DA:865,65
DA:866,65
DA:867,65
DA:868,65
DA:869,65
DA:871,65
DA:872,65
DA:873,65
DA:874,65
DA:875,65
DA:876,65
DA:878,65
DA:879,33
DA:880,33
DA:881,33
DA:882,11
DA:883,10
DA:884,10
DA:885,10
DA:886,10
DA:887,10
DA:892,0
DA:894,22
DA:895,6
DA:896,6
DA:897,6
DA:905,16
DA:906,16
DA:907,16
DA:908,16
DA:910,0
DA:911,32
DA:913,33
DA:916,65
DA:922,32
DA:923,32
DA:924,32
DA:925,32
DA:928,32
DA:952,22
DA:953,22
LF:218
LH:169
BRDA:46,0,0,0
BRDA:47,1,0,57
BRDA:47,1,1,0
BRDA:53,2,0,88
BRDA:53,2,1,0
BRDA:55,3,0,88
BRDA:55,3,1,0
BRDA:71,4,0,68
BRDA:76,5,0,68
BRDA:76,5,1,56
BRDA:89,6,0,24
BRDA:89,6,1,0
BRDA:101,7,0,18
BRDA:111,8,0,10
BRDA:111,8,1,1
BRDA:112,9,0,10
BRDA:112,9,1,1
BRDA:113,10,0,10
BRDA:113,10,1,1
BRDA:114,11,0,10
BRDA:114,11,1,1
BRDA:115,12,0,9
BRDA:115,12,1,1
BRDA:122,13,0,9
BRDA:122,13,1,9
BRDA:122,13,2,9
BRDA:122,13,3,9
BRDA:128,14,0,18
BRDA:128,14,1,18
BRDA:128,14,2,18
BRDA:128,14,3,18
BRDA:129,15,0,18
BRDA:129,15,1,0
BRDA:129,15,2,0
BRDA:134,16,0,18
BRDA:134,16,1,0
BRDA:134,17,0,18
BRDA:134,17,1,18
BRDA:139,18,0,18
BRDA:139,18,1,0
BRDA:139,19,0,18
BRDA:139,19,1,18
BRDA:143,20,0,18
BRDA:143,20,1,18
BRDA:143,21,0,18
BRDA:143,21,1,18
BRDA:147,22,0,9
BRDA:147,22,1,1
BRDA:148,23,0,0
BRDA:148,23,1,9
BRDA:151,24,0,9
BRDA:151,24,1,1
BRDA:155,25,0,9
BRDA:155,25,1,1
BRDA:159,26,0,0
BRDA:159,26,1,10
BRDA:160,27,0,0
BRDA:160,27,1,0
BRDA:161,28,0,10
BRDA:161,28,1,1
BRDA:170,29,0,10
BRDA:170,29,1,60
BRDA:225,30,0,70
BRDA:235,31,0,50
BRDA:235,31,1,50
BRDA:237,32,0,50
BRDA:237,32,1,20
BRDA:257,33,0,10
BRDA:257,33,1,1
BRDA:297,34,0,10
BRDA:297,34,1,20
BRDA:298,35,0,10
BRDA:298,35,1,20
BRDA:323,36,0,30
BRDA:323,36,1,10
BRDA:346,37,0,1
BRDA:346,37,1,9
BRDA:371,38,0,20
BRDA:371,38,1,10
BRDA:378,39,0,30
BRDA:378,39,1,27
BRDA:403,40,0,1
BRDA:403,40,1,9
BRDA:409,41,0,9
BRDA:409,41,1,0
BRDA:409,41,2,0
BRDA:409,42,0,0
BRDA:409,42,1,0
BRDA:409,43,0,0
BRDA:409,43,1,0
BRDA:410,44,0,9
BRDA:410,44,1,0
BRDA:410,45,0,9
BRDA:410,45,1,9
BRDA:412,46,0,0
BRDA:412,46,1,9
BRDA:416,47,0,9
BRDA:416,47,1,0
BRDA:424,48,0,10
BRDA:424,48,1,0
BRDA:447,49,0,1
BRDA:447,49,1,9
BRDA:453,50,0,18
BRDA:453,50,1,0
BRDA:453,50,2,0
BRDA:453,51,0,0
BRDA:453,51,1,0
BRDA:453,52,0,0
BRDA:453,52,1,0
BRDA:455,53,0,18
BRDA:455,53,1,0
BRDA:460,54,0,18
BRDA:460,54,1,0
BRDA:462,55,0,18
BRDA:462,55,1,0
BRDA:462,56,0,18
BRDA:462,56,1,18
BRDA:478,57,0,1
BRDA:478,57,1,9
BRDA:481,58,0,18
BRDA:481,58,1,0
BRDA:482,59,0,18
BRDA:482,59,1,0
BRDA:503,60,0,10
BRDA:503,60,1,9
BRDA:508,61,0,9
BRDA:508,61,1,9
BRDA:523,62,0,10
BRDA:523,62,1,1
BRDA:543,63,0,0
BRDA:543,63,1,6
BRDA:548,64,0,0
BRDA:548,64,1,0
BRDA:548,65,0,0
BRDA:548,65,1,0
BRDA:553,66,0,0
BRDA:553,66,1,0
BRDA:553,66,2,0
BRDA:554,67,0,0
BRDA:554,67,1,0
BRDA:556,68,0,0
BRDA:556,68,1,0
BRDA:560,69,0,0
BRDA:560,69,1,6
BRDA:574,70,0,6
BRDA:574,70,1,0
BRDA:582,71,0,0
BRDA:582,71,1,0
BRDA:582,71,2,0
BRDA:582,72,0,0
BRDA:582,72,1,0
BRDA:582,73,0,0
BRDA:582,73,1,0
BRDA:584,74,0,0
BRDA:584,74,1,0
BRDA:589,75,0,0
BRDA:589,75,1,0
BRDA:590,76,0,0
BRDA:590,76,1,0
BRDA:590,77,0,0
BRDA:590,77,1,0
BRDA:601,78,0,6
BRDA:601,78,1,0
BRDA:604,79,0,0
BRDA:604,79,1,0
BRDA:604,80,0,0
BRDA:604,80,1,0
BRDA:605,81,0,0
BRDA:605,81,1,0
BRDA:607,82,0,0
BRDA:607,82,1,0
BRDA:611,83,0,0
BRDA:611,83,1,0
BRDA:611,84,0,0
BRDA:611,84,1,0
BRDA:613,85,0,0
BRDA:613,85,1,0
BRDA:617,86,0,6
BRDA:617,86,1,0
BRDA:624,87,0,6
BRDA:624,87,1,0
BRDA:627,88,0,0
BRDA:627,88,1,0
BRDA:628,89,0,0
BRDA:628,89,1,0
BRDA:649,90,0,6
BRDA:649,90,1,6
BRDA:651,91,0,0
BRDA:651,91,1,6
BRDA:654,92,0,6
BRDA:654,92,1,0
BRDA:657,93,0,0
BRDA:657,93,1,0
BRDA:657,93,2,0
BRDA:657,94,0,0
BRDA:657,94,1,0
BRDA:657,95,0,0
BRDA:657,95,1,0
BRDA:658,96,0,0
BRDA:658,96,1,0
BRDA:660,97,0,0
BRDA:660,97,1,0
BRDA:665,98,0,0
BRDA:665,98,1,0
BRDA:665,98,2,0
BRDA:668,99,0,0
BRDA:668,99,1,0
BRDA:683,100,0,6
BRDA:683,100,1,0
BRDA:684,101,0,6
BRDA:684,101,1,0
BRDA:686,102,0,12
BRDA:686,102,1,12
BRDA:686,102,2,12
BRDA:686,102,3,12
BRDA:686,103,0,12
BRDA:686,103,1,0
BRDA:686,103,2,0
BRDA:688,104,0,12
BRDA:688,104,1,0
BRDA:688,105,0,12
BRDA:688,105,1,12
BRDA:690,106,0,6
BRDA:690,106,1,0
BRDA:692,107,0,12
BRDA:692,107,1,0
BRDA:692,108,0,12
BRDA:692,108,1,12
BRDA:694,109,0,12
BRDA:694,109,1,12
BRDA:694,110,0,12
BRDA:694,110,1,12
BRDA:702,111,0,6
BRDA:702,111,1,0
BRDA:702,112,0,6
BRDA:702,112,1,0
BRDA:708,113,0,0
BRDA:708,113,1,6
BRDA:716,114,0,6
BRDA:716,114,1,0
BRDA:716,114,2,0
BRDA:716,115,0,0
BRDA:716,115,1,0
BRDA:716,116,0,0
BRDA:716,116,1,0
BRDA:718,117,0,0
BRDA:718,117,1,6
BRDA:723,118,0,6
BRDA:723,118,1,0
BRDA:724,119,0,6
BRDA:724,119,1,0
BRDA:724,120,0,6
BRDA:724,120,1,6
BRDA:736,121,0,6
BRDA:736,121,1,0
BRDA:737,122,0,6
BRDA:737,122,1,0
BRDA:740,123,0,6
BRDA:740,123,1,0
BRDA:741,124,0,6
BRDA:741,124,1,0
BRDA:756,125,0,0
BRDA:756,125,1,6
BRDA:757,126,0,6
BRDA:757,126,1,6
BRDA:761,127,0,12
BRDA:761,127,1,0
BRDA:773,128,0,0
BRDA:773,128,1,6
BRDA:775,129,0,12
BRDA:775,129,1,0
BRDA:778,130,0,12
BRDA:778,130,1,0
BRDA:778,131,0,12
BRDA:778,131,1,0
BRDA:784,132,0,0
BRDA:784,132,1,6
BRDA:801,133,0,0
BRDA:801,133,1,10
BRDA:820,134,0,10
BRDA:820,134,1,0
BRDA:823,135,0,0
BRDA:823,135,1,0
BRDA:824,136,0,0
BRDA:824,136,1,0
BRDA:825,137,0,0
BRDA:825,137,1,0
BRDA:867,138,0,65
BRDA:867,138,1,53
BRDA:869,139,0,65
BRDA:869,139,1,44
BRDA:869,139,2,32
BRDA:881,140,0,11
BRDA:881,140,1,22
BRDA:885,141,0,10
BRDA:885,141,1,0
BRDA:885,142,0,10
BRDA:885,142,1,10
BRDA:886,143,0,0
BRDA:886,143,1,0
BRDA:886,143,2,0
BRDA:888,144,0,10
BRDA:888,144,1,0
BRDA:888,145,0,10
BRDA:888,145,1,10
BRDA:889,146,0,10
BRDA:889,146,1,0
BRDA:889,147,0,10
BRDA:889,147,1,10
BRDA:890,148,0,10
BRDA:890,148,1,10
BRDA:890,148,2,10
BRDA:891,149,0,10
BRDA:891,149,1,0
BRDA:891,150,0,10
BRDA:891,150,1,10
BRDA:892,151,0,0
BRDA:892,151,1,0
BRDA:892,152,0,0
BRDA:892,152,1,0
BRDA:894,153,0,6
BRDA:894,153,1,16
BRDA:899,154,0,6
BRDA:899,154,1,0
BRDA:899,155,0,6
BRDA:899,155,1,6
BRDA:900,156,0,6
BRDA:900,156,1,0
BRDA:900,157,0,6
BRDA:900,157,1,6
BRDA:901,158,0,6
BRDA:901,158,1,0
BRDA:901,159,0,6
BRDA:901,159,1,6
BRDA:902,160,0,6
BRDA:902,160,1,0
BRDA:902,161,0,6
BRDA:902,161,1,6
BRDA:906,162,0,15
BRDA:906,162,1,1
BRDA:907,163,0,15
BRDA:907,163,1,1
BRDA:907,164,0,15
BRDA:907,164,1,0
BRDA:908,165,0,15
BRDA:908,165,1,1
BRDA:908,166,0,15
BRDA:908,166,1,0
BRDA:916,167,0,33
BRDA:916,167,1,32
BRDA:918,168,0,10
BRDA:918,168,1,23
BRDA:923,169,0,0
BRDA:923,169,1,32
BRDA:923,170,0,0
BRDA:923,170,1,32
BRDA:924,171,0,32
BRDA:924,171,1,0
BRDA:928,172,0,10
BRDA:928,172,1,22
BRDA:952,173,0,6
BRDA:952,173,1,16
BRDA:952,174,0,6
BRDA:952,174,1,10
BRDA:959,175,0,10
BRDA:959,175,1,12
BRDA:961,176,0,6
BRDA:961,176,1,6
BRF:368
BRH:208
end_of_record
TN:
SF:src\pages\EmployeeDetail.jsx
FN:45,(anonymous_0)
FN:50,(anonymous_1)
FN:55,(anonymous_2)
FN:56,(anonymous_3)
FN:57,(anonymous_4)
FN:69,(anonymous_5)
FN:70,(anonymous_6)
FN:74,(anonymous_7)
FN:80,(anonymous_8)
FN:81,(anonymous_9)
FN:88,(anonymous_10)
FN:89,(anonymous_11)
FN:109,(anonymous_12)
FN:110,(anonymous_13)
FN:111,(anonymous_14)
FN:114,(anonymous_15)
FN:140,(anonymous_16)
FN:144,(anonymous_17)
FN:154,(anonymous_18)
FN:187,(anonymous_19)
FN:189,(anonymous_20)
FN:194,(anonymous_21)
FN:196,(anonymous_22)
FN:201,(anonymous_23)
FN:205,(anonymous_24)
FN:206,(anonymous_25)
FN:213,(anonymous_26)
FN:217,(anonymous_27)
FN:221,(anonymous_28)
FN:225,(anonymous_29)
FN:229,(anonymous_30)
FN:230,(anonymous_31)
FN:231,(anonymous_32)
FN:241,(anonymous_33)
FN:244,(anonymous_34)
FN:245,(anonymous_35)
FN:247,(anonymous_36)
FN:252,(anonymous_37)
FN:253,(anonymous_38)
FN:256,(anonymous_39)
FN:256,(anonymous_40)
FN:261,(anonymous_41)
FN:267,(anonymous_42)
FN:306,(anonymous_43)
FN:341,(anonymous_44)
FN:361,(anonymous_45)
FN:368,(anonymous_46)
FN:399,(anonymous_47)
FN:465,(anonymous_48)
FN:478,(anonymous_49)
FN:487,(anonymous_50)
FN:506,(anonymous_51)
FN:515,(anonymous_52)
FN:538,(anonymous_53)
FN:542,(anonymous_54)
FN:549,(anonymous_55)
FN:555,(anonymous_56)
FN:557,(anonymous_57)
FN:565,(anonymous_58)
FN:567,(anonymous_59)
FN:577,(anonymous_60)
FN:579,(anonymous_61)
FN:583,(anonymous_62)
FN:595,(anonymous_63)
FN:597,(anonymous_64)
FN:601,(anonymous_65)
FN:612,(anonymous_66)
FN:614,(anonymous_67)
FN:624,(anonymous_68)
FN:626,(anonymous_69)
FN:637,(anonymous_70)
FN:639,(anonymous_71)
FN:643,(anonymous_72)
FN:658,(anonymous_73)
FN:677,(anonymous_74)
FN:681,(anonymous_75)
FN:682,(anonymous_76)
FN:695,(anonymous_77)
FN:701,(anonymous_78)
FN:706,(anonymous_79)
FN:709,(anonymous_80)
FN:715,(anonymous_81)
FN:720,(anonymous_82)
FN:726,(anonymous_83)
FN:731,(anonymous_84)
FN:743,(anonymous_85)
FN:747,(anonymous_86)
FN:747,(anonymous_87)
FN:755,(anonymous_88)
FN:758,(anonymous_89)
FN:770,(anonymous_90)
FN:972,(anonymous_91)
FN:975,(anonymous_92)
FN:1012,(anonymous_93)
FN:1018,(anonymous_94)
FN:1054,(anonymous_95)
FN:1060,(anonymous_96)
FN:1096,(anonymous_97)
FN:1102,(anonymous_98)
FN:1132,(anonymous_99)
FN:1160,(anonymous_100)
FN:1199,(anonymous_101)
FN:1202,(anonymous_102)
FN:1202,(anonymous_103)
FN:1203,(anonymous_104)
FN:1203,(anonymous_105)
FN:1203,(anonymous_106)
FN:1204,(anonymous_107)
FN:1204,(anonymous_108)
FN:1204,(anonymous_109)
FN:1209,(anonymous_110)
FN:1221,(anonymous_111)
FNF:112
FNH:0
FNDA:0,(anonymous_0)
FNDA:0,(anonymous_1)
FNDA:0,(anonymous_2)
FNDA:0,(anonymous_3)
FNDA:0,(anonymous_4)
FNDA:0,(anonymous_5)
FNDA:0,(anonymous_6)
FNDA:0,(anonymous_7)
FNDA:0,(anonymous_8)
FNDA:0,(anonymous_9)
FNDA:0,(anonymous_10)
FNDA:0,(anonymous_11)
FNDA:0,(anonymous_12)
FNDA:0,(anonymous_13)
FNDA:0,(anonymous_14)
FNDA:0,(anonymous_15)
FNDA:0,(anonymous_16)
FNDA:0,(anonymous_17)
FNDA:0,(anonymous_18)
FNDA:0,(anonymous_19)
FNDA:0,(anonymous_20)
FNDA:0,(anonymous_21)
FNDA:0,(anonymous_22)
FNDA:0,(anonymous_23)
FNDA:0,(anonymous_24)
FNDA:0,(anonymous_25)
FNDA:0,(anonymous_26)
FNDA:0,(anonymous_27)
FNDA:0,(anonymous_28)
FNDA:0,(anonymous_29)
FNDA:0,(anonymous_30)
FNDA:0,(anonymous_31)
FNDA:0,(anonymous_32)
FNDA:0,(anonymous_33)
FNDA:0,(anonymous_34)
FNDA:0,(anonymous_35)
FNDA:0,(anonymous_36)
FNDA:0,(anonymous_37)
FNDA:0,(anonymous_38)
FNDA:0,(anonymous_39)
FNDA:0,(anonymous_40)
FNDA:0,(anonymous_41)
FNDA:0,(anonymous_42)
FNDA:0,(anonymous_43)
FNDA:0,(anonymous_44)
FNDA:0,(anonymous_45)
FNDA:0,(anonymous_46)
FNDA:0,(anonymous_47)
FNDA:0,(anonymous_48)
FNDA:0,(anonymous_49)
FNDA:0,(anonymous_50)
FNDA:0,(anonymous_51)
FNDA:0,(anonymous_52)
FNDA:0,(anonymous_53)
FNDA:0,(anonymous_54)
FNDA:0,(anonymous_55)
FNDA:0,(anonymous_56)
FNDA:0,(anonymous_57)
FNDA:0,(anonymous_58)
FNDA:0,(anonymous_59)
FNDA:0,(anonymous_60)
FNDA:0,(anonymous_61)
FNDA:0,(anonymous_62)
FNDA:0,(anonymous_63)
FNDA:0,(anonymous_64)
FNDA:0,(anonymous_65)
FNDA:0,(anonymous_66)
FNDA:0,(anonymous_67)
FNDA:0,(anonymous_68)
FNDA:0,(anonymous_69)
FNDA:0,(anonymous_70)
FNDA:0,(anonymous_71)
FNDA:0,(anonymous_72)
FNDA:0,(anonymous_73)
FNDA:0,(anonymous_74)
FNDA:0,(anonymous_75)
FNDA:0,(anonymous_76)
FNDA:0,(anonymous_77)
FNDA:0,(anonymous_78)
FNDA:0,(anonymous_79)
FNDA:0,(anonymous_80)
FNDA:0,(anonymous_81)
FNDA:0,(anonymous_82)
FNDA:0,(anonymous_83)
FNDA:0,(anonymous_84)
FNDA:0,(anonymous_85)
FNDA:0,(anonymous_86)
FNDA:0,(anonymous_87)
FNDA:0,(anonymous_88)
FNDA:0,(anonymous_89)
FNDA:0,(anonymous_90)
FNDA:0,(anonymous_91)
FNDA:0,(anonymous_92)
FNDA:0,(anonymous_93)
FNDA:0,(anonymous_94)
FNDA:0,(anonymous_95)
FNDA:0,(anonymous_96)
FNDA:0,(anonymous_97)
FNDA:0,(anonymous_98)
FNDA:0,(anonymous_99)
FNDA:0,(anonymous_100)
FNDA:0,(anonymous_101)
FNDA:0,(anonymous_102)
FNDA:0,(anonymous_103)
FNDA:0,(anonymous_104)
FNDA:0,(anonymous_105)
FNDA:0,(anonymous_106)
FNDA:0,(anonymous_107)
FNDA:0,(anonymous_108)
FNDA:0,(anonymous_109)
FNDA:0,(anonymous_110)
FNDA:0,(anonymous_111)
DA:45,0
DA:46,0
DA:47,0
DA:48,0
DA:50,0
DA:51,0
DA:52,0
DA:53,0
DA:55,0
DA:56,0
DA:57,0
DA:59,0
DA:69,0
DA:70,0
DA:75,0
DA:80,0
DA:81,0
DA:88,0
DA:89,0
DA:105,0
DA:109,0
DA:110,0
DA:111,0
DA:114,0
DA:115,0
DA:137,0
DA:140,0
DA:141,0
DA:142,0
DA:143,0
DA:144,0
DA:146,0
DA:147,0
DA:148,0
DA:149,0
DA:150,0
DA:151,0
DA:152,0
DA:153,0
DA:154,0
DA:155,0
DA:156,0
DA:157,0
DA:158,0
DA:159,0
DA:161,0
DA:166,0
DA:169,0
DA:170,0
DA:171,0
DA:172,0
DA:173,0
DA:174,0
DA:176,0
DA:177,0
DA:178,0
DA:180,0
DA:181,0
DA:182,0
DA:183,0
DA:184,0
DA:187,0
DA:188,0
DA:189,0
DA:194,0
DA:195,0
DA:196,0
DA:201,0
DA:202,0
DA:203,0
DA:204,0
DA:205,0
DA:207,0
DA:208,0
DA:210,0
DA:213,0
DA:217,0
DA:218,0
DA:219,0
DA:220,0
DA:221,0
DA:224,0
DA:225,0
DA:226,0
DA:228,0
DA:229,0
DA:230,0
DA:231,0
DA:232,0
DA:233,0
DA:234,0
DA:235,0
DA:236,0
DA:237,0
DA:238,0
DA:242,0
DA:243,0
DA:244,0
DA:245,0
DA:246,0
DA:248,0
DA:252,0
DA:253,0
DA:254,0
DA:255,0
DA:256,0
DA:257,0
DA:260,0
DA:261,0
DA:264,0
DA:265,0
DA:267,0
DA:268,0
DA:269,0
DA:273,0
DA:274,0
DA:275,0
DA:276,0
DA:277,0
DA:280,0
DA:281,0
DA:283,0
DA:284,0
DA:285,0
DA:286,0
DA:288,0
DA:294,0
DA:295,0
DA:299,0
DA:301,0
DA:302,0
DA:306,0
DA:307,0
DA:308,0
DA:309,0
DA:310,0
DA:311,0
DA:312,0
DA:314,0
DA:318,0
DA:324,0
DA:341,0
DA:348,0
DA:350,0
DA:353,0
DA:361,0
DA:363,0
DA:368,0
DA:400,0
DA:465,0
DA:478,0
DA:487,0
DA:506,0
DA:516,0
DA:539,0
DA:542,0
DA:549,0
DA:555,0
DA:557,0
DA:565,0
DA:567,0
DA:577,0
DA:579,0
DA:583,0
DA:595,0
DA:597,0
DA:601,0
DA:612,0
DA:615,0
DA:624,0
DA:627,0
DA:637,0
DA:639,0
DA:643,0
DA:658,0
DA:677,0
DA:681,0
DA:683,0
DA:695,0
DA:701,0
DA:707,0
DA:709,0
DA:715,0
DA:720,0
DA:726,0
DA:731,0
DA:743,0
DA:747,0
DA:756,0
DA:758,0
DA:770,0
DA:973,0
DA:975,0
DA:1013,0
DA:1019,0
DA:1055,0
DA:1061,0
DA:1097,0
DA:1103,0
DA:1133,0
DA:1161,0
DA:1199,0
DA:1202,0
DA:1203,0
DA:1204,0
DA:1209,0
DA:1221,0
LF:207
LH:0
BRDA:52,0,0,0
BRDA:52,0,1,0
BRDA:52,1,0,0
BRDA:52,1,1,0
BRDA:56,2,0,0
BRDA:56,2,1,0
BRDA:70,3,0,0
BRDA:70,3,1,0
BRDA:76,4,0,0
BRDA:76,4,1,0
BRDA:77,5,0,0
BRDA:77,5,1,0
BRDA:81,6,0,0
BRDA:81,6,1,0
BRDA:81,7,0,0
BRDA:81,7,1,0
BRDA:109,8,0,0
BRDA:109,8,1,0
BRDA:111,9,0,0
BRDA:111,9,1,0
BRDA:130,10,0,0
BRDA:130,10,1,0
BRDA:153,11,0,0
BRDA:153,11,1,0
BRDA:166,12,0,0
BRDA:166,12,1,0
BRDA:178,13,0,0
BRDA:178,13,1,0
BRDA:180,14,0,0
BRDA:180,14,1,0
BRDA:181,15,0,0
BRDA:181,15,1,0
BRDA:181,15,2,0
BRDA:181,15,3,0
BRDA:182,16,0,0
BRDA:182,16,1,0
BRDA:182,16,2,0
BRDA:182,16,3,0
BRDA:183,17,0,0
BRDA:183,17,1,0
BRDA:183,17,2,0
BRDA:183,17,3,0
BRDA:184,18,0,0
BRDA:184,18,1,0
BRDA:184,18,2,0
BRDA:188,19,0,0
BRDA:188,19,1,0
BRDA:195,20,0,0
BRDA:195,20,1,0
BRDA:195,21,0,0
BRDA:195,21,1,0
BRDA:205,22,0,0
BRDA:205,22,1,0
BRDA:207,23,0,0
BRDA:207,23,1,0
BRDA:218,24,0,0
BRDA:218,24,1,0
BRDA:219,25,0,0
BRDA:219,25,1,0
BRDA:220,26,0,0
BRDA:220,26,1,0
BRDA:224,27,0,0
BRDA:224,27,1,0
BRDA:225,28,0,0
BRDA:225,28,1,0
BRDA:228,29,0,0
BRDA:228,29,1,0
BRDA:229,30,0,0
BRDA:229,30,1,0
BRDA:230,31,0,0
BRDA:230,31,1,0
BRDA:231,32,0,0
BRDA:231,32,1,0
BRDA:232,33,0,0
BRDA:232,33,1,0
BRDA:236,34,0,0
BRDA:236,34,1,0
BRDA:237,35,0,0
BRDA:237,35,1,0
BRDA:255,36,0,0
BRDA:255,36,1,0
BRDA:257,37,0,0
BRDA:257,37,1,0
BRDA:271,38,0,0
BRDA:271,38,1,0
BRDA:280,39,0,0
BRDA:280,39,1,0
BRDA:280,40,0,0
BRDA:280,40,1,0
BRDA:281,41,0,0
BRDA:281,41,1,0
BRDA:301,42,0,0
BRDA:301,42,1,0
BRDA:301,42,2,0
BRDA:312,43,0,0
BRDA:312,43,1,0
BRDA:318,44,0,0
BRDA:318,44,1,0
BRDA:324,45,0,0
BRDA:324,45,1,0
BRDA:348,46,0,0
BRDA:348,46,1,0
BRDA:355,47,0,0
BRDA:355,47,1,0
BRDA:355,48,0,0
BRDA:355,48,1,0
BRDA:374,49,0,0
BRDA:374,49,1,0
BRDA:374,49,2,0
BRDA:430,50,0,0
BRDA:430,50,1,0
BRDA:448,51,0,0
BRDA:448,51,1,0
BRDA:453,52,0,0
BRDA:453,52,1,0
BRDA:454,53,0,0
BRDA:454,53,1,0
BRDA:455,54,0,0
BRDA:455,54,1,0
BRDA:460,55,0,0
BRDA:460,55,1,0
BRDA:462,56,0,0
BRDA:462,56,1,0
BRDA:465,57,0,0
BRDA:465,57,1,0
BRDA:485,58,0,0
BRDA:485,58,1,0
BRDA:490,59,0,0
BRDA:490,59,1,0
BRDA:518,60,0,0
BRDA:518,60,1,0
BRDA:528,61,0,0
BRDA:528,61,1,0
BRDA:529,62,0,0
BRDA:529,62,1,0
BRDA:540,63,0,0
BRDA:540,63,1,0
BRDA:548,64,0,0
BRDA:548,64,1,0
BRDA:549,65,0,0
BRDA:549,65,1,0
BRDA:554,66,0,0
BRDA:554,66,1,0
BRDA:564,67,0,0
BRDA:564,67,1,0
BRDA:576,68,0,0
BRDA:576,68,1,0
BRDA:594,69,0,0
BRDA:594,69,1,0
BRDA:611,70,0,0
BRDA:611,70,1,0
BRDA:623,71,0,0
BRDA:623,71,1,0
BRDA:636,72,0,0
BRDA:636,72,1,0
BRDA:651,73,0,0
BRDA:651,73,1,0
BRDA:651,73,2,0
BRDA:656,74,0,0
BRDA:656,74,1,0
BRDA:670,75,0,0
BRDA:670,75,1,0
BRDA:670,75,2,0
BRDA:675,76,0,0
BRDA:675,76,1,0
BRDA:677,77,0,0
BRDA:677,77,1,0
BRDA:681,78,0,0
BRDA:681,78,1,0
BRDA:681,78,2,0
BRDA:681,78,3,0
BRDA:681,78,4,0
BRDA:694,79,0,0
BRDA:694,79,1,0
BRDA:695,80,0,0
BRDA:695,80,1,0
BRDA:700,81,0,0
BRDA:700,81,1,0
BRDA:701,82,0,0
BRDA:701,82,1,0
BRDA:708,83,0,0
BRDA:708,83,1,0
BRDA:714,84,0,0
BRDA:714,84,1,0
BRDA:719,85,0,0
BRDA:719,85,1,0
BRDA:725,86,0,0
BRDA:725,86,1,0
BRDA:730,87,0,0
BRDA:730,87,1,0
BRDA:741,88,0,0
BRDA:741,88,1,0
BRDA:742,89,0,0
BRDA:742,89,1,0
BRDA:748,90,0,0
BRDA:748,90,1,0
BRDA:757,91,0,0
BRDA:757,91,1,0
BRDA:769,92,0,0
BRDA:769,92,1,0
BRDA:778,93,0,0
BRDA:778,93,1,0
BRDA:780,94,0,0
BRDA:780,94,1,0
BRDA:798,95,0,0
BRDA:798,95,1,0
BRDA:800,96,0,0
BRDA:800,96,1,0
BRDA:805,97,0,0
BRDA:805,97,1,0
BRDA:810,98,0,0
BRDA:810,98,1,0
BRDA:815,99,0,0
BRDA:815,99,1,0
BRDA:820,100,0,0
BRDA:820,100,1,0
BRDA:829,101,0,0
BRDA:829,101,1,0
BRDA:829,101,2,0
BRDA:829,101,3,0
BRDA:829,101,4,0
BRDA:829,101,5,0
BRDA:829,101,6,0
BRDA:829,101,7,0
BRDA:829,101,8,0
BRDA:834,102,0,0
BRDA:834,102,1,0
BRDA:839,103,0,0
BRDA:839,103,1,0
BRDA:844,104,0,0
BRDA:844,104,1,0
BRDA:849,105,0,0
BRDA:849,105,1,0
BRDA:854,106,0,0
BRDA:854,106,1,0
BRDA:854,106,2,0
BRDA:859,107,0,0
BRDA:859,107,1,0
BRDA:859,107,2,0
BRDA:864,108,0,0
BRDA:864,108,1,0
BRDA:864,108,2,0
BRDA:874,109,0,0
BRDA:874,109,1,0
BRDA:874,109,2,0
BRDA:874,109,3,0
BRDA:874,109,4,0
BRDA:877,110,0,0
BRDA:877,110,1,0
BRDA:877,111,0,0
BRDA:877,111,1,0
BRDA:878,112,0,0
BRDA:878,112,1,0
BRDA:883,113,0,0
BRDA:883,113,1,0
BRDA:889,114,0,0
BRDA:889,114,1,0
BRDA:895,115,0,0
BRDA:895,115,1,0
BRDA:905,116,0,0
BRDA:905,116,1,0
BRDA:905,116,2,0
BRDA:909,117,0,0
BRDA:909,117,1,0
BRDA:915,118,0,0
BRDA:915,118,1,0
BRDA:926,119,0,0
BRDA:926,119,1,0
BRDA:926,119,2,0
BRDA:930,120,0,0
BRDA:930,120,1,0
BRDA:935,121,0,0
BRDA:935,121,1,0
BRDA:941,122,0,0
BRDA:941,122,1,0
BRDA:946,123,0,0
BRDA:946,123,1,0
BRDA:960,124,0,0
BRDA:960,124,1,0
BRDA:963,125,0,0
BRDA:963,125,1,0
BRDA:965,126,0,0
BRDA:965,126,1,0
BRDA:988,127,0,0
BRDA:988,127,1,0
BRDA:999,128,0,0
BRDA:999,128,1,0
BRDA:1000,129,0,0
BRDA:1000,129,1,0
BRDA:1003,130,0,0
BRDA:1003,130,1,0
BRDA:1025,131,0,0
BRDA:1025,131,1,0
BRDA:1029,132,0,0
BRDA:1029,132,1,0
BRDA:1029,133,0,0
BRDA:1029,133,1,0
BRDA:1041,134,0,0
BRDA:1041,134,1,0
BRDA:1042,135,0,0
BRDA:1042,135,1,0
BRDA:1045,136,0,0
BRDA:1045,136,1,0
BRDA:1062,137,0,0
BRDA:1062,137,1,0
BRDA:1063,138,0,0
BRDA:1063,138,1,0
BRDA:1064,139,0,0
BRDA:1064,139,1,0
BRDA:1065,140,0,0
BRDA:1065,140,1,0
BRDA:1068,141,0,0
BRDA:1068,141,1,0
BRDA:1068,142,0,0
BRDA:1068,142,1,0
BRDA:1070,143,0,0
BRDA:1070,143,1,0
BRDA:1083,144,0,0
BRDA:1083,144,1,0
BRDA:1084,145,0,0
BRDA:1084,145,1,0
BRDA:1087,146,0,0
BRDA:1087,146,1,0
BRDA:1106,147,0,0
BRDA:1106,147,1,0
BRDA:1109,148,0,0
BRDA:1109,148,1,0
BRDA:1111,149,0,0
BRDA:1111,149,1,0
BRDA:1123,150,0,0
BRDA:1123,150,1,0
BRDA:1124,151,0,0
BRDA:1124,151,1,0
BRDA:1127,152,0,0
BRDA:1127,152,1,0
BRDA:1137,153,0,0
BRDA:1137,153,1,0
BRDA:1137,154,0,0
BRDA:1137,154,1,0
BRDA:1150,155,0,0
BRDA:1150,155,1,0
BRDA:1153,156,0,0
BRDA:1153,156,1,0
BRDA:1165,157,0,0
BRDA:1165,157,1,0
BRDA:1168,158,0,0
BRDA:1168,158,1,0
BRDA:1169,159,0,0
BRDA:1169,159,1,0
BRDA:1170,160,0,0
BRDA:1170,160,1,0
BRDA:1174,161,0,0
BRDA:1174,161,1,0
BRDA:1179,162,0,0
BRDA:1179,162,1,0
BRDA:1196,163,0,0
BRDA:1196,163,1,0
BRDA:1203,164,0,0
BRDA:1203,164,1,0
BRDA:1211,165,0,0
BRDA:1211,165,1,0
BRDA:1215,166,0,0
BRDA:1215,166,1,0
BRDA:1217,167,0,0
BRDA:1217,167,1,0
BRDA:1224,168,0,0
BRDA:1224,168,1,0
BRDA:1227,169,0,0
BRDA:1227,169,1,0
BRF:369
BRH:0
end_of_record
TN:
SF:src\pages\Employees.jsx
FN:74,(anonymous_0)
FN:75,(anonymous_1)
FN:92,(anonymous_2)
FN:100,(anonymous_3)
FN:131,(anonymous_4)
FN:136,(anonymous_5)
FN:144,(anonymous_6)
FN:145,(anonymous_7)
FN:152,(anonymous_8)
FN:165,(anonymous_9)
FN:166,(anonymous_10)
FN:179,(anonymous_11)
FN:187,(anonymous_12)
FN:188,(anonymous_13)
FN:209,(anonymous_14)
FN:214,(anonymous_15)
FN:234,(anonymous_16)
FN:241,(anonymous_17)
FN:241,(anonymous_18)
FN:244,(anonymous_19)
FN:268,(anonymous_20)
FN:274,(anonymous_21)
FN:275,(anonymous_22)
FN:278,(anonymous_23)
FN:290,(anonymous_24)
FN:297,(anonymous_25)
FN:297,(anonymous_26)
FN:304,(anonymous_27)
FN:313,(anonymous_28)
FN:313,(anonymous_29)
FN:320,(anonymous_30)
FN:324,(anonymous_31)
FN:324,(anonymous_32)
FN:326,(anonymous_33)
FN:364,(anonymous_34)
FN:384,(anonymous_35)
FN:398,(anonymous_36)
FN:409,(anonymous_37)
FN:435,(anonymous_38)
FN:435,(anonymous_39)
FN:439,(anonymous_40)
FN:439,(anonymous_41)
FN:465,(anonymous_42)
FN:471,(anonymous_43)
FN:481,(anonymous_44)
FN:481,(anonymous_45)
FN:492,(anonymous_46)
FN:492,(anonymous_47)
FN:495,(anonymous_48)
FN:497,(anonymous_49)
FN:513,(anonymous_50)
FN:550,(anonymous_51)
FN:561,(anonymous_52)
FN:566,(anonymous_53)
FN:570,(anonymous_54)
FN:576,(anonymous_55)
FN:590,(anonymous_56)
FN:594,(anonymous_57)
FN:598,(anonymous_58)
FN:601,(anonymous_59)
FN:602,(anonymous_60)
FN:604,(anonymous_61)
FN:604,(anonymous_62)
FN:605,(anonymous_63)
FN:606,(anonymous_64)
FN:613,(anonymous_65)
FN:635,(anonymous_66)
FN:637,(anonymous_67)
FN:642,(anonymous_68)
FN:643,(anonymous_69)
FN:645,(anonymous_70)
FN:645,(anonymous_71)
FN:648,(anonymous_72)
FN:651,(anonymous_73)
FN:658,(anonymous_74)
FN:673,(anonymous_75)
FN:674,(anonymous_76)
FN:674,(anonymous_77)
FN:698,(anonymous_78)
FN:753,(anonymous_79)
FN:755,(anonymous_80)
FN:758,(anonymous_81)
FN:827,(anonymous_82)
FN:827,(anonymous_83)
FN:828,(anonymous_84)
FN:829,(anonymous_85)
FN:842,(anonymous_86)
FN:850,(anonymous_87)
FN:878,(anonymous_88)
FN:880,(anonymous_89)
FN:889,(anonymous_90)
FN:892,(anonymous_91)
FN:904,(anonymous_92)
FN:905,(anonymous_93)
FN:912,(anonymous_94)
FN:913,(anonymous_95)
FN:923,(anonymous_96)
FN:928,(anonymous_97)
FN:929,(anonymous_98)
FN:930,(anonymous_99)
FN:933,(anonymous_100)
FN:934,(anonymous_101)
FN:936,(anonymous_102)
FN:940,(anonymous_103)
FN:941,(anonymous_104)
FN:946,(anonymous_105)
FN:953,(anonymous_106)
FN:953,(anonymous_107)
FN:955,(anonymous_108)
FN:959,(anonymous_109)
FN:959,(anonymous_110)
FN:959,(anonymous_111)
FN:977,(anonymous_112)
FN:986,(anonymous_113)
FN:991,(anonymous_114)
FN:1001,(anonymous_115)
FN:1039,(anonymous_116)
FN:1040,(anonymous_117)
FN:1093,(anonymous_118)
FN:1095,(anonymous_119)
FN:1104,(anonymous_120)
FN:1117,(anonymous_121)
FN:1123,(anonymous_122)
FN:1124,(anonymous_123)
FN:1125,(anonymous_124)
FN:1128,(anonymous_125)
FN:1129,(anonymous_126)
FN:1130,(anonymous_127)
FN:1131,(anonymous_128)
FN:1138,(anonymous_129)
FN:1139,(anonymous_130)
FN:1141,(anonymous_131)
FN:1144,(anonymous_132)
FN:1151,(anonymous_133)
FN:1154,(anonymous_134)
FN:1156,(anonymous_135)
FN:1158,(anonymous_136)
FN:1165,(anonymous_137)
FN:1177,(anonymous_138)
FN:1178,(anonymous_139)
FN:1179,(anonymous_140)
FN:1180,(anonymous_141)
FN:1181,(anonymous_142)
FN:1228,(anonymous_143)
FN:1239,(anonymous_144)
FN:1252,(anonymous_145)
FN:1291,(anonymous_146)
FN:1314,(anonymous_147)
FN:1350,(anonymous_148)
FN:1396,(anonymous_149)
FN:1426,(anonymous_150)
FN:1428,(anonymous_151)
FN:1454,(anonymous_152)
FN:1455,(anonymous_153)
FN:1455,(anonymous_154)
FN:1457,(anonymous_155)
FN:1459,(anonymous_156)
FN:1467,(anonymous_157)
FN:1470,(anonymous_158)
FN:1476,(anonymous_159)
FN:1480,(anonymous_160)
FN:1480,(anonymous_161)
FN:1488,(anonymous_162)
FN:1495,(anonymous_163)
FN:1558,(anonymous_164)
FN:1562,(anonymous_165)
FN:1591,(anonymous_166)
FN:1592,(anonymous_167)
FN:1618,(anonymous_168)
FN:1634,(anonymous_169)
FN:1641,(anonymous_170)
FN:1642,(anonymous_171)
FN:1643,(anonymous_172)
FN:1646,(anonymous_173)
FN:1649,(anonymous_174)
FN:1650,(anonymous_175)
FN:1651,(anonymous_176)
FN:1651,(anonymous_177)
FN:1652,(anonymous_178)
FN:1652,(anonymous_179)
FN:1655,(anonymous_180)
FN:1659,(anonymous_181)
FN:1661,(anonymous_182)
FN:1665,(anonymous_183)
FN:1674,(anonymous_184)
FN:1677,(anonymous_185)
FN:1678,(anonymous_186)
FN:1678,(anonymous_187)
FN:1679,(anonymous_188)
FN:1679,(anonymous_189)
FN:1679,(anonymous_190)
FN:1680,(anonymous_191)
FN:1680,(anonymous_192)
FN:1680,(anonymous_193)
FN:1683,(anonymous_194)
FN:1704,(anonymous_195)
FN:1716,(anonymous_196)
FN:1765,(anonymous_197)
FN:1789,(anonymous_198)
FN:1811,(anonymous_199)
FN:1819,(anonymous_200)
FN:1837,(anonymous_201)
FN:1845,(anonymous_202)
FN:1856,(anonymous_203)
FN:1858,(anonymous_204)
FN:1862,(anonymous_205)
FN:1905,(anonymous_206)
FN:1915,(anonymous_207)
FN:1960,(anonymous_208)
FN:1962,(anonymous_209)
FN:2009,(anonymous_210)
FN:2012,(anonymous_211)
FN:2055,(anonymous_212)
FN:2057,(anonymous_213)
FN:2064,(anonymous_214)
FN:2073,(anonymous_215)
FN:2079,(anonymous_216)
FN:2088,(anonymous_217)
FN:2100,(anonymous_218)
FN:2112,(anonymous_219)
FNF:220
FNH:0
FNDA:0,(anonymous_0)
FNDA:0,(anonymous_1)
FNDA:0,(anonymous_2)
FNDA:0,(anonymous_3)
FNDA:0,(anonymous_4)
FNDA:0,(anonymous_5)
FNDA:0,(anonymous_6)
FNDA:0,(anonymous_7)
FNDA:0,(anonymous_8)
FNDA:0,(anonymous_9)
FNDA:0,(anonymous_10)
FNDA:0,(anonymous_11)
FNDA:0,(anonymous_12)
FNDA:0,(anonymous_13)
FNDA:0,(anonymous_14)
FNDA:0,(anonymous_15)
FNDA:0,(anonymous_16)
FNDA:0,(anonymous_17)
FNDA:0,(anonymous_18)
FNDA:0,(anonymous_19)
FNDA:0,(anonymous_20)
FNDA:0,(anonymous_21)
FNDA:0,(anonymous_22)
FNDA:0,(anonymous_23)
FNDA:0,(anonymous_24)
FNDA:0,(anonymous_25)
FNDA:0,(anonymous_26)
FNDA:0,(anonymous_27)
FNDA:0,(anonymous_28)
FNDA:0,(anonymous_29)
FNDA:0,(anonymous_30)
FNDA:0,(anonymous_31)
FNDA:0,(anonymous_32)
FNDA:0,(anonymous_33)
FNDA:0,(anonymous_34)
FNDA:0,(anonymous_35)
FNDA:0,(anonymous_36)
FNDA:0,(anonymous_37)
FNDA:0,(anonymous_38)
FNDA:0,(anonymous_39)
FNDA:0,(anonymous_40)
FNDA:0,(anonymous_41)
FNDA:0,(anonymous_42)
FNDA:0,(anonymous_43)
FNDA:0,(anonymous_44)
FNDA:0,(anonymous_45)
FNDA:0,(anonymous_46)
FNDA:0,(anonymous_47)
FNDA:0,(anonymous_48)
FNDA:0,(anonymous_49)
FNDA:0,(anonymous_50)
FNDA:0,(anonymous_51)
FNDA:0,(anonymous_52)
FNDA:0,(anonymous_53)
FNDA:0,(anonymous_54)
FNDA:0,(anonymous_55)
FNDA:0,(anonymous_56)
FNDA:0,(anonymous_57)
FNDA:0,(anonymous_58)
FNDA:0,(anonymous_59)
FNDA:0,(anonymous_60)
FNDA:0,(anonymous_61)
FNDA:0,(anonymous_62)
FNDA:0,(anonymous_63)
FNDA:0,(anonymous_64)
FNDA:0,(anonymous_65)
FNDA:0,(anonymous_66)
FNDA:0,(anonymous_67)
FNDA:0,(anonymous_68)
FNDA:0,(anonymous_69)
FNDA:0,(anonymous_70)
FNDA:0,(anonymous_71)
FNDA:0,(anonymous_72)
FNDA:0,(anonymous_73)
FNDA:0,(anonymous_74)
FNDA:0,(anonymous_75)
FNDA:0,(anonymous_76)
FNDA:0,(anonymous_77)
FNDA:0,(anonymous_78)
FNDA:0,(anonymous_79)
FNDA:0,(anonymous_80)
FNDA:0,(anonymous_81)
FNDA:0,(anonymous_82)
FNDA:0,(anonymous_83)
FNDA:0,(anonymous_84)
FNDA:0,(anonymous_85)
FNDA:0,(anonymous_86)
FNDA:0,(anonymous_87)
FNDA:0,(anonymous_88)
FNDA:0,(anonymous_89)
FNDA:0,(anonymous_90)
FNDA:0,(anonymous_91)
FNDA:0,(anonymous_92)
FNDA:0,(anonymous_93)
FNDA:0,(anonymous_94)
FNDA:0,(anonymous_95)
FNDA:0,(anonymous_96)
FNDA:0,(anonymous_97)
FNDA:0,(anonymous_98)
FNDA:0,(anonymous_99)
FNDA:0,(anonymous_100)
FNDA:0,(anonymous_101)
FNDA:0,(anonymous_102)
FNDA:0,(anonymous_103)
FNDA:0,(anonymous_104)
FNDA:0,(anonymous_105)
FNDA:0,(anonymous_106)
FNDA:0,(anonymous_107)
FNDA:0,(anonymous_108)
FNDA:0,(anonymous_109)
FNDA:0,(anonymous_110)
FNDA:0,(anonymous_111)
FNDA:0,(anonymous_112)
FNDA:0,(anonymous_113)
FNDA:0,(anonymous_114)
FNDA:0,(anonymous_115)
FNDA:0,(anonymous_116)
FNDA:0,(anonymous_117)
FNDA:0,(anonymous_118)
FNDA:0,(anonymous_119)
FNDA:0,(anonymous_120)
FNDA:0,(anonymous_121)
FNDA:0,(anonymous_122)
FNDA:0,(anonymous_123)
FNDA:0,(anonymous_124)
FNDA:0,(anonymous_125)
FNDA:0,(anonymous_126)
FNDA:0,(anonymous_127)
FNDA:0,(anonymous_128)
FNDA:0,(anonymous_129)
FNDA:0,(anonymous_130)
FNDA:0,(anonymous_131)
FNDA:0,(anonymous_132)
FNDA:0,(anonymous_133)
FNDA:0,(anonymous_134)
FNDA:0,(anonymous_135)
FNDA:0,(anonymous_136)
FNDA:0,(anonymous_137)
FNDA:0,(anonymous_138)
FNDA:0,(anonymous_139)
FNDA:0,(anonymous_140)
FNDA:0,(anonymous_141)
FNDA:0,(anonymous_142)
FNDA:0,(anonymous_143)
FNDA:0,(anonymous_144)
FNDA:0,(anonymous_145)
FNDA:0,(anonymous_146)
FNDA:0,(anonymous_147)
FNDA:0,(anonymous_148)
FNDA:0,(anonymous_149)
FNDA:0,(anonymous_150)
FNDA:0,(anonymous_151)
FNDA:0,(anonymous_152)
FNDA:0,(anonymous_153)
FNDA:0,(anonymous_154)
FNDA:0,(anonymous_155)
FNDA:0,(anonymous_156)
FNDA:0,(anonymous_157)
FNDA:0,(anonymous_158)
FNDA:0,(anonymous_159)
FNDA:0,(anonymous_160)
FNDA:0,(anonymous_161)
FNDA:0,(anonymous_162)
FNDA:0,(anonymous_163)
FNDA:0,(anonymous_164)
FNDA:0,(anonymous_165)
FNDA:0,(anonymous_166)
FNDA:0,(anonymous_167)
FNDA:0,(anonymous_168)
FNDA:0,(anonymous_169)
FNDA:0,(anonymous_170)
FNDA:0,(anonymous_171)
FNDA:0,(anonymous_172)
FNDA:0,(anonymous_173)
FNDA:0,(anonymous_174)
FNDA:0,(anonymous_175)
FNDA:0,(anonymous_176)
FNDA:0,(anonymous_177)
FNDA:0,(anonymous_178)
FNDA:0,(anonymous_179)
FNDA:0,(anonymous_180)
FNDA:0,(anonymous_181)
FNDA:0,(anonymous_182)
FNDA:0,(anonymous_183)
FNDA:0,(anonymous_184)
FNDA:0,(anonymous_185)
FNDA:0,(anonymous_186)
FNDA:0,(anonymous_187)
FNDA:0,(anonymous_188)
FNDA:0,(anonymous_189)
FNDA:0,(anonymous_190)
FNDA:0,(anonymous_191)
FNDA:0,(anonymous_192)
FNDA:0,(anonymous_193)
FNDA:0,(anonymous_194)
FNDA:0,(anonymous_195)
FNDA:0,(anonymous_196)
FNDA:0,(anonymous_197)
FNDA:0,(anonymous_198)
FNDA:0,(anonymous_199)
FNDA:0,(anonymous_200)
FNDA:0,(anonymous_201)
FNDA:0,(anonymous_202)
FNDA:0,(anonymous_203)
FNDA:0,(anonymous_204)
FNDA:0,(anonymous_205)
FNDA:0,(anonymous_206)
FNDA:0,(anonymous_207)
FNDA:0,(anonymous_208)
FNDA:0,(anonymous_209)
[...]
BRDA:48,5,2,0
BRDA:49,6,0,0
BRDA:49,6,1,0
BRDA:50,7,0,0
BRDA:50,7,1,0
BRDA:51,8,0,0
BRDA:51,8,1,0
BRDA:55,9,0,0
BRDA:55,9,1,0
BRDA:56,10,0,0
BRDA:56,10,1,0
BRDA:57,11,0,0
BRDA:57,11,1,0
BRDA:62,12,0,0
BRDA:62,12,1,0
BRDA:112,13,0,12
BRDA:112,13,1,2
BRDA:120,14,0,99
BRDA:120,14,1,0
BRDA:120,14,2,99
BRDA:120,14,3,66
BRDA:120,14,4,47
BRDA:120,14,5,47
BRDA:138,15,0,0
BRDA:138,15,1,0
BRDA:139,16,0,0
BRDA:139,16,1,0
BRDA:146,17,0,0
BRDA:146,17,1,0
BRDA:151,18,0,0
BRDA:151,18,1,0
BRDA:165,19,0,0
BRDA:165,19,1,0
BRDA:186,20,0,1
BRDA:186,20,1,0
BRDA:213,21,0,31
BRDA:213,21,1,33
BRDA:215,22,0,64
BRDA:215,22,1,62
BRDA:236,23,0,16
BRDA:236,23,1,48
BRDA:239,24,0,16
BRDA:239,24,1,0
BRDA:239,25,0,16
BRDA:239,25,1,0
BRDA:244,26,0,0
BRDA:244,26,1,63
BRDA:244,27,0,63
BRDA:244,27,1,30
BRDA:251,28,0,33
BRDA:251,28,1,30
BRDA:253,29,0,33
BRDA:253,29,1,30
BRDA:259,30,0,63
BRDA:259,30,1,63
BRDA:262,31,0,63
BRDA:262,31,1,59
BRDA:262,31,2,28
BRDA:262,31,3,0
BRDA:272,32,0,63
BRDA:272,32,1,0
BRDA:280,33,0,33
BRDA:280,33,1,30
BRDA:289,34,0,33
BRDA:289,34,1,30
BRDA:301,35,0,28
BRDA:301,35,1,2
BRDA:305,36,0,30
BRDA:305,36,1,28
BRDA:309,37,0,0
BRDA:309,37,1,0
BRDA:309,38,0,0
BRDA:309,38,1,0
BRDA:314,39,0,28
BRDA:314,39,1,0
BRDA:316,40,0,28
BRDA:316,40,1,0
BRDA:317,41,0,28
BRDA:317,41,1,0
BRDA:318,42,0,28
BRDA:318,42,1,0
BRDA:364,43,0,0
BRDA:364,43,1,64
BRDA:367,44,0,0
BRDA:367,44,1,0
BRDA:367,45,0,0
BRDA:367,45,1,0
BRDA:385,46,0,0
BRDA:385,46,1,64
BRDA:387,47,0,0
BRDA:387,47,1,64
BRDA:413,48,0,0
BRDA:413,48,1,64
BRDA:433,49,0,0
BRDA:433,49,1,64
BRDA:468,50,0,0
BRDA:468,50,1,0
BRDA:469,51,0,0
BRDA:469,51,1,0
BRDA:470,52,0,0
BRDA:470,52,1,0
BRDA:470,52,2,0
BRDA:470,52,3,0
BRDA:484,53,0,0
BRDA:484,53,1,0
BRDA:485,54,0,0
BRDA:485,54,1,0
BRDA:492,55,0,0
BRDA:492,55,1,0
BRDA:497,56,0,0
BRDA:497,56,1,0
BRDA:511,57,0,0
BRDA:511,57,1,0
BRDA:532,58,0,0
BRDA:532,58,1,0
BRDA:551,59,0,0
BRDA:551,59,1,0
BRDA:578,60,0,0
BRDA:578,60,1,0
BRDA:595,61,0,0
BRDA:595,61,1,0
BRDA:599,62,0,0
BRDA:599,62,1,0
BRDA:606,63,0,0
BRDA:606,63,1,0
BRDA:617,64,0,0
BRDA:617,64,1,0
BRDA:622,65,0,0
BRDA:622,65,1,0
BRDA:622,65,2,0
BRDA:632,66,0,0
BRDA:632,66,1,0
BRDA:648,67,0,0
BRDA:648,67,1,0
BRDA:652,68,0,0
BRDA:652,68,1,0
BRDA:652,69,0,0
BRDA:652,69,1,0
BRDA:657,70,0,0
BRDA:657,70,1,0
BRDA:659,71,0,0
BRDA:659,71,1,0
BRDA:660,72,0,0
BRDA:660,72,1,0
BRDA:661,73,0,0
BRDA:661,73,1,0
BRDA:699,74,0,0
BRDA:699,74,1,0
BRDA:702,75,0,0
BRDA:702,75,1,0
BRDA:702,76,0,0
BRDA:702,76,1,0
BRDA:720,77,0,0
BRDA:720,77,1,0
BRDA:722,78,0,0
BRDA:722,78,1,0
BRDA:748,79,0,0
BRDA:748,79,1,0
BRDA:768,80,0,0
BRDA:768,80,1,0
BRDA:806,81,0,39
BRDA:806,81,1,7
BRDA:807,82,0,38
BRDA:807,82,1,0
BRDA:808,83,0,38
BRDA:808,83,1,22
BRDA:808,83,2,10
BRDA:808,83,3,10
BRDA:821,84,0,0
BRDA:821,84,1,0
BRDA:821,85,0,0
BRDA:821,85,1,0
BRDA:825,86,0,0
BRDA:825,86,1,0
BRDA:826,87,0,0
BRDA:826,87,1,0
BRDA:833,88,0,0
BRDA:833,88,1,0
BRDA:838,89,0,0
BRDA:838,89,1,0
BRDA:852,90,0,0
BRDA:852,90,1,0
BRDA:871,91,0,1
BRDA:871,91,1,0
BRDA:881,92,0,1
BRDA:881,92,1,0
BRDA:887,93,0,0
BRDA:887,93,1,29
BRDA:912,94,0,33
BRDA:912,94,1,23
BRDA:914,95,0,56
BRDA:914,95,1,44
BRDA:935,96,0,30
BRDA:935,96,1,26
BRDA:938,97,0,24
BRDA:938,97,1,6
BRDA:943,98,0,28
BRDA:943,98,1,1
BRDA:954,99,0,29
BRDA:954,99,1,29
BRDA:957,100,0,29
BRDA:957,100,1,23
BRDA:957,100,2,1
BRDA:967,101,0,29
BRDA:967,101,1,0
BRDA:977,102,0,29
BRDA:977,102,1,0
BRDA:994,103,0,29
BRDA:994,103,1,23
BRDA:1002,104,0,22
BRDA:1002,104,1,1
BRDA:1004,105,0,22
BRDA:1004,105,1,1
BRDA:1005,106,0,22
BRDA:1005,106,1,1
BRDA:1006,107,0,22
BRDA:1006,107,1,1
BRDA:1044,108,0,0
BRDA:1044,108,1,56
BRDA:1047,109,0,0
BRDA:1047,109,1,0
BRDA:1047,110,0,0
BRDA:1047,110,1,0
BRDA:1065,111,0,0
BRDA:1065,111,1,56
BRDA:1067,112,0,0
BRDA:1067,112,1,56
BRDA:1093,113,0,0
BRDA:1093,113,1,56
BRDA:1113,114,0,0
BRDA:1113,114,1,56
BRDA:1130,115,0,91
BRDA:1130,115,1,182
BRDA:1135,116,0,91
BRDA:1135,116,1,91
BRDA:1137,117,0,91
BRDA:1137,117,1,91
BRDA:1182,118,0,91
BRDA:1182,118,1,91
BRDA:1188,119,0,91
BRDA:1188,119,1,91
BRDA:1191,120,0,91
BRDA:1191,120,1,91
BRDA:1194,121,0,91
BRDA:1194,121,1,71
BRDA:1194,122,0,91
BRDA:1194,122,1,91
BRDA:1195,123,0,91
BRDA:1195,123,1,91
BRDA:1196,124,0,91
BRDA:1196,124,1,91
BRDA:1206,125,0,0
BRDA:1206,125,1,91
BRDA:1225,126,0,0
BRDA:1225,126,1,91
BRDA:1229,127,0,91
BRDA:1229,127,1,71
BRDA:1230,128,0,0
BRDA:1230,128,1,91
BRDA:1231,129,0,0
BRDA:1231,129,1,91
BRDA:1232,130,0,0
BRDA:1232,130,1,91
BRDA:1249,131,0,0
BRDA:1249,132,0,0
BRDA:1253,133,0,0
BRDA:1253,133,1,0
BRDA:1254,134,0,0
BRDA:1254,134,1,0
BRDA:1257,135,0,0
BRDA:1258,136,0,0
BRDA:1258,137,0,0
BRDA:1272,138,0,0
BRDA:1272,138,1,0
BRDA:1282,139,0,0
BRDA:1282,139,1,0
BRDA:1289,140,0,0
BRDA:1289,140,1,0
BRDA:1293,141,0,0
BRDA:1293,141,1,0
BRDA:1298,142,0,0
BRDA:1298,142,1,0
BRDA:1298,143,0,0
BRDA:1298,143,1,0
BRDA:1299,144,0,0
BRDA:1299,144,1,0
BRDA:1299,145,0,0
BRDA:1299,145,1,0
BRDA:1310,146,0,0
BRDA:1310,146,1,0
BRDA:1330,147,0,0
BRDA:1330,147,1,0
BRDA:1340,148,0,0
BRDA:1340,148,1,0
BRDA:1342,149,0,0
BRDA:1342,149,1,0
BRDA:1343,150,0,0
BRDA:1343,150,1,0
BRDA:1344,151,0,0
BRDA:1344,151,1,0
BRDA:1345,152,0,0
BRDA:1345,152,1,0
BRDA:1347,153,0,0
BRDA:1347,153,1,0
BRDA:1384,154,0,5
BRDA:1384,154,1,85
BRDA:1386,155,0,85
BRDA:1386,155,1,5
BRDA:1389,156,0,5
BRDA:1389,156,1,85
BRDA:1391,157,0,5
BRDA:1391,157,1,85
BRDA:1404,158,0,90
BRDA:1404,158,1,85
BRDA:1488,159,0,90
BRDA:1488,159,1,5
BRDA:1510,160,0,90
BRDA:1510,160,1,5
BRDA:1524,161,0,90
BRDA:1524,161,1,85
BRDA:1560,162,0,0
BRDA:1560,162,1,0
BRDA:1560,162,2,0
BRDA:1560,162,3,0
BRDA:1569,163,0,0
BRDA:1569,163,1,0
BRDA:1572,164,0,0
BRDA:1572,164,1,0
BRDA:1578,165,0,0
BRDA:1578,165,1,0
BRDA:1583,166,0,0
BRDA:1583,166,1,0
BRDA:1597,167,0,0
BRDA:1597,167,1,0
BRDA:1618,168,0,0
BRDA:1618,168,1,0
BRDA:1623,169,0,0
BRDA:1623,169,1,0
BRDA:1628,170,0,0
BRDA:1628,170,1,0
BRDA:1638,171,0,0
BRDA:1638,171,1,0
BRDA:1650,172,0,0
BRDA:1650,172,1,0
BRDA:1652,173,0,0
BRDA:1652,173,1,0
BRDA:1674,174,0,0
BRDA:1674,174,1,0
BRDA:1681,175,0,0
BRDA:1681,175,1,0
BRDA:1685,176,0,0
BRDA:1685,176,1,0
BRDA:1701,177,0,0
BRDA:1701,177,1,0
BRDA:1702,178,0,0
BRDA:1702,178,1,0
BRDA:1712,179,0,0
BRDA:1712,179,1,0
BRDA:1715,180,0,0
BRDA:1715,180,1,0
BRDA:1720,181,0,0
BRDA:1720,181,1,0
BRDA:1722,182,0,0
BRDA:1722,182,1,0
BRDA:1723,183,0,0
BRDA:1723,183,1,0
BRDA:1724,184,0,0
BRDA:1724,184,1,0
BRDA:1762,185,0,0
BRDA:1762,185,1,0
BRDA:1763,186,0,0
BRDA:1763,186,1,0
BRDA:1763,187,0,0
BRDA:1763,187,1,0
BRDA:1774,188,0,0
BRDA:1774,188,1,0
BRDA:1776,189,0,0
BRDA:1776,189,1,0
BRDA:1796,190,0,0
BRDA:1796,190,1,0
BRDA:1816,191,0,0
BRDA:1816,191,1,0
BRDA:1841,192,0,5
BRDA:1841,192,1,0
BRDA:1852,193,0,0
BRDA:1852,193,1,0
BRDA:1853,194,0,0
BRDA:1853,194,1,0
BRDA:1856,195,0,0
BRDA:1856,195,1,0
BRDA:1883,196,0,31
BRDA:1883,196,1,26
BRDA:1883,196,2,13
BRDA:1886,197,0,6
BRDA:1886,197,1,19
BRDA:1899,198,0,4
BRDA:1899,198,1,15
BRDA:1901,199,0,19
BRDA:1901,199,1,16
BRDA:1909,200,0,2
BRDA:1909,200,1,17
BRDA:1919,201,0,19
BRDA:1919,201,1,0
BRDA:1930,202,0,19
BRDA:1930,202,1,0
BRDA:1933,203,0,19
BRDA:1933,203,1,18
BRDA:1933,203,2,0
BRDA:1944,204,0,19
BRDA:1944,204,1,18
BRDA:1952,205,0,18
BRDA:1952,205,1,0
BRDA:1955,206,0,18
BRDA:1955,206,1,0
BRDA:1975,207,0,0
BRDA:1975,207,1,19
BRDA:1989,208,0,0
BRDA:1989,208,1,19
BRDA:1991,209,0,0
BRDA:1991,209,1,19
BRDA:2018,210,0,117
BRDA:2018,210,1,29
BRDA:2029,211,0,44
BRDA:2029,211,1,0
BRDA:2053,212,0,117
BRDA:2053,212,1,1
BRDA:2074,213,0,46
BRDA:2074,213,1,71
BRDA:2080,214,0,71
BRDA:2080,214,1,44
BRDA:2084,215,0,71
BRDA:2084,215,1,21
BRDA:2088,216,0,71
BRDA:2088,216,1,6
BRF:446
BRH:167
end_of_record
TN:
SF:src\pages\RolesPermissions.jsx
FN:45,(anonymous_0)
FN:48,(anonymous_1)
FN:55,(anonymous_2)
FN:65,(anonymous_3)
FN:67,(anonymous_4)
FN:68,(anonymous_5)
FN:69,(anonymous_6)
FN:72,(anonymous_7)
FN:83,(anonymous_8)
FN:84,(anonymous_9)
FN:87,(anonymous_10)
FN:88,(anonymous_11)
FN:96,(anonymous_12)
FN:97,(anonymous_13)
FN:98,(anonymous_14)
FN:103,(anonymous_15)
FN:108,(anonymous_16)
FN:113,(anonymous_17)
FN:114,(anonymous_18)
FN:116,(anonymous_19)
FN:125,(anonymous_20)
FN:146,(anonymous_21)
FN:155,(anonymous_22)
FN:160,(anonymous_23)
FN:163,(anonymous_24)
FN:243,(anonymous_25)
FN:264,(anonymous_26)
FN:278,(anonymous_27)
FN:295,(anonymous_28)
FNF:29
FNH:0
FNDA:0,(anonymous_0)
FNDA:0,(anonymous_1)
FNDA:0,(anonymous_2)
FNDA:0,(anonymous_3)
FNDA:0,(anonymous_4)
FNDA:0,(anonymous_5)
FNDA:0,(anonymous_6)
FNDA:0,(anonymous_7)
FNDA:0,(anonymous_8)
FNDA:0,(anonymous_9)
FNDA:0,(anonymous_10)
FNDA:0,(anonymous_11)
FNDA:0,(anonymous_12)
FNDA:0,(anonymous_13)
FNDA:0,(anonymous_14)
FNDA:0,(anonymous_15)
FNDA:0,(anonymous_16)
FNDA:0,(anonymous_17)
FNDA:0,(anonymous_18)
FNDA:0,(anonymous_19)
FNDA:0,(anonymous_20)
FNDA:0,(anonymous_21)
FNDA:0,(anonymous_22)
FNDA:0,(anonymous_23)
FNDA:0,(anonymous_24)
FNDA:0,(anonymous_25)
FNDA:0,(anonymous_26)
FNDA:0,(anonymous_27)
FNDA:0,(anonymous_28)
DA:13,0
DA:21,0
DA:37,0
DA:45,0
DA:47,0
DA:48,0
DA:55,0
DA:56,0
DA:57,0
DA:58,0
DA:59,0
DA:60,0
DA:61,0
DA:62,0
DA:63,0
DA:65,0
DA:66,0
DA:67,0
DA:68,0
DA:69,0
DA:72,0
DA:73,0
DA:74,0
DA:75,0
DA:76,0
DA:77,0
DA:79,0
DA:83,0
DA:84,0
DA:85,0
DA:87,0
DA:88,0
DA:89,0
DA:91,0
DA:93,0
DA:96,0
DA:97,0
DA:98,0
DA:100,0
DA:103,0
DA:104,0
DA:105,0
DA:108,0
DA:109,0
DA:110,0
DA:111,0
DA:112,0
DA:113,0
DA:114,0
DA:116,0
DA:117,0
DA:119,0
DA:121,0
DA:125,0
DA:126,0
DA:131,0
DA:133,0
DA:146,0
DA:155,0
DA:161,0
DA:163,0
DA:244,0
DA:245,0
DA:247,0
DA:264,0
DA:279,0
DA:280,0
DA:295,0
LF:68
LH:0
BRDA:75,0,0,0
BRDA:75,0,1,0
BRDA:77,1,0,0
BRDA:77,1,1,0
BRDA:79,2,0,0
BRDA:79,2,1,0
BRDA:85,3,0,0
BRDA:85,3,1,0
BRDA:88,4,0,0
BRDA:88,4,1,0
BRDA:98,5,0,0
BRDA:98,5,1,0
BRDA:104,6,0,0
BRDA:104,6,1,0
BRDA:114,7,0,0
BRDA:114,7,1,0
BRDA:126,8,0,0
BRDA:126,8,1,0
BRDA:126,8,2,0
BRDA:131,9,0,0
BRDA:131,9,1,0
BRDA:146,10,0,0
BRDA:146,10,1,0
BRDA:167,11,0,0
BRDA:167,11,1,0
BRDA:168,12,0,0
BRDA:168,12,1,0
BRDA:169,13,0,0
BRDA:169,13,1,0
BRDA:173,14,0,0
BRDA:173,14,1,0
BRDA:187,15,0,0
BRDA:187,15,1,0
BRDA:199,16,0,0
BRDA:199,16,1,0
BRDA:212,17,0,0
BRDA:212,17,1,0
BRDA:229,18,0,0
BRDA:229,18,1,0
BRDA:230,19,0,0
BRDA:230,19,1,0
BRDA:231,20,0,0
BRDA:231,20,1,0
BRDA:248,21,0,0
BRDA:248,21,1,0
BRDA:248,22,0,0
BRDA:248,22,1,0
BRDA:251,23,0,0
BRDA:251,23,1,0
BRDA:253,24,0,0
BRDA:253,24,1,0
BRDA:259,25,0,0
BRDA:259,25,1,0
BRDA:264,26,0,0
BRDA:264,26,1,0
BRDA:272,27,0,0
BRDA:272,27,1,0
BRDA:272,27,2,0
BRDA:286,28,0,0
BRDA:286,28,1,0
BRDA:287,29,0,0
BRDA:287,29,1,0
BRDA:289,30,0,0
BRDA:289,30,1,0
BRDA:289,31,0,0
BRDA:289,31,1,0
BRF:66
BRH:0
end_of_record
TN:
SF:src\pages\Timesheets.jsx
FN:29,(anonymous_0)
FN:36,(anonymous_1)
FN:42,(anonymous_2)
FN:46,(anonymous_3)
FN:65,(anonymous_4)
FN:67,(anonymous_5)
FN:102,(anonymous_6)
FN:103,(anonymous_7)
FN:120,(anonymous_8)
FN:122,(anonymous_9)
FN:128,(anonymous_10)
FN:130,(anonymous_11)
FN:139,(anonymous_12)
FN:143,(anonymous_13)
FN:149,(anonymous_14)
FN:157,(anonymous_15)
FN:166,(anonymous_16)
FN:168,(anonymous_17)
FN:169,(anonymous_18)
FN:172,(anonymous_19)
FN:177,(anonymous_20)
FN:186,(anonymous_21)
FN:193,(anonymous_22)
FN:196,(anonymous_23)
FN:205,(anonymous_24)
FN:214,(anonymous_25)
FN:218,(anonymous_26)
FN:219,(anonymous_27)
FN:229,(anonymous_28)
FN:229,(anonymous_29)
FN:248,(anonymous_30)
FN:248,(anonymous_31)
FN:257,(anonymous_32)
FN:263,(anonymous_33)
FN:266,(anonymous_34)
FN:268,(anonymous_35)
FN:269,(anonymous_36)
FN:275,(anonymous_37)
FN:276,(anonymous_38)
FN:281,(anonymous_39)
FN:281,(anonymous_40)
FN:288,(anonymous_41)
FN:288,(anonymous_42)
FN:289,(anonymous_43)
FN:289,(anonymous_44)
FN:290,(anonymous_45)
FN:291,(anonymous_46)
FN:291,(anonymous_47)
FN:292,(anonymous_48)
FN:293,(anonymous_49)
FN:295,(anonymous_50)
FN:297,(anonymous_51)
FN:306,(anonymous_52)
FN:307,(anonymous_53)
FN:330,(anonymous_54)
FN:333,(anonymous_55)
FN:333,(anonymous_56)
FN:339,(anonymous_57)
FN:339,(anonymous_58)
FN:345,(anonymous_59)
FN:388,(anonymous_60)
FN:433,(anonymous_61)
FN:461,(anonymous_62)
FN:467,(anonymous_63)
FN:467,(anonymous_64)
FN:479,(anonymous_65)
FN:496,(anonymous_66)
FN:516,(anonymous_67)
FN:526,(anonymous_68)
FN:540,(anonymous_69)
FN:550,(anonymous_70)
FN:580,(anonymous_71)
FN:587,(anonymous_72)
FN:588,(anonymous_73)
FN:594,(anonymous_74)
FN:595,(anonymous_75)
FN:601,(anonymous_76)
FNF:77
FNH:0
FNDA:0,(anonymous_0)
FNDA:0,(anonymous_1)
FNDA:0,(anonymous_2)
FNDA:0,(anonymous_3)
FNDA:0,(anonymous_4)
FNDA:0,(anonymous_5)
FNDA:0,(anonymous_6)
FNDA:0,(anonymous_7)
FNDA:0,(anonymous_8)
FNDA:0,(anonymous_9)
FNDA:0,(anonymous_10)
FNDA:0,(anonymous_11)
FNDA:0,(anonymous_12)
FNDA:0,(anonymous_13)
FNDA:0,(anonymous_14)
FNDA:0,(anonymous_15)
FNDA:0,(anonymous_16)
FNDA:0,(anonymous_17)
FNDA:0,(anonymous_18)
FNDA:0,(anonymous_19)
FNDA:0,(anonymous_20)
FNDA:0,(anonymous_21)
FNDA:0,(anonymous_22)
FNDA:0,(anonymous_23)
FNDA:0,(anonymous_24)
FNDA:0,(anonymous_25)
FNDA:0,(anonymous_26)
FNDA:0,(anonymous_27)
FNDA:0,(anonymous_28)
FNDA:0,(anonymous_29)
FNDA:0,(anonymous_30)
FNDA:0,(anonymous_31)
FNDA:0,(anonymous_32)
FNDA:0,(anonymous_33)
FNDA:0,(anonymous_34)
FNDA:0,(anonymous_35)
FNDA:0,(anonymous_36)
FNDA:0,(anonymous_37)
FNDA:0,(anonymous_38)
FNDA:0,(anonymous_39)
FNDA:0,(anonymous_40)
FNDA:0,(anonymous_41)
FNDA:0,(anonymous_42)
FNDA:0,(anonymous_43)
FNDA:0,(anonymous_44)
FNDA:0,(anonymous_45)
FNDA:0,(anonymous_46)
FNDA:0,(anonymous_47)
FNDA:0,(anonymous_48)
FNDA:0,(anonymous_49)
FNDA:0,(anonymous_50)
FNDA:0,(anonymous_51)
FNDA:0,(anonymous_52)
FNDA:0,(anonymous_53)
FNDA:0,(anonymous_54)
FNDA:0,(anonymous_55)
FNDA:0,(anonymous_56)
FNDA:0,(anonymous_57)
FNDA:0,(anonymous_58)
FNDA:0,(anonymous_59)
FNDA:0,(anonymous_60)
FNDA:0,(anonymous_61)
FNDA:0,(anonymous_62)
FNDA:0,(anonymous_63)
FNDA:0,(anonymous_64)
FNDA:0,(anonymous_65)
FNDA:0,(anonymous_66)
FNDA:0,(anonymous_67)
FNDA:0,(anonymous_68)
FNDA:0,(anonymous_69)
FNDA:0,(anonymous_70)
FNDA:0,(anonymous_71)
FNDA:0,(anonymous_72)
FNDA:0,(anonymous_73)
FNDA:0,(anonymous_74)
FNDA:0,(anonymous_75)
FNDA:0,(anonymous_76)
DA:22,0
DA:24,0
DA:25,0
DA:26,0
DA:29,0
DA:30,0
DA:31,0
DA:32,0
DA:34,0
DA:36,0
DA:37,0
DA:38,0
DA:39,0
DA:42,0
DA:43,0
DA:46,0
DA:47,0
DA:48,0
DA:49,0
DA:52,0
DA:53,0
DA:54,0
DA:59,0
DA:60,0
DA:65,0
DA:68,0
DA:69,0
DA:78,0
DA:96,0
DA:102,0
DA:103,0
DA:105,0
DA:106,0
DA:107,0
DA:108,0
DA:109,0
DA:110,0
DA:111,0
DA:112,0
DA:113,0
DA:114,0
DA:116,0
DA:117,0
DA:120,0
DA:121,0
DA:122,0
DA:125,0
DA:128,0
DA:129,0
DA:130,0
DA:131,0
DA:132,0
DA:133,0
DA:134,0
DA:136,0
DA:137,0
DA:138,0
DA:139,0
DA:143,0
DA:144,0
DA:145,0
DA:146,0
DA:147,0
DA:148,0
DA:149,0
DA:150,0
DA:151,0
DA:152,0
DA:154,0
DA:155,0
DA:156,0
DA:157,0
DA:158,0
DA:160,0
DA:162,0
DA:166,0
DA:167,0
DA:168,0
DA:169,0
DA:172,0
DA:173,0
DA:177,0
DA:178,0
DA:179,0
DA:180,0
DA:181,0
DA:183,0
DA:187,0
DA:188,0
DA:189,0
DA:191,0
DA:192,0
DA:193,0
DA:197,0
DA:198,0
DA:199,0
DA:200,0
DA:201,0
DA:202,0
DA:205,0
DA:206,0
DA:207,0
DA:208,0
DA:211,0
DA:214,0
DA:218,0
DA:219,0
DA:220,0
DA:221,0
DA:223,0
DA:224,0
DA:225,0
DA:226,0
DA:227,0
DA:229,0
DA:230,0
DA:231,0
DA:232,0
DA:233,0
DA:235,0
DA:238,0
DA:239,0
DA:240,0
DA:248,0
DA:249,0
DA:250,0
DA:252,0
DA:253,0
DA:257,0
DA:258,0
DA:259,0
DA:263,0
DA:264,0
DA:265,0
DA:266,0
DA:267,0
DA:268,0
DA:269,0
DA:270,0
DA:271,0
DA:275,0
DA:276,0
DA:277,0
DA:278,0
DA:279,0
DA:280,0
DA:281,0
DA:282,0
DA:283,0
DA:284,0
DA:288,0
DA:289,0
DA:290,0
DA:291,0
DA:292,0
DA:293,0
DA:295,0
DA:296,0
DA:297,0
DA:298,0
DA:299,0
DA:301,0
DA:305,0
DA:306,0
DA:307,0
DA:309,0
DA:330,0
DA:333,0
DA:339,0
DA:345,0
DA:389,0
DA:390,0
DA:391,0
DA:392,0
DA:393,0
DA:394,0
DA:396,0
DA:414,0
DA:434,0
DA:435,0
DA:436,0
DA:437,0
DA:438,0
DA:439,0
DA:462,0
DA:467,0
DA:479,0
DA:497,0
DA:498,0
DA:499,0
DA:500,0
DA:501,0
DA:502,0
DA:517,0
DA:526,0
DA:541,0
DA:542,0
DA:543,0
DA:544,0
DA:545,0
DA:546,0
DA:550,0
DA:580,0
DA:587,0
DA:588,0
DA:594,0
DA:595,0
DA:601,0
LF:208
LH:0
BRDA:34,0,0,0
BRDA:34,0,1,0
BRDA:37,1,0,0
BRDA:37,1,1,0
BRDA:38,2,0,0
BRDA:38,2,1,0
BRDA:43,3,0,0
BRDA:43,3,1,0
BRDA:43,4,0,0
BRDA:43,4,1,0
BRDA:49,5,0,0
BRDA:49,5,1,0
BRDA:49,6,0,0
BRDA:49,6,1,0
BRDA:52,7,0,0
BRDA:52,7,1,0
BRDA:52,8,0,0
BRDA:52,8,1,0
BRDA:52,9,0,0
BRDA:52,9,1,0
BRDA:53,10,0,0
BRDA:53,10,1,0
BRDA:53,11,0,0
BRDA:53,11,1,0
BRDA:53,12,0,0
BRDA:53,12,1,0
BRDA:59,13,0,0
BRDA:59,13,1,0
BRDA:68,14,0,0
BRDA:68,14,1,0
BRDA:69,15,0,0
BRDA:69,15,1,0
BRDA:82,16,0,0
BRDA:82,16,1,0
BRDA:84,17,0,0
BRDA:84,17,1,0
BRDA:85,18,0,0
BRDA:85,18,1,0
BRDA:89,19,0,0
BRDA:89,19,1,0
BRDA:91,20,0,0
BRDA:91,20,1,0
BRDA:96,21,0,0
BRDA:96,21,1,0
BRDA:97,22,0,0
BRDA:97,22,1,0
BRDA:129,23,0,0
BRDA:129,23,1,0
BRDA:132,24,0,0
BRDA:132,24,1,0
BRDA:144,25,0,0
BRDA:144,25,1,0
BRDA:150,26,0,0
BRDA:150,26,1,0
BRDA:151,27,0,0
BRDA:151,27,1,0
BRDA:151,28,0,0
BRDA:151,28,1,0
BRDA:173,29,0,0
BRDA:173,29,1,0
BRDA:178,30,0,0
BRDA:178,30,1,0
BRDA:187,31,0,0
BRDA:187,31,1,0
BRDA:188,32,0,0
BRDA:188,32,1,0
BRDA:188,33,0,0
BRDA:188,33,1,0
BRDA:189,34,0,0
BRDA:189,34,1,0
BRDA:189,35,0,0
BRDA:189,35,1,0
BRDA:193,36,0,0
BRDA:193,36,1,0
BRDA:193,36,2,0
BRDA:201,37,0,0
BRDA:201,37,1,0
BRDA:201,38,0,0
BRDA:201,38,1,0
BRDA:201,38,2,0
BRDA:206,39,0,0
BRDA:206,39,1,0
BRDA:208,40,0,0
BRDA:208,40,1,0
BRDA:220,41,0,0
BRDA:220,41,1,0
BRDA:223,42,0,0
BRDA:223,42,1,0
BRDA:224,43,0,0
BRDA:224,43,1,0
BRDA:230,44,0,0
BRDA:230,44,1,0
BRDA:241,45,0,0
BRDA:241,45,1,0
BRDA:249,46,0,0
BRDA:249,46,1,0
BRDA:257,47,0,0
BRDA:264,48,0,0
BRDA:264,48,1,0
BRDA:266,49,0,0
BRDA:266,49,1,0
BRDA:277,50,0,0
BRDA:277,50,1,0
BRDA:288,51,0,0
BRDA:288,51,1,0
BRDA:289,52,0,0
BRDA:289,52,1,0
BRDA:291,53,0,0
BRDA:291,53,1,0
BRDA:293,54,0,0
BRDA:293,54,1,0
BRDA:293,55,0,0
BRDA:293,55,1,0
BRDA:298,56,0,0
BRDA:298,56,1,0
BRDA:306,57,0,0
BRDA:343,58,0,0
BRDA:343,58,1,0
BRDA:365,59,0,0
BRDA:365,59,1,0
BRDA:365,60,0,0
BRDA:365,60,1,0
BRDA:390,61,0,0
BRDA:390,61,1,0
BRDA:392,62,0,0
BRDA:392,62,1,0
BRDA:394,63,0,0
BRDA:394,63,1,0
BRDA:394,64,0,0
BRDA:394,64,1,0
BRDA:394,65,0,0
BRDA:394,65,1,0
BRDA:401,66,0,0
BRDA:401,66,1,0
BRDA:401,67,0,0
BRDA:401,67,1,0
BRDA:402,68,0,0
BRDA:402,68,1,0
BRDA:404,69,0,0
BRDA:404,69,1,0
BRDA:406,70,0,0
BRDA:406,70,1,0
BRDA:409,71,0,0
BRDA:409,71,1,0
BRDA:414,72,0,0
BRDA:414,72,1,0
BRDA:431,73,0,0
BRDA:431,73,1,0
BRDA:436,74,0,0
BRDA:436,74,1,0
BRDA:438,75,0,0
BRDA:438,75,1,0
BRDA:441,76,0,0
BRDA:441,76,1,0
BRDA:442,77,0,0
BRDA:442,77,1,0
BRDA:443,78,0,0
BRDA:443,78,1,0
BRDA:443,79,0,0
BRDA:443,79,1,0
BRDA:443,80,0,0
BRDA:443,80,1,0
BRDA:446,81,0,0
BRDA:446,81,1,0
BRDA:471,82,0,0
BRDA:471,82,1,0
BRDA:494,83,0,0
BRDA:494,83,1,0
BRDA:499,84,0,0
BRDA:499,84,1,0
BRDA:501,85,0,0
BRDA:501,85,1,0
BRDA:505,86,0,0
BRDA:505,86,1,0
BRDA:505,87,0,0
BRDA:505,87,1,0
BRDA:505,88,0,0
BRDA:505,88,1,0
BRDA:506,89,0,0
BRDA:506,89,1,0
BRDA:509,90,0,0
BRDA:509,90,1,0
BRDA:516,91,0,0
BRDA:516,91,1,0
BRDA:521,92,0,0
BRDA:521,92,1,0
BRDA:538,93,0,0
BRDA:538,93,1,0
BRDA:543,94,0,0
BRDA:543,94,1,0
BRDA:545,95,0,0
BRDA:545,95,1,0
BRDA:549,96,0,0
BRDA:549,96,1,0
BRDA:565,97,0,0
BRDA:565,97,1,0
BRDA:588,98,0,0
BRDA:588,98,1,0
BRDA:595,99,0,0
BRDA:595,99,1,0
BRF:200
BRH:0
end_of_record
TN:
SF:src\store\authSlice.js
FN:4,(anonymous_0)
FN:16,(anonymous_1)
FN:26,(anonymous_2)
FN:39,(anonymous_3)
FN:40,(anonymous_4)
FN:41,(anonymous_5)
FN:48,(anonymous_6)
FN:50,(anonymous_7)
FN:51,(anonymous_8)
FN:56,(anonymous_9)
FN:60,(anonymous_10)
FNF:11
FNH:8
FNDA:2,(anonymous_0)
FNDA:0,(anonymous_1)
FNDA:6,(anonymous_2)
FNDA:13,(anonymous_3)
FNDA:0,(anonymous_4)
FNDA:1,(anonymous_5)
FNDA:6,(anonymous_6)
FNDA:2,(anonymous_7)
FNDA:1,(anonymous_8)
FNDA:1,(anonymous_9)
FNDA:0,(anonymous_10)
DA:4,6
DA:5,2
DA:6,2
DA:7,1
DA:8,1
DA:9,1
DA:10,1
DA:12,1
DA:16,6
DA:17,0
DA:18,0
DA:22,0
DA:26,6
DA:27,6
DA:30,6
DA:39,13
DA:40,0
DA:42,1
DA:43,1
DA:44,1
DA:49,6
DA:50,2
DA:52,1
DA:53,1
DA:54,1
DA:57,1
DA:58,1
DA:61,0
DA:62,0
DA:67,6
LF:30
LH:24
BRDA:12,0,0,1
BRDA:12,0,1,0
BRDA:42,1,0,1
BRDA:42,1,1,0
BRF:4
BRH:2
end_of_record
TN:
SF:src\store\store.js
FNF:0
FNH:0
DA:5,0
LF:1
LH:0
BRF:0
BRH:0
end_of_record
TN:
SF:src\store\uiSlice.js
FN:9,(anonymous_0)
FN:10,(anonymous_1)
FNF:2
FNH:0
FNDA:0,(anonymous_0)
FNDA:0,(anonymous_1)
DA:3,0
DA:9,0
DA:10,0
DA:14,0
LF:4
LH:0
BRF:0
BRH:0
end_of_record
